Copyright 1986-2019 Xilinx, Inc. All Rights Reserved.
------------------------------------------------------------------------------------------------------------------------------------------------------------------------
| Tool Version : Vivado v.2019.2 (win64) Build 2708876 Wed Nov  6 21:40:23 MST 2019
| Date         : Fri Aug 12 19:56:53 2022
| Host         : DESKTOP-NG52DIC running 64-bit major release  (build 9200)
| Command      : report_bus_skew -warn_on_violation -file ADC_SiTCP_V20_bus_skew_routed.rpt -pb ADC_SiTCP_V20_bus_skew_routed.pb -rpx ADC_SiTCP_V20_bus_skew_routed.rpx
| Design       : ADC_SiTCP_V20
| Device       : 7a100t-fgg484
| Speed File   : -1  PRODUCTION 1.23 2018-06-13
------------------------------------------------------------------------------------------------------------------------------------------------------------------------

Bus Skew Report

Table of Contents
-----------------
1. Bus Skew Report Summary
2. Bus Skew Report Per Constraint

1. Bus Skew Report Summary
--------------------------

Id  Position  From                            To                              Corner  Requirement(ns)  Actual(ns)  Slack(ns)
--  --------  ------------------------------  ------------------------------  ------  ---------------  ----------  ---------
1   24        [get_cells [list {ADC1_IF/eras_fifo/U0/inst_fifo_gen/gconvfifo.rf/grf.rf/gntv_or_sync_fifo.gcx.clkx/rd_pntr_cdc_inst/src_gray_ff_reg[0]} {ADC1_IF/eras_fifo/U0/inst_fifo_gen/gconvfifo.rf/grf.rf/gntv_or_sync_fifo.gcx.clkx/rd_pntr_cdc_inst/src_gray_ff_reg[1]} {ADC1_IF/eras_fifo/U0/inst_fifo_gen/gconvfifo.rf/grf.rf/gntv_or_sync_fifo.gcx.clkx/rd_pntr_cdc_inst/src_gray_ff_reg[2]} {ADC1_IF/eras_fifo/U0/inst_fifo_gen/gconvfifo.rf/grf.rf/gntv_or_sync_fifo.gcx.clkx/rd_pntr_cdc_inst/src_gray_ff_reg[3]}]]
                                              [get_cells [list {ADC1_IF/eras_fifo/U0/inst_fifo_gen/gconvfifo.rf/grf.rf/gntv_or_sync_fifo.gcx.clkx/rd_pntr_cdc_inst/dest_graysync_ff_reg[0][0]} {ADC1_IF/eras_fifo/U0/inst_fifo_gen/gconvfifo.rf/grf.rf/gntv_or_sync_fifo.gcx.clkx/rd_pntr_cdc_inst/dest_graysync_ff_reg[0][1]} {ADC1_IF/eras_fifo/U0/inst_fifo_gen/gconvfifo.rf/grf.rf/gntv_or_sync_fifo.gcx.clkx/rd_pntr_cdc_inst/dest_graysync_ff_reg[0][2]} {ADC1_IF/eras_fifo/U0/inst_fifo_gen/gconvfifo.rf/grf.rf/gntv_or_sync_fifo.gcx.clkx/rd_pntr_cdc_inst/dest_graysync_ff_reg[0][3]}]]
                                                                              Slow              6.249       0.880      5.369
2   26        [get_cells [list {ADC2_IF/eras_fifo/U0/inst_fifo_gen/gconvfifo.rf/grf.rf/gntv_or_sync_fifo.gcx.clkx/rd_pntr_cdc_inst/src_gray_ff_reg[0]} {ADC2_IF/eras_fifo/U0/inst_fifo_gen/gconvfifo.rf/grf.rf/gntv_or_sync_fifo.gcx.clkx/rd_pntr_cdc_inst/src_gray_ff_reg[1]} {ADC2_IF/eras_fifo/U0/inst_fifo_gen/gconvfifo.rf/grf.rf/gntv_or_sync_fifo.gcx.clkx/rd_pntr_cdc_inst/src_gray_ff_reg[2]} {ADC2_IF/eras_fifo/U0/inst_fifo_gen/gconvfifo.rf/grf.rf/gntv_or_sync_fifo.gcx.clkx/rd_pntr_cdc_inst/src_gray_ff_reg[3]}]]
                                              [get_cells [list {ADC2_IF/eras_fifo/U0/inst_fifo_gen/gconvfifo.rf/grf.rf/gntv_or_sync_fifo.gcx.clkx/rd_pntr_cdc_inst/dest_graysync_ff_reg[0][0]} {ADC2_IF/eras_fifo/U0/inst_fifo_gen/gconvfifo.rf/grf.rf/gntv_or_sync_fifo.gcx.clkx/rd_pntr_cdc_inst/dest_graysync_ff_reg[0][1]} {ADC2_IF/eras_fifo/U0/inst_fifo_gen/gconvfifo.rf/grf.rf/gntv_or_sync_fifo.gcx.clkx/rd_pntr_cdc_inst/dest_graysync_ff_reg[0][2]} {ADC2_IF/eras_fifo/U0/inst_fifo_gen/gconvfifo.rf/grf.rf/gntv_or_sync_fifo.gcx.clkx/rd_pntr_cdc_inst/dest_graysync_ff_reg[0][3]}]]
                                                                              Slow              6.249       0.846      5.403
3   28        [get_cells [list {ADC3_IF/eras_fifo/U0/inst_fifo_gen/gconvfifo.rf/grf.rf/gntv_or_sync_fifo.gcx.clkx/rd_pntr_cdc_inst/src_gray_ff_reg[0]} {ADC3_IF/eras_fifo/U0/inst_fifo_gen/gconvfifo.rf/grf.rf/gntv_or_sync_fifo.gcx.clkx/rd_pntr_cdc_inst/src_gray_ff_reg[1]} {ADC3_IF/eras_fifo/U0/inst_fifo_gen/gconvfifo.rf/grf.rf/gntv_or_sync_fifo.gcx.clkx/rd_pntr_cdc_inst/src_gray_ff_reg[2]} {ADC3_IF/eras_fifo/U0/inst_fifo_gen/gconvfifo.rf/grf.rf/gntv_or_sync_fifo.gcx.clkx/rd_pntr_cdc_inst/src_gray_ff_reg[3]}]]
                                              [get_cells [list {ADC3_IF/eras_fifo/U0/inst_fifo_gen/gconvfifo.rf/grf.rf/gntv_or_sync_fifo.gcx.clkx/rd_pntr_cdc_inst/dest_graysync_ff_reg[0][0]} {ADC3_IF/eras_fifo/U0/inst_fifo_gen/gconvfifo.rf/grf.rf/gntv_or_sync_fifo.gcx.clkx/rd_pntr_cdc_inst/dest_graysync_ff_reg[0][1]} {ADC3_IF/eras_fifo/U0/inst_fifo_gen/gconvfifo.rf/grf.rf/gntv_or_sync_fifo.gcx.clkx/rd_pntr_cdc_inst/dest_graysync_ff_reg[0][2]} {ADC3_IF/eras_fifo/U0/inst_fifo_gen/gconvfifo.rf/grf.rf/gntv_or_sync_fifo.gcx.clkx/rd_pntr_cdc_inst/dest_graysync_ff_reg[0][3]}]]
                                                                              Slow              6.249       1.071      5.178
4   30        [get_cells [list {ADC1_IF/eras_fifo/U0/inst_fifo_gen/gconvfifo.rf/grf.rf/gntv_or_sync_fifo.gcx.clkx/wr_pntr_cdc_inst/src_gray_ff_reg[0]} {ADC1_IF/eras_fifo/U0/inst_fifo_gen/gconvfifo.rf/grf.rf/gntv_or_sync_fifo.gcx.clkx/wr_pntr_cdc_inst/src_gray_ff_reg[1]} {ADC1_IF/eras_fifo/U0/inst_fifo_gen/gconvfifo.rf/grf.rf/gntv_or_sync_fifo.gcx.clkx/wr_pntr_cdc_inst/src_gray_ff_reg[2]} {ADC1_IF/eras_fifo/U0/inst_fifo_gen/gconvfifo.rf/grf.rf/gntv_or_sync_fifo.gcx.clkx/wr_pntr_cdc_inst/src_gray_ff_reg[3]}]]
                                              [get_cells [list {ADC1_IF/eras_fifo/U0/inst_fifo_gen/gconvfifo.rf/grf.rf/gntv_or_sync_fifo.gcx.clkx/wr_pntr_cdc_inst/dest_graysync_ff_reg[0][0]} {ADC1_IF/eras_fifo/U0/inst_fifo_gen/gconvfifo.rf/grf.rf/gntv_or_sync_fifo.gcx.clkx/wr_pntr_cdc_inst/dest_graysync_ff_reg[0][1]} {ADC1_IF/eras_fifo/U0/inst_fifo_gen/gconvfifo.rf/grf.rf/gntv_or_sync_fifo.gcx.clkx/wr_pntr_cdc_inst/dest_graysync_ff_reg[0][2]} {ADC1_IF/eras_fifo/U0/inst_fifo_gen/gconvfifo.rf/grf.rf/gntv_or_sync_fifo.gcx.clkx/wr_pntr_cdc_inst/dest_graysync_ff_reg[0][3]}]]
                                                                              Slow              6.249       0.894      5.355
5   32        [get_cells [list {ADC2_IF/eras_fifo/U0/inst_fifo_gen/gconvfifo.rf/grf.rf/gntv_or_sync_fifo.gcx.clkx/wr_pntr_cdc_inst/src_gray_ff_reg[0]} {ADC2_IF/eras_fifo/U0/inst_fifo_gen/gconvfifo.rf/grf.rf/gntv_or_sync_fifo.gcx.clkx/wr_pntr_cdc_inst/src_gray_ff_reg[1]} {ADC2_IF/eras_fifo/U0/inst_fifo_gen/gconvfifo.rf/grf.rf/gntv_or_sync_fifo.gcx.clkx/wr_pntr_cdc_inst/src_gray_ff_reg[2]} {ADC2_IF/eras_fifo/U0/inst_fifo_gen/gconvfifo.rf/grf.rf/gntv_or_sync_fifo.gcx.clkx/wr_pntr_cdc_inst/src_gray_ff_reg[3]}]]
                                              [get_cells [list {ADC2_IF/eras_fifo/U0/inst_fifo_gen/gconvfifo.rf/grf.rf/gntv_or_sync_fifo.gcx.clkx/wr_pntr_cdc_inst/dest_graysync_ff_reg[0][0]} {ADC2_IF/eras_fifo/U0/inst_fifo_gen/gconvfifo.rf/grf.rf/gntv_or_sync_fifo.gcx.clkx/wr_pntr_cdc_inst/dest_graysync_ff_reg[0][1]} {ADC2_IF/eras_fifo/U0/inst_fifo_gen/gconvfifo.rf/grf.rf/gntv_or_sync_fifo.gcx.clkx/wr_pntr_cdc_inst/dest_graysync_ff_reg[0][2]} {ADC2_IF/eras_fifo/U0/inst_fifo_gen/gconvfifo.rf/grf.rf/gntv_or_sync_fifo.gcx.clkx/wr_pntr_cdc_inst/dest_graysync_ff_reg[0][3]}]]
                                                                              Slow              6.249       0.836      5.413
6   34        [get_cells [list {ADC3_IF/eras_fifo/U0/inst_fifo_gen/gconvfifo.rf/grf.rf/gntv_or_sync_fifo.gcx.clkx/wr_pntr_cdc_inst/src_gray_ff_reg[0]} {ADC3_IF/eras_fifo/U0/inst_fifo_gen/gconvfifo.rf/grf.rf/gntv_or_sync_fifo.gcx.clkx/wr_pntr_cdc_inst/src_gray_ff_reg[1]} {ADC3_IF/eras_fifo/U0/inst_fifo_gen/gconvfifo.rf/grf.rf/gntv_or_sync_fifo.gcx.clkx/wr_pntr_cdc_inst/src_gray_ff_reg[2]} {ADC3_IF/eras_fifo/U0/inst_fifo_gen/gconvfifo.rf/grf.rf/gntv_or_sync_fifo.gcx.clkx/wr_pntr_cdc_inst/src_gray_ff_reg[3]}]]
                                              [get_cells [list {ADC3_IF/eras_fifo/U0/inst_fifo_gen/gconvfifo.rf/grf.rf/gntv_or_sync_fifo.gcx.clkx/wr_pntr_cdc_inst/dest_graysync_ff_reg[0][0]} {ADC3_IF/eras_fifo/U0/inst_fifo_gen/gconvfifo.rf/grf.rf/gntv_or_sync_fifo.gcx.clkx/wr_pntr_cdc_inst/dest_graysync_ff_reg[0][1]} {ADC3_IF/eras_fifo/U0/inst_fifo_gen/gconvfifo.rf/grf.rf/gntv_or_sync_fifo.gcx.clkx/wr_pntr_cdc_inst/dest_graysync_ff_reg[0][2]} {ADC3_IF/eras_fifo/U0/inst_fifo_gen/gconvfifo.rf/grf.rf/gntv_or_sync_fifo.gcx.clkx/wr_pntr_cdc_inst/dest_graysync_ff_reg[0][3]}]]
                                                                              Slow              6.249       0.738      5.511


2. Bus Skew Report Per Constraint
---------------------------------

Id: 1
set_bus_skew -from [get_cells [list {ADC1_IF/eras_fifo/U0/inst_fifo_gen/gconvfifo.rf/grf.rf/gntv_or_sync_fifo.gcx.clkx/rd_pntr_cdc_inst/src_gray_ff_reg[0]} {ADC1_IF/eras_fifo/U0/inst_fifo_gen/gconvfifo.rf/grf.rf/gntv_or_sync_fifo.gcx.clkx/rd_pntr_cdc_inst/src_gray_ff_reg[1]} {ADC1_IF/eras_fifo/U0/inst_fifo_gen/gconvfifo.rf/grf.rf/gntv_or_sync_fifo.gcx.clkx/rd_pntr_cdc_inst/src_gray_ff_reg[2]} {ADC1_IF/eras_fifo/U0/inst_fifo_gen/gconvfifo.rf/grf.rf/gntv_or_sync_fifo.gcx.clkx/rd_pntr_cdc_inst/src_gray_ff_reg[3]}]] -to [get_cells [list {ADC1_IF/eras_fifo/U0/inst_fifo_gen/gconvfifo.rf/grf.rf/gntv_or_sync_fifo.gcx.clkx/rd_pntr_cdc_inst/dest_graysync_ff_reg[0][0]} {ADC1_IF/eras_fifo/U0/inst_fifo_gen/gconvfifo.rf/grf.rf/gntv_or_sync_fifo.gcx.clkx/rd_pntr_cdc_inst/dest_graysync_ff_reg[0][1]} {ADC1_IF/eras_fifo/U0/inst_fifo_gen/gconvfifo.rf/grf.rf/gntv_or_sync_fifo.gcx.clkx/rd_pntr_cdc_inst/dest_graysync_ff_reg[0][2]} {ADC1_IF/eras_fifo/U0/inst_fifo_gen/gconvfifo.rf/grf.rf/gntv_or_sync_fifo.gcx.clkx/rd_pntr_cdc_inst/dest_graysync_ff_reg[0][3]}]] 6.249
Requirement: 6.249ns
Endpoints: 4

From Clock            To Clock              Endpoint Pin                    Reference Pin                   Corner  Actual(ns)  Slack(ns)
--------------------  --------------------  ------------------------------  ------------------------------  ------  ----------  ---------
clk_out1_SYSCLK0      CLK_DIV_OUT           ADC1_IF/eras_fifo/U0/inst_fifo_gen/gconvfifo.rf/grf.rf/gntv_or_sync_fifo.gcx.clkx/rd_pntr_cdc_inst/dest_graysync_ff_reg[0][3]/D
                                                                            ADC1_IF/eras_fifo/U0/inst_fifo_gen/gconvfifo.rf/grf.rf/gntv_or_sync_fifo.gcx.clkx/rd_pntr_cdc_inst/dest_graysync_ff_reg[0][0]/D
                                                                                                            Slow         0.880      5.369


Slack (MET) :             5.369ns  (requirement - actual skew)
  Endpoint Source:        ADC1_IF/eras_fifo/U0/inst_fifo_gen/gconvfifo.rf/grf.rf/gntv_or_sync_fifo.gcx.clkx/rd_pntr_cdc_inst/src_gray_ff_reg[3]/C
                            (rising edge-triggered cell FDRE clocked by clk_out1_SYSCLK0)
  Endpoint Destination:   ADC1_IF/eras_fifo/U0/inst_fifo_gen/gconvfifo.rf/grf.rf/gntv_or_sync_fifo.gcx.clkx/rd_pntr_cdc_inst/dest_graysync_ff_reg[0][3]/D
                            (rising edge-triggered cell FDRE clocked by CLK_DIV_OUT)
  Reference Source:       ADC1_IF/eras_fifo/U0/inst_fifo_gen/gconvfifo.rf/grf.rf/gntv_or_sync_fifo.gcx.clkx/rd_pntr_cdc_inst/src_gray_ff_reg[0]/C
                            (rising edge-triggered cell FDRE clocked by clk_out1_SYSCLK0)
  Reference Destination:  ADC1_IF/eras_fifo/U0/inst_fifo_gen/gconvfifo.rf/grf.rf/gntv_or_sync_fifo.gcx.clkx/rd_pntr_cdc_inst/dest_graysync_ff_reg[0][0]/D
                            (rising edge-triggered cell FDRE clocked by CLK_DIV_OUT)
  Path Type:              Bus Skew (Max at Slow Process Corner)
  Requirement:            6.249ns
  Endpoint Relative Delay:   -3.026ns
  Reference Relative Delay:  -4.423ns
  Relative CRPR:              0.690ns
  Uncertainty:                0.172ns
  Actual Bus Skew:            0.880ns  (Endpoint Relative Delay - Reference Relative Delay - Relative CRPR + Uncertainty)

Endpoint path:
    Location             Delay type                Incr(ns)  Path(ns)    Netlist Resource(s)
  -------------------------------------------------------------------    -------------------
                         (clock clk_out1_SYSCLK0 rise edge)
                                                      0.000     0.000 r  
    K4                                                0.000     0.000 r  CLK75mp (IN)
                         net (fo=0)                   0.000     0.000    SYSCLK0/inst/clk_in1_p
    K4                   IBUFDS (Prop_ibufds_I_O)     0.953     0.953 r  SYSCLK0/inst/clkin1_ibufgds/O
                         net (fo=1, routed)           1.233     2.186    SYSCLK0/inst/clk_in1_SYSCLK0
    MMCME2_ADV_X1Y2      MMCME2_ADV (Prop_mmcme2_adv_CLKIN1_CLKOUT0)
                                                     -7.070    -4.885 r  SYSCLK0/inst/mmcm_adv_inst/CLKOUT0
                         net (fo=1, routed)           1.719    -3.165    SYSCLK0/inst/clk_out1_SYSCLK0
    BUFGCTRL_X0Y18       BUFG (Prop_bufg_I_O)         0.096    -3.069 r  SYSCLK0/inst/clkout1_buf/O
                         net (fo=32344, routed)       1.813    -1.256    ADC1_IF/eras_fifo/U0/inst_fifo_gen/gconvfifo.rf/grf.rf/gntv_or_sync_fifo.gcx.clkx/rd_pntr_cdc_inst/src_clk
    SLICE_X12Y34         FDRE                                         r  ADC1_IF/eras_fifo/U0/inst_fifo_gen/gconvfifo.rf/grf.rf/gntv_or_sync_fifo.gcx.clkx/rd_pntr_cdc_inst/src_gray_ff_reg[3]/C
  -------------------------------------------------------------------    -------------------
    SLICE_X12Y34         FDRE (Prop_fdre_C_Q)         0.478    -0.778 r  ADC1_IF/eras_fifo/U0/inst_fifo_gen/gconvfifo.rf/grf.rf/gntv_or_sync_fifo.gcx.clkx/rd_pntr_cdc_inst/src_gray_ff_reg[3]/Q
                         net (fo=1, routed)           0.638    -0.140    ADC1_IF/eras_fifo/U0/inst_fifo_gen/gconvfifo.rf/grf.rf/gntv_or_sync_fifo.gcx.clkx/rd_pntr_cdc_inst/async_path[3]
    SLICE_X15Y34         FDRE                                         r  ADC1_IF/eras_fifo/U0/inst_fifo_gen/gconvfifo.rf/grf.rf/gntv_or_sync_fifo.gcx.clkx/rd_pntr_cdc_inst/dest_graysync_ff_reg[0][3]/D
  -------------------------------------------------------------------    -------------------

                         (clock CLK_DIV_OUT rise edge)
                                                      0.000     0.000 r  
    V13                                               0.000     0.000 r  ADC_DCO_P[1] (IN)
                         net (fo=0)                   0.000     0.000    ADC1_IF/adc/inst/ADC_DCO_P[0]
    V13                  IBUFDS (Prop_ibufds_I_O)     0.946     0.946 r  ADC1_IF/adc/inst/ibufds_clk_inst/O
                         net (fo=2, routed)           0.459     1.405    ADC1_IF/adc/inst/clk_in_int
    BUFR_X0Y1            BUFR (Prop_bufr_I_O)         0.919     2.324 r  ADC1_IF/adc/inst/clkout_buf_inst/O
                         net (fo=185, routed)         0.833     3.157    ADC1_IF/eras_fifo/U0/inst_fifo_gen/gconvfifo.rf/grf.rf/gntv_or_sync_fifo.gcx.clkx/rd_pntr_cdc_inst/dest_clk
    SLICE_X15Y34         FDRE                                         r  ADC1_IF/eras_fifo/U0/inst_fifo_gen/gconvfifo.rf/grf.rf/gntv_or_sync_fifo.gcx.clkx/rd_pntr_cdc_inst/dest_graysync_ff_reg[0][3]/C
                         clock pessimism              0.000     3.157    
    SLICE_X15Y34         FDRE (Setup_fdre_C_D)       -0.272     2.885    ADC1_IF/eras_fifo/U0/inst_fifo_gen/gconvfifo.rf/grf.rf/gntv_or_sync_fifo.gcx.clkx/rd_pntr_cdc_inst/dest_graysync_ff_reg[0][3]
  -------------------------------------------------------------------
                         data arrival                          -0.140    
                         clock arrival                          2.885    
  -------------------------------------------------------------------
                         relative delay                        -3.026    

Reference path:
    Location             Delay type                Incr(ns)  Path(ns)    Netlist Resource(s)
  -------------------------------------------------------------------    -------------------
                         (clock clk_out1_SYSCLK0 rise edge)
                                                      0.000     0.000 r  
    K4                                                0.000     0.000 r  CLK75mp (IN)
                         net (fo=0)                   0.000     0.000    SYSCLK0/inst/clk_in1_p
    K4                   IBUFDS (Prop_ibufds_I_O)     0.909     0.909 r  SYSCLK0/inst/clkin1_ibufgds/O
                         net (fo=1, routed)           1.162     2.071    SYSCLK0/inst/clk_in1_SYSCLK0
    MMCME2_ADV_X1Y2      MMCME2_ADV (Prop_mmcme2_adv_CLKIN1_CLKOUT0)
                                                     -7.324    -5.253 r  SYSCLK0/inst/mmcm_adv_inst/CLKOUT0
                         net (fo=1, routed)           1.639    -3.614    SYSCLK0/inst/clk_out1_SYSCLK0
    BUFGCTRL_X0Y18       BUFG (Prop_bufg_I_O)         0.091    -3.523 r  SYSCLK0/inst/clkout1_buf/O
                         net (fo=32344, routed)       1.687    -1.836    ADC1_IF/eras_fifo/U0/inst_fifo_gen/gconvfifo.rf/grf.rf/gntv_or_sync_fifo.gcx.clkx/rd_pntr_cdc_inst/src_clk
    SLICE_X11Y34         FDRE                                         r  ADC1_IF/eras_fifo/U0/inst_fifo_gen/gconvfifo.rf/grf.rf/gntv_or_sync_fifo.gcx.clkx/rd_pntr_cdc_inst/src_gray_ff_reg[0]/C
  -------------------------------------------------------------------    -------------------
    SLICE_X11Y34         FDRE (Prop_fdre_C_Q)         0.367    -1.469 r  ADC1_IF/eras_fifo/U0/inst_fifo_gen/gconvfifo.rf/grf.rf/gntv_or_sync_fifo.gcx.clkx/rd_pntr_cdc_inst/src_gray_ff_reg[0]/Q
                         net (fo=1, routed)           0.563    -0.906    ADC1_IF/eras_fifo/U0/inst_fifo_gen/gconvfifo.rf/grf.rf/gntv_or_sync_fifo.gcx.clkx/rd_pntr_cdc_inst/async_path[0]
    SLICE_X16Y34         FDRE                                         r  ADC1_IF/eras_fifo/U0/inst_fifo_gen/gconvfifo.rf/grf.rf/gntv_or_sync_fifo.gcx.clkx/rd_pntr_cdc_inst/dest_graysync_ff_reg[0][0]/D
  -------------------------------------------------------------------    -------------------

                         (clock CLK_DIV_OUT rise edge)
                                                      0.000     0.000 r  
    V13                                               0.000     0.000 r  ADC_DCO_P[1] (IN)
                         net (fo=0)                   0.000     0.000    ADC1_IF/adc/inst/ADC_DCO_P[0]
    V13                  IBUFDS (Prop_ibufds_I_O)     0.990     0.990 r  ADC1_IF/adc/inst/ibufds_clk_inst/O
                         net (fo=2, routed)           0.500     1.490    ADC1_IF/adc/inst/clk_in_int
    BUFR_X0Y1            BUFR (Prop_bufr_I_O)         0.983     2.473 r  ADC1_IF/adc/inst/clkout_buf_inst/O
                         net (fo=185, routed)         0.875     3.348    ADC1_IF/eras_fifo/U0/inst_fifo_gen/gconvfifo.rf/grf.rf/gntv_or_sync_fifo.gcx.clkx/rd_pntr_cdc_inst/dest_clk
    SLICE_X16Y34         FDRE                                         r  ADC1_IF/eras_fifo/U0/inst_fifo_gen/gconvfifo.rf/grf.rf/gntv_or_sync_fifo.gcx.clkx/rd_pntr_cdc_inst/dest_graysync_ff_reg[0][0]/C
                         clock pessimism              0.000     3.348    
    SLICE_X16Y34         FDRE (Hold_fdre_C_D)         0.169     3.517    ADC1_IF/eras_fifo/U0/inst_fifo_gen/gconvfifo.rf/grf.rf/gntv_or_sync_fifo.gcx.clkx/rd_pntr_cdc_inst/dest_graysync_ff_reg[0][0]
  -------------------------------------------------------------------
                         data arrival                          -0.906    
                         clock arrival                          3.517    
  -------------------------------------------------------------------
                         relative delay                        -4.423    



Id: 2
set_bus_skew -from [get_cells [list {ADC2_IF/eras_fifo/U0/inst_fifo_gen/gconvfifo.rf/grf.rf/gntv_or_sync_fifo.gcx.clkx/rd_pntr_cdc_inst/src_gray_ff_reg[0]} {ADC2_IF/eras_fifo/U0/inst_fifo_gen/gconvfifo.rf/grf.rf/gntv_or_sync_fifo.gcx.clkx/rd_pntr_cdc_inst/src_gray_ff_reg[1]} {ADC2_IF/eras_fifo/U0/inst_fifo_gen/gconvfifo.rf/grf.rf/gntv_or_sync_fifo.gcx.clkx/rd_pntr_cdc_inst/src_gray_ff_reg[2]} {ADC2_IF/eras_fifo/U0/inst_fifo_gen/gconvfifo.rf/grf.rf/gntv_or_sync_fifo.gcx.clkx/rd_pntr_cdc_inst/src_gray_ff_reg[3]}]] -to [get_cells [list {ADC2_IF/eras_fifo/U0/inst_fifo_gen/gconvfifo.rf/grf.rf/gntv_or_sync_fifo.gcx.clkx/rd_pntr_cdc_inst/dest_graysync_ff_reg[0][0]} {ADC2_IF/eras_fifo/U0/inst_fifo_gen/gconvfifo.rf/grf.rf/gntv_or_sync_fifo.gcx.clkx/rd_pntr_cdc_inst/dest_graysync_ff_reg[0][1]} {ADC2_IF/eras_fifo/U0/inst_fifo_gen/gconvfifo.rf/grf.rf/gntv_or_sync_fifo.gcx.clkx/rd_pntr_cdc_inst/dest_graysync_ff_reg[0][2]} {ADC2_IF/eras_fifo/U0/inst_fifo_gen/gconvfifo.rf/grf.rf/gntv_or_sync_fifo.gcx.clkx/rd_pntr_cdc_inst/dest_graysync_ff_reg[0][3]}]] 6.249
Requirement: 6.249ns
Endpoints: 4

From Clock            To Clock              Endpoint Pin                    Reference Pin                   Corner  Actual(ns)  Slack(ns)
--------------------  --------------------  ------------------------------  ------------------------------  ------  ----------  ---------
clk_out1_SYSCLK0      CLK_DIV_OUT_1         ADC2_IF/eras_fifo/U0/inst_fifo_gen/gconvfifo.rf/grf.rf/gntv_or_sync_fifo.gcx.clkx/rd_pntr_cdc_inst/dest_graysync_ff_reg[0][1]/D
                                                                            ADC2_IF/eras_fifo/U0/inst_fifo_gen/gconvfifo.rf/grf.rf/gntv_or_sync_fifo.gcx.clkx/rd_pntr_cdc_inst/dest_graysync_ff_reg[0][2]/D
                                                                                                            Slow         0.846      5.403


Slack (MET) :             5.403ns  (requirement - actual skew)
  Endpoint Source:        ADC2_IF/eras_fifo/U0/inst_fifo_gen/gconvfifo.rf/grf.rf/gntv_or_sync_fifo.gcx.clkx/rd_pntr_cdc_inst/src_gray_ff_reg[1]/C
                            (rising edge-triggered cell FDRE clocked by clk_out1_SYSCLK0)
  Endpoint Destination:   ADC2_IF/eras_fifo/U0/inst_fifo_gen/gconvfifo.rf/grf.rf/gntv_or_sync_fifo.gcx.clkx/rd_pntr_cdc_inst/dest_graysync_ff_reg[0][1]/D
                            (rising edge-triggered cell FDRE clocked by CLK_DIV_OUT_1)
  Reference Source:       ADC2_IF/eras_fifo/U0/inst_fifo_gen/gconvfifo.rf/grf.rf/gntv_or_sync_fifo.gcx.clkx/rd_pntr_cdc_inst/src_gray_ff_reg[2]/C
                            (rising edge-triggered cell FDRE clocked by clk_out1_SYSCLK0)
  Reference Destination:  ADC2_IF/eras_fifo/U0/inst_fifo_gen/gconvfifo.rf/grf.rf/gntv_or_sync_fifo.gcx.clkx/rd_pntr_cdc_inst/dest_graysync_ff_reg[0][2]/D
                            (rising edge-triggered cell FDRE clocked by CLK_DIV_OUT_1)
  Path Type:              Bus Skew (Max at Slow Process Corner)
  Requirement:            6.249ns
  Endpoint Relative Delay:   -3.288ns
  Reference Relative Delay:  -4.643ns
  Relative CRPR:              0.682ns
  Uncertainty:                0.172ns
  Actual Bus Skew:            0.846ns  (Endpoint Relative Delay - Reference Relative Delay - Relative CRPR + Uncertainty)

Endpoint path:
    Location             Delay type                Incr(ns)  Path(ns)    Netlist Resource(s)
  -------------------------------------------------------------------    -------------------
                         (clock clk_out1_SYSCLK0 rise edge)
                                                      0.000     0.000 r  
    K4                                                0.000     0.000 r  CLK75mp (IN)
                         net (fo=0)                   0.000     0.000    SYSCLK0/inst/clk_in1_p
    K4                   IBUFDS (Prop_ibufds_I_O)     0.953     0.953 r  SYSCLK0/inst/clkin1_ibufgds/O
                         net (fo=1, routed)           1.233     2.186    SYSCLK0/inst/clk_in1_SYSCLK0
    MMCME2_ADV_X1Y2      MMCME2_ADV (Prop_mmcme2_adv_CLKIN1_CLKOUT0)
                                                     -7.070    -4.885 r  SYSCLK0/inst/mmcm_adv_inst/CLKOUT0
                         net (fo=1, routed)           1.719    -3.165    SYSCLK0/inst/clk_out1_SYSCLK0
    BUFGCTRL_X0Y18       BUFG (Prop_bufg_I_O)         0.096    -3.069 r  SYSCLK0/inst/clkout1_buf/O
                         net (fo=32344, routed)       1.708    -1.361    ADC2_IF/eras_fifo/U0/inst_fifo_gen/gconvfifo.rf/grf.rf/gntv_or_sync_fifo.gcx.clkx/rd_pntr_cdc_inst/src_clk
    SLICE_X72Y65         FDRE                                         r  ADC2_IF/eras_fifo/U0/inst_fifo_gen/gconvfifo.rf/grf.rf/gntv_or_sync_fifo.gcx.clkx/rd_pntr_cdc_inst/src_gray_ff_reg[1]/C
  -------------------------------------------------------------------    -------------------
    SLICE_X72Y65         FDRE (Prop_fdre_C_Q)         0.419    -0.942 r  ADC2_IF/eras_fifo/U0/inst_fifo_gen/gconvfifo.rf/grf.rf/gntv_or_sync_fifo.gcx.clkx/rd_pntr_cdc_inst/src_gray_ff_reg[1]/Q
                         net (fo=1, routed)           0.494    -0.447    ADC2_IF/eras_fifo/U0/inst_fifo_gen/gconvfifo.rf/grf.rf/gntv_or_sync_fifo.gcx.clkx/rd_pntr_cdc_inst/async_path[1]
    SLICE_X72Y66         FDRE                                         r  ADC2_IF/eras_fifo/U0/inst_fifo_gen/gconvfifo.rf/grf.rf/gntv_or_sync_fifo.gcx.clkx/rd_pntr_cdc_inst/dest_graysync_ff_reg[0][1]/D
  -------------------------------------------------------------------    -------------------

                         (clock CLK_DIV_OUT_1 rise edge)
                                                      0.000     0.000 r  
    V4                                                0.000     0.000 r  ADC_DCO_P[2] (IN)
                         net (fo=0)                   0.000     0.000    ADC2_IF/adc/inst/ADC_DCO_P[0]
    V4                   IBUFDS (Prop_ibufds_I_O)     0.959     0.959 r  ADC2_IF/adc/inst/ibufds_clk_inst/O
                         net (fo=2, routed)           0.459     1.418    ADC2_IF/adc/inst/clk_in_int
    BUFR_X1Y5            BUFR (Prop_bufr_I_O)         0.919     2.337 r  ADC2_IF/adc/inst/clkout_buf_inst/O
                         net (fo=185, routed)         0.773     3.110    ADC2_IF/eras_fifo/U0/inst_fifo_gen/gconvfifo.rf/grf.rf/gntv_or_sync_fifo.gcx.clkx/rd_pntr_cdc_inst/dest_clk
    SLICE_X72Y66         FDRE                                         r  ADC2_IF/eras_fifo/U0/inst_fifo_gen/gconvfifo.rf/grf.rf/gntv_or_sync_fifo.gcx.clkx/rd_pntr_cdc_inst/dest_graysync_ff_reg[0][1]/C
                         clock pessimism              0.000     3.110    
    SLICE_X72Y66         FDRE (Setup_fdre_C_D)       -0.270     2.840    ADC2_IF/eras_fifo/U0/inst_fifo_gen/gconvfifo.rf/grf.rf/gntv_or_sync_fifo.gcx.clkx/rd_pntr_cdc_inst/dest_graysync_ff_reg[0][1]
  -------------------------------------------------------------------
                         data arrival                          -0.447    
                         clock arrival                          2.840    
  -------------------------------------------------------------------
                         relative delay                        -3.288    

Reference path:
    Location             Delay type                Incr(ns)  Path(ns)    Netlist Resource(s)
  -------------------------------------------------------------------    -------------------
                         (clock clk_out1_SYSCLK0 rise edge)
                                                      0.000     0.000 r  
    K4                                                0.000     0.000 r  CLK75mp (IN)
                         net (fo=0)                   0.000     0.000    SYSCLK0/inst/clk_in1_p
    K4                   IBUFDS (Prop_ibufds_I_O)     0.909     0.909 r  SYSCLK0/inst/clkin1_ibufgds/O
                         net (fo=1, routed)           1.162     2.071    SYSCLK0/inst/clk_in1_SYSCLK0
    MMCME2_ADV_X1Y2      MMCME2_ADV (Prop_mmcme2_adv_CLKIN1_CLKOUT0)
                                                     -7.324    -5.253 r  SYSCLK0/inst/mmcm_adv_inst/CLKOUT0
                         net (fo=1, routed)           1.639    -3.614    SYSCLK0/inst/clk_out1_SYSCLK0
    BUFGCTRL_X0Y18       BUFG (Prop_bufg_I_O)         0.091    -3.523 r  SYSCLK0/inst/clkout1_buf/O
                         net (fo=32344, routed)       1.502    -2.020    ADC2_IF/eras_fifo/U0/inst_fifo_gen/gconvfifo.rf/grf.rf/gntv_or_sync_fifo.gcx.clkx/rd_pntr_cdc_inst/src_clk
    SLICE_X70Y68         FDRE                                         r  ADC2_IF/eras_fifo/U0/inst_fifo_gen/gconvfifo.rf/grf.rf/gntv_or_sync_fifo.gcx.clkx/rd_pntr_cdc_inst/src_gray_ff_reg[2]/C
  -------------------------------------------------------------------    -------------------
    SLICE_X70Y68         FDRE (Prop_fdre_C_Q)         0.418    -1.602 r  ADC2_IF/eras_fifo/U0/inst_fifo_gen/gconvfifo.rf/grf.rf/gntv_or_sync_fifo.gcx.clkx/rd_pntr_cdc_inst/src_gray_ff_reg[2]/Q
                         net (fo=1, routed)           0.496    -1.106    ADC2_IF/eras_fifo/U0/inst_fifo_gen/gconvfifo.rf/grf.rf/gntv_or_sync_fifo.gcx.clkx/rd_pntr_cdc_inst/async_path[2]
    SLICE_X71Y68         FDRE                                         r  ADC2_IF/eras_fifo/U0/inst_fifo_gen/gconvfifo.rf/grf.rf/gntv_or_sync_fifo.gcx.clkx/rd_pntr_cdc_inst/dest_graysync_ff_reg[0][2]/D
  -------------------------------------------------------------------    -------------------

                         (clock CLK_DIV_OUT_1 rise edge)
                                                      0.000     0.000 r  
    V4                                                0.000     0.000 r  ADC_DCO_P[2] (IN)
                         net (fo=0)                   0.000     0.000    ADC2_IF/adc/inst/ADC_DCO_P[0]
    V4                   IBUFDS (Prop_ibufds_I_O)     1.003     1.003 r  ADC2_IF/adc/inst/ibufds_clk_inst/O
                         net (fo=2, routed)           0.500     1.503    ADC2_IF/adc/inst/clk_in_int
    BUFR_X1Y5            BUFR (Prop_bufr_I_O)         0.983     2.486 r  ADC2_IF/adc/inst/clkout_buf_inst/O
                         net (fo=185, routed)         0.881     3.367    ADC2_IF/eras_fifo/U0/inst_fifo_gen/gconvfifo.rf/grf.rf/gntv_or_sync_fifo.gcx.clkx/rd_pntr_cdc_inst/dest_clk
    SLICE_X71Y68         FDRE                                         r  ADC2_IF/eras_fifo/U0/inst_fifo_gen/gconvfifo.rf/grf.rf/gntv_or_sync_fifo.gcx.clkx/rd_pntr_cdc_inst/dest_graysync_ff_reg[0][2]/C
                         clock pessimism              0.000     3.367    
    SLICE_X71Y68         FDRE (Hold_fdre_C_D)         0.169     3.536    ADC2_IF/eras_fifo/U0/inst_fifo_gen/gconvfifo.rf/grf.rf/gntv_or_sync_fifo.gcx.clkx/rd_pntr_cdc_inst/dest_graysync_ff_reg[0][2]
  -------------------------------------------------------------------
                         data arrival                          -1.106    
                         clock arrival                          3.536    
  -------------------------------------------------------------------
                         relative delay                        -4.643    



Id: 3
set_bus_skew -from [get_cells [list {ADC3_IF/eras_fifo/U0/inst_fifo_gen/gconvfifo.rf/grf.rf/gntv_or_sync_fifo.gcx.clkx/rd_pntr_cdc_inst/src_gray_ff_reg[0]} {ADC3_IF/eras_fifo/U0/inst_fifo_gen/gconvfifo.rf/grf.rf/gntv_or_sync_fifo.gcx.clkx/rd_pntr_cdc_inst/src_gray_ff_reg[1]} {ADC3_IF/eras_fifo/U0/inst_fifo_gen/gconvfifo.rf/grf.rf/gntv_or_sync_fifo.gcx.clkx/rd_pntr_cdc_inst/src_gray_ff_reg[2]} {ADC3_IF/eras_fifo/U0/inst_fifo_gen/gconvfifo.rf/grf.rf/gntv_or_sync_fifo.gcx.clkx/rd_pntr_cdc_inst/src_gray_ff_reg[3]}]] -to [get_cells [list {ADC3_IF/eras_fifo/U0/inst_fifo_gen/gconvfifo.rf/grf.rf/gntv_or_sync_fifo.gcx.clkx/rd_pntr_cdc_inst/dest_graysync_ff_reg[0][0]} {ADC3_IF/eras_fifo/U0/inst_fifo_gen/gconvfifo.rf/grf.rf/gntv_or_sync_fifo.gcx.clkx/rd_pntr_cdc_inst/dest_graysync_ff_reg[0][1]} {ADC3_IF/eras_fifo/U0/inst_fifo_gen/gconvfifo.rf/grf.rf/gntv_or_sync_fifo.gcx.clkx/rd_pntr_cdc_inst/dest_graysync_ff_reg[0][2]} {ADC3_IF/eras_fifo/U0/inst_fifo_gen/gconvfifo.rf/grf.rf/gntv_or_sync_fifo.gcx.clkx/rd_pntr_cdc_inst/dest_graysync_ff_reg[0][3]}]] 6.249
Requirement: 6.249ns
Endpoints: 4

From Clock            To Clock              Endpoint Pin                    Reference Pin                   Corner  Actual(ns)  Slack(ns)
--------------------  --------------------  ------------------------------  ------------------------------  ------  ----------  ---------
clk_out1_SYSCLK0      CLK_DIV_OUT_2         ADC3_IF/eras_fifo/U0/inst_fifo_gen/gconvfifo.rf/grf.rf/gntv_or_sync_fifo.gcx.clkx/rd_pntr_cdc_inst/dest_graysync_ff_reg[0][3]/D
                                                                            ADC3_IF/eras_fifo/U0/inst_fifo_gen/gconvfifo.rf/grf.rf/gntv_or_sync_fifo.gcx.clkx/rd_pntr_cdc_inst/dest_graysync_ff_reg[0][2]/D
                                                                                                            Slow         1.071      5.178


Slack (MET) :             5.178ns  (requirement - actual skew)
  Endpoint Source:        ADC3_IF/eras_fifo/U0/inst_fifo_gen/gconvfifo.rf/grf.rf/gntv_or_sync_fifo.gcx.clkx/rd_pntr_cdc_inst/src_gray_ff_reg[3]/C
                            (rising edge-triggered cell FDRE clocked by clk_out1_SYSCLK0)
  Endpoint Destination:   ADC3_IF/eras_fifo/U0/inst_fifo_gen/gconvfifo.rf/grf.rf/gntv_or_sync_fifo.gcx.clkx/rd_pntr_cdc_inst/dest_graysync_ff_reg[0][3]/D
                            (rising edge-triggered cell FDRE clocked by CLK_DIV_OUT_2)
  Reference Source:       ADC3_IF/eras_fifo/U0/inst_fifo_gen/gconvfifo.rf/grf.rf/gntv_or_sync_fifo.gcx.clkx/rd_pntr_cdc_inst/src_gray_ff_reg[2]/C
                            (rising edge-triggered cell FDRE clocked by clk_out1_SYSCLK0)
  Reference Destination:  ADC3_IF/eras_fifo/U0/inst_fifo_gen/gconvfifo.rf/grf.rf/gntv_or_sync_fifo.gcx.clkx/rd_pntr_cdc_inst/dest_graysync_ff_reg[0][2]/D
                            (rising edge-triggered cell FDRE clocked by CLK_DIV_OUT_2)
  Path Type:              Bus Skew (Max at Slow Process Corner)
  Requirement:            6.249ns
  Endpoint Relative Delay:   -3.149ns
  Reference Relative Delay:  -4.788ns
  Relative CRPR:              0.739ns
  Uncertainty:                0.172ns
  Actual Bus Skew:            1.071ns  (Endpoint Relative Delay - Reference Relative Delay - Relative CRPR + Uncertainty)

Endpoint path:
    Location             Delay type                Incr(ns)  Path(ns)    Netlist Resource(s)
  -------------------------------------------------------------------    -------------------
                         (clock clk_out1_SYSCLK0 rise edge)
                                                      0.000     0.000 r  
    K4                                                0.000     0.000 r  CLK75mp (IN)
                         net (fo=0)                   0.000     0.000    SYSCLK0/inst/clk_in1_p
    K4                   IBUFDS (Prop_ibufds_I_O)     0.953     0.953 r  SYSCLK0/inst/clkin1_ibufgds/O
                         net (fo=1, routed)           1.233     2.186    SYSCLK0/inst/clk_in1_SYSCLK0
    MMCME2_ADV_X1Y2      MMCME2_ADV (Prop_mmcme2_adv_CLKIN1_CLKOUT0)
                                                     -7.070    -4.885 r  SYSCLK0/inst/mmcm_adv_inst/CLKOUT0
                         net (fo=1, routed)           1.719    -3.165    SYSCLK0/inst/clk_out1_SYSCLK0
    BUFGCTRL_X0Y18       BUFG (Prop_bufg_I_O)         0.096    -3.069 r  SYSCLK0/inst/clkout1_buf/O
                         net (fo=32344, routed)       1.604    -1.465    ADC3_IF/eras_fifo/U0/inst_fifo_gen/gconvfifo.rf/grf.rf/gntv_or_sync_fifo.gcx.clkx/rd_pntr_cdc_inst/src_clk
    SLICE_X69Y120        FDRE                                         r  ADC3_IF/eras_fifo/U0/inst_fifo_gen/gconvfifo.rf/grf.rf/gntv_or_sync_fifo.gcx.clkx/rd_pntr_cdc_inst/src_gray_ff_reg[3]/C
  -------------------------------------------------------------------    -------------------
    SLICE_X69Y120        FDRE (Prop_fdre_C_Q)         0.419    -1.046 r  ADC3_IF/eras_fifo/U0/inst_fifo_gen/gconvfifo.rf/grf.rf/gntv_or_sync_fifo.gcx.clkx/rd_pntr_cdc_inst/src_gray_ff_reg[3]/Q
                         net (fo=1, routed)           0.818    -0.228    ADC3_IF/eras_fifo/U0/inst_fifo_gen/gconvfifo.rf/grf.rf/gntv_or_sync_fifo.gcx.clkx/rd_pntr_cdc_inst/async_path[3]
    SLICE_X66Y112        FDRE                                         r  ADC3_IF/eras_fifo/U0/inst_fifo_gen/gconvfifo.rf/grf.rf/gntv_or_sync_fifo.gcx.clkx/rd_pntr_cdc_inst/dest_graysync_ff_reg[0][3]/D
  -------------------------------------------------------------------    -------------------

                         (clock CLK_DIV_OUT_2 rise edge)
                                                      0.000     0.000 r  
    H4                                                0.000     0.000 r  ADC_DCO_P[3] (IN)
                         net (fo=0)                   0.000     0.000    ADC3_IF/adc/inst/ADC_DCO_P[0]
    H4                   IBUFDS (Prop_ibufds_I_O)     0.911     0.911 r  ADC3_IF/adc/inst/ibufds_clk_inst/O
                         net (fo=2, routed)           0.459     1.370    ADC3_IF/adc/inst/clk_in_int
    BUFR_X1Y9            BUFR (Prop_bufr_I_O)         0.919     2.289 r  ADC3_IF/adc/inst/clkout_buf_inst/O
                         net (fo=185, routed)         0.847     3.136    ADC3_IF/eras_fifo/U0/inst_fifo_gen/gconvfifo.rf/grf.rf/gntv_or_sync_fifo.gcx.clkx/rd_pntr_cdc_inst/dest_clk
    SLICE_X66Y112        FDRE                                         r  ADC3_IF/eras_fifo/U0/inst_fifo_gen/gconvfifo.rf/grf.rf/gntv_or_sync_fifo.gcx.clkx/rd_pntr_cdc_inst/dest_graysync_ff_reg[0][3]/C
                         clock pessimism              0.000     3.136    
    SLICE_X66Y112        FDRE (Setup_fdre_C_D)       -0.215     2.921    ADC3_IF/eras_fifo/U0/inst_fifo_gen/gconvfifo.rf/grf.rf/gntv_or_sync_fifo.gcx.clkx/rd_pntr_cdc_inst/dest_graysync_ff_reg[0][3]
  -------------------------------------------------------------------
                         data arrival                          -0.228    
                         clock arrival                          2.921    
  -------------------------------------------------------------------
                         relative delay                        -3.149    

Reference path:
    Location             Delay type                Incr(ns)  Path(ns)    Netlist Resource(s)
  -------------------------------------------------------------------    -------------------
                         (clock clk_out1_SYSCLK0 rise edge)
                                                      0.000     0.000 r  
    K4                                                0.000     0.000 r  CLK75mp (IN)
                         net (fo=0)                   0.000     0.000    SYSCLK0/inst/clk_in1_p
    K4                   IBUFDS (Prop_ibufds_I_O)     0.909     0.909 r  SYSCLK0/inst/clkin1_ibufgds/O
                         net (fo=1, routed)           1.162     2.071    SYSCLK0/inst/clk_in1_SYSCLK0
    MMCME2_ADV_X1Y2      MMCME2_ADV (Prop_mmcme2_adv_CLKIN1_CLKOUT0)
                                                     -7.324    -5.253 r  SYSCLK0/inst/mmcm_adv_inst/CLKOUT0
                         net (fo=1, routed)           1.639    -3.614    SYSCLK0/inst/clk_out1_SYSCLK0
    BUFGCTRL_X0Y18       BUFG (Prop_bufg_I_O)         0.091    -3.523 r  SYSCLK0/inst/clkout1_buf/O
                         net (fo=32344, routed)       1.485    -2.038    ADC3_IF/eras_fifo/U0/inst_fifo_gen/gconvfifo.rf/grf.rf/gntv_or_sync_fifo.gcx.clkx/rd_pntr_cdc_inst/src_clk
    SLICE_X69Y120        FDRE                                         r  ADC3_IF/eras_fifo/U0/inst_fifo_gen/gconvfifo.rf/grf.rf/gntv_or_sync_fifo.gcx.clkx/rd_pntr_cdc_inst/src_gray_ff_reg[2]/C
  -------------------------------------------------------------------    -------------------
    SLICE_X69Y120        FDRE (Prop_fdre_C_Q)         0.367    -1.671 r  ADC3_IF/eras_fifo/U0/inst_fifo_gen/gconvfifo.rf/grf.rf/gntv_or_sync_fifo.gcx.clkx/rd_pntr_cdc_inst/src_gray_ff_reg[2]/Q
                         net (fo=1, routed)           0.443    -1.228    ADC3_IF/eras_fifo/U0/inst_fifo_gen/gconvfifo.rf/grf.rf/gntv_or_sync_fifo.gcx.clkx/rd_pntr_cdc_inst/async_path[2]
    SLICE_X66Y113        FDRE                                         r  ADC3_IF/eras_fifo/U0/inst_fifo_gen/gconvfifo.rf/grf.rf/gntv_or_sync_fifo.gcx.clkx/rd_pntr_cdc_inst/dest_graysync_ff_reg[0][2]/D
  -------------------------------------------------------------------    -------------------

                         (clock CLK_DIV_OUT_2 rise edge)
                                                      0.000     0.000 r  
    H4                                                0.000     0.000 r  ADC_DCO_P[3] (IN)
                         net (fo=0)                   0.000     0.000    ADC3_IF/adc/inst/ADC_DCO_P[0]
    H4                   IBUFDS (Prop_ibufds_I_O)     0.955     0.955 r  ADC3_IF/adc/inst/ibufds_clk_inst/O
                         net (fo=2, routed)           0.500     1.455    ADC3_IF/adc/inst/clk_in_int
    BUFR_X1Y9            BUFR (Prop_bufr_I_O)         0.983     2.438 r  ADC3_IF/adc/inst/clkout_buf_inst/O
                         net (fo=185, routed)         0.889     3.327    ADC3_IF/eras_fifo/U0/inst_fifo_gen/gconvfifo.rf/grf.rf/gntv_or_sync_fifo.gcx.clkx/rd_pntr_cdc_inst/dest_clk
    SLICE_X66Y113        FDRE                                         r  ADC3_IF/eras_fifo/U0/inst_fifo_gen/gconvfifo.rf/grf.rf/gntv_or_sync_fifo.gcx.clkx/rd_pntr_cdc_inst/dest_graysync_ff_reg[0][2]/C
                         clock pessimism              0.000     3.327    
    SLICE_X66Y113        FDRE (Hold_fdre_C_D)         0.233     3.560    ADC3_IF/eras_fifo/U0/inst_fifo_gen/gconvfifo.rf/grf.rf/gntv_or_sync_fifo.gcx.clkx/rd_pntr_cdc_inst/dest_graysync_ff_reg[0][2]
  -------------------------------------------------------------------
                         data arrival                          -1.228    
                         clock arrival                          3.560    
  -------------------------------------------------------------------
                         relative delay                        -4.788    



Id: 4
set_bus_skew -from [get_cells [list {ADC1_IF/eras_fifo/U0/inst_fifo_gen/gconvfifo.rf/grf.rf/gntv_or_sync_fifo.gcx.clkx/wr_pntr_cdc_inst/src_gray_ff_reg[0]} {ADC1_IF/eras_fifo/U0/inst_fifo_gen/gconvfifo.rf/grf.rf/gntv_or_sync_fifo.gcx.clkx/wr_pntr_cdc_inst/src_gray_ff_reg[1]} {ADC1_IF/eras_fifo/U0/inst_fifo_gen/gconvfifo.rf/grf.rf/gntv_or_sync_fifo.gcx.clkx/wr_pntr_cdc_inst/src_gray_ff_reg[2]} {ADC1_IF/eras_fifo/U0/inst_fifo_gen/gconvfifo.rf/grf.rf/gntv_or_sync_fifo.gcx.clkx/wr_pntr_cdc_inst/src_gray_ff_reg[3]}]] -to [get_cells [list {ADC1_IF/eras_fifo/U0/inst_fifo_gen/gconvfifo.rf/grf.rf/gntv_or_sync_fifo.gcx.clkx/wr_pntr_cdc_inst/dest_graysync_ff_reg[0][0]} {ADC1_IF/eras_fifo/U0/inst_fifo_gen/gconvfifo.rf/grf.rf/gntv_or_sync_fifo.gcx.clkx/wr_pntr_cdc_inst/dest_graysync_ff_reg[0][1]} {ADC1_IF/eras_fifo/U0/inst_fifo_gen/gconvfifo.rf/grf.rf/gntv_or_sync_fifo.gcx.clkx/wr_pntr_cdc_inst/dest_graysync_ff_reg[0][2]} {ADC1_IF/eras_fifo/U0/inst_fifo_gen/gconvfifo.rf/grf.rf/gntv_or_sync_fifo.gcx.clkx/wr_pntr_cdc_inst/dest_graysync_ff_reg[0][3]}]] 6.249
Requirement: 6.249ns
Endpoints: 4

From Clock            To Clock              Endpoint Pin                    Reference Pin                   Corner  Actual(ns)  Slack(ns)
--------------------  --------------------  ------------------------------  ------------------------------  ------  ----------  ---------
CLK_DIV_OUT           clk_out1_SYSCLK0      ADC1_IF/eras_fifo/U0/inst_fifo_gen/gconvfifo.rf/grf.rf/gntv_or_sync_fifo.gcx.clkx/wr_pntr_cdc_inst/dest_graysync_ff_reg[0][3]/D
                                                                            ADC1_IF/eras_fifo/U0/inst_fifo_gen/gconvfifo.rf/grf.rf/gntv_or_sync_fifo.gcx.clkx/wr_pntr_cdc_inst/dest_graysync_ff_reg[0][2]/D
                                                                                                            Slow         0.894      5.355


Slack (MET) :             5.355ns  (requirement - actual skew)
  Endpoint Source:        ADC1_IF/eras_fifo/U0/inst_fifo_gen/gconvfifo.rf/grf.rf/gntv_or_sync_fifo.gcx.clkx/wr_pntr_cdc_inst/src_gray_ff_reg[3]/C
                            (rising edge-triggered cell FDRE clocked by CLK_DIV_OUT)
  Endpoint Destination:   ADC1_IF/eras_fifo/U0/inst_fifo_gen/gconvfifo.rf/grf.rf/gntv_or_sync_fifo.gcx.clkx/wr_pntr_cdc_inst/dest_graysync_ff_reg[0][3]/D
                            (rising edge-triggered cell FDRE clocked by clk_out1_SYSCLK0)
  Reference Source:       ADC1_IF/eras_fifo/U0/inst_fifo_gen/gconvfifo.rf/grf.rf/gntv_or_sync_fifo.gcx.clkx/wr_pntr_cdc_inst/src_gray_ff_reg[2]/C
                            (rising edge-triggered cell FDRE clocked by CLK_DIV_OUT)
  Reference Destination:  ADC1_IF/eras_fifo/U0/inst_fifo_gen/gconvfifo.rf/grf.rf/gntv_or_sync_fifo.gcx.clkx/wr_pntr_cdc_inst/dest_graysync_ff_reg[0][2]/D
                            (rising edge-triggered cell FDRE clocked by clk_out1_SYSCLK0)
  Path Type:              Bus Skew (Max at Slow Process Corner)
  Requirement:            6.249ns
  Endpoint Relative Delay:    6.491ns
  Reference Relative Delay:   5.080ns
  Relative CRPR:              0.690ns
  Uncertainty:                0.172ns
  Actual Bus Skew:            0.894ns  (Endpoint Relative Delay - Reference Relative Delay - Relative CRPR + Uncertainty)

Endpoint path:
    Location             Delay type                Incr(ns)  Path(ns)    Netlist Resource(s)
  -------------------------------------------------------------------    -------------------
                         (clock CLK_DIV_OUT rise edge)
                                                      0.000     0.000 r  
    V13                                               0.000     0.000 r  ADC_DCO_P[1] (IN)
                         net (fo=0)                   0.000     0.000    ADC1_IF/adc/inst/ADC_DCO_P[0]
    V13                  IBUFDS (Prop_ibufds_I_O)     0.990     0.990 r  ADC1_IF/adc/inst/ibufds_clk_inst/O
                         net (fo=2, routed)           0.500     1.490    ADC1_IF/adc/inst/clk_in_int
    BUFR_X0Y1            BUFR (Prop_bufr_I_O)         0.983     2.473 r  ADC1_IF/adc/inst/clkout_buf_inst/O
                         net (fo=185, routed)         0.874     3.347    ADC1_IF/eras_fifo/U0/inst_fifo_gen/gconvfifo.rf/grf.rf/gntv_or_sync_fifo.gcx.clkx/wr_pntr_cdc_inst/src_clk
    SLICE_X10Y36         FDRE                                         r  ADC1_IF/eras_fifo/U0/inst_fifo_gen/gconvfifo.rf/grf.rf/gntv_or_sync_fifo.gcx.clkx/wr_pntr_cdc_inst/src_gray_ff_reg[3]/C
  -------------------------------------------------------------------    -------------------
    SLICE_X10Y36         FDRE (Prop_fdre_C_Q)         0.518     3.865 r  ADC1_IF/eras_fifo/U0/inst_fifo_gen/gconvfifo.rf/grf.rf/gntv_or_sync_fifo.gcx.clkx/wr_pntr_cdc_inst/src_gray_ff_reg[3]/Q
                         net (fo=1, routed)           0.734     4.599    ADC1_IF/eras_fifo/U0/inst_fifo_gen/gconvfifo.rf/grf.rf/gntv_or_sync_fifo.gcx.clkx/wr_pntr_cdc_inst/async_path[3]
    SLICE_X10Y37         FDRE                                         r  ADC1_IF/eras_fifo/U0/inst_fifo_gen/gconvfifo.rf/grf.rf/gntv_or_sync_fifo.gcx.clkx/wr_pntr_cdc_inst/dest_graysync_ff_reg[0][3]/D
  -------------------------------------------------------------------    -------------------

                         (clock clk_out1_SYSCLK0 rise edge)
                                                      0.000     0.000 r  
    K4                                                0.000     0.000 r  CLK75mp (IN)
                         net (fo=0)                   0.000     0.000    SYSCLK0/inst/clk_in1_p
    K4                   IBUFDS (Prop_ibufds_I_O)     0.909     0.909 r  SYSCLK0/inst/clkin1_ibufgds/O
                         net (fo=1, routed)           1.162     2.071    SYSCLK0/inst/clk_in1_SYSCLK0
    MMCME2_ADV_X1Y2      MMCME2_ADV (Prop_mmcme2_adv_CLKIN1_CLKOUT0)
                                                     -7.324    -5.253 r  SYSCLK0/inst/mmcm_adv_inst/CLKOUT0
                         net (fo=1, routed)           1.639    -3.614    SYSCLK0/inst/clk_out1_SYSCLK0
    BUFGCTRL_X0Y18       BUFG (Prop_bufg_I_O)         0.091    -3.523 r  SYSCLK0/inst/clkout1_buf/O
                         net (fo=32344, routed)       1.689    -1.834    ADC1_IF/eras_fifo/U0/inst_fifo_gen/gconvfifo.rf/grf.rf/gntv_or_sync_fifo.gcx.clkx/wr_pntr_cdc_inst/dest_clk
    SLICE_X10Y37         FDRE                                         r  ADC1_IF/eras_fifo/U0/inst_fifo_gen/gconvfifo.rf/grf.rf/gntv_or_sync_fifo.gcx.clkx/wr_pntr_cdc_inst/dest_graysync_ff_reg[0][3]/C
                         clock pessimism              0.000    -1.834    
    SLICE_X10Y37         FDRE (Setup_fdre_C_D)       -0.058    -1.892    ADC1_IF/eras_fifo/U0/inst_fifo_gen/gconvfifo.rf/grf.rf/gntv_or_sync_fifo.gcx.clkx/wr_pntr_cdc_inst/dest_graysync_ff_reg[0][3]
  -------------------------------------------------------------------
                         data arrival                           4.599    
                         clock arrival                         -1.892    
  -------------------------------------------------------------------
                         relative delay                         6.491    

Reference path:
    Location             Delay type                Incr(ns)  Path(ns)    Netlist Resource(s)
  -------------------------------------------------------------------    -------------------
                         (clock CLK_DIV_OUT rise edge)
                                                      0.000     0.000 r  
    V13                                               0.000     0.000 r  ADC_DCO_P[1] (IN)
                         net (fo=0)                   0.000     0.000    ADC1_IF/adc/inst/ADC_DCO_P[0]
    V13                  IBUFDS (Prop_ibufds_I_O)     0.946     0.946 r  ADC1_IF/adc/inst/ibufds_clk_inst/O
                         net (fo=2, routed)           0.459     1.405    ADC1_IF/adc/inst/clk_in_int
    BUFR_X0Y1            BUFR (Prop_bufr_I_O)         0.919     2.324 r  ADC1_IF/adc/inst/clkout_buf_inst/O
                         net (fo=185, routed)         0.833     3.157    ADC1_IF/eras_fifo/U0/inst_fifo_gen/gconvfifo.rf/grf.rf/gntv_or_sync_fifo.gcx.clkx/wr_pntr_cdc_inst/src_clk
    SLICE_X13Y34         FDRE                                         r  ADC1_IF/eras_fifo/U0/inst_fifo_gen/gconvfifo.rf/grf.rf/gntv_or_sync_fifo.gcx.clkx/wr_pntr_cdc_inst/src_gray_ff_reg[2]/C
  -------------------------------------------------------------------    -------------------
    SLICE_X13Y34         FDRE (Prop_fdre_C_Q)         0.367     3.524 r  ADC1_IF/eras_fifo/U0/inst_fifo_gen/gconvfifo.rf/grf.rf/gntv_or_sync_fifo.gcx.clkx/wr_pntr_cdc_inst/src_gray_ff_reg[2]/Q
                         net (fo=1, routed)           0.533     4.057    ADC1_IF/eras_fifo/U0/inst_fifo_gen/gconvfifo.rf/grf.rf/gntv_or_sync_fifo.gcx.clkx/wr_pntr_cdc_inst/async_path[2]
    SLICE_X12Y34         FDRE                                         r  ADC1_IF/eras_fifo/U0/inst_fifo_gen/gconvfifo.rf/grf.rf/gntv_or_sync_fifo.gcx.clkx/wr_pntr_cdc_inst/dest_graysync_ff_reg[0][2]/D
  -------------------------------------------------------------------    -------------------

                         (clock clk_out1_SYSCLK0 rise edge)
                                                      0.000     0.000 r  
    K4                                                0.000     0.000 r  CLK75mp (IN)
                         net (fo=0)                   0.000     0.000    SYSCLK0/inst/clk_in1_p
    K4                   IBUFDS (Prop_ibufds_I_O)     0.953     0.953 r  SYSCLK0/inst/clkin1_ibufgds/O
                         net (fo=1, routed)           1.233     2.186    SYSCLK0/inst/clk_in1_SYSCLK0
    MMCME2_ADV_X1Y2      MMCME2_ADV (Prop_mmcme2_adv_CLKIN1_CLKOUT0)
                                                     -7.070    -4.885 r  SYSCLK0/inst/mmcm_adv_inst/CLKOUT0
                         net (fo=1, routed)           1.719    -3.165    SYSCLK0/inst/clk_out1_SYSCLK0
    BUFGCTRL_X0Y18       BUFG (Prop_bufg_I_O)         0.096    -3.069 r  SYSCLK0/inst/clkout1_buf/O
                         net (fo=32344, routed)       1.813    -1.256    ADC1_IF/eras_fifo/U0/inst_fifo_gen/gconvfifo.rf/grf.rf/gntv_or_sync_fifo.gcx.clkx/wr_pntr_cdc_inst/dest_clk
    SLICE_X12Y34         FDRE                                         r  ADC1_IF/eras_fifo/U0/inst_fifo_gen/gconvfifo.rf/grf.rf/gntv_or_sync_fifo.gcx.clkx/wr_pntr_cdc_inst/dest_graysync_ff_reg[0][2]/C
                         clock pessimism              0.000    -1.256    
    SLICE_X12Y34         FDRE (Hold_fdre_C_D)         0.233    -1.023    ADC1_IF/eras_fifo/U0/inst_fifo_gen/gconvfifo.rf/grf.rf/gntv_or_sync_fifo.gcx.clkx/wr_pntr_cdc_inst/dest_graysync_ff_reg[0][2]
  -------------------------------------------------------------------
                         data arrival                           4.057    
                         clock arrival                         -1.023    
  -------------------------------------------------------------------
                         relative delay                         5.080    



Id: 5
set_bus_skew -from [get_cells [list {ADC2_IF/eras_fifo/U0/inst_fifo_gen/gconvfifo.rf/grf.rf/gntv_or_sync_fifo.gcx.clkx/wr_pntr_cdc_inst/src_gray_ff_reg[0]} {ADC2_IF/eras_fifo/U0/inst_fifo_gen/gconvfifo.rf/grf.rf/gntv_or_sync_fifo.gcx.clkx/wr_pntr_cdc_inst/src_gray_ff_reg[1]} {ADC2_IF/eras_fifo/U0/inst_fifo_gen/gconvfifo.rf/grf.rf/gntv_or_sync_fifo.gcx.clkx/wr_pntr_cdc_inst/src_gray_ff_reg[2]} {ADC2_IF/eras_fifo/U0/inst_fifo_gen/gconvfifo.rf/grf.rf/gntv_or_sync_fifo.gcx.clkx/wr_pntr_cdc_inst/src_gray_ff_reg[3]}]] -to [get_cells [list {ADC2_IF/eras_fifo/U0/inst_fifo_gen/gconvfifo.rf/grf.rf/gntv_or_sync_fifo.gcx.clkx/wr_pntr_cdc_inst/dest_graysync_ff_reg[0][0]} {ADC2_IF/eras_fifo/U0/inst_fifo_gen/gconvfifo.rf/grf.rf/gntv_or_sync_fifo.gcx.clkx/wr_pntr_cdc_inst/dest_graysync_ff_reg[0][1]} {ADC2_IF/eras_fifo/U0/inst_fifo_gen/gconvfifo.rf/grf.rf/gntv_or_sync_fifo.gcx.clkx/wr_pntr_cdc_inst/dest_graysync_ff_reg[0][2]} {ADC2_IF/eras_fifo/U0/inst_fifo_gen/gconvfifo.rf/grf.rf/gntv_or_sync_fifo.gcx.clkx/wr_pntr_cdc_inst/dest_graysync_ff_reg[0][3]}]] 6.249
Requirement: 6.249ns
Endpoints: 4

From Clock            To Clock              Endpoint Pin                    Reference Pin                   Corner  Actual(ns)  Slack(ns)
--------------------  --------------------  ------------------------------  ------------------------------  ------  ----------  ---------
CLK_DIV_OUT_1         clk_out1_SYSCLK0      ADC2_IF/eras_fifo/U0/inst_fifo_gen/gconvfifo.rf/grf.rf/gntv_or_sync_fifo.gcx.clkx/wr_pntr_cdc_inst/dest_graysync_ff_reg[0][3]/D
                                                                            ADC2_IF/eras_fifo/U0/inst_fifo_gen/gconvfifo.rf/grf.rf/gntv_or_sync_fifo.gcx.clkx/wr_pntr_cdc_inst/dest_graysync_ff_reg[0][0]/D
                                                                                                            Slow         0.836      5.413


Slack (MET) :             5.413ns  (requirement - actual skew)
  Endpoint Source:        ADC2_IF/eras_fifo/U0/inst_fifo_gen/gconvfifo.rf/grf.rf/gntv_or_sync_fifo.gcx.clkx/wr_pntr_cdc_inst/src_gray_ff_reg[3]/C
                            (rising edge-triggered cell FDRE clocked by CLK_DIV_OUT_1)
  Endpoint Destination:   ADC2_IF/eras_fifo/U0/inst_fifo_gen/gconvfifo.rf/grf.rf/gntv_or_sync_fifo.gcx.clkx/wr_pntr_cdc_inst/dest_graysync_ff_reg[0][3]/D
                            (rising edge-triggered cell FDRE clocked by clk_out1_SYSCLK0)
  Reference Source:       ADC2_IF/eras_fifo/U0/inst_fifo_gen/gconvfifo.rf/grf.rf/gntv_or_sync_fifo.gcx.clkx/wr_pntr_cdc_inst/src_gray_ff_reg[0]/C
                            (rising edge-triggered cell FDRE clocked by CLK_DIV_OUT_1)
  Reference Destination:  ADC2_IF/eras_fifo/U0/inst_fifo_gen/gconvfifo.rf/grf.rf/gntv_or_sync_fifo.gcx.clkx/wr_pntr_cdc_inst/dest_graysync_ff_reg[0][0]/D
                            (rising edge-triggered cell FDRE clocked by clk_out1_SYSCLK0)
  Path Type:              Bus Skew (Max at Slow Process Corner)
  Requirement:            6.249ns
  Endpoint Relative Delay:    6.526ns
  Reference Relative Delay:   5.148ns
  Relative CRPR:              0.715ns
  Uncertainty:                0.172ns
  Actual Bus Skew:            0.836ns  (Endpoint Relative Delay - Reference Relative Delay - Relative CRPR + Uncertainty)

Endpoint path:
    Location             Delay type                Incr(ns)  Path(ns)    Netlist Resource(s)
  -------------------------------------------------------------------    -------------------
                         (clock CLK_DIV_OUT_1 rise edge)
                                                      0.000     0.000 r  
    V4                                                0.000     0.000 r  ADC_DCO_P[2] (IN)
                         net (fo=0)                   0.000     0.000    ADC2_IF/adc/inst/ADC_DCO_P[0]
    V4                   IBUFDS (Prop_ibufds_I_O)     1.003     1.003 r  ADC2_IF/adc/inst/ibufds_clk_inst/O
                         net (fo=2, routed)           0.500     1.503    ADC2_IF/adc/inst/clk_in_int
    BUFR_X1Y5            BUFR (Prop_bufr_I_O)         0.983     2.486 r  ADC2_IF/adc/inst/clkout_buf_inst/O
                         net (fo=185, routed)         0.818     3.304    ADC2_IF/eras_fifo/U0/inst_fifo_gen/gconvfifo.rf/grf.rf/gntv_or_sync_fifo.gcx.clkx/wr_pntr_cdc_inst/src_clk
    SLICE_X72Y62         FDRE                                         r  ADC2_IF/eras_fifo/U0/inst_fifo_gen/gconvfifo.rf/grf.rf/gntv_or_sync_fifo.gcx.clkx/wr_pntr_cdc_inst/src_gray_ff_reg[3]/C
  -------------------------------------------------------------------    -------------------
    SLICE_X72Y62         FDRE (Prop_fdre_C_Q)         0.419     3.723 r  ADC2_IF/eras_fifo/U0/inst_fifo_gen/gconvfifo.rf/grf.rf/gntv_or_sync_fifo.gcx.clkx/wr_pntr_cdc_inst/src_gray_ff_reg[3]/Q
                         net (fo=1, routed)           0.602     4.326    ADC2_IF/eras_fifo/U0/inst_fifo_gen/gconvfifo.rf/grf.rf/gntv_or_sync_fifo.gcx.clkx/wr_pntr_cdc_inst/async_path[3]
    SLICE_X72Y63         FDRE                                         r  ADC2_IF/eras_fifo/U0/inst_fifo_gen/gconvfifo.rf/grf.rf/gntv_or_sync_fifo.gcx.clkx/wr_pntr_cdc_inst/dest_graysync_ff_reg[0][3]/D
  -------------------------------------------------------------------    -------------------

                         (clock clk_out1_SYSCLK0 rise edge)
                                                      0.000     0.000 r  
    K4                                                0.000     0.000 r  CLK75mp (IN)
                         net (fo=0)                   0.000     0.000    SYSCLK0/inst/clk_in1_p
    K4                   IBUFDS (Prop_ibufds_I_O)     0.909     0.909 r  SYSCLK0/inst/clkin1_ibufgds/O
                         net (fo=1, routed)           1.162     2.071    SYSCLK0/inst/clk_in1_SYSCLK0
    MMCME2_ADV_X1Y2      MMCME2_ADV (Prop_mmcme2_adv_CLKIN1_CLKOUT0)
                                                     -7.324    -5.253 r  SYSCLK0/inst/mmcm_adv_inst/CLKOUT0
                         net (fo=1, routed)           1.639    -3.614    SYSCLK0/inst/clk_out1_SYSCLK0
    BUFGCTRL_X0Y18       BUFG (Prop_bufg_I_O)         0.091    -3.523 r  SYSCLK0/inst/clkout1_buf/O
                         net (fo=32344, routed)       1.590    -1.932    ADC2_IF/eras_fifo/U0/inst_fifo_gen/gconvfifo.rf/grf.rf/gntv_or_sync_fifo.gcx.clkx/wr_pntr_cdc_inst/dest_clk
    SLICE_X72Y63         FDRE                                         r  ADC2_IF/eras_fifo/U0/inst_fifo_gen/gconvfifo.rf/grf.rf/gntv_or_sync_fifo.gcx.clkx/wr_pntr_cdc_inst/dest_graysync_ff_reg[0][3]/C
                         clock pessimism              0.000    -1.932    
    SLICE_X72Y63         FDRE (Setup_fdre_C_D)       -0.268    -2.200    ADC2_IF/eras_fifo/U0/inst_fifo_gen/gconvfifo.rf/grf.rf/gntv_or_sync_fifo.gcx.clkx/wr_pntr_cdc_inst/dest_graysync_ff_reg[0][3]
  -------------------------------------------------------------------
                         data arrival                           4.326    
                         clock arrival                         -2.200    
  -------------------------------------------------------------------
                         relative delay                         6.526    

Reference path:
    Location             Delay type                Incr(ns)  Path(ns)    Netlist Resource(s)
  -------------------------------------------------------------------    -------------------
                         (clock CLK_DIV_OUT_1 rise edge)
                                                      0.000     0.000 r  
    V4                                                0.000     0.000 r  ADC_DCO_P[2] (IN)
                         net (fo=0)                   0.000     0.000    ADC2_IF/adc/inst/ADC_DCO_P[0]
    V4                   IBUFDS (Prop_ibufds_I_O)     0.959     0.959 r  ADC2_IF/adc/inst/ibufds_clk_inst/O
                         net (fo=2, routed)           0.459     1.418    ADC2_IF/adc/inst/clk_in_int
    BUFR_X1Y5            BUFR (Prop_bufr_I_O)         0.919     2.337 r  ADC2_IF/adc/inst/clkout_buf_inst/O
                         net (fo=185, routed)         0.775     3.112    ADC2_IF/eras_fifo/U0/inst_fifo_gen/gconvfifo.rf/grf.rf/gntv_or_sync_fifo.gcx.clkx/wr_pntr_cdc_inst/src_clk
    SLICE_X72Y64         FDRE                                         r  ADC2_IF/eras_fifo/U0/inst_fifo_gen/gconvfifo.rf/grf.rf/gntv_or_sync_fifo.gcx.clkx/wr_pntr_cdc_inst/src_gray_ff_reg[0]/C
  -------------------------------------------------------------------    -------------------
    SLICE_X72Y64         FDRE (Prop_fdre_C_Q)         0.367     3.479 r  ADC2_IF/eras_fifo/U0/inst_fifo_gen/gconvfifo.rf/grf.rf/gntv_or_sync_fifo.gcx.clkx/wr_pntr_cdc_inst/src_gray_ff_reg[0]/Q
                         net (fo=1, routed)           0.479     3.958    ADC2_IF/eras_fifo/U0/inst_fifo_gen/gconvfifo.rf/grf.rf/gntv_or_sync_fifo.gcx.clkx/wr_pntr_cdc_inst/async_path[0]
    SLICE_X73Y64         FDRE                                         r  ADC2_IF/eras_fifo/U0/inst_fifo_gen/gconvfifo.rf/grf.rf/gntv_or_sync_fifo.gcx.clkx/wr_pntr_cdc_inst/dest_graysync_ff_reg[0][0]/D
  -------------------------------------------------------------------    -------------------

                         (clock clk_out1_SYSCLK0 rise edge)
                                                      0.000     0.000 r  
    K4                                                0.000     0.000 r  CLK75mp (IN)
                         net (fo=0)                   0.000     0.000    SYSCLK0/inst/clk_in1_p
    K4                   IBUFDS (Prop_ibufds_I_O)     0.953     0.953 r  SYSCLK0/inst/clkin1_ibufgds/O
                         net (fo=1, routed)           1.233     2.186    SYSCLK0/inst/clk_in1_SYSCLK0
    MMCME2_ADV_X1Y2      MMCME2_ADV (Prop_mmcme2_adv_CLKIN1_CLKOUT0)
                                                     -7.070    -4.885 r  SYSCLK0/inst/mmcm_adv_inst/CLKOUT0
                         net (fo=1, routed)           1.719    -3.165    SYSCLK0/inst/clk_out1_SYSCLK0
    BUFGCTRL_X0Y18       BUFG (Prop_bufg_I_O)         0.096    -3.069 r  SYSCLK0/inst/clkout1_buf/O
                         net (fo=32344, routed)       1.710    -1.359    ADC2_IF/eras_fifo/U0/inst_fifo_gen/gconvfifo.rf/grf.rf/gntv_or_sync_fifo.gcx.clkx/wr_pntr_cdc_inst/dest_clk
    SLICE_X73Y64         FDRE                                         r  ADC2_IF/eras_fifo/U0/inst_fifo_gen/gconvfifo.rf/grf.rf/gntv_or_sync_fifo.gcx.clkx/wr_pntr_cdc_inst/dest_graysync_ff_reg[0][0]/C
                         clock pessimism              0.000    -1.359    
    SLICE_X73Y64         FDRE (Hold_fdre_C_D)         0.169    -1.190    ADC2_IF/eras_fifo/U0/inst_fifo_gen/gconvfifo.rf/grf.rf/gntv_or_sync_fifo.gcx.clkx/wr_pntr_cdc_inst/dest_graysync_ff_reg[0][0]
  -------------------------------------------------------------------
                         data arrival                           3.958    
                         clock arrival                         -1.190    
  -------------------------------------------------------------------
                         relative delay                         5.148    



Id: 6
set_bus_skew -from [get_cells [list {ADC3_IF/eras_fifo/U0/inst_fifo_gen/gconvfifo.rf/grf.rf/gntv_or_sync_fifo.gcx.clkx/wr_pntr_cdc_inst/src_gray_ff_reg[0]} {ADC3_IF/eras_fifo/U0/inst_fifo_gen/gconvfifo.rf/grf.rf/gntv_or_sync_fifo.gcx.clkx/wr_pntr_cdc_inst/src_gray_ff_reg[1]} {ADC3_IF/eras_fifo/U0/inst_fifo_gen/gconvfifo.rf/grf.rf/gntv_or_sync_fifo.gcx.clkx/wr_pntr_cdc_inst/src_gray_ff_reg[2]} {ADC3_IF/eras_fifo/U0/inst_fifo_gen/gconvfifo.rf/grf.rf/gntv_or_sync_fifo.gcx.clkx/wr_pntr_cdc_inst/src_gray_ff_reg[3]}]] -to [get_cells [list {ADC3_IF/eras_fifo/U0/inst_fifo_gen/gconvfifo.rf/grf.rf/gntv_or_sync_fifo.gcx.clkx/wr_pntr_cdc_inst/dest_graysync_ff_reg[0][0]} {ADC3_IF/eras_fifo/U0/inst_fifo_gen/gconvfifo.rf/grf.rf/gntv_or_sync_fifo.gcx.clkx/wr_pntr_cdc_inst/dest_graysync_ff_reg[0][1]} {ADC3_IF/eras_fifo/U0/inst_fifo_gen/gconvfifo.rf/grf.rf/gntv_or_sync_fifo.gcx.clkx/wr_pntr_cdc_inst/dest_graysync_ff_reg[0][2]} {ADC3_IF/eras_fifo/U0/inst_fifo_gen/gconvfifo.rf/grf.rf/gntv_or_sync_fifo.gcx.clkx/wr_pntr_cdc_inst/dest_graysync_ff_reg[0][3]}]] 6.249
Requirement: 6.249ns
Endpoints: 4

From Clock            To Clock              Endpoint Pin                    Reference Pin                   Corner  Actual(ns)  Slack(ns)
--------------------  --------------------  ------------------------------  ------------------------------  ------  ----------  ---------
CLK_DIV_OUT_2         clk_out1_SYSCLK0      ADC3_IF/eras_fifo/U0/inst_fifo_gen/gconvfifo.rf/grf.rf/gntv_or_sync_fifo.gcx.clkx/wr_pntr_cdc_inst/dest_graysync_ff_reg[0][1]/D
                                                                            ADC3_IF/eras_fifo/U0/inst_fifo_gen/gconvfifo.rf/grf.rf/gntv_or_sync_fifo.gcx.clkx/wr_pntr_cdc_inst/dest_graysync_ff_reg[0][3]/D
                                                                                                            Slow         0.738      5.511


Slack (MET) :             5.511ns  (requirement - actual skew)
  Endpoint Source:        ADC3_IF/eras_fifo/U0/inst_fifo_gen/gconvfifo.rf/grf.rf/gntv_or_sync_fifo.gcx.clkx/wr_pntr_cdc_inst/src_gray_ff_reg[1]/C
                            (rising edge-triggered cell FDRE clocked by CLK_DIV_OUT_2)
  Endpoint Destination:   ADC3_IF/eras_fifo/U0/inst_fifo_gen/gconvfifo.rf/grf.rf/gntv_or_sync_fifo.gcx.clkx/wr_pntr_cdc_inst/dest_graysync_ff_reg[0][1]/D
                            (rising edge-triggered cell FDRE clocked by clk_out1_SYSCLK0)
  Reference Source:       ADC3_IF/eras_fifo/U0/inst_fifo_gen/gconvfifo.rf/grf.rf/gntv_or_sync_fifo.gcx.clkx/wr_pntr_cdc_inst/src_gray_ff_reg[3]/C
                            (rising edge-triggered cell FDRE clocked by CLK_DIV_OUT_2)
  Reference Destination:  ADC3_IF/eras_fifo/U0/inst_fifo_gen/gconvfifo.rf/grf.rf/gntv_or_sync_fifo.gcx.clkx/wr_pntr_cdc_inst/dest_graysync_ff_reg[0][3]/D
                            (rising edge-triggered cell FDRE clocked by clk_out1_SYSCLK0)
  Path Type:              Bus Skew (Max at Slow Process Corner)
  Requirement:            6.249ns
  Endpoint Relative Delay:    6.468ns
  Reference Relative Delay:   5.204ns
  Relative CRPR:              0.698ns
  Uncertainty:                0.172ns
  Actual Bus Skew:            0.738ns  (Endpoint Relative Delay - Reference Relative Delay - Relative CRPR + Uncertainty)

Endpoint path:
    Location             Delay type                Incr(ns)  Path(ns)    Netlist Resource(s)
  -------------------------------------------------------------------    -------------------
                         (clock CLK_DIV_OUT_2 rise edge)
                                                      0.000     0.000 r  
    H4                                                0.000     0.000 r  ADC_DCO_P[3] (IN)
                         net (fo=0)                   0.000     0.000    ADC3_IF/adc/inst/ADC_DCO_P[0]
    H4                   IBUFDS (Prop_ibufds_I_O)     0.955     0.955 r  ADC3_IF/adc/inst/ibufds_clk_inst/O
                         net (fo=2, routed)           0.500     1.455    ADC3_IF/adc/inst/clk_in_int
    BUFR_X1Y9            BUFR (Prop_bufr_I_O)         0.983     2.438 r  ADC3_IF/adc/inst/clkout_buf_inst/O
                         net (fo=185, routed)         0.875     3.313    ADC3_IF/eras_fifo/U0/inst_fifo_gen/gconvfifo.rf/grf.rf/gntv_or_sync_fifo.gcx.clkx/wr_pntr_cdc_inst/src_clk
    SLICE_X68Y127        FDRE                                         r  ADC3_IF/eras_fifo/U0/inst_fifo_gen/gconvfifo.rf/grf.rf/gntv_or_sync_fifo.gcx.clkx/wr_pntr_cdc_inst/src_gray_ff_reg[1]/C
  -------------------------------------------------------------------    -------------------
    SLICE_X68Y127        FDRE (Prop_fdre_C_Q)         0.419     3.732 r  ADC3_IF/eras_fifo/U0/inst_fifo_gen/gconvfifo.rf/grf.rf/gntv_or_sync_fifo.gcx.clkx/wr_pntr_cdc_inst/src_gray_ff_reg[1]/Q
                         net (fo=1, routed)           0.473     4.205    ADC3_IF/eras_fifo/U0/inst_fifo_gen/gconvfifo.rf/grf.rf/gntv_or_sync_fifo.gcx.clkx/wr_pntr_cdc_inst/async_path[1]
    SLICE_X66Y127        FDRE                                         r  ADC3_IF/eras_fifo/U0/inst_fifo_gen/gconvfifo.rf/grf.rf/gntv_or_sync_fifo.gcx.clkx/wr_pntr_cdc_inst/dest_graysync_ff_reg[0][1]/D
  -------------------------------------------------------------------    -------------------

                         (clock clk_out1_SYSCLK0 rise edge)
                                                      0.000     0.000 r  
    K4                                                0.000     0.000 r  CLK75mp (IN)
                         net (fo=0)                   0.000     0.000    SYSCLK0/inst/clk_in1_p
    K4                   IBUFDS (Prop_ibufds_I_O)     0.909     0.909 r  SYSCLK0/inst/clkin1_ibufgds/O
                         net (fo=1, routed)           1.162     2.071    SYSCLK0/inst/clk_in1_SYSCLK0
    MMCME2_ADV_X1Y2      MMCME2_ADV (Prop_mmcme2_adv_CLKIN1_CLKOUT0)
                                                     -7.324    -5.253 r  SYSCLK0/inst/mmcm_adv_inst/CLKOUT0
                         net (fo=1, routed)           1.639    -3.614    SYSCLK0/inst/clk_out1_SYSCLK0
    BUFGCTRL_X0Y18       BUFG (Prop_bufg_I_O)         0.091    -3.523 r  SYSCLK0/inst/clkout1_buf/O
                         net (fo=32344, routed)       1.482    -2.041    ADC3_IF/eras_fifo/U0/inst_fifo_gen/gconvfifo.rf/grf.rf/gntv_or_sync_fifo.gcx.clkx/wr_pntr_cdc_inst/dest_clk
    SLICE_X66Y127        FDRE                                         r  ADC3_IF/eras_fifo/U0/inst_fifo_gen/gconvfifo.rf/grf.rf/gntv_or_sync_fifo.gcx.clkx/wr_pntr_cdc_inst/dest_graysync_ff_reg[0][1]/C
                         clock pessimism              0.000    -2.041    
    SLICE_X66Y127        FDRE (Setup_fdre_C_D)       -0.222    -2.263    ADC3_IF/eras_fifo/U0/inst_fifo_gen/gconvfifo.rf/grf.rf/gntv_or_sync_fifo.gcx.clkx/wr_pntr_cdc_inst/dest_graysync_ff_reg[0][1]
  -------------------------------------------------------------------
                         data arrival                           4.205    
                         clock arrival                         -2.263    
  -------------------------------------------------------------------
                         relative delay                         6.468    

Reference path:
    Location             Delay type                Incr(ns)  Path(ns)    Netlist Resource(s)
  -------------------------------------------------------------------    -------------------
                         (clock CLK_DIV_OUT_2 rise edge)
                                                      0.000     0.000 r  
    H4                                                0.000     0.000 r  ADC_DCO_P[3] (IN)
                         net (fo=0)                   0.000     0.000    ADC3_IF/adc/inst/ADC_DCO_P[0]
    H4                   IBUFDS (Prop_ibufds_I_O)     0.911     0.911 r  ADC3_IF/adc/inst/ibufds_clk_inst/O
                         net (fo=2, routed)           0.459     1.370    ADC3_IF/adc/inst/clk_in_int
    BUFR_X1Y9            BUFR (Prop_bufr_I_O)         0.919     2.289 r  ADC3_IF/adc/inst/clkout_buf_inst/O
                         net (fo=185, routed)         0.841     3.130    ADC3_IF/eras_fifo/U0/inst_fifo_gen/gconvfifo.rf/grf.rf/gntv_or_sync_fifo.gcx.clkx/wr_pntr_cdc_inst/src_clk
    SLICE_X64Y131        FDRE                                         r  ADC3_IF/eras_fifo/U0/inst_fifo_gen/gconvfifo.rf/grf.rf/gntv_or_sync_fifo.gcx.clkx/wr_pntr_cdc_inst/src_gray_ff_reg[3]/C
  -------------------------------------------------------------------    -------------------
    SLICE_X64Y131        FDRE (Prop_fdre_C_Q)         0.367     3.497 r  ADC3_IF/eras_fifo/U0/inst_fifo_gen/gconvfifo.rf/grf.rf/gntv_or_sync_fifo.gcx.clkx/wr_pntr_cdc_inst/src_gray_ff_reg[3]/Q
                         net (fo=1, routed)           0.411     3.908    ADC3_IF/eras_fifo/U0/inst_fifo_gen/gconvfifo.rf/grf.rf/gntv_or_sync_fifo.gcx.clkx/wr_pntr_cdc_inst/async_path[3]
    SLICE_X64Y130        FDRE                                         r  ADC3_IF/eras_fifo/U0/inst_fifo_gen/gconvfifo.rf/grf.rf/gntv_or_sync_fifo.gcx.clkx/wr_pntr_cdc_inst/dest_graysync_ff_reg[0][3]/D
  -------------------------------------------------------------------    -------------------

                         (clock clk_out1_SYSCLK0 rise edge)
                                                      0.000     0.000 r  
    K4                                                0.000     0.000 r  CLK75mp (IN)
                         net (fo=0)                   0.000     0.000    SYSCLK0/inst/clk_in1_p
    K4                   IBUFDS (Prop_ibufds_I_O)     0.953     0.953 r  SYSCLK0/inst/clkin1_ibufgds/O
                         net (fo=1, routed)           1.233     2.186    SYSCLK0/inst/clk_in1_SYSCLK0
    MMCME2_ADV_X1Y2      MMCME2_ADV (Prop_mmcme2_adv_CLKIN1_CLKOUT0)
                                                     -7.070    -4.885 r  SYSCLK0/inst/mmcm_adv_inst/CLKOUT0
                         net (fo=1, routed)           1.719    -3.165    SYSCLK0/inst/clk_out1_SYSCLK0
    BUFGCTRL_X0Y18       BUFG (Prop_bufg_I_O)         0.096    -3.069 r  SYSCLK0/inst/clkout1_buf/O
                         net (fo=32344, routed)       1.605    -1.464    ADC3_IF/eras_fifo/U0/inst_fifo_gen/gconvfifo.rf/grf.rf/gntv_or_sync_fifo.gcx.clkx/wr_pntr_cdc_inst/dest_clk
    SLICE_X64Y130        FDRE                                         r  ADC3_IF/eras_fifo/U0/inst_fifo_gen/gconvfifo.rf/grf.rf/gntv_or_sync_fifo.gcx.clkx/wr_pntr_cdc_inst/dest_graysync_ff_reg[0][3]/C
                         clock pessimism              0.000    -1.464    
    SLICE_X64Y130        FDRE (Hold_fdre_C_D)         0.169    -1.295    ADC3_IF/eras_fifo/U0/inst_fifo_gen/gconvfifo.rf/grf.rf/gntv_or_sync_fifo.gcx.clkx/wr_pntr_cdc_inst/dest_graysync_ff_reg[0][3]
  -------------------------------------------------------------------
                         data arrival                           3.908    
                         clock arrival                         -1.295    
  -------------------------------------------------------------------
                         relative delay                         5.204    



