#-----------------------------------------------------------
# Vivado v2019.2 (64-bit)
# SW Build 2708876 on Wed Nov  6 21:40:23 MST 2019
# IP Build 2700528 on Thu Nov  7 00:09:20 MST 2019
# Start of session at: Mon Jul 25 16:21:52 2022
# Process ID: 11228
# Current directory: C:/Users/81802/Desktop/PAPILLON_FW/PAPILLON_vADCINT0725
# Command line: vivado.exe -gui_launcher_event rodinguilauncherevent7476 C:\Users\81802\Desktop\PAPILLON_FW\PAPILLON_vADCINT0725\PAPILLON_vADCINT0725.xpr
# Log file: C:/Users/81802/Desktop/PAPILLON_FW/PAPILLON_vADCINT0725/vivado.log
# Journal file: C:/Users/81802/Desktop/PAPILLON_FW/PAPILLON_vADCINT0725\vivado.jou
#-----------------------------------------------------------
start_gui
open_project C:/Users/81802/Desktop/PAPILLON_FW/PAPILLON_vADCINT0725/PAPILLON_vADCINT0725.xpr
CRITICAL WARNING: [Project 1-19] Could not find the file 'C:/Users/81802/PAPILLON_v4/ADC_SiTCP_RAW_TB_behav.wcfg'.
Scanning sources...
Finished scanning sources
INFO: [IP_Flow 19-234] Refreshing IP repositories
INFO: [IP_Flow 19-1704] No user IP repositories specified
INFO: [IP_Flow 19-2313] Loaded Vivado IP repository 'C:/Xilinx/Vivado/2019.2/data/ip'.
open_project: Time (s): cpu = 00:00:11 ; elapsed = 00:00:06 . Memory (MB): peak = 970.105 ; gain = 301.457
update_compile_order -fileset sources_1
open_hw_manager
exit
INFO: [Common 17-206] Exiting Vivado at Mon Jul 25 16:23:36 2022...
