#-----------------------------------------------------------
# Vivado v2019.2 (64-bit)
# SW Build 2708876 on Wed Nov  6 21:40:23 MST 2019
# IP Build 2700528 on Thu Nov  7 00:09:20 MST 2019
# Start of session at: Mon Jul 25 16:28:28 2022
# Process ID: 1196
# Current directory: C:/Users/81802/Desktop/PAPILLON_FW/PAPILLON_vADCINT0725
# Command line: vivado.exe -gui_launcher_event rodinguilauncherevent2880 C:\Users\81802\Desktop\PAPILLON_FW\PAPILLON_vADCINT0725\PAPILLON_vADCINT0725.xpr
# Log file: C:/Users/81802/Desktop/PAPILLON_FW/PAPILLON_vADCINT0725/vivado.log
# Journal file: C:/Users/81802/Desktop/PAPILLON_FW/PAPILLON_vADCINT0725\vivado.jou
#-----------------------------------------------------------
start_gui
open_project C:/Users/81802/Desktop/PAPILLON_FW/PAPILLON_vADCINT0725/PAPILLON_vADCINT0725.xpr
CRITICAL WARNING: [Project 1-19] Could not find the file 'C:/Users/81802/PAPILLON_v4/ADC_SiTCP_RAW_TB_behav.wcfg'.
Scanning sources...
Finished scanning sources
INFO: [IP_Flow 19-234] Refreshing IP repositories
INFO: [IP_Flow 19-1704] No user IP repositories specified
INFO: [IP_Flow 19-2313] Loaded Vivado IP repository 'C:/Xilinx/Vivado/2019.2/data/ip'.
open_project: Time (s): cpu = 00:00:11 ; elapsed = 00:00:05 . Memory (MB): peak = 960.438 ; gain = 288.031
update_compile_order -fileset sources_1
open_run impl_1
INFO: [Device 21-403] Loading part xc7a100tfgg484-1
Netlist sorting complete. Time (s): cpu = 00:00:01 ; elapsed = 00:00:02 . Memory (MB): peak = 1511.813 ; gain = 2.344
INFO: [Netlist 29-17] Analyzing 3704 Unisim elements for replacement
INFO: [Netlist 29-28] Unisim Transformation completed in 0 CPU seconds
INFO: [Project 1-479] Netlist was created with Vivado 2019.2
INFO: [Project 1-570] Preparing netlist for logic optimization
INFO: [Timing 38-478] Restoring timing data from binary archive.
INFO: [Timing 38-479] Binary timing data restore complete.
INFO: [Project 1-856] Restoring constraints from binary archive.
INFO: [Project 1-853] Binary constraint restore complete.
Reading XDEF placement.
Reading placer database...
Reading XDEF routing.
Read XDEF File: Time (s): cpu = 00:00:02 ; elapsed = 00:00:02 . Memory (MB): peak = 2387.285 ; gain = 19.234
Restored from archive | CPU: 2.000000 secs | Memory: 0.000000 MB |
Finished XDEF File Restore: Time (s): cpu = 00:00:02 ; elapsed = 00:00:02 . Memory (MB): peak = 2387.285 ; gain = 19.234
Netlist sorting complete. Time (s): cpu = 00:00:00 ; elapsed = 00:00:00.018 . Memory (MB): peak = 2387.285 ; gain = 0.000
INFO: [Project 1-111] Unisim Transformation Summary:
  A total of 116 instances were transformed.
  IOBUF => IOBUF (IBUF, OBUFT): 3 instances
  RAM32X1S => RAM32X1S (RAMS32): 8 instances
  SRLC16E => SRL16E: 103 instances
  SRLC32E => SRL16E: 2 instances

open_run: Time (s): cpu = 00:00:30 ; elapsed = 00:00:25 . Memory (MB): peak = 2513.582 ; gain = 1011.586
open_report: Time (s): cpu = 00:00:22 ; elapsed = 00:00:16 . Memory (MB): peak = 2616.027 ; gain = 102.445
WARNING: [Timing 38-436] There are set_bus_skew constraint(s) in this design. Please run report_bus_skew to ensure that bus skew requirements are met.
close_design
exit
INFO: [Common 17-206] Exiting Vivado at Mon Jul 25 20:26:08 2022...
