#-----------------------------------------------------------
# Vivado v2019.2 (64-bit)
# SW Build 2708876 on Wed Nov  6 21:40:23 MST 2019
# IP Build 2700528 on Thu Nov  7 00:09:20 MST 2019
# Start of session at: Mon Jul 25 15:10:46 2022
# Process ID: 4256
# Current directory: C:/Users/81802/Desktop/PAPILLON_FW/PAPILLON_vADCINT0725
# Command line: vivado.exe -gui_launcher_event rodinguilauncherevent308 C:\Users\81802\Desktop\PAPILLON_FW\PAPILLON_vADCINT0725\PAPILLON_vADCINT0725.xpr
# Log file: C:/Users/81802/Desktop/PAPILLON_FW/PAPILLON_vADCINT0725/vivado.log
# Journal file: C:/Users/81802/Desktop/PAPILLON_FW/PAPILLON_vADCINT0725\vivado.jou
#-----------------------------------------------------------
start_gui
open_project C:/Users/81802/Desktop/PAPILLON_FW/PAPILLON_vADCINT0725/PAPILLON_vADCINT0725.xpr
CRITICAL WARNING: [Project 1-19] Could not find the file 'C:/Users/81802/PAPILLON_v4/ADC_SiTCP_RAW_TB_behav.wcfg'.
Scanning sources...
Finished scanning sources
INFO: [IP_Flow 19-234] Refreshing IP repositories
INFO: [IP_Flow 19-1704] No user IP repositories specified
INFO: [IP_Flow 19-2313] Loaded Vivado IP repository 'C:/Xilinx/Vivado/2019.2/data/ip'.
open_project: Time (s): cpu = 00:00:12 ; elapsed = 00:00:05 . Memory (MB): peak = 969.719 ; gain = 314.094
update_compile_order -fileset sources_1
reset_run synth_1
launch_runs synth_1 -jobs 12
[Mon Jul 25 15:22:19 2022] Launched synth_1...
Run output will be captured here: C:/Users/81802/Desktop/PAPILLON_FW/PAPILLON_vADCINT0725/PAPILLON_vADCINT0725.runs/synth_1/runme.log
launch_runs impl_1 -jobs 12
[Mon Jul 25 15:23:46 2022] Launched impl_1...
Run output will be captured here: C:/Users/81802/Desktop/PAPILLON_FW/PAPILLON_vADCINT0725/PAPILLON_vADCINT0725.runs/impl_1/runme.log
launch_runs impl_1 -to_step write_bitstream -jobs 12
[Mon Jul 25 15:38:56 2022] Launched impl_1...
Run output will be captured here: C:/Users/81802/Desktop/PAPILLON_FW/PAPILLON_vADCINT0725/PAPILLON_vADCINT0725.runs/impl_1/runme.log
open_hw_manager
connect_hw_server -allow_non_jtag
INFO: [Labtools 27-2285] Connecting to hw_server url TCP:localhost:3121
INFO: [Common 17-41] Interrupt caught. Command should exit soon.
