Vivado Simulator 2019.2
Time resolution is 1 ps
Block Memory Generator module ADC_SiTCP_RAW_TB.uut.mem_generate[0].ADC_MEM_0.inst.native_mem_module.blk_mem_gen_v8_4_4_inst is using a behavioral model for simulation which will not precisely model memory collision behavior.
Block Memory Generator module ADC_SiTCP_RAW_TB.uut.mem_generate[1].ADC_MEM_0.inst.native_mem_module.blk_mem_gen_v8_4_4_inst is using a behavioral model for simulation which will not precisely model memory collision behavior.
Block Memory Generator module ADC_SiTCP_RAW_TB.uut.mem_generate[2].ADC_MEM_0.inst.native_mem_module.blk_mem_gen_v8_4_4_inst is using a behavioral model for simulation which will not precisely model memory collision behavior.
Block Memory Generator module ADC_SiTCP_RAW_TB.uut.mem_generate[3].ADC_MEM_0.inst.native_mem_module.blk_mem_gen_v8_4_4_inst is using a behavioral model for simulation which will not precisely model memory collision behavior.
Block Memory Generator module ADC_SiTCP_RAW_TB.uut.mem_generate[4].ADC_MEM_0.inst.native_mem_module.blk_mem_gen_v8_4_4_inst is using a behavioral model for simulation which will not precisely model memory collision behavior.
Block Memory Generator module ADC_SiTCP_RAW_TB.uut.mem_generate[5].ADC_MEM_0.inst.native_mem_module.blk_mem_gen_v8_4_4_inst is using a behavioral model for simulation which will not precisely model memory collision behavior.
Block Memory Generator module ADC_SiTCP_RAW_TB.uut.mem_generate[6].ADC_MEM_0.inst.native_mem_module.blk_mem_gen_v8_4_4_inst is using a behavioral model for simulation which will not precisely model memory collision behavior.
Block Memory Generator module ADC_SiTCP_RAW_TB.uut.mem_generate[7].ADC_MEM_0.inst.native_mem_module.blk_mem_gen_v8_4_4_inst is using a behavioral model for simulation which will not precisely model memory collision behavior.
Block Memory Generator module ADC_SiTCP_RAW_TB.uut.mem_generate[8].ADC_MEM_0.inst.native_mem_module.blk_mem_gen_v8_4_4_inst is using a behavioral model for simulation which will not precisely model memory collision behavior.
Block Memory Generator module ADC_SiTCP_RAW_TB.uut.mem_generate[9].ADC_MEM_0.inst.native_mem_module.blk_mem_gen_v8_4_4_inst is using a behavioral model for simulation which will not precisely model memory collision behavior.
Block Memory Generator module ADC_SiTCP_RAW_TB.uut.mem_generate[10].ADC_MEM_0.inst.native_mem_module.blk_mem_gen_v8_4_4_inst is using a behavioral model for simulation which will not precisely model memory collision behavior.
Block Memory Generator module ADC_SiTCP_RAW_TB.uut.mem_generate[11].ADC_MEM_0.inst.native_mem_module.blk_mem_gen_v8_4_4_inst is using a behavioral model for simulation which will not precisely model memory collision behavior.
Block Memory Generator module ADC_SiTCP_RAW_TB.uut.mem_generate[12].ADC_MEM_0.inst.native_mem_module.blk_mem_gen_v8_4_4_inst is using a behavioral model for simulation which will not precisely model memory collision behavior.
Block Memory Generator module ADC_SiTCP_RAW_TB.uut.mem_generate[13].ADC_MEM_0.inst.native_mem_module.blk_mem_gen_v8_4_4_inst is using a behavioral model for simulation which will not precisely model memory collision behavior.
Block Memory Generator module ADC_SiTCP_RAW_TB.uut.mem_generate[14].ADC_MEM_0.inst.native_mem_module.blk_mem_gen_v8_4_4_inst is using a behavioral model for simulation which will not precisely model memory collision behavior.
Block Memory Generator module ADC_SiTCP_RAW_TB.uut.mem_generate[15].ADC_MEM_0.inst.native_mem_module.blk_mem_gen_v8_4_4_inst is using a behavioral model for simulation which will not precisely model memory collision behavior.
Block Memory Generator module ADC_SiTCP_RAW_TB.uut.mem_generate[16].ADC_MEM_0.inst.native_mem_module.blk_mem_gen_v8_4_4_inst is using a behavioral model for simulation which will not precisely model memory collision behavior.
Block Memory Generator module ADC_SiTCP_RAW_TB.uut.mem_generate[17].ADC_MEM_0.inst.native_mem_module.blk_mem_gen_v8_4_4_inst is using a behavioral model for simulation which will not precisely model memory collision behavior.
Block Memory Generator module ADC_SiTCP_RAW_TB.uut.mem_generate[18].ADC_MEM_0.inst.native_mem_module.blk_mem_gen_v8_4_4_inst is using a behavioral model for simulation which will not precisely model memory collision behavior.
Block Memory Generator module ADC_SiTCP_RAW_TB.uut.mem_generate[19].ADC_MEM_0.inst.native_mem_module.blk_mem_gen_v8_4_4_inst is using a behavioral model for simulation which will not precisely model memory collision behavior.
Block Memory Generator module ADC_SiTCP_RAW_TB.uut.mem_generate[20].ADC_MEM_0.inst.native_mem_module.blk_mem_gen_v8_4_4_inst is using a behavioral model for simulation which will not precisely model memory collision behavior.
Block Memory Generator module ADC_SiTCP_RAW_TB.uut.mem_generate[21].ADC_MEM_0.inst.native_mem_module.blk_mem_gen_v8_4_4_inst is using a behavioral model for simulation which will not precisely model memory collision behavior.
Block Memory Generator module ADC_SiTCP_RAW_TB.uut.mem_generate[22].ADC_MEM_0.inst.native_mem_module.blk_mem_gen_v8_4_4_inst is using a behavioral model for simulation which will not precisely model memory collision behavior.
Block Memory Generator module ADC_SiTCP_RAW_TB.uut.mem_generate[23].ADC_MEM_0.inst.native_mem_module.blk_mem_gen_v8_4_4_inst is using a behavioral model for simulation which will not precisely model memory collision behavior.
Block Memory Generator module ADC_SiTCP_RAW_TB.uut.mem_generate[24].ADC_MEM_0.inst.native_mem_module.blk_mem_gen_v8_4_4_inst is using a behavioral model for simulation which will not precisely model memory collision behavior.
Block Memory Generator module ADC_SiTCP_RAW_TB.uut.mem_generate[25].ADC_MEM_0.inst.native_mem_module.blk_mem_gen_v8_4_4_inst is using a behavioral model for simulation which will not precisely model memory collision behavior.
Block Memory Generator module ADC_SiTCP_RAW_TB.uut.mem_generate[26].ADC_MEM_0.inst.native_mem_module.blk_mem_gen_v8_4_4_inst is using a behavioral model for simulation which will not precisely model memory collision behavior.
Block Memory Generator module ADC_SiTCP_RAW_TB.uut.mem_generate[27].ADC_MEM_0.inst.native_mem_module.blk_mem_gen_v8_4_4_inst is using a behavioral model for simulation which will not precisely model memory collision behavior.
Block Memory Generator module ADC_SiTCP_RAW_TB.uut.mem_generate[28].ADC_MEM_0.inst.native_mem_module.blk_mem_gen_v8_4_4_inst is using a behavioral model for simulation which will not precisely model memory collision behavior.
Block Memory Generator module ADC_SiTCP_RAW_TB.uut.mem_generate[29].ADC_MEM_0.inst.native_mem_module.blk_mem_gen_v8_4_4_inst is using a behavioral model for simulation which will not precisely model memory collision behavior.
Block Memory Generator module ADC_SiTCP_RAW_TB.uut.mem_generate[30].ADC_MEM_0.inst.native_mem_module.blk_mem_gen_v8_4_4_inst is using a behavioral model for simulation which will not precisely model memory collision behavior.
Block Memory Generator module ADC_SiTCP_RAW_TB.uut.mem_generate[31].ADC_MEM_0.inst.native_mem_module.blk_mem_gen_v8_4_4_inst is using a behavioral model for simulation which will not precisely model memory collision behavior.
Block Memory Generator module ADC_SiTCP_RAW_TB.uut.mem_generate[32].ADC_MEM_0.inst.native_mem_module.blk_mem_gen_v8_4_4_inst is using a behavioral model for simulation which will not precisely model memory collision behavior.
Block Memory Generator module ADC_SiTCP_RAW_TB.uut.mem_generate[33].ADC_MEM_0.inst.native_mem_module.blk_mem_gen_v8_4_4_inst is using a behavioral model for simulation which will not precisely model memory collision behavior.
Block Memory Generator module ADC_SiTCP_RAW_TB.uut.mem_generate[34].ADC_MEM_0.inst.native_mem_module.blk_mem_gen_v8_4_4_inst is using a behavioral model for simulation which will not precisely model memory collision behavior.
Block Memory Generator module ADC_SiTCP_RAW_TB.uut.mem_generate[35].ADC_MEM_0.inst.native_mem_module.blk_mem_gen_v8_4_4_inst is using a behavioral model for simulation which will not precisely model memory collision behavior.
blk_mem_gen_v8_4_4 collision detected at time: 115625, Instance: ADC_SiTCP_RAW_TB.uut.mem_generate[0].ADC_MEM_0.inst.native_mem_module.blk_mem_gen_v8_4_4_inst, A write address: 0, B  read address: 0
blk_mem_gen_v8_4_4 collision detected at time: 115625, Instance: ADC_SiTCP_RAW_TB.uut.mem_generate[1].ADC_MEM_0.inst.native_mem_module.blk_mem_gen_v8_4_4_inst, A write address: 0, B  read address: 0
blk_mem_gen_v8_4_4 collision detected at time: 115625, Instance: ADC_SiTCP_RAW_TB.uut.mem_generate[2].ADC_MEM_0.inst.native_mem_module.blk_mem_gen_v8_4_4_inst, A write address: 0, B  read address: 0
blk_mem_gen_v8_4_4 collision detected at time: 115625, Instance: ADC_SiTCP_RAW_TB.uut.mem_generate[3].ADC_MEM_0.inst.native_mem_module.blk_mem_gen_v8_4_4_inst, A write address: 0, B  read address: 0
blk_mem_gen_v8_4_4 collision detected at time: 115625, Instance: ADC_SiTCP_RAW_TB.uut.mem_generate[4].ADC_MEM_0.inst.native_mem_module.blk_mem_gen_v8_4_4_inst, A write address: 0, B  read address: 0
blk_mem_gen_v8_4_4 collision detected at time: 115625, Instance: ADC_SiTCP_RAW_TB.uut.mem_generate[5].ADC_MEM_0.inst.native_mem_module.blk_mem_gen_v8_4_4_inst, A write address: 0, B  read address: 0
blk_mem_gen_v8_4_4 collision detected at time: 115625, Instance: ADC_SiTCP_RAW_TB.uut.mem_generate[6].ADC_MEM_0.inst.native_mem_module.blk_mem_gen_v8_4_4_inst, A write address: 0, B  read address: 0
blk_mem_gen_v8_4_4 collision detected at time: 115625, Instance: ADC_SiTCP_RAW_TB.uut.mem_generate[7].ADC_MEM_0.inst.native_mem_module.blk_mem_gen_v8_4_4_inst, A write address: 0, B  read address: 0
blk_mem_gen_v8_4_4 collision detected at time: 115625, Instance: ADC_SiTCP_RAW_TB.uut.mem_generate[8].ADC_MEM_0.inst.native_mem_module.blk_mem_gen_v8_4_4_inst, A write address: 0, B  read address: 0
blk_mem_gen_v8_4_4 collision detected at time: 115625, Instance: ADC_SiTCP_RAW_TB.uut.mem_generate[9].ADC_MEM_0.inst.native_mem_module.blk_mem_gen_v8_4_4_inst, A write address: 0, B  read address: 0
blk_mem_gen_v8_4_4 collision detected at time: 115625, Instance: ADC_SiTCP_RAW_TB.uut.mem_generate[10].ADC_MEM_0.inst.native_mem_module.blk_mem_gen_v8_4_4_inst, A write address: 0, B  read address: 0
blk_mem_gen_v8_4_4 collision detected at time: 115625, Instance: ADC_SiTCP_RAW_TB.uut.mem_generate[11].ADC_MEM_0.inst.native_mem_module.blk_mem_gen_v8_4_4_inst, A write address: 0, B  read address: 0
blk_mem_gen_v8_4_4 collision detected at time: 115625, Instance: ADC_SiTCP_RAW_TB.uut.mem_generate[12].ADC_MEM_0.inst.native_mem_module.blk_mem_gen_v8_4_4_inst, A write address: 0, B  read address: 0
blk_mem_gen_v8_4_4 collision detected at time: 115625, Instance: ADC_SiTCP_RAW_TB.uut.mem_generate[13].ADC_MEM_0.inst.native_mem_module.blk_mem_gen_v8_4_4_inst, A write address: 0, B  read address: 0
blk_mem_gen_v8_4_4 collision detected at time: 115625, Instance: ADC_SiTCP_RAW_TB.uut.mem_generate[14].ADC_MEM_0.inst.native_mem_module.blk_mem_gen_v8_4_4_inst, A write address: 0, B  read address: 0
blk_mem_gen_v8_4_4 collision detected at time: 115625, Instance: ADC_SiTCP_RAW_TB.uut.mem_generate[15].ADC_MEM_0.inst.native_mem_module.blk_mem_gen_v8_4_4_inst, A write address: 0, B  read address: 0
blk_mem_gen_v8_4_4 collision detected at time: 115625, Instance: ADC_SiTCP_RAW_TB.uut.mem_generate[16].ADC_MEM_0.inst.native_mem_module.blk_mem_gen_v8_4_4_inst, A write address: 0, B  read address: 0
blk_mem_gen_v8_4_4 collision detected at time: 115625, Instance: ADC_SiTCP_RAW_TB.uut.mem_generate[17].ADC_MEM_0.inst.native_mem_module.blk_mem_gen_v8_4_4_inst, A write address: 0, B  read address: 0
blk_mem_gen_v8_4_4 collision detected at time: 115625, Instance: ADC_SiTCP_RAW_TB.uut.mem_generate[18].ADC_MEM_0.inst.native_mem_module.blk_mem_gen_v8_4_4_inst, A write address: 0, B  read address: 0
blk_mem_gen_v8_4_4 collision detected at time: 115625, Instance: ADC_SiTCP_RAW_TB.uut.mem_generate[19].ADC_MEM_0.inst.native_mem_module.blk_mem_gen_v8_4_4_inst, A write address: 0, B  read address: 0
blk_mem_gen_v8_4_4 collision detected at time: 115625, Instance: ADC_SiTCP_RAW_TB.uut.mem_generate[20].ADC_MEM_0.inst.native_mem_module.blk_mem_gen_v8_4_4_inst, A write address: 0, B  read address: 0
blk_mem_gen_v8_4_4 collision detected at time: 115625, Instance: ADC_SiTCP_RAW_TB.uut.mem_generate[21].ADC_MEM_0.inst.native_mem_module.blk_mem_gen_v8_4_4_inst, A write address: 0, B  read address: 0
blk_mem_gen_v8_4_4 collision detected at time: 115625, Instance: ADC_SiTCP_RAW_TB.uut.mem_generate[22].ADC_MEM_0.inst.native_mem_module.blk_mem_gen_v8_4_4_inst, A write address: 0, B  read address: 0
blk_mem_gen_v8_4_4 collision detected at time: 115625, Instance: ADC_SiTCP_RAW_TB.uut.mem_generate[23].ADC_MEM_0.inst.native_mem_module.blk_mem_gen_v8_4_4_inst, A write address: 0, B  read address: 0
blk_mem_gen_v8_4_4 collision detected at time: 115625, Instance: ADC_SiTCP_RAW_TB.uut.mem_generate[24].ADC_MEM_0.inst.native_mem_module.blk_mem_gen_v8_4_4_inst, A write address: 0, B  read address: 0
blk_mem_gen_v8_4_4 collision detected at time: 115625, Instance: ADC_SiTCP_RAW_TB.uut.mem_generate[25].ADC_MEM_0.inst.native_mem_module.blk_mem_gen_v8_4_4_inst, A write address: 0, B  read address: 0
blk_mem_gen_v8_4_4 collision detected at time: 115625, Instance: ADC_SiTCP_RAW_TB.uut.mem_generate[26].ADC_MEM_0.inst.native_mem_module.blk_mem_gen_v8_4_4_inst, A write address: 0, B  read address: 0
blk_mem_gen_v8_4_4 collision detected at time: 115625, Instance: ADC_SiTCP_RAW_TB.uut.mem_generate[27].ADC_MEM_0.inst.native_mem_module.blk_mem_gen_v8_4_4_inst, A write address: 0, B  read address: 0
blk_mem_gen_v8_4_4 collision detected at time: 115625, Instance: ADC_SiTCP_RAW_TB.uut.mem_generate[28].ADC_MEM_0.inst.native_mem_module.blk_mem_gen_v8_4_4_inst, A write address: 0, B  read address: 0
blk_mem_gen_v8_4_4 collision detected at time: 115625, Instance: ADC_SiTCP_RAW_TB.uut.mem_generate[29].ADC_MEM_0.inst.native_mem_module.blk_mem_gen_v8_4_4_inst, A write address: 0, B  read address: 0
blk_mem_gen_v8_4_4 collision detected at time: 115625, Instance: ADC_SiTCP_RAW_TB.uut.mem_generate[30].ADC_MEM_0.inst.native_mem_module.blk_mem_gen_v8_4_4_inst, A write address: 0, B  read address: 0
blk_mem_gen_v8_4_4 collision detected at time: 115625, Instance: ADC_SiTCP_RAW_TB.uut.mem_generate[31].ADC_MEM_0.inst.native_mem_module.blk_mem_gen_v8_4_4_inst, A write address: 0, B  read address: 0
blk_mem_gen_v8_4_4 collision detected at time: 115625, Instance: ADC_SiTCP_RAW_TB.uut.mem_generate[32].ADC_MEM_0.inst.native_mem_module.blk_mem_gen_v8_4_4_inst, A write address: 0, B  read address: 0
blk_mem_gen_v8_4_4 collision detected at time: 115625, Instance: ADC_SiTCP_RAW_TB.uut.mem_generate[33].ADC_MEM_0.inst.native_mem_module.blk_mem_gen_v8_4_4_inst, A write address: 0, B  read address: 0
blk_mem_gen_v8_4_4 collision detected at time: 115625, Instance: ADC_SiTCP_RAW_TB.uut.mem_generate[34].ADC_MEM_0.inst.native_mem_module.blk_mem_gen_v8_4_4_inst, A write address: 0, B  read address: 0
blk_mem_gen_v8_4_4 collision detected at time: 115625, Instance: ADC_SiTCP_RAW_TB.uut.mem_generate[35].ADC_MEM_0.inst.native_mem_module.blk_mem_gen_v8_4_4_inst, A write address: 0, B  read address: 0
blk_mem_gen_v8_4_4 collision detected at time: 51315625, Instance: ADC_SiTCP_RAW_TB.uut.mem_generate[0].ADC_MEM_0.inst.native_mem_module.blk_mem_gen_v8_4_4_inst, A write address: 0, B  read address: 0
blk_mem_gen_v8_4_4 collision detected at time: 51315625, Instance: ADC_SiTCP_RAW_TB.uut.mem_generate[1].ADC_MEM_0.inst.native_mem_module.blk_mem_gen_v8_4_4_inst, A write address: 0, B  read address: 0
blk_mem_gen_v8_4_4 collision detected at time: 51315625, Instance: ADC_SiTCP_RAW_TB.uut.mem_generate[2].ADC_MEM_0.inst.native_mem_module.blk_mem_gen_v8_4_4_inst, A write address: 0, B  read address: 0
blk_mem_gen_v8_4_4 collision detected at time: 51315625, Instance: ADC_SiTCP_RAW_TB.uut.mem_generate[3].ADC_MEM_0.inst.native_mem_module.blk_mem_gen_v8_4_4_inst, A write address: 0, B  read address: 0
blk_mem_gen_v8_4_4 collision detected at time: 51315625, Instance: ADC_SiTCP_RAW_TB.uut.mem_generate[4].ADC_MEM_0.inst.native_mem_module.blk_mem_gen_v8_4_4_inst, A write address: 0, B  read address: 0
blk_mem_gen_v8_4_4 collision detected at time: 51315625, Instance: ADC_SiTCP_RAW_TB.uut.mem_generate[5].ADC_MEM_0.inst.native_mem_module.blk_mem_gen_v8_4_4_inst, A write address: 0, B  read address: 0
blk_mem_gen_v8_4_4 collision detected at time: 51315625, Instance: ADC_SiTCP_RAW_TB.uut.mem_generate[6].ADC_MEM_0.inst.native_mem_module.blk_mem_gen_v8_4_4_inst, A write address: 0, B  read address: 0
blk_mem_gen_v8_4_4 collision detected at time: 51315625, Instance: ADC_SiTCP_RAW_TB.uut.mem_generate[7].ADC_MEM_0.inst.native_mem_module.blk_mem_gen_v8_4_4_inst, A write address: 0, B  read address: 0
blk_mem_gen_v8_4_4 collision detected at time: 51315625, Instance: ADC_SiTCP_RAW_TB.uut.mem_generate[8].ADC_MEM_0.inst.native_mem_module.blk_mem_gen_v8_4_4_inst, A write address: 0, B  read address: 0
blk_mem_gen_v8_4_4 collision detected at time: 51315625, Instance: ADC_SiTCP_RAW_TB.uut.mem_generate[9].ADC_MEM_0.inst.native_mem_module.blk_mem_gen_v8_4_4_inst, A write address: 0, B  read address: 0
blk_mem_gen_v8_4_4 collision detected at time: 51315625, Instance: ADC_SiTCP_RAW_TB.uut.mem_generate[10].ADC_MEM_0.inst.native_mem_module.blk_mem_gen_v8_4_4_inst, A write address: 0, B  read address: 0
blk_mem_gen_v8_4_4 collision detected at time: 51315625, Instance: ADC_SiTCP_RAW_TB.uut.mem_generate[11].ADC_MEM_0.inst.native_mem_module.blk_mem_gen_v8_4_4_inst, A write address: 0, B  read address: 0
blk_mem_gen_v8_4_4 collision detected at time: 51315625, Instance: ADC_SiTCP_RAW_TB.uut.mem_generate[12].ADC_MEM_0.inst.native_mem_module.blk_mem_gen_v8_4_4_inst, A write address: 0, B  read address: 0
blk_mem_gen_v8_4_4 collision detected at time: 51315625, Instance: ADC_SiTCP_RAW_TB.uut.mem_generate[13].ADC_MEM_0.inst.native_mem_module.blk_mem_gen_v8_4_4_inst, A write address: 0, B  read address: 0
blk_mem_gen_v8_4_4 collision detected at time: 51315625, Instance: ADC_SiTCP_RAW_TB.uut.mem_generate[14].ADC_MEM_0.inst.native_mem_module.blk_mem_gen_v8_4_4_inst, A write address: 0, B  read address: 0
blk_mem_gen_v8_4_4 collision detected at time: 51315625, Instance: ADC_SiTCP_RAW_TB.uut.mem_generate[15].ADC_MEM_0.inst.native_mem_module.blk_mem_gen_v8_4_4_inst, A write address: 0, B  read address: 0
blk_mem_gen_v8_4_4 collision detected at time: 51315625, Instance: ADC_SiTCP_RAW_TB.uut.mem_generate[16].ADC_MEM_0.inst.native_mem_module.blk_mem_gen_v8_4_4_inst, A write address: 0, B  read address: 0
blk_mem_gen_v8_4_4 collision detected at time: 51315625, Instance: ADC_SiTCP_RAW_TB.uut.mem_generate[17].ADC_MEM_0.inst.native_mem_module.blk_mem_gen_v8_4_4_inst, A write address: 0, B  read address: 0
blk_mem_gen_v8_4_4 collision detected at time: 51315625, Instance: ADC_SiTCP_RAW_TB.uut.mem_generate[18].ADC_MEM_0.inst.native_mem_module.blk_mem_gen_v8_4_4_inst, A write address: 0, B  read address: 0
blk_mem_gen_v8_4_4 collision detected at time: 51315625, Instance: ADC_SiTCP_RAW_TB.uut.mem_generate[19].ADC_MEM_0.inst.native_mem_module.blk_mem_gen_v8_4_4_inst, A write address: 0, B  read address: 0
blk_mem_gen_v8_4_4 collision detected at time: 51315625, Instance: ADC_SiTCP_RAW_TB.uut.mem_generate[20].ADC_MEM_0.inst.native_mem_module.blk_mem_gen_v8_4_4_inst, A write address: 0, B  read address: 0
blk_mem_gen_v8_4_4 collision detected at time: 51315625, Instance: ADC_SiTCP_RAW_TB.uut.mem_generate[21].ADC_MEM_0.inst.native_mem_module.blk_mem_gen_v8_4_4_inst, A write address: 0, B  read address: 0
blk_mem_gen_v8_4_4 collision detected at time: 51315625, Instance: ADC_SiTCP_RAW_TB.uut.mem_generate[22].ADC_MEM_0.inst.native_mem_module.blk_mem_gen_v8_4_4_inst, A write address: 0, B  read address: 0
blk_mem_gen_v8_4_4 collision detected at time: 51315625, Instance: ADC_SiTCP_RAW_TB.uut.mem_generate[23].ADC_MEM_0.inst.native_mem_module.blk_mem_gen_v8_4_4_inst, A write address: 0, B  read address: 0
blk_mem_gen_v8_4_4 collision detected at time: 51315625, Instance: ADC_SiTCP_RAW_TB.uut.mem_generate[24].ADC_MEM_0.inst.native_mem_module.blk_mem_gen_v8_4_4_inst, A write address: 0, B  read address: 0
blk_mem_gen_v8_4_4 collision detected at time: 51315625, Instance: ADC_SiTCP_RAW_TB.uut.mem_generate[25].ADC_MEM_0.inst.native_mem_module.blk_mem_gen_v8_4_4_inst, A write address: 0, B  read address: 0
blk_mem_gen_v8_4_4 collision detected at time: 51315625, Instance: ADC_SiTCP_RAW_TB.uut.mem_generate[26].ADC_MEM_0.inst.native_mem_module.blk_mem_gen_v8_4_4_inst, A write address: 0, B  read address: 0
blk_mem_gen_v8_4_4 collision detected at time: 51315625, Instance: ADC_SiTCP_RAW_TB.uut.mem_generate[27].ADC_MEM_0.inst.native_mem_module.blk_mem_gen_v8_4_4_inst, A write address: 0, B  read address: 0
blk_mem_gen_v8_4_4 collision detected at time: 51315625, Instance: ADC_SiTCP_RAW_TB.uut.mem_generate[28].ADC_MEM_0.inst.native_mem_module.blk_mem_gen_v8_4_4_inst, A write address: 0, B  read address: 0
blk_mem_gen_v8_4_4 collision detected at time: 51315625, Instance: ADC_SiTCP_RAW_TB.uut.mem_generate[29].ADC_MEM_0.inst.native_mem_module.blk_mem_gen_v8_4_4_inst, A write address: 0, B  read address: 0
blk_mem_gen_v8_4_4 collision detected at time: 51315625, Instance: ADC_SiTCP_RAW_TB.uut.mem_generate[30].ADC_MEM_0.inst.native_mem_module.blk_mem_gen_v8_4_4_inst, A write address: 0, B  read address: 0
blk_mem_gen_v8_4_4 collision detected at time: 51315625, Instance: ADC_SiTCP_RAW_TB.uut.mem_generate[31].ADC_MEM_0.inst.native_mem_module.blk_mem_gen_v8_4_4_inst, A write address: 0, B  read address: 0
blk_mem_gen_v8_4_4 collision detected at time: 51315625, Instance: ADC_SiTCP_RAW_TB.uut.mem_generate[32].ADC_MEM_0.inst.native_mem_module.blk_mem_gen_v8_4_4_inst, A write address: 0, B  read address: 0
blk_mem_gen_v8_4_4 collision detected at time: 51315625, Instance: ADC_SiTCP_RAW_TB.uut.mem_generate[33].ADC_MEM_0.inst.native_mem_module.blk_mem_gen_v8_4_4_inst, A write address: 0, B  read address: 0
blk_mem_gen_v8_4_4 collision detected at time: 51315625, Instance: ADC_SiTCP_RAW_TB.uut.mem_generate[34].ADC_MEM_0.inst.native_mem_module.blk_mem_gen_v8_4_4_inst, A write address: 0, B  read address: 0
blk_mem_gen_v8_4_4 collision detected at time: 51315625, Instance: ADC_SiTCP_RAW_TB.uut.mem_generate[35].ADC_MEM_0.inst.native_mem_module.blk_mem_gen_v8_4_4_inst, A write address: 0, B  read address: 0
blk_mem_gen_v8_4_4 collision detected at time: 102515625, Instance: ADC_SiTCP_RAW_TB.uut.mem_generate[0].ADC_MEM_0.inst.native_mem_module.blk_mem_gen_v8_4_4_inst, A write address: 0, B  read address: 0
blk_mem_gen_v8_4_4 collision detected at time: 102515625, Instance: ADC_SiTCP_RAW_TB.uut.mem_generate[1].ADC_MEM_0.inst.native_mem_module.blk_mem_gen_v8_4_4_inst, A write address: 0, B  read address: 0
blk_mem_gen_v8_4_4 collision detected at time: 102515625, Instance: ADC_SiTCP_RAW_TB.uut.mem_generate[2].ADC_MEM_0.inst.native_mem_module.blk_mem_gen_v8_4_4_inst, A write address: 0, B  read address: 0
blk_mem_gen_v8_4_4 collision detected at time: 102515625, Instance: ADC_SiTCP_RAW_TB.uut.mem_generate[3].ADC_MEM_0.inst.native_mem_module.blk_mem_gen_v8_4_4_inst, A write address: 0, B  read address: 0
blk_mem_gen_v8_4_4 collision detected at time: 102515625, Instance: ADC_SiTCP_RAW_TB.uut.mem_generate[4].ADC_MEM_0.inst.native_mem_module.blk_mem_gen_v8_4_4_inst, A write address: 0, B  read address: 0
blk_mem_gen_v8_4_4 collision detected at time: 102515625, Instance: ADC_SiTCP_RAW_TB.uut.mem_generate[5].ADC_MEM_0.inst.native_mem_module.blk_mem_gen_v8_4_4_inst, A write address: 0, B  read address: 0
blk_mem_gen_v8_4_4 collision detected at time: 102515625, Instance: ADC_SiTCP_RAW_TB.uut.mem_generate[6].ADC_MEM_0.inst.native_mem_module.blk_mem_gen_v8_4_4_inst, A write address: 0, B  read address: 0
blk_mem_gen_v8_4_4 collision detected at time: 102515625, Instance: ADC_SiTCP_RAW_TB.uut.mem_generate[7].ADC_MEM_0.inst.native_mem_module.blk_mem_gen_v8_4_4_inst, A write address: 0, B  read address: 0
blk_mem_gen_v8_4_4 collision detected at time: 102515625, Instance: ADC_SiTCP_RAW_TB.uut.mem_generate[8].ADC_MEM_0.inst.native_mem_module.blk_mem_gen_v8_4_4_inst, A write address: 0, B  read address: 0
blk_mem_gen_v8_4_4 collision detected at time: 102515625, Instance: ADC_SiTCP_RAW_TB.uut.mem_generate[9].ADC_MEM_0.inst.native_mem_module.blk_mem_gen_v8_4_4_inst, A write address: 0, B  read address: 0
blk_mem_gen_v8_4_4 collision detected at time: 102515625, Instance: ADC_SiTCP_RAW_TB.uut.mem_generate[10].ADC_MEM_0.inst.native_mem_module.blk_mem_gen_v8_4_4_inst, A write address: 0, B  read address: 0
blk_mem_gen_v8_4_4 collision detected at time: 102515625, Instance: ADC_SiTCP_RAW_TB.uut.mem_generate[11].ADC_MEM_0.inst.native_mem_module.blk_mem_gen_v8_4_4_inst, A write address: 0, B  read address: 0
blk_mem_gen_v8_4_4 collision detected at time: 102515625, Instance: ADC_SiTCP_RAW_TB.uut.mem_generate[12].ADC_MEM_0.inst.native_mem_module.blk_mem_gen_v8_4_4_inst, A write address: 0, B  read address: 0
blk_mem_gen_v8_4_4 collision detected at time: 102515625, Instance: ADC_SiTCP_RAW_TB.uut.mem_generate[13].ADC_MEM_0.inst.native_mem_module.blk_mem_gen_v8_4_4_inst, A write address: 0, B  read address: 0
blk_mem_gen_v8_4_4 collision detected at time: 102515625, Instance: ADC_SiTCP_RAW_TB.uut.mem_generate[14].ADC_MEM_0.inst.native_mem_module.blk_mem_gen_v8_4_4_inst, A write address: 0, B  read address: 0
blk_mem_gen_v8_4_4 collision detected at time: 102515625, Instance: ADC_SiTCP_RAW_TB.uut.mem_generate[15].ADC_MEM_0.inst.native_mem_module.blk_mem_gen_v8_4_4_inst, A write address: 0, B  read address: 0
blk_mem_gen_v8_4_4 collision detected at time: 102515625, Instance: ADC_SiTCP_RAW_TB.uut.mem_generate[16].ADC_MEM_0.inst.native_mem_module.blk_mem_gen_v8_4_4_inst, A write address: 0, B  read address: 0
blk_mem_gen_v8_4_4 collision detected at time: 102515625, Instance: ADC_SiTCP_RAW_TB.uut.mem_generate[17].ADC_MEM_0.inst.native_mem_module.blk_mem_gen_v8_4_4_inst, A write address: 0, B  read address: 0
blk_mem_gen_v8_4_4 collision detected at time: 102515625, Instance: ADC_SiTCP_RAW_TB.uut.mem_generate[18].ADC_MEM_0.inst.native_mem_module.blk_mem_gen_v8_4_4_inst, A write address: 0, B  read address: 0
blk_mem_gen_v8_4_4 collision detected at time: 102515625, Instance: ADC_SiTCP_RAW_TB.uut.mem_generate[19].ADC_MEM_0.inst.native_mem_module.blk_mem_gen_v8_4_4_inst, A write address: 0, B  read address: 0
blk_mem_gen_v8_4_4 collision detected at time: 102515625, Instance: ADC_SiTCP_RAW_TB.uut.mem_generate[20].ADC_MEM_0.inst.native_mem_module.blk_mem_gen_v8_4_4_inst, A write address: 0, B  read address: 0
blk_mem_gen_v8_4_4 collision detected at time: 102515625, Instance: ADC_SiTCP_RAW_TB.uut.mem_generate[21].ADC_MEM_0.inst.native_mem_module.blk_mem_gen_v8_4_4_inst, A write address: 0, B  read address: 0
blk_mem_gen_v8_4_4 collision detected at time: 102515625, Instance: ADC_SiTCP_RAW_TB.uut.mem_generate[22].ADC_MEM_0.inst.native_mem_module.blk_mem_gen_v8_4_4_inst, A write address: 0, B  read address: 0
blk_mem_gen_v8_4_4 collision detected at time: 102515625, Instance: ADC_SiTCP_RAW_TB.uut.mem_generate[23].ADC_MEM_0.inst.native_mem_module.blk_mem_gen_v8_4_4_inst, A write address: 0, B  read address: 0
blk_mem_gen_v8_4_4 collision detected at time: 102515625, Instance: ADC_SiTCP_RAW_TB.uut.mem_generate[24].ADC_MEM_0.inst.native_mem_module.blk_mem_gen_v8_4_4_inst, A write address: 0, B  read address: 0
blk_mem_gen_v8_4_4 collision detected at time: 102515625, Instance: ADC_SiTCP_RAW_TB.uut.mem_generate[25].ADC_MEM_0.inst.native_mem_module.blk_mem_gen_v8_4_4_inst, A write address: 0, B  read address: 0
blk_mem_gen_v8_4_4 collision detected at time: 102515625, Instance: ADC_SiTCP_RAW_TB.uut.mem_generate[26].ADC_MEM_0.inst.native_mem_module.blk_mem_gen_v8_4_4_inst, A write address: 0, B  read address: 0
blk_mem_gen_v8_4_4 collision detected at time: 102515625, Instance: ADC_SiTCP_RAW_TB.uut.mem_generate[27].ADC_MEM_0.inst.native_mem_module.blk_mem_gen_v8_4_4_inst, A write address: 0, B  read address: 0
blk_mem_gen_v8_4_4 collision detected at time: 102515625, Instance: ADC_SiTCP_RAW_TB.uut.mem_generate[28].ADC_MEM_0.inst.native_mem_module.blk_mem_gen_v8_4_4_inst, A write address: 0, B  read address: 0
blk_mem_gen_v8_4_4 collision detected at time: 102515625, Instance: ADC_SiTCP_RAW_TB.uut.mem_generate[29].ADC_MEM_0.inst.native_mem_module.blk_mem_gen_v8_4_4_inst, A write address: 0, B  read address: 0
blk_mem_gen_v8_4_4 collision detected at time: 102515625, Instance: ADC_SiTCP_RAW_TB.uut.mem_generate[30].ADC_MEM_0.inst.native_mem_module.blk_mem_gen_v8_4_4_inst, A write address: 0, B  read address: 0
blk_mem_gen_v8_4_4 collision detected at time: 102515625, Instance: ADC_SiTCP_RAW_TB.uut.mem_generate[31].ADC_MEM_0.inst.native_mem_module.blk_mem_gen_v8_4_4_inst, A write address: 0, B  read address: 0
blk_mem_gen_v8_4_4 collision detected at time: 102515625, Instance: ADC_SiTCP_RAW_TB.uut.mem_generate[32].ADC_MEM_0.inst.native_mem_module.blk_mem_gen_v8_4_4_inst, A write address: 0, B  read address: 0
blk_mem_gen_v8_4_4 collision detected at time: 102515625, Instance: ADC_SiTCP_RAW_TB.uut.mem_generate[33].ADC_MEM_0.inst.native_mem_module.blk_mem_gen_v8_4_4_inst, A write address: 0, B  read address: 0
blk_mem_gen_v8_4_4 collision detected at time: 102515625, Instance: ADC_SiTCP_RAW_TB.uut.mem_generate[34].ADC_MEM_0.inst.native_mem_module.blk_mem_gen_v8_4_4_inst, A write address: 0, B  read address: 0
blk_mem_gen_v8_4_4 collision detected at time: 102515625, Instance: ADC_SiTCP_RAW_TB.uut.mem_generate[35].ADC_MEM_0.inst.native_mem_module.blk_mem_gen_v8_4_4_inst, A write address: 0, B  read address: 0
blk_mem_gen_v8_4_4 collision detected at time: 153715625, Instance: ADC_SiTCP_RAW_TB.uut.mem_generate[0].ADC_MEM_0.inst.native_mem_module.blk_mem_gen_v8_4_4_inst, A write address: 0, B  read address: 0
blk_mem_gen_v8_4_4 collision detected at time: 153715625, Instance: ADC_SiTCP_RAW_TB.uut.mem_generate[1].ADC_MEM_0.inst.native_mem_module.blk_mem_gen_v8_4_4_inst, A write address: 0, B  read address: 0
blk_mem_gen_v8_4_4 collision detected at time: 153715625, Instance: ADC_SiTCP_RAW_TB.uut.mem_generate[2].ADC_MEM_0.inst.native_mem_module.blk_mem_gen_v8_4_4_inst, A write address: 0, B  read address: 0
blk_mem_gen_v8_4_4 collision detected at time: 153715625, Instance: ADC_SiTCP_RAW_TB.uut.mem_generate[3].ADC_MEM_0.inst.native_mem_module.blk_mem_gen_v8_4_4_inst, A write address: 0, B  read address: 0
blk_mem_gen_v8_4_4 collision detected at time: 153715625, Instance: ADC_SiTCP_RAW_TB.uut.mem_generate[4].ADC_MEM_0.inst.native_mem_module.blk_mem_gen_v8_4_4_inst, A write address: 0, B  read address: 0
blk_mem_gen_v8_4_4 collision detected at time: 153715625, Instance: ADC_SiTCP_RAW_TB.uut.mem_generate[5].ADC_MEM_0.inst.native_mem_module.blk_mem_gen_v8_4_4_inst, A write address: 0, B  read address: 0
blk_mem_gen_v8_4_4 collision detected at time: 153715625, Instance: ADC_SiTCP_RAW_TB.uut.mem_generate[6].ADC_MEM_0.inst.native_mem_module.blk_mem_gen_v8_4_4_inst, A write address: 0, B  read address: 0
blk_mem_gen_v8_4_4 collision detected at time: 153715625, Instance: ADC_SiTCP_RAW_TB.uut.mem_generate[7].ADC_MEM_0.inst.native_mem_module.blk_mem_gen_v8_4_4_inst, A write address: 0, B  read address: 0
blk_mem_gen_v8_4_4 collision detected at time: 153715625, Instance: ADC_SiTCP_RAW_TB.uut.mem_generate[8].ADC_MEM_0.inst.native_mem_module.blk_mem_gen_v8_4_4_inst, A write address: 0, B  read address: 0
blk_mem_gen_v8_4_4 collision detected at time: 153715625, Instance: ADC_SiTCP_RAW_TB.uut.mem_generate[9].ADC_MEM_0.inst.native_mem_module.blk_mem_gen_v8_4_4_inst, A write address: 0, B  read address: 0
blk_mem_gen_v8_4_4 collision detected at time: 153715625, Instance: ADC_SiTCP_RAW_TB.uut.mem_generate[10].ADC_MEM_0.inst.native_mem_module.blk_mem_gen_v8_4_4_inst, A write address: 0, B  read address: 0
blk_mem_gen_v8_4_4 collision detected at time: 153715625, Instance: ADC_SiTCP_RAW_TB.uut.mem_generate[11].ADC_MEM_0.inst.native_mem_module.blk_mem_gen_v8_4_4_inst, A write address: 0, B  read address: 0
blk_mem_gen_v8_4_4 collision detected at time: 153715625, Instance: ADC_SiTCP_RAW_TB.uut.mem_generate[12].ADC_MEM_0.inst.native_mem_module.blk_mem_gen_v8_4_4_inst, A write address: 0, B  read address: 0
blk_mem_gen_v8_4_4 collision detected at time: 153715625, Instance: ADC_SiTCP_RAW_TB.uut.mem_generate[13].ADC_MEM_0.inst.native_mem_module.blk_mem_gen_v8_4_4_inst, A write address: 0, B  read address: 0
blk_mem_gen_v8_4_4 collision detected at time: 153715625, Instance: ADC_SiTCP_RAW_TB.uut.mem_generate[14].ADC_MEM_0.inst.native_mem_module.blk_mem_gen_v8_4_4_inst, A write address: 0, B  read address: 0
blk_mem_gen_v8_4_4 collision detected at time: 153715625, Instance: ADC_SiTCP_RAW_TB.uut.mem_generate[15].ADC_MEM_0.inst.native_mem_module.blk_mem_gen_v8_4_4_inst, A write address: 0, B  read address: 0
blk_mem_gen_v8_4_4 collision detected at time: 153715625, Instance: ADC_SiTCP_RAW_TB.uut.mem_generate[16].ADC_MEM_0.inst.native_mem_module.blk_mem_gen_v8_4_4_inst, A write address: 0, B  read address: 0
blk_mem_gen_v8_4_4 collision detected at time: 153715625, Instance: ADC_SiTCP_RAW_TB.uut.mem_generate[17].ADC_MEM_0.inst.native_mem_module.blk_mem_gen_v8_4_4_inst, A write address: 0, B  read address: 0
blk_mem_gen_v8_4_4 collision detected at time: 153715625, Instance: ADC_SiTCP_RAW_TB.uut.mem_generate[18].ADC_MEM_0.inst.native_mem_module.blk_mem_gen_v8_4_4_inst, A write address: 0, B  read address: 0
blk_mem_gen_v8_4_4 collision detected at time: 153715625, Instance: ADC_SiTCP_RAW_TB.uut.mem_generate[19].ADC_MEM_0.inst.native_mem_module.blk_mem_gen_v8_4_4_inst, A write address: 0, B  read address: 0
blk_mem_gen_v8_4_4 collision detected at time: 153715625, Instance: ADC_SiTCP_RAW_TB.uut.mem_generate[20].ADC_MEM_0.inst.native_mem_module.blk_mem_gen_v8_4_4_inst, A write address: 0, B  read address: 0
blk_mem_gen_v8_4_4 collision detected at time: 153715625, Instance: ADC_SiTCP_RAW_TB.uut.mem_generate[21].ADC_MEM_0.inst.native_mem_module.blk_mem_gen_v8_4_4_inst, A write address: 0, B  read address: 0
blk_mem_gen_v8_4_4 collision detected at time: 153715625, Instance: ADC_SiTCP_RAW_TB.uut.mem_generate[22].ADC_MEM_0.inst.native_mem_module.blk_mem_gen_v8_4_4_inst, A write address: 0, B  read address: 0
blk_mem_gen_v8_4_4 collision detected at time: 153715625, Instance: ADC_SiTCP_RAW_TB.uut.mem_generate[23].ADC_MEM_0.inst.native_mem_module.blk_mem_gen_v8_4_4_inst, A write address: 0, B  read address: 0
blk_mem_gen_v8_4_4 collision detected at time: 153715625, Instance: ADC_SiTCP_RAW_TB.uut.mem_generate[24].ADC_MEM_0.inst.native_mem_module.blk_mem_gen_v8_4_4_inst, A write address: 0, B  read address: 0
blk_mem_gen_v8_4_4 collision detected at time: 153715625, Instance: ADC_SiTCP_RAW_TB.uut.mem_generate[25].ADC_MEM_0.inst.native_mem_module.blk_mem_gen_v8_4_4_inst, A write address: 0, B  read address: 0
blk_mem_gen_v8_4_4 collision detected at time: 153715625, Instance: ADC_SiTCP_RAW_TB.uut.mem_generate[26].ADC_MEM_0.inst.native_mem_module.blk_mem_gen_v8_4_4_inst, A write address: 0, B  read address: 0
blk_mem_gen_v8_4_4 collision detected at time: 153715625, Instance: ADC_SiTCP_RAW_TB.uut.mem_generate[27].ADC_MEM_0.inst.native_mem_module.blk_mem_gen_v8_4_4_inst, A write address: 0, B  read address: 0
blk_mem_gen_v8_4_4 collision detected at time: 153715625, Instance: ADC_SiTCP_RAW_TB.uut.mem_generate[28].ADC_MEM_0.inst.native_mem_module.blk_mem_gen_v8_4_4_inst, A write address: 0, B  read address: 0
blk_mem_gen_v8_4_4 collision detected at time: 153715625, Instance: ADC_SiTCP_RAW_TB.uut.mem_generate[29].ADC_MEM_0.inst.native_mem_module.blk_mem_gen_v8_4_4_inst, A write address: 0, B  read address: 0
blk_mem_gen_v8_4_4 collision detected at time: 153715625, Instance: ADC_SiTCP_RAW_TB.uut.mem_generate[30].ADC_MEM_0.inst.native_mem_module.blk_mem_gen_v8_4_4_inst, A write address: 0, B  read address: 0
blk_mem_gen_v8_4_4 collision detected at time: 153715625, Instance: ADC_SiTCP_RAW_TB.uut.mem_generate[31].ADC_MEM_0.inst.native_mem_module.blk_mem_gen_v8_4_4_inst, A write address: 0, B  read address: 0
blk_mem_gen_v8_4_4 collision detected at time: 153715625, Instance: ADC_SiTCP_RAW_TB.uut.mem_generate[32].ADC_MEM_0.inst.native_mem_module.blk_mem_gen_v8_4_4_inst, A write address: 0, B  read address: 0
blk_mem_gen_v8_4_4 collision detected at time: 153715625, Instance: ADC_SiTCP_RAW_TB.uut.mem_generate[33].ADC_MEM_0.inst.native_mem_module.blk_mem_gen_v8_4_4_inst, A write address: 0, B  read address: 0
blk_mem_gen_v8_4_4 collision detected at time: 153715625, Instance: ADC_SiTCP_RAW_TB.uut.mem_generate[34].ADC_MEM_0.inst.native_mem_module.blk_mem_gen_v8_4_4_inst, A write address: 0, B  read address: 0
blk_mem_gen_v8_4_4 collision detected at time: 153715625, Instance: ADC_SiTCP_RAW_TB.uut.mem_generate[35].ADC_MEM_0.inst.native_mem_module.blk_mem_gen_v8_4_4_inst, A write address: 0, B  read address: 0
blk_mem_gen_v8_4_4 collision detected at time: 205103125, Instance: ADC_SiTCP_RAW_TB.uut.mem_generate[0].ADC_MEM_0.inst.native_mem_module.blk_mem_gen_v8_4_4_inst, A write address: f, B  read address: f
blk_mem_gen_v8_4_4 collision detected at time: 205103125, Instance: ADC_SiTCP_RAW_TB.uut.mem_generate[1].ADC_MEM_0.inst.native_mem_module.blk_mem_gen_v8_4_4_inst, A write address: f, B  read address: f
blk_mem_gen_v8_4_4 collision detected at time: 205103125, Instance: ADC_SiTCP_RAW_TB.uut.mem_generate[2].ADC_MEM_0.inst.native_mem_module.blk_mem_gen_v8_4_4_inst, A write address: f, B  read address: f
blk_mem_gen_v8_4_4 collision detected at time: 205103125, Instance: ADC_SiTCP_RAW_TB.uut.mem_generate[3].ADC_MEM_0.inst.native_mem_module.blk_mem_gen_v8_4_4_inst, A write address: f, B  read address: f
blk_mem_gen_v8_4_4 collision detected at time: 205103125, Instance: ADC_SiTCP_RAW_TB.uut.mem_generate[4].ADC_MEM_0.inst.native_mem_module.blk_mem_gen_v8_4_4_inst, A write address: f, B  read address: f
blk_mem_gen_v8_4_4 collision detected at time: 205103125, Instance: ADC_SiTCP_RAW_TB.uut.mem_generate[5].ADC_MEM_0.inst.native_mem_module.blk_mem_gen_v8_4_4_inst, A write address: f, B  read address: f
blk_mem_gen_v8_4_4 collision detected at time: 205103125, Instance: ADC_SiTCP_RAW_TB.uut.mem_generate[6].ADC_MEM_0.inst.native_mem_module.blk_mem_gen_v8_4_4_inst, A write address: f, B  read address: f
blk_mem_gen_v8_4_4 collision detected at time: 205103125, Instance: ADC_SiTCP_RAW_TB.uut.mem_generate[7].ADC_MEM_0.inst.native_mem_module.blk_mem_gen_v8_4_4_inst, A write address: f, B  read address: f
blk_mem_gen_v8_4_4 collision detected at time: 205103125, Instance: ADC_SiTCP_RAW_TB.uut.mem_generate[8].ADC_MEM_0.inst.native_mem_module.blk_mem_gen_v8_4_4_inst, A write address: f, B  read address: f
blk_mem_gen_v8_4_4 collision detected at time: 205103125, Instance: ADC_SiTCP_RAW_TB.uut.mem_generate[9].ADC_MEM_0.inst.native_mem_module.blk_mem_gen_v8_4_4_inst, A write address: f, B  read address: f
blk_mem_gen_v8_4_4 collision detected at time: 205103125, Instance: ADC_SiTCP_RAW_TB.uut.mem_generate[10].ADC_MEM_0.inst.native_mem_module.blk_mem_gen_v8_4_4_inst, A write address: f, B  read address: f
blk_mem_gen_v8_4_4 collision detected at time: 205103125, Instance: ADC_SiTCP_RAW_TB.uut.mem_generate[11].ADC_MEM_0.inst.native_mem_module.blk_mem_gen_v8_4_4_inst, A write address: f, B  read address: f
blk_mem_gen_v8_4_4 collision detected at time: 205103125, Instance: ADC_SiTCP_RAW_TB.uut.mem_generate[12].ADC_MEM_0.inst.native_mem_module.blk_mem_gen_v8_4_4_inst, A write address: f, B  read address: f
blk_mem_gen_v8_4_4 collision detected at time: 205103125, Instance: ADC_SiTCP_RAW_TB.uut.mem_generate[13].ADC_MEM_0.inst.native_mem_module.blk_mem_gen_v8_4_4_inst, A write address: f, B  read address: f
blk_mem_gen_v8_4_4 collision detected at time: 205103125, Instance: ADC_SiTCP_RAW_TB.uut.mem_generate[14].ADC_MEM_0.inst.native_mem_module.blk_mem_gen_v8_4_4_inst, A write address: f, B  read address: f
blk_mem_gen_v8_4_4 collision detected at time: 205103125, Instance: ADC_SiTCP_RAW_TB.uut.mem_generate[15].ADC_MEM_0.inst.native_mem_module.blk_mem_gen_v8_4_4_inst, A write address: f, B  read address: f
blk_mem_gen_v8_4_4 collision detected at time: 205103125, Instance: ADC_SiTCP_RAW_TB.uut.mem_generate[16].ADC_MEM_0.inst.native_mem_module.blk_mem_gen_v8_4_4_inst, A write address: f, B  read address: f
blk_mem_gen_v8_4_4 collision detected at time: 205103125, Instance: ADC_SiTCP_RAW_TB.uut.mem_generate[17].ADC_MEM_0.inst.native_mem_module.blk_mem_gen_v8_4_4_inst, A write address: f, B  read address: f
blk_mem_gen_v8_4_4 collision detected at time: 205103125, Instance: ADC_SiTCP_RAW_TB.uut.mem_generate[18].ADC_MEM_0.inst.native_mem_module.blk_mem_gen_v8_4_4_inst, A write address: f, B  read address: f
blk_mem_gen_v8_4_4 collision detected at time: 205103125, Instance: ADC_SiTCP_RAW_TB.uut.mem_generate[19].ADC_MEM_0.inst.native_mem_module.blk_mem_gen_v8_4_4_inst, A write address: f, B  read address: f
blk_mem_gen_v8_4_4 collision detected at time: 205103125, Instance: ADC_SiTCP_RAW_TB.uut.mem_generate[20].ADC_MEM_0.inst.native_mem_module.blk_mem_gen_v8_4_4_inst, A write address: f, B  read address: f
blk_mem_gen_v8_4_4 collision detected at time: 205103125, Instance: ADC_SiTCP_RAW_TB.uut.mem_generate[21].ADC_MEM_0.inst.native_mem_module.blk_mem_gen_v8_4_4_inst, A write address: f, B  read address: f
blk_mem_gen_v8_4_4 collision detected at time: 205103125, Instance: ADC_SiTCP_RAW_TB.uut.mem_generate[22].ADC_MEM_0.inst.native_mem_module.blk_mem_gen_v8_4_4_inst, A write address: f, B  read address: f
blk_mem_gen_v8_4_4 collision detected at time: 205103125, Instance: ADC_SiTCP_RAW_TB.uut.mem_generate[23].ADC_MEM_0.inst.native_mem_module.blk_mem_gen_v8_4_4_inst, A write address: f, B  read address: f
blk_mem_gen_v8_4_4 collision detected at time: 205103125, Instance: ADC_SiTCP_RAW_TB.uut.mem_generate[24].ADC_MEM_0.inst.native_mem_module.blk_mem_gen_v8_4_4_inst, A write address: f, B  read address: f
blk_mem_gen_v8_4_4 collision detected at time: 205103125, Instance: ADC_SiTCP_RAW_TB.uut.mem_generate[25].ADC_MEM_0.inst.native_mem_module.blk_mem_gen_v8_4_4_inst, A write address: f, B  read address: f
blk_mem_gen_v8_4_4 collision detected at time: 205103125, Instance: ADC_SiTCP_RAW_TB.uut.mem_generate[26].ADC_MEM_0.inst.native_mem_module.blk_mem_gen_v8_4_4_inst, A write address: f, B  read address: f
blk_mem_gen_v8_4_4 collision detected at time: 205103125, Instance: ADC_SiTCP_RAW_TB.uut.mem_generate[27].ADC_MEM_0.inst.native_mem_module.blk_mem_gen_v8_4_4_inst, A write address: f, B  read address: f
blk_mem_gen_v8_4_4 collision detected at time: 205103125, Instance: ADC_SiTCP_RAW_TB.uut.mem_generate[28].ADC_MEM_0.inst.native_mem_module.blk_mem_gen_v8_4_4_inst, A write address: f, B  read address: f
blk_mem_gen_v8_4_4 collision detected at time: 205103125, Instance: ADC_SiTCP_RAW_TB.uut.mem_generate[29].ADC_MEM_0.inst.native_mem_module.blk_mem_gen_v8_4_4_inst, A write address: f, B  read address: f
blk_mem_gen_v8_4_4 collision detected at time: 205103125, Instance: ADC_SiTCP_RAW_TB.uut.mem_generate[30].ADC_MEM_0.inst.native_mem_module.blk_mem_gen_v8_4_4_inst, A write address: f, B  read address: f
blk_mem_gen_v8_4_4 collision detected at time: 205103125, Instance: ADC_SiTCP_RAW_TB.uut.mem_generate[31].ADC_MEM_0.inst.native_mem_module.blk_mem_gen_v8_4_4_inst, A write address: f, B  read address: f
blk_mem_gen_v8_4_4 collision detected at time: 205103125, Instance: ADC_SiTCP_RAW_TB.uut.mem_generate[32].ADC_MEM_0.inst.native_mem_module.blk_mem_gen_v8_4_4_inst, A write address: f, B  read address: f
blk_mem_gen_v8_4_4 collision detected at time: 205103125, Instance: ADC_SiTCP_RAW_TB.uut.mem_generate[33].ADC_MEM_0.inst.native_mem_module.blk_mem_gen_v8_4_4_inst, A write address: f, B  read address: f
blk_mem_gen_v8_4_4 collision detected at time: 205103125, Instance: ADC_SiTCP_RAW_TB.uut.mem_generate[34].ADC_MEM_0.inst.native_mem_module.blk_mem_gen_v8_4_4_inst, A write address: f, B  read address: f
blk_mem_gen_v8_4_4 collision detected at time: 205103125, Instance: ADC_SiTCP_RAW_TB.uut.mem_generate[35].ADC_MEM_0.inst.native_mem_module.blk_mem_gen_v8_4_4_inst, A write address: f, B  read address: f
blk_mem_gen_v8_4_4 collision detected at time: 258528125, Instance: ADC_SiTCP_RAW_TB.uut.mem_generate[0].ADC_MEM_0.inst.native_mem_module.blk_mem_gen_v8_4_4_inst, A write address: c1, B  read address: c1
blk_mem_gen_v8_4_4 collision detected at time: 258528125, Instance: ADC_SiTCP_RAW_TB.uut.mem_generate[1].ADC_MEM_0.inst.native_mem_module.blk_mem_gen_v8_4_4_inst, A write address: c1, B  read address: c1
blk_mem_gen_v8_4_4 collision detected at time: 258528125, Instance: ADC_SiTCP_RAW_TB.uut.mem_generate[2].ADC_MEM_0.inst.native_mem_module.blk_mem_gen_v8_4_4_inst, A write address: c1, B  read address: c1
blk_mem_gen_v8_4_4 collision detected at time: 258528125, Instance: ADC_SiTCP_RAW_TB.uut.mem_generate[3].ADC_MEM_0.inst.native_mem_module.blk_mem_gen_v8_4_4_inst, A write address: c1, B  read address: c1
blk_mem_gen_v8_4_4 collision detected at time: 258528125, Instance: ADC_SiTCP_RAW_TB.uut.mem_generate[4].ADC_MEM_0.inst.native_mem_module.blk_mem_gen_v8_4_4_inst, A write address: c1, B  read address: c1
blk_mem_gen_v8_4_4 collision detected at time: 258528125, Instance: ADC_SiTCP_RAW_TB.uut.mem_generate[5].ADC_MEM_0.inst.native_mem_module.blk_mem_gen_v8_4_4_inst, A write address: c1, B  read address: c1
blk_mem_gen_v8_4_4 collision detected at time: 258528125, Instance: ADC_SiTCP_RAW_TB.uut.mem_generate[6].ADC_MEM_0.inst.native_mem_module.blk_mem_gen_v8_4_4_inst, A write address: c1, B  read address: c1
blk_mem_gen_v8_4_4 collision detected at time: 258528125, Instance: ADC_SiTCP_RAW_TB.uut.mem_generate[7].ADC_MEM_0.inst.native_mem_module.blk_mem_gen_v8_4_4_inst, A write address: c1, B  read address: c1
blk_mem_gen_v8_4_4 collision detected at time: 258528125, Instance: ADC_SiTCP_RAW_TB.uut.mem_generate[8].ADC_MEM_0.inst.native_mem_module.blk_mem_gen_v8_4_4_inst, A write address: c1, B  read address: c1
blk_mem_gen_v8_4_4 collision detected at time: 258528125, Instance: ADC_SiTCP_RAW_TB.uut.mem_generate[9].ADC_MEM_0.inst.native_mem_module.blk_mem_gen_v8_4_4_inst, A write address: c1, B  read address: c1
blk_mem_gen_v8_4_4 collision detected at time: 258528125, Instance: ADC_SiTCP_RAW_TB.uut.mem_generate[10].ADC_MEM_0.inst.native_mem_module.blk_mem_gen_v8_4_4_inst, A write address: c1, B  read address: c1
blk_mem_gen_v8_4_4 collision detected at time: 258528125, Instance: ADC_SiTCP_RAW_TB.uut.mem_generate[11].ADC_MEM_0.inst.native_mem_module.blk_mem_gen_v8_4_4_inst, A write address: c1, B  read address: c1
blk_mem_gen_v8_4_4 collision detected at time: 258528125, Instance: ADC_SiTCP_RAW_TB.uut.mem_generate[12].ADC_MEM_0.inst.native_mem_module.blk_mem_gen_v8_4_4_inst, A write address: c1, B  read address: c1
blk_mem_gen_v8_4_4 collision detected at time: 258528125, Instance: ADC_SiTCP_RAW_TB.uut.mem_generate[13].ADC_MEM_0.inst.native_mem_module.blk_mem_gen_v8_4_4_inst, A write address: c1, B  read address: c1
blk_mem_gen_v8_4_4 collision detected at time: 258528125, Instance: ADC_SiTCP_RAW_TB.uut.mem_generate[14].ADC_MEM_0.inst.native_mem_module.blk_mem_gen_v8_4_4_inst, A write address: c1, B  read address: c1
blk_mem_gen_v8_4_4 collision detected at time: 258528125, Instance: ADC_SiTCP_RAW_TB.uut.mem_generate[15].ADC_MEM_0.inst.native_mem_module.blk_mem_gen_v8_4_4_inst, A write address: c1, B  read address: c1
blk_mem_gen_v8_4_4 collision detected at time: 258528125, Instance: ADC_SiTCP_RAW_TB.uut.mem_generate[16].ADC_MEM_0.inst.native_mem_module.blk_mem_gen_v8_4_4_inst, A write address: c1, B  read address: c1
blk_mem_gen_v8_4_4 collision detected at time: 258528125, Instance: ADC_SiTCP_RAW_TB.uut.mem_generate[17].ADC_MEM_0.inst.native_mem_module.blk_mem_gen_v8_4_4_inst, A write address: c1, B  read address: c1
blk_mem_gen_v8_4_4 collision detected at time: 258528125, Instance: ADC_SiTCP_RAW_TB.uut.mem_generate[18].ADC_MEM_0.inst.native_mem_module.blk_mem_gen_v8_4_4_inst, A write address: c1, B  read address: c1
blk_mem_gen_v8_4_4 collision detected at time: 258528125, Instance: ADC_SiTCP_RAW_TB.uut.mem_generate[19].ADC_MEM_0.inst.native_mem_module.blk_mem_gen_v8_4_4_inst, A write address: c1, B  read address: c1
blk_mem_gen_v8_4_4 collision detected at time: 258528125, Instance: ADC_SiTCP_RAW_TB.uut.mem_generate[20].ADC_MEM_0.inst.native_mem_module.blk_mem_gen_v8_4_4_inst, A write address: c1, B  read address: c1
blk_mem_gen_v8_4_4 collision detected at time: 258528125, Instance: ADC_SiTCP_RAW_TB.uut.mem_generate[21].ADC_MEM_0.inst.native_mem_module.blk_mem_gen_v8_4_4_inst, A write address: c1, B  read address: c1
blk_mem_gen_v8_4_4 collision detected at time: 258528125, Instance: ADC_SiTCP_RAW_TB.uut.mem_generate[22].ADC_MEM_0.inst.native_mem_module.blk_mem_gen_v8_4_4_inst, A write address: c1, B  read address: c1
blk_mem_gen_v8_4_4 collision detected at time: 258528125, Instance: ADC_SiTCP_RAW_TB.uut.mem_generate[23].ADC_MEM_0.inst.native_mem_module.blk_mem_gen_v8_4_4_inst, A write address: c1, B  read address: c1
blk_mem_gen_v8_4_4 collision detected at time: 258528125, Instance: ADC_SiTCP_RAW_TB.uut.mem_generate[24].ADC_MEM_0.inst.native_mem_module.blk_mem_gen_v8_4_4_inst, A write address: c1, B  read address: c1
blk_mem_gen_v8_4_4 collision detected at time: 258528125, Instance: ADC_SiTCP_RAW_TB.uut.mem_generate[25].ADC_MEM_0.inst.native_mem_module.blk_mem_gen_v8_4_4_inst, A write address: c1, B  read address: c1
blk_mem_gen_v8_4_4 collision detected at time: 258528125, Instance: ADC_SiTCP_RAW_TB.uut.mem_generate[26].ADC_MEM_0.inst.native_mem_module.blk_mem_gen_v8_4_4_inst, A write address: c1, B  read address: c1
blk_mem_gen_v8_4_4 collision detected at time: 258528125, Instance: ADC_SiTCP_RAW_TB.uut.mem_generate[27].ADC_MEM_0.inst.native_mem_module.blk_mem_gen_v8_4_4_inst, A write address: c1, B  read address: c1
blk_mem_gen_v8_4_4 collision detected at time: 258528125, Instance: ADC_SiTCP_RAW_TB.uut.mem_generate[28].ADC_MEM_0.inst.native_mem_module.blk_mem_gen_v8_4_4_inst, A write address: c1, B  read address: c1
blk_mem_gen_v8_4_4 collision detected at time: 258528125, Instance: ADC_SiTCP_RAW_TB.uut.mem_generate[29].ADC_MEM_0.inst.native_mem_module.blk_mem_gen_v8_4_4_inst, A write address: c1, B  read address: c1
blk_mem_gen_v8_4_4 collision detected at time: 258528125, Instance: ADC_SiTCP_RAW_TB.uut.mem_generate[30].ADC_MEM_0.inst.native_mem_module.blk_mem_gen_v8_4_4_inst, A write address: c1, B  read address: c1
blk_mem_gen_v8_4_4 collision detected at time: 258528125, Instance: ADC_SiTCP_RAW_TB.uut.mem_generate[31].ADC_MEM_0.inst.native_mem_module.blk_mem_gen_v8_4_4_inst, A write address: c1, B  read address: c1
blk_mem_gen_v8_4_4 collision detected at time: 258528125, Instance: ADC_SiTCP_RAW_TB.uut.mem_generate[32].ADC_MEM_0.inst.native_mem_module.blk_mem_gen_v8_4_4_inst, A write address: c1, B  read address: c1
blk_mem_gen_v8_4_4 collision detected at time: 258528125, Instance: ADC_SiTCP_RAW_TB.uut.mem_generate[33].ADC_MEM_0.inst.native_mem_module.blk_mem_gen_v8_4_4_inst, A write address: c1, B  read address: c1
blk_mem_gen_v8_4_4 collision detected at time: 258528125, Instance: ADC_SiTCP_RAW_TB.uut.mem_generate[34].ADC_MEM_0.inst.native_mem_module.blk_mem_gen_v8_4_4_inst, A write address: c1, B  read address: c1
blk_mem_gen_v8_4_4 collision detected at time: 258528125, Instance: ADC_SiTCP_RAW_TB.uut.mem_generate[35].ADC_MEM_0.inst.native_mem_module.blk_mem_gen_v8_4_4_inst, A write address: c1, B  read address: c1
blk_mem_gen_v8_4_4 collision detected at time: 311953125, Instance: ADC_SiTCP_RAW_TB.uut.mem_generate[0].ADC_MEM_0.inst.native_mem_module.blk_mem_gen_v8_4_4_inst, A write address: 173, B  read address: 173
blk_mem_gen_v8_4_4 collision detected at time: 311953125, Instance: ADC_SiTCP_RAW_TB.uut.mem_generate[1].ADC_MEM_0.inst.native_mem_module.blk_mem_gen_v8_4_4_inst, A write address: 173, B  read address: 173
blk_mem_gen_v8_4_4 collision detected at time: 311953125, Instance: ADC_SiTCP_RAW_TB.uut.mem_generate[2].ADC_MEM_0.inst.native_mem_module.blk_mem_gen_v8_4_4_inst, A write address: 173, B  read address: 173
blk_mem_gen_v8_4_4 collision detected at time: 311953125, Instance: ADC_SiTCP_RAW_TB.uut.mem_generate[3].ADC_MEM_0.inst.native_mem_module.blk_mem_gen_v8_4_4_inst, A write address: 173, B  read address: 173
blk_mem_gen_v8_4_4 collision detected at time: 311953125, Instance: ADC_SiTCP_RAW_TB.uut.mem_generate[4].ADC_MEM_0.inst.native_mem_module.blk_mem_gen_v8_4_4_inst, A write address: 173, B  read address: 173
blk_mem_gen_v8_4_4 collision detected at time: 311953125, Instance: ADC_SiTCP_RAW_TB.uut.mem_generate[5].ADC_MEM_0.inst.native_mem_module.blk_mem_gen_v8_4_4_inst, A write address: 173, B  read address: 173
blk_mem_gen_v8_4_4 collision detected at time: 311953125, Instance: ADC_SiTCP_RAW_TB.uut.mem_generate[6].ADC_MEM_0.inst.native_mem_module.blk_mem_gen_v8_4_4_inst, A write address: 173, B  read address: 173
blk_mem_gen_v8_4_4 collision detected at time: 311953125, Instance: ADC_SiTCP_RAW_TB.uut.mem_generate[7].ADC_MEM_0.inst.native_mem_module.blk_mem_gen_v8_4_4_inst, A write address: 173, B  read address: 173
blk_mem_gen_v8_4_4 collision detected at time: 311953125, Instance: ADC_SiTCP_RAW_TB.uut.mem_generate[8].ADC_MEM_0.inst.native_mem_module.blk_mem_gen_v8_4_4_inst, A write address: 173, B  read address: 173
blk_mem_gen_v8_4_4 collision detected at time: 311953125, Instance: ADC_SiTCP_RAW_TB.uut.mem_generate[9].ADC_MEM_0.inst.native_mem_module.blk_mem_gen_v8_4_4_inst, A write address: 173, B  read address: 173
blk_mem_gen_v8_4_4 collision detected at time: 311953125, Instance: ADC_SiTCP_RAW_TB.uut.mem_generate[10].ADC_MEM_0.inst.native_mem_module.blk_mem_gen_v8_4_4_inst, A write address: 173, B  read address: 173
blk_mem_gen_v8_4_4 collision detected at time: 311953125, Instance: ADC_SiTCP_RAW_TB.uut.mem_generate[11].ADC_MEM_0.inst.native_mem_module.blk_mem_gen_v8_4_4_inst, A write address: 173, B  read address: 173
blk_mem_gen_v8_4_4 collision detected at time: 311953125, Instance: ADC_SiTCP_RAW_TB.uut.mem_generate[12].ADC_MEM_0.inst.native_mem_module.blk_mem_gen_v8_4_4_inst, A write address: 173, B  read address: 173
blk_mem_gen_v8_4_4 collision detected at time: 311953125, Instance: ADC_SiTCP_RAW_TB.uut.mem_generate[13].ADC_MEM_0.inst.native_mem_module.blk_mem_gen_v8_4_4_inst, A write address: 173, B  read address: 173
blk_mem_gen_v8_4_4 collision detected at time: 311953125, Instance: ADC_SiTCP_RAW_TB.uut.mem_generate[14].ADC_MEM_0.inst.native_mem_module.blk_mem_gen_v8_4_4_inst, A write address: 173, B  read address: 173
blk_mem_gen_v8_4_4 collision detected at time: 311953125, Instance: ADC_SiTCP_RAW_TB.uut.mem_generate[15].ADC_MEM_0.inst.native_mem_module.blk_mem_gen_v8_4_4_inst, A write address: 173, B  read address: 173
blk_mem_gen_v8_4_4 collision detected at time: 311953125, Instance: ADC_SiTCP_RAW_TB.uut.mem_generate[16].ADC_MEM_0.inst.native_mem_module.blk_mem_gen_v8_4_4_inst, A write address: 173, B  read address: 173
blk_mem_gen_v8_4_4 collision detected at time: 311953125, Instance: ADC_SiTCP_RAW_TB.uut.mem_generate[17].ADC_MEM_0.inst.native_mem_module.blk_mem_gen_v8_4_4_inst, A write address: 173, B  read address: 173
blk_mem_gen_v8_4_4 collision detected at time: 311953125, Instance: ADC_SiTCP_RAW_TB.uut.mem_generate[18].ADC_MEM_0.inst.native_mem_module.blk_mem_gen_v8_4_4_inst, A write address: 173, B  read address: 173
blk_mem_gen_v8_4_4 collision detected at time: 311953125, Instance: ADC_SiTCP_RAW_TB.uut.mem_generate[19].ADC_MEM_0.inst.native_mem_module.blk_mem_gen_v8_4_4_inst, A write address: 173, B  read address: 173
blk_mem_gen_v8_4_4 collision detected at time: 311953125, Instance: ADC_SiTCP_RAW_TB.uut.mem_generate[20].ADC_MEM_0.inst.native_mem_module.blk_mem_gen_v8_4_4_inst, A write address: 173, B  read address: 173
blk_mem_gen_v8_4_4 collision detected at time: 311953125, Instance: ADC_SiTCP_RAW_TB.uut.mem_generate[21].ADC_MEM_0.inst.native_mem_module.blk_mem_gen_v8_4_4_inst, A write address: 173, B  read address: 173
blk_mem_gen_v8_4_4 collision detected at time: 311953125, Instance: ADC_SiTCP_RAW_TB.uut.mem_generate[22].ADC_MEM_0.inst.native_mem_module.blk_mem_gen_v8_4_4_inst, A write address: 173, B  read address: 173
blk_mem_gen_v8_4_4 collision detected at time: 311953125, Instance: ADC_SiTCP_RAW_TB.uut.mem_generate[23].ADC_MEM_0.inst.native_mem_module.blk_mem_gen_v8_4_4_inst, A write address: 173, B  read address: 173
blk_mem_gen_v8_4_4 collision detected at time: 311953125, Instance: ADC_SiTCP_RAW_TB.uut.mem_generate[24].ADC_MEM_0.inst.native_mem_module.blk_mem_gen_v8_4_4_inst, A write address: 173, B  read address: 173
blk_mem_gen_v8_4_4 collision detected at time: 311953125, Instance: ADC_SiTCP_RAW_TB.uut.mem_generate[25].ADC_MEM_0.inst.native_mem_module.blk_mem_gen_v8_4_4_inst, A write address: 173, B  read address: 173
blk_mem_gen_v8_4_4 collision detected at time: 311953125, Instance: ADC_SiTCP_RAW_TB.uut.mem_generate[26].ADC_MEM_0.inst.native_mem_module.blk_mem_gen_v8_4_4_inst, A write address: 173, B  read address: 173
blk_mem_gen_v8_4_4 collision detected at time: 311953125, Instance: ADC_SiTCP_RAW_TB.uut.mem_generate[27].ADC_MEM_0.inst.native_mem_module.blk_mem_gen_v8_4_4_inst, A write address: 173, B  read address: 173
blk_mem_gen_v8_4_4 collision detected at time: 311953125, Instance: ADC_SiTCP_RAW_TB.uut.mem_generate[28].ADC_MEM_0.inst.native_mem_module.blk_mem_gen_v8_4_4_inst, A write address: 173, B  read address: 173
blk_mem_gen_v8_4_4 collision detected at time: 311953125, Instance: ADC_SiTCP_RAW_TB.uut.mem_generate[29].ADC_MEM_0.inst.native_mem_module.blk_mem_gen_v8_4_4_inst, A write address: 173, B  read address: 173
blk_mem_gen_v8_4_4 collision detected at time: 311953125, Instance: ADC_SiTCP_RAW_TB.uut.mem_generate[30].ADC_MEM_0.inst.native_mem_module.blk_mem_gen_v8_4_4_inst, A write address: 173, B  read address: 173
blk_mem_gen_v8_4_4 collision detected at time: 311953125, Instance: ADC_SiTCP_RAW_TB.uut.mem_generate[31].ADC_MEM_0.inst.native_mem_module.blk_mem_gen_v8_4_4_inst, A write address: 173, B  read address: 173
blk_mem_gen_v8_4_4 collision detected at time: 311953125, Instance: ADC_SiTCP_RAW_TB.uut.mem_generate[32].ADC_MEM_0.inst.native_mem_module.blk_mem_gen_v8_4_4_inst, A write address: 173, B  read address: 173
blk_mem_gen_v8_4_4 collision detected at time: 311953125, Instance: ADC_SiTCP_RAW_TB.uut.mem_generate[33].ADC_MEM_0.inst.native_mem_module.blk_mem_gen_v8_4_4_inst, A write address: 173, B  read address: 173
blk_mem_gen_v8_4_4 collision detected at time: 311953125, Instance: ADC_SiTCP_RAW_TB.uut.mem_generate[34].ADC_MEM_0.inst.native_mem_module.blk_mem_gen_v8_4_4_inst, A write address: 173, B  read address: 173
blk_mem_gen_v8_4_4 collision detected at time: 311953125, Instance: ADC_SiTCP_RAW_TB.uut.mem_generate[35].ADC_MEM_0.inst.native_mem_module.blk_mem_gen_v8_4_4_inst, A write address: 173, B  read address: 173
blk_mem_gen_v8_4_4 collision detected at time: 365378125, Instance: ADC_SiTCP_RAW_TB.uut.mem_generate[0].ADC_MEM_0.inst.native_mem_module.blk_mem_gen_v8_4_4_inst, A write address: 225, B  read address: 225
blk_mem_gen_v8_4_4 collision detected at time: 365378125, Instance: ADC_SiTCP_RAW_TB.uut.mem_generate[1].ADC_MEM_0.inst.native_mem_module.blk_mem_gen_v8_4_4_inst, A write address: 225, B  read address: 225
blk_mem_gen_v8_4_4 collision detected at time: 365378125, Instance: ADC_SiTCP_RAW_TB.uut.mem_generate[2].ADC_MEM_0.inst.native_mem_module.blk_mem_gen_v8_4_4_inst, A write address: 225, B  read address: 225
blk_mem_gen_v8_4_4 collision detected at time: 365378125, Instance: ADC_SiTCP_RAW_TB.uut.mem_generate[3].ADC_MEM_0.inst.native_mem_module.blk_mem_gen_v8_4_4_inst, A write address: 225, B  read address: 225
blk_mem_gen_v8_4_4 collision detected at time: 365378125, Instance: ADC_SiTCP_RAW_TB.uut.mem_generate[4].ADC_MEM_0.inst.native_mem_module.blk_mem_gen_v8_4_4_inst, A write address: 225, B  read address: 225
blk_mem_gen_v8_4_4 collision detected at time: 365378125, Instance: ADC_SiTCP_RAW_TB.uut.mem_generate[5].ADC_MEM_0.inst.native_mem_module.blk_mem_gen_v8_4_4_inst, A write address: 225, B  read address: 225
blk_mem_gen_v8_4_4 collision detected at time: 365378125, Instance: ADC_SiTCP_RAW_TB.uut.mem_generate[6].ADC_MEM_0.inst.native_mem_module.blk_mem_gen_v8_4_4_inst, A write address: 225, B  read address: 225
blk_mem_gen_v8_4_4 collision detected at time: 365378125, Instance: ADC_SiTCP_RAW_TB.uut.mem_generate[7].ADC_MEM_0.inst.native_mem_module.blk_mem_gen_v8_4_4_inst, A write address: 225, B  read address: 225
blk_mem_gen_v8_4_4 collision detected at time: 365378125, Instance: ADC_SiTCP_RAW_TB.uut.mem_generate[8].ADC_MEM_0.inst.native_mem_module.blk_mem_gen_v8_4_4_inst, A write address: 225, B  read address: 225
blk_mem_gen_v8_4_4 collision detected at time: 365378125, Instance: ADC_SiTCP_RAW_TB.uut.mem_generate[9].ADC_MEM_0.inst.native_mem_module.blk_mem_gen_v8_4_4_inst, A write address: 225, B  read address: 225
blk_mem_gen_v8_4_4 collision detected at time: 365378125, Instance: ADC_SiTCP_RAW_TB.uut.mem_generate[10].ADC_MEM_0.inst.native_mem_module.blk_mem_gen_v8_4_4_inst, A write address: 225, B  read address: 225
blk_mem_gen_v8_4_4 collision detected at time: 365378125, Instance: ADC_SiTCP_RAW_TB.uut.mem_generate[11].ADC_MEM_0.inst.native_mem_module.blk_mem_gen_v8_4_4_inst, A write address: 225, B  read address: 225
blk_mem_gen_v8_4_4 collision detected at time: 365378125, Instance: ADC_SiTCP_RAW_TB.uut.mem_generate[12].ADC_MEM_0.inst.native_mem_module.blk_mem_gen_v8_4_4_inst, A write address: 225, B  read address: 225
blk_mem_gen_v8_4_4 collision detected at time: 365378125, Instance: ADC_SiTCP_RAW_TB.uut.mem_generate[13].ADC_MEM_0.inst.native_mem_module.blk_mem_gen_v8_4_4_inst, A write address: 225, B  read address: 225
blk_mem_gen_v8_4_4 collision detected at time: 365378125, Instance: ADC_SiTCP_RAW_TB.uut.mem_generate[14].ADC_MEM_0.inst.native_mem_module.blk_mem_gen_v8_4_4_inst, A write address: 225, B  read address: 225
blk_mem_gen_v8_4_4 collision detected at time: 365378125, Instance: ADC_SiTCP_RAW_TB.uut.mem_generate[15].ADC_MEM_0.inst.native_mem_module.blk_mem_gen_v8_4_4_inst, A write address: 225, B  read address: 225
blk_mem_gen_v8_4_4 collision detected at time: 365378125, Instance: ADC_SiTCP_RAW_TB.uut.mem_generate[16].ADC_MEM_0.inst.native_mem_module.blk_mem_gen_v8_4_4_inst, A write address: 225, B  read address: 225
blk_mem_gen_v8_4_4 collision detected at time: 365378125, Instance: ADC_SiTCP_RAW_TB.uut.mem_generate[17].ADC_MEM_0.inst.native_mem_module.blk_mem_gen_v8_4_4_inst, A write address: 225, B  read address: 225
blk_mem_gen_v8_4_4 collision detected at time: 365378125, Instance: ADC_SiTCP_RAW_TB.uut.mem_generate[18].ADC_MEM_0.inst.native_mem_module.blk_mem_gen_v8_4_4_inst, A write address: 225, B  read address: 225
blk_mem_gen_v8_4_4 collision detected at time: 365378125, Instance: ADC_SiTCP_RAW_TB.uut.mem_generate[19].ADC_MEM_0.inst.native_mem_module.blk_mem_gen_v8_4_4_inst, A write address: 225, B  read address: 225
blk_mem_gen_v8_4_4 collision detected at time: 365378125, Instance: ADC_SiTCP_RAW_TB.uut.mem_generate[20].ADC_MEM_0.inst.native_mem_module.blk_mem_gen_v8_4_4_inst, A write address: 225, B  read address: 225
blk_mem_gen_v8_4_4 collision detected at time: 365378125, Instance: ADC_SiTCP_RAW_TB.uut.mem_generate[21].ADC_MEM_0.inst.native_mem_module.blk_mem_gen_v8_4_4_inst, A write address: 225, B  read address: 225
blk_mem_gen_v8_4_4 collision detected at time: 365378125, Instance: ADC_SiTCP_RAW_TB.uut.mem_generate[22].ADC_MEM_0.inst.native_mem_module.blk_mem_gen_v8_4_4_inst, A write address: 225, B  read address: 225
blk_mem_gen_v8_4_4 collision detected at time: 365378125, Instance: ADC_SiTCP_RAW_TB.uut.mem_generate[23].ADC_MEM_0.inst.native_mem_module.blk_mem_gen_v8_4_4_inst, A write address: 225, B  read address: 225
blk_mem_gen_v8_4_4 collision detected at time: 365378125, Instance: ADC_SiTCP_RAW_TB.uut.mem_generate[24].ADC_MEM_0.inst.native_mem_module.blk_mem_gen_v8_4_4_inst, A write address: 225, B  read address: 225
blk_mem_gen_v8_4_4 collision detected at time: 365378125, Instance: ADC_SiTCP_RAW_TB.uut.mem_generate[25].ADC_MEM_0.inst.native_mem_module.blk_mem_gen_v8_4_4_inst, A write address: 225, B  read address: 225
blk_mem_gen_v8_4_4 collision detected at time: 365378125, Instance: ADC_SiTCP_RAW_TB.uut.mem_generate[26].ADC_MEM_0.inst.native_mem_module.blk_mem_gen_v8_4_4_inst, A write address: 225, B  read address: 225
blk_mem_gen_v8_4_4 collision detected at time: 365378125, Instance: ADC_SiTCP_RAW_TB.uut.mem_generate[27].ADC_MEM_0.inst.native_mem_module.blk_mem_gen_v8_4_4_inst, A write address: 225, B  read address: 225
blk_mem_gen_v8_4_4 collision detected at time: 365378125, Instance: ADC_SiTCP_RAW_TB.uut.mem_generate[28].ADC_MEM_0.inst.native_mem_module.blk_mem_gen_v8_4_4_inst, A write address: 225, B  read address: 225
blk_mem_gen_v8_4_4 collision detected at time: 365378125, Instance: ADC_SiTCP_RAW_TB.uut.mem_generate[29].ADC_MEM_0.inst.native_mem_module.blk_mem_gen_v8_4_4_inst, A write address: 225, B  read address: 225
blk_mem_gen_v8_4_4 collision detected at time: 365378125, Instance: ADC_SiTCP_RAW_TB.uut.mem_generate[30].ADC_MEM_0.inst.native_mem_module.blk_mem_gen_v8_4_4_inst, A write address: 225, B  read address: 225
blk_mem_gen_v8_4_4 collision detected at time: 365378125, Instance: ADC_SiTCP_RAW_TB.uut.mem_generate[31].ADC_MEM_0.inst.native_mem_module.blk_mem_gen_v8_4_4_inst, A write address: 225, B  read address: 225
blk_mem_gen_v8_4_4 collision detected at time: 365378125, Instance: ADC_SiTCP_RAW_TB.uut.mem_generate[32].ADC_MEM_0.inst.native_mem_module.blk_mem_gen_v8_4_4_inst, A write address: 225, B  read address: 225
blk_mem_gen_v8_4_4 collision detected at time: 365378125, Instance: ADC_SiTCP_RAW_TB.uut.mem_generate[33].ADC_MEM_0.inst.native_mem_module.blk_mem_gen_v8_4_4_inst, A write address: 225, B  read address: 225
blk_mem_gen_v8_4_4 collision detected at time: 365378125, Instance: ADC_SiTCP_RAW_TB.uut.mem_generate[34].ADC_MEM_0.inst.native_mem_module.blk_mem_gen_v8_4_4_inst, A write address: 225, B  read address: 225
blk_mem_gen_v8_4_4 collision detected at time: 365378125, Instance: ADC_SiTCP_RAW_TB.uut.mem_generate[35].ADC_MEM_0.inst.native_mem_module.blk_mem_gen_v8_4_4_inst, A write address: 225, B  read address: 225
blk_mem_gen_v8_4_4 collision detected at time: 409715625, Instance: ADC_SiTCP_RAW_TB.uut.mem_generate[0].ADC_MEM_0.inst.native_mem_module.blk_mem_gen_v8_4_4_inst, A write address: 0, B  read address: 0
blk_mem_gen_v8_4_4 collision detected at time: 409715625, Instance: ADC_SiTCP_RAW_TB.uut.mem_generate[1].ADC_MEM_0.inst.native_mem_module.blk_mem_gen_v8_4_4_inst, A write address: 0, B  read address: 0
blk_mem_gen_v8_4_4 collision detected at time: 409715625, Instance: ADC_SiTCP_RAW_TB.uut.mem_generate[2].ADC_MEM_0.inst.native_mem_module.blk_mem_gen_v8_4_4_inst, A write address: 0, B  read address: 0
blk_mem_gen_v8_4_4 collision detected at time: 409715625, Instance: ADC_SiTCP_RAW_TB.uut.mem_generate[3].ADC_MEM_0.inst.native_mem_module.blk_mem_gen_v8_4_4_inst, A write address: 0, B  read address: 0
blk_mem_gen_v8_4_4 collision detected at time: 409715625, Instance: ADC_SiTCP_RAW_TB.uut.mem_generate[4].ADC_MEM_0.inst.native_mem_module.blk_mem_gen_v8_4_4_inst, A write address: 0, B  read address: 0
blk_mem_gen_v8_4_4 collision detected at time: 409715625, Instance: ADC_SiTCP_RAW_TB.uut.mem_generate[5].ADC_MEM_0.inst.native_mem_module.blk_mem_gen_v8_4_4_inst, A write address: 0, B  read address: 0
blk_mem_gen_v8_4_4 collision detected at time: 409715625, Instance: ADC_SiTCP_RAW_TB.uut.mem_generate[6].ADC_MEM_0.inst.native_mem_module.blk_mem_gen_v8_4_4_inst, A write address: 0, B  read address: 0
blk_mem_gen_v8_4_4 collision detected at time: 409715625, Instance: ADC_SiTCP_RAW_TB.uut.mem_generate[7].ADC_MEM_0.inst.native_mem_module.blk_mem_gen_v8_4_4_inst, A write address: 0, B  read address: 0
blk_mem_gen_v8_4_4 collision detected at time: 409715625, Instance: ADC_SiTCP_RAW_TB.uut.mem_generate[8].ADC_MEM_0.inst.native_mem_module.blk_mem_gen_v8_4_4_inst, A write address: 0, B  read address: 0
blk_mem_gen_v8_4_4 collision detected at time: 409715625, Instance: ADC_SiTCP_RAW_TB.uut.mem_generate[9].ADC_MEM_0.inst.native_mem_module.blk_mem_gen_v8_4_4_inst, A write address: 0, B  read address: 0
blk_mem_gen_v8_4_4 collision detected at time: 409715625, Instance: ADC_SiTCP_RAW_TB.uut.mem_generate[10].ADC_MEM_0.inst.native_mem_module.blk_mem_gen_v8_4_4_inst, A write address: 0, B  read address: 0
blk_mem_gen_v8_4_4 collision detected at time: 409715625, Instance: ADC_SiTCP_RAW_TB.uut.mem_generate[11].ADC_MEM_0.inst.native_mem_module.blk_mem_gen_v8_4_4_inst, A write address: 0, B  read address: 0
blk_mem_gen_v8_4_4 collision detected at time: 409715625, Instance: ADC_SiTCP_RAW_TB.uut.mem_generate[12].ADC_MEM_0.inst.native_mem_module.blk_mem_gen_v8_4_4_inst, A write address: 0, B  read address: 0
blk_mem_gen_v8_4_4 collision detected at time: 409715625, Instance: ADC_SiTCP_RAW_TB.uut.mem_generate[13].ADC_MEM_0.inst.native_mem_module.blk_mem_gen_v8_4_4_inst, A write address: 0, B  read address: 0
blk_mem_gen_v8_4_4 collision detected at time: 409715625, Instance: ADC_SiTCP_RAW_TB.uut.mem_generate[14].ADC_MEM_0.inst.native_mem_module.blk_mem_gen_v8_4_4_inst, A write address: 0, B  read address: 0
blk_mem_gen_v8_4_4 collision detected at time: 409715625, Instance: ADC_SiTCP_RAW_TB.uut.mem_generate[15].ADC_MEM_0.inst.native_mem_module.blk_mem_gen_v8_4_4_inst, A write address: 0, B  read address: 0
blk_mem_gen_v8_4_4 collision detected at time: 409715625, Instance: ADC_SiTCP_RAW_TB.uut.mem_generate[16].ADC_MEM_0.inst.native_mem_module.blk_mem_gen_v8_4_4_inst, A write address: 0, B  read address: 0
blk_mem_gen_v8_4_4 collision detected at time: 409715625, Instance: ADC_SiTCP_RAW_TB.uut.mem_generate[17].ADC_MEM_0.inst.native_mem_module.blk_mem_gen_v8_4_4_inst, A write address: 0, B  read address: 0
blk_mem_gen_v8_4_4 collision detected at time: 409715625, Instance: ADC_SiTCP_RAW_TB.uut.mem_generate[18].ADC_MEM_0.inst.native_mem_module.blk_mem_gen_v8_4_4_inst, A write address: 0, B  read address: 0
blk_mem_gen_v8_4_4 collision detected at time: 409715625, Instance: ADC_SiTCP_RAW_TB.uut.mem_generate[19].ADC_MEM_0.inst.native_mem_module.blk_mem_gen_v8_4_4_inst, A write address: 0, B  read address: 0
blk_mem_gen_v8_4_4 collision detected at time: 409715625, Instance: ADC_SiTCP_RAW_TB.uut.mem_generate[20].ADC_MEM_0.inst.native_mem_module.blk_mem_gen_v8_4_4_inst, A write address: 0, B  read address: 0
blk_mem_gen_v8_4_4 collision detected at time: 409715625, Instance: ADC_SiTCP_RAW_TB.uut.mem_generate[21].ADC_MEM_0.inst.native_mem_module.blk_mem_gen_v8_4_4_inst, A write address: 0, B  read address: 0
blk_mem_gen_v8_4_4 collision detected at time: 409715625, Instance: ADC_SiTCP_RAW_TB.uut.mem_generate[22].ADC_MEM_0.inst.native_mem_module.blk_mem_gen_v8_4_4_inst, A write address: 0, B  read address: 0
blk_mem_gen_v8_4_4 collision detected at time: 409715625, Instance: ADC_SiTCP_RAW_TB.uut.mem_generate[23].ADC_MEM_0.inst.native_mem_module.blk_mem_gen_v8_4_4_inst, A write address: 0, B  read address: 0
blk_mem_gen_v8_4_4 collision detected at time: 409715625, Instance: ADC_SiTCP_RAW_TB.uut.mem_generate[24].ADC_MEM_0.inst.native_mem_module.blk_mem_gen_v8_4_4_inst, A write address: 0, B  read address: 0
blk_mem_gen_v8_4_4 collision detected at time: 409715625, Instance: ADC_SiTCP_RAW_TB.uut.mem_generate[25].ADC_MEM_0.inst.native_mem_module.blk_mem_gen_v8_4_4_inst, A write address: 0, B  read address: 0
blk_mem_gen_v8_4_4 collision detected at time: 409715625, Instance: ADC_SiTCP_RAW_TB.uut.mem_generate[26].ADC_MEM_0.inst.native_mem_module.blk_mem_gen_v8_4_4_inst, A write address: 0, B  read address: 0
blk_mem_gen_v8_4_4 collision detected at time: 409715625, Instance: ADC_SiTCP_RAW_TB.uut.mem_generate[27].ADC_MEM_0.inst.native_mem_module.blk_mem_gen_v8_4_4_inst, A write address: 0, B  read address: 0
blk_mem_gen_v8_4_4 collision detected at time: 409715625, Instance: ADC_SiTCP_RAW_TB.uut.mem_generate[28].ADC_MEM_0.inst.native_mem_module.blk_mem_gen_v8_4_4_inst, A write address: 0, B  read address: 0
blk_mem_gen_v8_4_4 collision detected at time: 409715625, Instance: ADC_SiTCP_RAW_TB.uut.mem_generate[29].ADC_MEM_0.inst.native_mem_module.blk_mem_gen_v8_4_4_inst, A write address: 0, B  read address: 0
blk_mem_gen_v8_4_4 collision detected at time: 409715625, Instance: ADC_SiTCP_RAW_TB.uut.mem_generate[30].ADC_MEM_0.inst.native_mem_module.blk_mem_gen_v8_4_4_inst, A write address: 0, B  read address: 0
blk_mem_gen_v8_4_4 collision detected at time: 409715625, Instance: ADC_SiTCP_RAW_TB.uut.mem_generate[31].ADC_MEM_0.inst.native_mem_module.blk_mem_gen_v8_4_4_inst, A write address: 0, B  read address: 0
blk_mem_gen_v8_4_4 collision detected at time: 409715625, Instance: ADC_SiTCP_RAW_TB.uut.mem_generate[32].ADC_MEM_0.inst.native_mem_module.blk_mem_gen_v8_4_4_inst, A write address: 0, B  read address: 0
blk_mem_gen_v8_4_4 collision detected at time: 409715625, Instance: ADC_SiTCP_RAW_TB.uut.mem_generate[33].ADC_MEM_0.inst.native_mem_module.blk_mem_gen_v8_4_4_inst, A write address: 0, B  read address: 0
blk_mem_gen_v8_4_4 collision detected at time: 409715625, Instance: ADC_SiTCP_RAW_TB.uut.mem_generate[34].ADC_MEM_0.inst.native_mem_module.blk_mem_gen_v8_4_4_inst, A write address: 0, B  read address: 0
blk_mem_gen_v8_4_4 collision detected at time: 409715625, Instance: ADC_SiTCP_RAW_TB.uut.mem_generate[35].ADC_MEM_0.inst.native_mem_module.blk_mem_gen_v8_4_4_inst, A write address: 0, B  read address: 0
blk_mem_gen_v8_4_4 collision detected at time: 460915625, Instance: ADC_SiTCP_RAW_TB.uut.mem_generate[0].ADC_MEM_0.inst.native_mem_module.blk_mem_gen_v8_4_4_inst, A write address: 0, B  read address: 0
blk_mem_gen_v8_4_4 collision detected at time: 460915625, Instance: ADC_SiTCP_RAW_TB.uut.mem_generate[1].ADC_MEM_0.inst.native_mem_module.blk_mem_gen_v8_4_4_inst, A write address: 0, B  read address: 0
blk_mem_gen_v8_4_4 collision detected at time: 460915625, Instance: ADC_SiTCP_RAW_TB.uut.mem_generate[2].ADC_MEM_0.inst.native_mem_module.blk_mem_gen_v8_4_4_inst, A write address: 0, B  read address: 0
blk_mem_gen_v8_4_4 collision detected at time: 460915625, Instance: ADC_SiTCP_RAW_TB.uut.mem_generate[3].ADC_MEM_0.inst.native_mem_module.blk_mem_gen_v8_4_4_inst, A write address: 0, B  read address: 0
blk_mem_gen_v8_4_4 collision detected at time: 460915625, Instance: ADC_SiTCP_RAW_TB.uut.mem_generate[4].ADC_MEM_0.inst.native_mem_module.blk_mem_gen_v8_4_4_inst, A write address: 0, B  read address: 0
blk_mem_gen_v8_4_4 collision detected at time: 460915625, Instance: ADC_SiTCP_RAW_TB.uut.mem_generate[5].ADC_MEM_0.inst.native_mem_module.blk_mem_gen_v8_4_4_inst, A write address: 0, B  read address: 0
blk_mem_gen_v8_4_4 collision detected at time: 460915625, Instance: ADC_SiTCP_RAW_TB.uut.mem_generate[6].ADC_MEM_0.inst.native_mem_module.blk_mem_gen_v8_4_4_inst, A write address: 0, B  read address: 0
blk_mem_gen_v8_4_4 collision detected at time: 460915625, Instance: ADC_SiTCP_RAW_TB.uut.mem_generate[7].ADC_MEM_0.inst.native_mem_module.blk_mem_gen_v8_4_4_inst, A write address: 0, B  read address: 0
blk_mem_gen_v8_4_4 collision detected at time: 460915625, Instance: ADC_SiTCP_RAW_TB.uut.mem_generate[8].ADC_MEM_0.inst.native_mem_module.blk_mem_gen_v8_4_4_inst, A write address: 0, B  read address: 0
blk_mem_gen_v8_4_4 collision detected at time: 460915625, Instance: ADC_SiTCP_RAW_TB.uut.mem_generate[9].ADC_MEM_0.inst.native_mem_module.blk_mem_gen_v8_4_4_inst, A write address: 0, B  read address: 0
blk_mem_gen_v8_4_4 collision detected at time: 460915625, Instance: ADC_SiTCP_RAW_TB.uut.mem_generate[10].ADC_MEM_0.inst.native_mem_module.blk_mem_gen_v8_4_4_inst, A write address: 0, B  read address: 0
blk_mem_gen_v8_4_4 collision detected at time: 460915625, Instance: ADC_SiTCP_RAW_TB.uut.mem_generate[11].ADC_MEM_0.inst.native_mem_module.blk_mem_gen_v8_4_4_inst, A write address: 0, B  read address: 0
blk_mem_gen_v8_4_4 collision detected at time: 460915625, Instance: ADC_SiTCP_RAW_TB.uut.mem_generate[12].ADC_MEM_0.inst.native_mem_module.blk_mem_gen_v8_4_4_inst, A write address: 0, B  read address: 0
blk_mem_gen_v8_4_4 collision detected at time: 460915625, Instance: ADC_SiTCP_RAW_TB.uut.mem_generate[13].ADC_MEM_0.inst.native_mem_module.blk_mem_gen_v8_4_4_inst, A write address: 0, B  read address: 0
blk_mem_gen_v8_4_4 collision detected at time: 460915625, Instance: ADC_SiTCP_RAW_TB.uut.mem_generate[14].ADC_MEM_0.inst.native_mem_module.blk_mem_gen_v8_4_4_inst, A write address: 0, B  read address: 0
blk_mem_gen_v8_4_4 collision detected at time: 460915625, Instance: ADC_SiTCP_RAW_TB.uut.mem_generate[15].ADC_MEM_0.inst.native_mem_module.blk_mem_gen_v8_4_4_inst, A write address: 0, B  read address: 0
blk_mem_gen_v8_4_4 collision detected at time: 460915625, Instance: ADC_SiTCP_RAW_TB.uut.mem_generate[16].ADC_MEM_0.inst.native_mem_module.blk_mem_gen_v8_4_4_inst, A write address: 0, B  read address: 0
blk_mem_gen_v8_4_4 collision detected at time: 460915625, Instance: ADC_SiTCP_RAW_TB.uut.mem_generate[17].ADC_MEM_0.inst.native_mem_module.blk_mem_gen_v8_4_4_inst, A write address: 0, B  read address: 0
blk_mem_gen_v8_4_4 collision detected at time: 460915625, Instance: ADC_SiTCP_RAW_TB.uut.mem_generate[18].ADC_MEM_0.inst.native_mem_module.blk_mem_gen_v8_4_4_inst, A write address: 0, B  read address: 0
blk_mem_gen_v8_4_4 collision detected at time: 460915625, Instance: ADC_SiTCP_RAW_TB.uut.mem_generate[19].ADC_MEM_0.inst.native_mem_module.blk_mem_gen_v8_4_4_inst, A write address: 0, B  read address: 0
blk_mem_gen_v8_4_4 collision detected at time: 460915625, Instance: ADC_SiTCP_RAW_TB.uut.mem_generate[20].ADC_MEM_0.inst.native_mem_module.blk_mem_gen_v8_4_4_inst, A write address: 0, B  read address: 0
blk_mem_gen_v8_4_4 collision detected at time: 460915625, Instance: ADC_SiTCP_RAW_TB.uut.mem_generate[21].ADC_MEM_0.inst.native_mem_module.blk_mem_gen_v8_4_4_inst, A write address: 0, B  read address: 0
blk_mem_gen_v8_4_4 collision detected at time: 460915625, Instance: ADC_SiTCP_RAW_TB.uut.mem_generate[22].ADC_MEM_0.inst.native_mem_module.blk_mem_gen_v8_4_4_inst, A write address: 0, B  read address: 0
blk_mem_gen_v8_4_4 collision detected at time: 460915625, Instance: ADC_SiTCP_RAW_TB.uut.mem_generate[23].ADC_MEM_0.inst.native_mem_module.blk_mem_gen_v8_4_4_inst, A write address: 0, B  read address: 0
blk_mem_gen_v8_4_4 collision detected at time: 460915625, Instance: ADC_SiTCP_RAW_TB.uut.mem_generate[24].ADC_MEM_0.inst.native_mem_module.blk_mem_gen_v8_4_4_inst, A write address: 0, B  read address: 0
blk_mem_gen_v8_4_4 collision detected at time: 460915625, Instance: ADC_SiTCP_RAW_TB.uut.mem_generate[25].ADC_MEM_0.inst.native_mem_module.blk_mem_gen_v8_4_4_inst, A write address: 0, B  read address: 0
blk_mem_gen_v8_4_4 collision detected at time: 460915625, Instance: ADC_SiTCP_RAW_TB.uut.mem_generate[26].ADC_MEM_0.inst.native_mem_module.blk_mem_gen_v8_4_4_inst, A write address: 0, B  read address: 0
blk_mem_gen_v8_4_4 collision detected at time: 460915625, Instance: ADC_SiTCP_RAW_TB.uut.mem_generate[27].ADC_MEM_0.inst.native_mem_module.blk_mem_gen_v8_4_4_inst, A write address: 0, B  read address: 0
blk_mem_gen_v8_4_4 collision detected at time: 460915625, Instance: ADC_SiTCP_RAW_TB.uut.mem_generate[28].ADC_MEM_0.inst.native_mem_module.blk_mem_gen_v8_4_4_inst, A write address: 0, B  read address: 0
blk_mem_gen_v8_4_4 collision detected at time: 460915625, Instance: ADC_SiTCP_RAW_TB.uut.mem_generate[29].ADC_MEM_0.inst.native_mem_module.blk_mem_gen_v8_4_4_inst, A write address: 0, B  read address: 0
blk_mem_gen_v8_4_4 collision detected at time: 460915625, Instance: ADC_SiTCP_RAW_TB.uut.mem_generate[30].ADC_MEM_0.inst.native_mem_module.blk_mem_gen_v8_4_4_inst, A write address: 0, B  read address: 0
blk_mem_gen_v8_4_4 collision detected at time: 460915625, Instance: ADC_SiTCP_RAW_TB.uut.mem_generate[31].ADC_MEM_0.inst.native_mem_module.blk_mem_gen_v8_4_4_inst, A write address: 0, B  read address: 0
blk_mem_gen_v8_4_4 collision detected at time: 460915625, Instance: ADC_SiTCP_RAW_TB.uut.mem_generate[32].ADC_MEM_0.inst.native_mem_module.blk_mem_gen_v8_4_4_inst, A write address: 0, B  read address: 0
blk_mem_gen_v8_4_4 collision detected at time: 460915625, Instance: ADC_SiTCP_RAW_TB.uut.mem_generate[33].ADC_MEM_0.inst.native_mem_module.blk_mem_gen_v8_4_4_inst, A write address: 0, B  read address: 0
blk_mem_gen_v8_4_4 collision detected at time: 460915625, Instance: ADC_SiTCP_RAW_TB.uut.mem_generate[34].ADC_MEM_0.inst.native_mem_module.blk_mem_gen_v8_4_4_inst, A write address: 0, B  read address: 0
blk_mem_gen_v8_4_4 collision detected at time: 460915625, Instance: ADC_SiTCP_RAW_TB.uut.mem_generate[35].ADC_MEM_0.inst.native_mem_module.blk_mem_gen_v8_4_4_inst, A write address: 0, B  read address: 0
blk_mem_gen_v8_4_4 collision detected at time: 512115625, Instance: ADC_SiTCP_RAW_TB.uut.mem_generate[0].ADC_MEM_0.inst.native_mem_module.blk_mem_gen_v8_4_4_inst, A write address: 0, B  read address: 0
blk_mem_gen_v8_4_4 collision detected at time: 512115625, Instance: ADC_SiTCP_RAW_TB.uut.mem_generate[1].ADC_MEM_0.inst.native_mem_module.blk_mem_gen_v8_4_4_inst, A write address: 0, B  read address: 0
blk_mem_gen_v8_4_4 collision detected at time: 512115625, Instance: ADC_SiTCP_RAW_TB.uut.mem_generate[2].ADC_MEM_0.inst.native_mem_module.blk_mem_gen_v8_4_4_inst, A write address: 0, B  read address: 0
blk_mem_gen_v8_4_4 collision detected at time: 512115625, Instance: ADC_SiTCP_RAW_TB.uut.mem_generate[3].ADC_MEM_0.inst.native_mem_module.blk_mem_gen_v8_4_4_inst, A write address: 0, B  read address: 0
blk_mem_gen_v8_4_4 collision detected at time: 512115625, Instance: ADC_SiTCP_RAW_TB.uut.mem_generate[4].ADC_MEM_0.inst.native_mem_module.blk_mem_gen_v8_4_4_inst, A write address: 0, B  read address: 0
blk_mem_gen_v8_4_4 collision detected at time: 512115625, Instance: ADC_SiTCP_RAW_TB.uut.mem_generate[5].ADC_MEM_0.inst.native_mem_module.blk_mem_gen_v8_4_4_inst, A write address: 0, B  read address: 0
blk_mem_gen_v8_4_4 collision detected at time: 512115625, Instance: ADC_SiTCP_RAW_TB.uut.mem_generate[6].ADC_MEM_0.inst.native_mem_module.blk_mem_gen_v8_4_4_inst, A write address: 0, B  read address: 0
blk_mem_gen_v8_4_4 collision detected at time: 512115625, Instance: ADC_SiTCP_RAW_TB.uut.mem_generate[7].ADC_MEM_0.inst.native_mem_module.blk_mem_gen_v8_4_4_inst, A write address: 0, B  read address: 0
blk_mem_gen_v8_4_4 collision detected at time: 512115625, Instance: ADC_SiTCP_RAW_TB.uut.mem_generate[8].ADC_MEM_0.inst.native_mem_module.blk_mem_gen_v8_4_4_inst, A write address: 0, B  read address: 0
blk_mem_gen_v8_4_4 collision detected at time: 512115625, Instance: ADC_SiTCP_RAW_TB.uut.mem_generate[9].ADC_MEM_0.inst.native_mem_module.blk_mem_gen_v8_4_4_inst, A write address: 0, B  read address: 0
blk_mem_gen_v8_4_4 collision detected at time: 512115625, Instance: ADC_SiTCP_RAW_TB.uut.mem_generate[10].ADC_MEM_0.inst.native_mem_module.blk_mem_gen_v8_4_4_inst, A write address: 0, B  read address: 0
blk_mem_gen_v8_4_4 collision detected at time: 512115625, Instance: ADC_SiTCP_RAW_TB.uut.mem_generate[11].ADC_MEM_0.inst.native_mem_module.blk_mem_gen_v8_4_4_inst, A write address: 0, B  read address: 0
blk_mem_gen_v8_4_4 collision detected at time: 512115625, Instance: ADC_SiTCP_RAW_TB.uut.mem_generate[12].ADC_MEM_0.inst.native_mem_module.blk_mem_gen_v8_4_4_inst, A write address: 0, B  read address: 0
blk_mem_gen_v8_4_4 collision detected at time: 512115625, Instance: ADC_SiTCP_RAW_TB.uut.mem_generate[13].ADC_MEM_0.inst.native_mem_module.blk_mem_gen_v8_4_4_inst, A write address: 0, B  read address: 0
blk_mem_gen_v8_4_4 collision detected at time: 512115625, Instance: ADC_SiTCP_RAW_TB.uut.mem_generate[14].ADC_MEM_0.inst.native_mem_module.blk_mem_gen_v8_4_4_inst, A write address: 0, B  read address: 0
blk_mem_gen_v8_4_4 collision detected at time: 512115625, Instance: ADC_SiTCP_RAW_TB.uut.mem_generate[15].ADC_MEM_0.inst.native_mem_module.blk_mem_gen_v8_4_4_inst, A write address: 0, B  read address: 0
blk_mem_gen_v8_4_4 collision detected at time: 512115625, Instance: ADC_SiTCP_RAW_TB.uut.mem_generate[16].ADC_MEM_0.inst.native_mem_module.blk_mem_gen_v8_4_4_inst, A write address: 0, B  read address: 0
blk_mem_gen_v8_4_4 collision detected at time: 512115625, Instance: ADC_SiTCP_RAW_TB.uut.mem_generate[17].ADC_MEM_0.inst.native_mem_module.blk_mem_gen_v8_4_4_inst, A write address: 0, B  read address: 0
blk_mem_gen_v8_4_4 collision detected at time: 512115625, Instance: ADC_SiTCP_RAW_TB.uut.mem_generate[18].ADC_MEM_0.inst.native_mem_module.blk_mem_gen_v8_4_4_inst, A write address: 0, B  read address: 0
blk_mem_gen_v8_4_4 collision detected at time: 512115625, Instance: ADC_SiTCP_RAW_TB.uut.mem_generate[19].ADC_MEM_0.inst.native_mem_module.blk_mem_gen_v8_4_4_inst, A write address: 0, B  read address: 0
blk_mem_gen_v8_4_4 collision detected at time: 512115625, Instance: ADC_SiTCP_RAW_TB.uut.mem_generate[20].ADC_MEM_0.inst.native_mem_module.blk_mem_gen_v8_4_4_inst, A write address: 0, B  read address: 0
blk_mem_gen_v8_4_4 collision detected at time: 512115625, Instance: ADC_SiTCP_RAW_TB.uut.mem_generate[21].ADC_MEM_0.inst.native_mem_module.blk_mem_gen_v8_4_4_inst, A write address: 0, B  read address: 0
blk_mem_gen_v8_4_4 collision detected at time: 512115625, Instance: ADC_SiTCP_RAW_TB.uut.mem_generate[22].ADC_MEM_0.inst.native_mem_module.blk_mem_gen_v8_4_4_inst, A write address: 0, B  read address: 0
blk_mem_gen_v8_4_4 collision detected at time: 512115625, Instance: ADC_SiTCP_RAW_TB.uut.mem_generate[23].ADC_MEM_0.inst.native_mem_module.blk_mem_gen_v8_4_4_inst, A write address: 0, B  read address: 0
blk_mem_gen_v8_4_4 collision detected at time: 512115625, Instance: ADC_SiTCP_RAW_TB.uut.mem_generate[24].ADC_MEM_0.inst.native_mem_module.blk_mem_gen_v8_4_4_inst, A write address: 0, B  read address: 0
blk_mem_gen_v8_4_4 collision detected at time: 512115625, Instance: ADC_SiTCP_RAW_TB.uut.mem_generate[25].ADC_MEM_0.inst.native_mem_module.blk_mem_gen_v8_4_4_inst, A write address: 0, B  read address: 0
blk_mem_gen_v8_4_4 collision detected at time: 512115625, Instance: ADC_SiTCP_RAW_TB.uut.mem_generate[26].ADC_MEM_0.inst.native_mem_module.blk_mem_gen_v8_4_4_inst, A write address: 0, B  read address: 0
blk_mem_gen_v8_4_4 collision detected at time: 512115625, Instance: ADC_SiTCP_RAW_TB.uut.mem_generate[27].ADC_MEM_0.inst.native_mem_module.blk_mem_gen_v8_4_4_inst, A write address: 0, B  read address: 0
blk_mem_gen_v8_4_4 collision detected at time: 512115625, Instance: ADC_SiTCP_RAW_TB.uut.mem_generate[28].ADC_MEM_0.inst.native_mem_module.blk_mem_gen_v8_4_4_inst, A write address: 0, B  read address: 0
blk_mem_gen_v8_4_4 collision detected at time: 512115625, Instance: ADC_SiTCP_RAW_TB.uut.mem_generate[29].ADC_MEM_0.inst.native_mem_module.blk_mem_gen_v8_4_4_inst, A write address: 0, B  read address: 0
blk_mem_gen_v8_4_4 collision detected at time: 512115625, Instance: ADC_SiTCP_RAW_TB.uut.mem_generate[30].ADC_MEM_0.inst.native_mem_module.blk_mem_gen_v8_4_4_inst, A write address: 0, B  read address: 0
blk_mem_gen_v8_4_4 collision detected at time: 512115625, Instance: ADC_SiTCP_RAW_TB.uut.mem_generate[31].ADC_MEM_0.inst.native_mem_module.blk_mem_gen_v8_4_4_inst, A write address: 0, B  read address: 0
blk_mem_gen_v8_4_4 collision detected at time: 512115625, Instance: ADC_SiTCP_RAW_TB.uut.mem_generate[32].ADC_MEM_0.inst.native_mem_module.blk_mem_gen_v8_4_4_inst, A write address: 0, B  read address: 0
blk_mem_gen_v8_4_4 collision detected at time: 512115625, Instance: ADC_SiTCP_RAW_TB.uut.mem_generate[33].ADC_MEM_0.inst.native_mem_module.blk_mem_gen_v8_4_4_inst, A write address: 0, B  read address: 0
blk_mem_gen_v8_4_4 collision detected at time: 512115625, Instance: ADC_SiTCP_RAW_TB.uut.mem_generate[34].ADC_MEM_0.inst.native_mem_module.blk_mem_gen_v8_4_4_inst, A write address: 0, B  read address: 0
blk_mem_gen_v8_4_4 collision detected at time: 512115625, Instance: ADC_SiTCP_RAW_TB.uut.mem_generate[35].ADC_MEM_0.inst.native_mem_module.blk_mem_gen_v8_4_4_inst, A write address: 0, B  read address: 0
