Vivado Simulator 2019.2
Time resolution is 1 ps
Block Memory Generator module ADC_SiTCP_RING_TB.uut.mem_8_4K_generate[0].ADC_MEM_0.inst.native_mem_module.blk_mem_gen_v8_4_4_inst is using a behavioral model for simulation which will not precisely model memory collision behavior.
Block Memory Generator module ADC_SiTCP_RING_TB.uut.mem_8_4K_generate[1].ADC_MEM_0.inst.native_mem_module.blk_mem_gen_v8_4_4_inst is using a behavioral model for simulation which will not precisely model memory collision behavior.
Block Memory Generator module ADC_SiTCP_RING_TB.uut.mem_8_4K_generate[2].ADC_MEM_0.inst.native_mem_module.blk_mem_gen_v8_4_4_inst is using a behavioral model for simulation which will not precisely model memory collision behavior.
Block Memory Generator module ADC_SiTCP_RING_TB.uut.mem_8_4K_generate[3].ADC_MEM_0.inst.native_mem_module.blk_mem_gen_v8_4_4_inst is using a behavioral model for simulation which will not precisely model memory collision behavior.
Block Memory Generator module ADC_SiTCP_RING_TB.uut.mem_8_4K_generate[4].ADC_MEM_0.inst.native_mem_module.blk_mem_gen_v8_4_4_inst is using a behavioral model for simulation which will not precisely model memory collision behavior.
Block Memory Generator module ADC_SiTCP_RING_TB.uut.mem_8_4K_generate[5].ADC_MEM_0.inst.native_mem_module.blk_mem_gen_v8_4_4_inst is using a behavioral model for simulation which will not precisely model memory collision behavior.
Block Memory Generator module ADC_SiTCP_RING_TB.uut.mem_8_4K_generate[6].ADC_MEM_0.inst.native_mem_module.blk_mem_gen_v8_4_4_inst is using a behavioral model for simulation which will not precisely model memory collision behavior.
Block Memory Generator module ADC_SiTCP_RING_TB.uut.mem_8_4K_generate[7].ADC_MEM_0.inst.native_mem_module.blk_mem_gen_v8_4_4_inst is using a behavioral model for simulation which will not precisely model memory collision behavior.
Block Memory Generator module ADC_SiTCP_RING_TB.uut.mem_8_4K_generate[8].ADC_MEM_0.inst.native_mem_module.blk_mem_gen_v8_4_4_inst is using a behavioral model for simulation which will not precisely model memory collision behavior.
Block Memory Generator module ADC_SiTCP_RING_TB.uut.mem_8_4K_generate[9].ADC_MEM_0.inst.native_mem_module.blk_mem_gen_v8_4_4_inst is using a behavioral model for simulation which will not precisely model memory collision behavior.
Block Memory Generator module ADC_SiTCP_RING_TB.uut.mem_8_4K_generate[10].ADC_MEM_0.inst.native_mem_module.blk_mem_gen_v8_4_4_inst is using a behavioral model for simulation which will not precisely model memory collision behavior.
Block Memory Generator module ADC_SiTCP_RING_TB.uut.mem_8_4K_generate[11].ADC_MEM_0.inst.native_mem_module.blk_mem_gen_v8_4_4_inst is using a behavioral model for simulation which will not precisely model memory collision behavior.
Block Memory Generator module ADC_SiTCP_RING_TB.uut.mem_8_4K_generate[12].ADC_MEM_0.inst.native_mem_module.blk_mem_gen_v8_4_4_inst is using a behavioral model for simulation which will not precisely model memory collision behavior.
Block Memory Generator module ADC_SiTCP_RING_TB.uut.mem_8_4K_generate[13].ADC_MEM_0.inst.native_mem_module.blk_mem_gen_v8_4_4_inst is using a behavioral model for simulation which will not precisely model memory collision behavior.
Block Memory Generator module ADC_SiTCP_RING_TB.uut.mem_8_4K_generate[14].ADC_MEM_0.inst.native_mem_module.blk_mem_gen_v8_4_4_inst is using a behavioral model for simulation which will not precisely model memory collision behavior.
Block Memory Generator module ADC_SiTCP_RING_TB.uut.mem_8_4K_generate[15].ADC_MEM_0.inst.native_mem_module.blk_mem_gen_v8_4_4_inst is using a behavioral model for simulation which will not precisely model memory collision behavior.
Block Memory Generator module ADC_SiTCP_RING_TB.uut.mem_8_4K_generate[16].ADC_MEM_0.inst.native_mem_module.blk_mem_gen_v8_4_4_inst is using a behavioral model for simulation which will not precisely model memory collision behavior.
Block Memory Generator module ADC_SiTCP_RING_TB.uut.mem_8_4K_generate[17].ADC_MEM_0.inst.native_mem_module.blk_mem_gen_v8_4_4_inst is using a behavioral model for simulation which will not precisely model memory collision behavior.
Block Memory Generator module ADC_SiTCP_RING_TB.uut.mem_8_4K_generate[18].ADC_MEM_0.inst.native_mem_module.blk_mem_gen_v8_4_4_inst is using a behavioral model for simulation which will not precisely model memory collision behavior.
Block Memory Generator module ADC_SiTCP_RING_TB.uut.mem_8_4K_generate[19].ADC_MEM_0.inst.native_mem_module.blk_mem_gen_v8_4_4_inst is using a behavioral model for simulation which will not precisely model memory collision behavior.
Block Memory Generator module ADC_SiTCP_RING_TB.uut.mem_8_4K_generate[20].ADC_MEM_0.inst.native_mem_module.blk_mem_gen_v8_4_4_inst is using a behavioral model for simulation which will not precisely model memory collision behavior.
Block Memory Generator module ADC_SiTCP_RING_TB.uut.mem_8_4K_generate[21].ADC_MEM_0.inst.native_mem_module.blk_mem_gen_v8_4_4_inst is using a behavioral model for simulation which will not precisely model memory collision behavior.
Block Memory Generator module ADC_SiTCP_RING_TB.uut.mem_8_4K_generate[22].ADC_MEM_0.inst.native_mem_module.blk_mem_gen_v8_4_4_inst is using a behavioral model for simulation which will not precisely model memory collision behavior.
Block Memory Generator module ADC_SiTCP_RING_TB.uut.mem_8_4K_generate[23].ADC_MEM_0.inst.native_mem_module.blk_mem_gen_v8_4_4_inst is using a behavioral model for simulation which will not precisely model memory collision behavior.
Block Memory Generator module ADC_SiTCP_RING_TB.uut.mem_8_4K_generate[24].ADC_MEM_0.inst.native_mem_module.blk_mem_gen_v8_4_4_inst is using a behavioral model for simulation which will not precisely model memory collision behavior.
Block Memory Generator module ADC_SiTCP_RING_TB.uut.mem_8_4K_generate[25].ADC_MEM_0.inst.native_mem_module.blk_mem_gen_v8_4_4_inst is using a behavioral model for simulation which will not precisely model memory collision behavior.
Block Memory Generator module ADC_SiTCP_RING_TB.uut.mem_8_4K_generate[26].ADC_MEM_0.inst.native_mem_module.blk_mem_gen_v8_4_4_inst is using a behavioral model for simulation which will not precisely model memory collision behavior.
Block Memory Generator module ADC_SiTCP_RING_TB.uut.mem_8_4K_generate[27].ADC_MEM_0.inst.native_mem_module.blk_mem_gen_v8_4_4_inst is using a behavioral model for simulation which will not precisely model memory collision behavior.
Block Memory Generator module ADC_SiTCP_RING_TB.uut.mem_8_4K_generate[28].ADC_MEM_0.inst.native_mem_module.blk_mem_gen_v8_4_4_inst is using a behavioral model for simulation which will not precisely model memory collision behavior.
Block Memory Generator module ADC_SiTCP_RING_TB.uut.mem_8_4K_generate[29].ADC_MEM_0.inst.native_mem_module.blk_mem_gen_v8_4_4_inst is using a behavioral model for simulation which will not precisely model memory collision behavior.
Block Memory Generator module ADC_SiTCP_RING_TB.uut.mem_8_4K_generate[30].ADC_MEM_0.inst.native_mem_module.blk_mem_gen_v8_4_4_inst is using a behavioral model for simulation which will not precisely model memory collision behavior.
Block Memory Generator module ADC_SiTCP_RING_TB.uut.mem_8_4K_generate[31].ADC_MEM_0.inst.native_mem_module.blk_mem_gen_v8_4_4_inst is using a behavioral model for simulation which will not precisely model memory collision behavior.
Block Memory Generator module ADC_SiTCP_RING_TB.uut.mem_8_4K_generate[32].ADC_MEM_0.inst.native_mem_module.blk_mem_gen_v8_4_4_inst is using a behavioral model for simulation which will not precisely model memory collision behavior.
Block Memory Generator module ADC_SiTCP_RING_TB.uut.mem_8_4K_generate[33].ADC_MEM_0.inst.native_mem_module.blk_mem_gen_v8_4_4_inst is using a behavioral model for simulation which will not precisely model memory collision behavior.
Block Memory Generator module ADC_SiTCP_RING_TB.uut.mem_8_4K_generate[34].ADC_MEM_0.inst.native_mem_module.blk_mem_gen_v8_4_4_inst is using a behavioral model for simulation which will not precisely model memory collision behavior.
Block Memory Generator module ADC_SiTCP_RING_TB.uut.mem_8_4K_generate[35].ADC_MEM_0.inst.native_mem_module.blk_mem_gen_v8_4_4_inst is using a behavioral model for simulation which will not precisely model memory collision behavior.
blk_mem_gen_v8_4_4 collision detected at time: 600000, Instance: ADC_SiTCP_RING_TB.uut.mem_8_4K_generate[0].ADC_MEM_0.inst.native_mem_module.blk_mem_gen_v8_4_4_inst, A write address: 0, B  read address: 0
blk_mem_gen_v8_4_4 collision detected at time: 600000, Instance: ADC_SiTCP_RING_TB.uut.mem_8_4K_generate[1].ADC_MEM_0.inst.native_mem_module.blk_mem_gen_v8_4_4_inst, A write address: 0, B  read address: 0
blk_mem_gen_v8_4_4 collision detected at time: 600000, Instance: ADC_SiTCP_RING_TB.uut.mem_8_4K_generate[2].ADC_MEM_0.inst.native_mem_module.blk_mem_gen_v8_4_4_inst, A write address: 0, B  read address: 0
blk_mem_gen_v8_4_4 collision detected at time: 600000, Instance: ADC_SiTCP_RING_TB.uut.mem_8_4K_generate[3].ADC_MEM_0.inst.native_mem_module.blk_mem_gen_v8_4_4_inst, A write address: 0, B  read address: 0
blk_mem_gen_v8_4_4 collision detected at time: 600000, Instance: ADC_SiTCP_RING_TB.uut.mem_8_4K_generate[4].ADC_MEM_0.inst.native_mem_module.blk_mem_gen_v8_4_4_inst, A write address: 0, B  read address: 0
blk_mem_gen_v8_4_4 collision detected at time: 600000, Instance: ADC_SiTCP_RING_TB.uut.mem_8_4K_generate[5].ADC_MEM_0.inst.native_mem_module.blk_mem_gen_v8_4_4_inst, A write address: 0, B  read address: 0
blk_mem_gen_v8_4_4 collision detected at time: 600000, Instance: ADC_SiTCP_RING_TB.uut.mem_8_4K_generate[6].ADC_MEM_0.inst.native_mem_module.blk_mem_gen_v8_4_4_inst, A write address: 0, B  read address: 0
blk_mem_gen_v8_4_4 collision detected at time: 600000, Instance: ADC_SiTCP_RING_TB.uut.mem_8_4K_generate[7].ADC_MEM_0.inst.native_mem_module.blk_mem_gen_v8_4_4_inst, A write address: 0, B  read address: 0
blk_mem_gen_v8_4_4 collision detected at time: 600000, Instance: ADC_SiTCP_RING_TB.uut.mem_8_4K_generate[8].ADC_MEM_0.inst.native_mem_module.blk_mem_gen_v8_4_4_inst, A write address: 0, B  read address: 0
blk_mem_gen_v8_4_4 collision detected at time: 600000, Instance: ADC_SiTCP_RING_TB.uut.mem_8_4K_generate[9].ADC_MEM_0.inst.native_mem_module.blk_mem_gen_v8_4_4_inst, A write address: 0, B  read address: 0
blk_mem_gen_v8_4_4 collision detected at time: 600000, Instance: ADC_SiTCP_RING_TB.uut.mem_8_4K_generate[10].ADC_MEM_0.inst.native_mem_module.blk_mem_gen_v8_4_4_inst, A write address: 0, B  read address: 0
blk_mem_gen_v8_4_4 collision detected at time: 600000, Instance: ADC_SiTCP_RING_TB.uut.mem_8_4K_generate[11].ADC_MEM_0.inst.native_mem_module.blk_mem_gen_v8_4_4_inst, A write address: 0, B  read address: 0
blk_mem_gen_v8_4_4 collision detected at time: 600000, Instance: ADC_SiTCP_RING_TB.uut.mem_8_4K_generate[12].ADC_MEM_0.inst.native_mem_module.blk_mem_gen_v8_4_4_inst, A write address: 0, B  read address: 0
blk_mem_gen_v8_4_4 collision detected at time: 600000, Instance: ADC_SiTCP_RING_TB.uut.mem_8_4K_generate[13].ADC_MEM_0.inst.native_mem_module.blk_mem_gen_v8_4_4_inst, A write address: 0, B  read address: 0
blk_mem_gen_v8_4_4 collision detected at time: 600000, Instance: ADC_SiTCP_RING_TB.uut.mem_8_4K_generate[14].ADC_MEM_0.inst.native_mem_module.blk_mem_gen_v8_4_4_inst, A write address: 0, B  read address: 0
blk_mem_gen_v8_4_4 collision detected at time: 600000, Instance: ADC_SiTCP_RING_TB.uut.mem_8_4K_generate[15].ADC_MEM_0.inst.native_mem_module.blk_mem_gen_v8_4_4_inst, A write address: 0, B  read address: 0
blk_mem_gen_v8_4_4 collision detected at time: 600000, Instance: ADC_SiTCP_RING_TB.uut.mem_8_4K_generate[16].ADC_MEM_0.inst.native_mem_module.blk_mem_gen_v8_4_4_inst, A write address: 0, B  read address: 0
blk_mem_gen_v8_4_4 collision detected at time: 600000, Instance: ADC_SiTCP_RING_TB.uut.mem_8_4K_generate[17].ADC_MEM_0.inst.native_mem_module.blk_mem_gen_v8_4_4_inst, A write address: 0, B  read address: 0
blk_mem_gen_v8_4_4 collision detected at time: 600000, Instance: ADC_SiTCP_RING_TB.uut.mem_8_4K_generate[18].ADC_MEM_0.inst.native_mem_module.blk_mem_gen_v8_4_4_inst, A write address: 0, B  read address: 0
blk_mem_gen_v8_4_4 collision detected at time: 600000, Instance: ADC_SiTCP_RING_TB.uut.mem_8_4K_generate[19].ADC_MEM_0.inst.native_mem_module.blk_mem_gen_v8_4_4_inst, A write address: 0, B  read address: 0
blk_mem_gen_v8_4_4 collision detected at time: 600000, Instance: ADC_SiTCP_RING_TB.uut.mem_8_4K_generate[20].ADC_MEM_0.inst.native_mem_module.blk_mem_gen_v8_4_4_inst, A write address: 0, B  read address: 0
blk_mem_gen_v8_4_4 collision detected at time: 600000, Instance: ADC_SiTCP_RING_TB.uut.mem_8_4K_generate[21].ADC_MEM_0.inst.native_mem_module.blk_mem_gen_v8_4_4_inst, A write address: 0, B  read address: 0
blk_mem_gen_v8_4_4 collision detected at time: 600000, Instance: ADC_SiTCP_RING_TB.uut.mem_8_4K_generate[22].ADC_MEM_0.inst.native_mem_module.blk_mem_gen_v8_4_4_inst, A write address: 0, B  read address: 0
blk_mem_gen_v8_4_4 collision detected at time: 600000, Instance: ADC_SiTCP_RING_TB.uut.mem_8_4K_generate[23].ADC_MEM_0.inst.native_mem_module.blk_mem_gen_v8_4_4_inst, A write address: 0, B  read address: 0
blk_mem_gen_v8_4_4 collision detected at time: 600000, Instance: ADC_SiTCP_RING_TB.uut.mem_8_4K_generate[24].ADC_MEM_0.inst.native_mem_module.blk_mem_gen_v8_4_4_inst, A write address: 0, B  read address: 0
blk_mem_gen_v8_4_4 collision detected at time: 600000, Instance: ADC_SiTCP_RING_TB.uut.mem_8_4K_generate[25].ADC_MEM_0.inst.native_mem_module.blk_mem_gen_v8_4_4_inst, A write address: 0, B  read address: 0
blk_mem_gen_v8_4_4 collision detected at time: 600000, Instance: ADC_SiTCP_RING_TB.uut.mem_8_4K_generate[26].ADC_MEM_0.inst.native_mem_module.blk_mem_gen_v8_4_4_inst, A write address: 0, B  read address: 0
blk_mem_gen_v8_4_4 collision detected at time: 600000, Instance: ADC_SiTCP_RING_TB.uut.mem_8_4K_generate[27].ADC_MEM_0.inst.native_mem_module.blk_mem_gen_v8_4_4_inst, A write address: 0, B  read address: 0
blk_mem_gen_v8_4_4 collision detected at time: 600000, Instance: ADC_SiTCP_RING_TB.uut.mem_8_4K_generate[28].ADC_MEM_0.inst.native_mem_module.blk_mem_gen_v8_4_4_inst, A write address: 0, B  read address: 0
blk_mem_gen_v8_4_4 collision detected at time: 600000, Instance: ADC_SiTCP_RING_TB.uut.mem_8_4K_generate[29].ADC_MEM_0.inst.native_mem_module.blk_mem_gen_v8_4_4_inst, A write address: 0, B  read address: 0
blk_mem_gen_v8_4_4 collision detected at time: 600000, Instance: ADC_SiTCP_RING_TB.uut.mem_8_4K_generate[30].ADC_MEM_0.inst.native_mem_module.blk_mem_gen_v8_4_4_inst, A write address: 0, B  read address: 0
blk_mem_gen_v8_4_4 collision detected at time: 600000, Instance: ADC_SiTCP_RING_TB.uut.mem_8_4K_generate[31].ADC_MEM_0.inst.native_mem_module.blk_mem_gen_v8_4_4_inst, A write address: 0, B  read address: 0
blk_mem_gen_v8_4_4 collision detected at time: 600000, Instance: ADC_SiTCP_RING_TB.uut.mem_8_4K_generate[32].ADC_MEM_0.inst.native_mem_module.blk_mem_gen_v8_4_4_inst, A write address: 0, B  read address: 0
blk_mem_gen_v8_4_4 collision detected at time: 600000, Instance: ADC_SiTCP_RING_TB.uut.mem_8_4K_generate[33].ADC_MEM_0.inst.native_mem_module.blk_mem_gen_v8_4_4_inst, A write address: 0, B  read address: 0
blk_mem_gen_v8_4_4 collision detected at time: 600000, Instance: ADC_SiTCP_RING_TB.uut.mem_8_4K_generate[34].ADC_MEM_0.inst.native_mem_module.blk_mem_gen_v8_4_4_inst, A write address: 0, B  read address: 0
blk_mem_gen_v8_4_4 collision detected at time: 600000, Instance: ADC_SiTCP_RING_TB.uut.mem_8_4K_generate[35].ADC_MEM_0.inst.native_mem_module.blk_mem_gen_v8_4_4_inst, A write address: 0, B  read address: 0
blk_mem_gen_v8_4_4 collision detected at time: 800000, Instance: ADC_SiTCP_RING_TB.uut.mem_8_4K_generate[0].ADC_MEM_0.inst.native_mem_module.blk_mem_gen_v8_4_4_inst, A write address: 0, B  read address: 0
blk_mem_gen_v8_4_4 collision detected at time: 800000, Instance: ADC_SiTCP_RING_TB.uut.mem_8_4K_generate[1].ADC_MEM_0.inst.native_mem_module.blk_mem_gen_v8_4_4_inst, A write address: 0, B  read address: 0
blk_mem_gen_v8_4_4 collision detected at time: 800000, Instance: ADC_SiTCP_RING_TB.uut.mem_8_4K_generate[2].ADC_MEM_0.inst.native_mem_module.blk_mem_gen_v8_4_4_inst, A write address: 0, B  read address: 0
blk_mem_gen_v8_4_4 collision detected at time: 800000, Instance: ADC_SiTCP_RING_TB.uut.mem_8_4K_generate[3].ADC_MEM_0.inst.native_mem_module.blk_mem_gen_v8_4_4_inst, A write address: 0, B  read address: 0
blk_mem_gen_v8_4_4 collision detected at time: 800000, Instance: ADC_SiTCP_RING_TB.uut.mem_8_4K_generate[4].ADC_MEM_0.inst.native_mem_module.blk_mem_gen_v8_4_4_inst, A write address: 0, B  read address: 0
blk_mem_gen_v8_4_4 collision detected at time: 800000, Instance: ADC_SiTCP_RING_TB.uut.mem_8_4K_generate[5].ADC_MEM_0.inst.native_mem_module.blk_mem_gen_v8_4_4_inst, A write address: 0, B  read address: 0
blk_mem_gen_v8_4_4 collision detected at time: 800000, Instance: ADC_SiTCP_RING_TB.uut.mem_8_4K_generate[6].ADC_MEM_0.inst.native_mem_module.blk_mem_gen_v8_4_4_inst, A write address: 0, B  read address: 0
blk_mem_gen_v8_4_4 collision detected at time: 800000, Instance: ADC_SiTCP_RING_TB.uut.mem_8_4K_generate[7].ADC_MEM_0.inst.native_mem_module.blk_mem_gen_v8_4_4_inst, A write address: 0, B  read address: 0
blk_mem_gen_v8_4_4 collision detected at time: 800000, Instance: ADC_SiTCP_RING_TB.uut.mem_8_4K_generate[8].ADC_MEM_0.inst.native_mem_module.blk_mem_gen_v8_4_4_inst, A write address: 0, B  read address: 0
blk_mem_gen_v8_4_4 collision detected at time: 800000, Instance: ADC_SiTCP_RING_TB.uut.mem_8_4K_generate[9].ADC_MEM_0.inst.native_mem_module.blk_mem_gen_v8_4_4_inst, A write address: 0, B  read address: 0
blk_mem_gen_v8_4_4 collision detected at time: 800000, Instance: ADC_SiTCP_RING_TB.uut.mem_8_4K_generate[10].ADC_MEM_0.inst.native_mem_module.blk_mem_gen_v8_4_4_inst, A write address: 0, B  read address: 0
blk_mem_gen_v8_4_4 collision detected at time: 800000, Instance: ADC_SiTCP_RING_TB.uut.mem_8_4K_generate[11].ADC_MEM_0.inst.native_mem_module.blk_mem_gen_v8_4_4_inst, A write address: 0, B  read address: 0
blk_mem_gen_v8_4_4 collision detected at time: 800000, Instance: ADC_SiTCP_RING_TB.uut.mem_8_4K_generate[12].ADC_MEM_0.inst.native_mem_module.blk_mem_gen_v8_4_4_inst, A write address: 0, B  read address: 0
blk_mem_gen_v8_4_4 collision detected at time: 800000, Instance: ADC_SiTCP_RING_TB.uut.mem_8_4K_generate[13].ADC_MEM_0.inst.native_mem_module.blk_mem_gen_v8_4_4_inst, A write address: 0, B  read address: 0
blk_mem_gen_v8_4_4 collision detected at time: 800000, Instance: ADC_SiTCP_RING_TB.uut.mem_8_4K_generate[14].ADC_MEM_0.inst.native_mem_module.blk_mem_gen_v8_4_4_inst, A write address: 0, B  read address: 0
blk_mem_gen_v8_4_4 collision detected at time: 800000, Instance: ADC_SiTCP_RING_TB.uut.mem_8_4K_generate[15].ADC_MEM_0.inst.native_mem_module.blk_mem_gen_v8_4_4_inst, A write address: 0, B  read address: 0
blk_mem_gen_v8_4_4 collision detected at time: 800000, Instance: ADC_SiTCP_RING_TB.uut.mem_8_4K_generate[16].ADC_MEM_0.inst.native_mem_module.blk_mem_gen_v8_4_4_inst, A write address: 0, B  read address: 0
blk_mem_gen_v8_4_4 collision detected at time: 800000, Instance: ADC_SiTCP_RING_TB.uut.mem_8_4K_generate[17].ADC_MEM_0.inst.native_mem_module.blk_mem_gen_v8_4_4_inst, A write address: 0, B  read address: 0
blk_mem_gen_v8_4_4 collision detected at time: 800000, Instance: ADC_SiTCP_RING_TB.uut.mem_8_4K_generate[18].ADC_MEM_0.inst.native_mem_module.blk_mem_gen_v8_4_4_inst, A write address: 0, B  read address: 0
blk_mem_gen_v8_4_4 collision detected at time: 800000, Instance: ADC_SiTCP_RING_TB.uut.mem_8_4K_generate[19].ADC_MEM_0.inst.native_mem_module.blk_mem_gen_v8_4_4_inst, A write address: 0, B  read address: 0
blk_mem_gen_v8_4_4 collision detected at time: 800000, Instance: ADC_SiTCP_RING_TB.uut.mem_8_4K_generate[20].ADC_MEM_0.inst.native_mem_module.blk_mem_gen_v8_4_4_inst, A write address: 0, B  read address: 0
blk_mem_gen_v8_4_4 collision detected at time: 800000, Instance: ADC_SiTCP_RING_TB.uut.mem_8_4K_generate[21].ADC_MEM_0.inst.native_mem_module.blk_mem_gen_v8_4_4_inst, A write address: 0, B  read address: 0
blk_mem_gen_v8_4_4 collision detected at time: 800000, Instance: ADC_SiTCP_RING_TB.uut.mem_8_4K_generate[22].ADC_MEM_0.inst.native_mem_module.blk_mem_gen_v8_4_4_inst, A write address: 0, B  read address: 0
blk_mem_gen_v8_4_4 collision detected at time: 800000, Instance: ADC_SiTCP_RING_TB.uut.mem_8_4K_generate[23].ADC_MEM_0.inst.native_mem_module.blk_mem_gen_v8_4_4_inst, A write address: 0, B  read address: 0
blk_mem_gen_v8_4_4 collision detected at time: 800000, Instance: ADC_SiTCP_RING_TB.uut.mem_8_4K_generate[24].ADC_MEM_0.inst.native_mem_module.blk_mem_gen_v8_4_4_inst, A write address: 0, B  read address: 0
blk_mem_gen_v8_4_4 collision detected at time: 800000, Instance: ADC_SiTCP_RING_TB.uut.mem_8_4K_generate[25].ADC_MEM_0.inst.native_mem_module.blk_mem_gen_v8_4_4_inst, A write address: 0, B  read address: 0
blk_mem_gen_v8_4_4 collision detected at time: 800000, Instance: ADC_SiTCP_RING_TB.uut.mem_8_4K_generate[26].ADC_MEM_0.inst.native_mem_module.blk_mem_gen_v8_4_4_inst, A write address: 0, B  read address: 0
blk_mem_gen_v8_4_4 collision detected at time: 800000, Instance: ADC_SiTCP_RING_TB.uut.mem_8_4K_generate[27].ADC_MEM_0.inst.native_mem_module.blk_mem_gen_v8_4_4_inst, A write address: 0, B  read address: 0
blk_mem_gen_v8_4_4 collision detected at time: 800000, Instance: ADC_SiTCP_RING_TB.uut.mem_8_4K_generate[28].ADC_MEM_0.inst.native_mem_module.blk_mem_gen_v8_4_4_inst, A write address: 0, B  read address: 0
blk_mem_gen_v8_4_4 collision detected at time: 800000, Instance: ADC_SiTCP_RING_TB.uut.mem_8_4K_generate[29].ADC_MEM_0.inst.native_mem_module.blk_mem_gen_v8_4_4_inst, A write address: 0, B  read address: 0
blk_mem_gen_v8_4_4 collision detected at time: 800000, Instance: ADC_SiTCP_RING_TB.uut.mem_8_4K_generate[30].ADC_MEM_0.inst.native_mem_module.blk_mem_gen_v8_4_4_inst, A write address: 0, B  read address: 0
blk_mem_gen_v8_4_4 collision detected at time: 800000, Instance: ADC_SiTCP_RING_TB.uut.mem_8_4K_generate[31].ADC_MEM_0.inst.native_mem_module.blk_mem_gen_v8_4_4_inst, A write address: 0, B  read address: 0
blk_mem_gen_v8_4_4 collision detected at time: 800000, Instance: ADC_SiTCP_RING_TB.uut.mem_8_4K_generate[32].ADC_MEM_0.inst.native_mem_module.blk_mem_gen_v8_4_4_inst, A write address: 0, B  read address: 0
blk_mem_gen_v8_4_4 collision detected at time: 800000, Instance: ADC_SiTCP_RING_TB.uut.mem_8_4K_generate[33].ADC_MEM_0.inst.native_mem_module.blk_mem_gen_v8_4_4_inst, A write address: 0, B  read address: 0
blk_mem_gen_v8_4_4 collision detected at time: 800000, Instance: ADC_SiTCP_RING_TB.uut.mem_8_4K_generate[34].ADC_MEM_0.inst.native_mem_module.blk_mem_gen_v8_4_4_inst, A write address: 0, B  read address: 0
blk_mem_gen_v8_4_4 collision detected at time: 800000, Instance: ADC_SiTCP_RING_TB.uut.mem_8_4K_generate[35].ADC_MEM_0.inst.native_mem_module.blk_mem_gen_v8_4_4_inst, A write address: 0, B  read address: 0
blk_mem_gen_v8_4_4 collision detected at time: 1000000, Instance: ADC_SiTCP_RING_TB.uut.mem_8_4K_generate[0].ADC_MEM_0.inst.native_mem_module.blk_mem_gen_v8_4_4_inst, A write address: 0, B  read address: 0
blk_mem_gen_v8_4_4 collision detected at time: 1000000, Instance: ADC_SiTCP_RING_TB.uut.mem_8_4K_generate[1].ADC_MEM_0.inst.native_mem_module.blk_mem_gen_v8_4_4_inst, A write address: 0, B  read address: 0
blk_mem_gen_v8_4_4 collision detected at time: 1000000, Instance: ADC_SiTCP_RING_TB.uut.mem_8_4K_generate[2].ADC_MEM_0.inst.native_mem_module.blk_mem_gen_v8_4_4_inst, A write address: 0, B  read address: 0
blk_mem_gen_v8_4_4 collision detected at time: 1000000, Instance: ADC_SiTCP_RING_TB.uut.mem_8_4K_generate[3].ADC_MEM_0.inst.native_mem_module.blk_mem_gen_v8_4_4_inst, A write address: 0, B  read address: 0
blk_mem_gen_v8_4_4 collision detected at time: 1000000, Instance: ADC_SiTCP_RING_TB.uut.mem_8_4K_generate[4].ADC_MEM_0.inst.native_mem_module.blk_mem_gen_v8_4_4_inst, A write address: 0, B  read address: 0
blk_mem_gen_v8_4_4 collision detected at time: 1000000, Instance: ADC_SiTCP_RING_TB.uut.mem_8_4K_generate[5].ADC_MEM_0.inst.native_mem_module.blk_mem_gen_v8_4_4_inst, A write address: 0, B  read address: 0
blk_mem_gen_v8_4_4 collision detected at time: 1000000, Instance: ADC_SiTCP_RING_TB.uut.mem_8_4K_generate[6].ADC_MEM_0.inst.native_mem_module.blk_mem_gen_v8_4_4_inst, A write address: 0, B  read address: 0
blk_mem_gen_v8_4_4 collision detected at time: 1000000, Instance: ADC_SiTCP_RING_TB.uut.mem_8_4K_generate[7].ADC_MEM_0.inst.native_mem_module.blk_mem_gen_v8_4_4_inst, A write address: 0, B  read address: 0
blk_mem_gen_v8_4_4 collision detected at time: 1000000, Instance: ADC_SiTCP_RING_TB.uut.mem_8_4K_generate[8].ADC_MEM_0.inst.native_mem_module.blk_mem_gen_v8_4_4_inst, A write address: 0, B  read address: 0
blk_mem_gen_v8_4_4 collision detected at time: 1000000, Instance: ADC_SiTCP_RING_TB.uut.mem_8_4K_generate[9].ADC_MEM_0.inst.native_mem_module.blk_mem_gen_v8_4_4_inst, A write address: 0, B  read address: 0
blk_mem_gen_v8_4_4 collision detected at time: 1000000, Instance: ADC_SiTCP_RING_TB.uut.mem_8_4K_generate[10].ADC_MEM_0.inst.native_mem_module.blk_mem_gen_v8_4_4_inst, A write address: 0, B  read address: 0
blk_mem_gen_v8_4_4 collision detected at time: 1000000, Instance: ADC_SiTCP_RING_TB.uut.mem_8_4K_generate[11].ADC_MEM_0.inst.native_mem_module.blk_mem_gen_v8_4_4_inst, A write address: 0, B  read address: 0
blk_mem_gen_v8_4_4 collision detected at time: 1000000, Instance: ADC_SiTCP_RING_TB.uut.mem_8_4K_generate[12].ADC_MEM_0.inst.native_mem_module.blk_mem_gen_v8_4_4_inst, A write address: 0, B  read address: 0
blk_mem_gen_v8_4_4 collision detected at time: 1000000, Instance: ADC_SiTCP_RING_TB.uut.mem_8_4K_generate[13].ADC_MEM_0.inst.native_mem_module.blk_mem_gen_v8_4_4_inst, A write address: 0, B  read address: 0
blk_mem_gen_v8_4_4 collision detected at time: 1000000, Instance: ADC_SiTCP_RING_TB.uut.mem_8_4K_generate[14].ADC_MEM_0.inst.native_mem_module.blk_mem_gen_v8_4_4_inst, A write address: 0, B  read address: 0
blk_mem_gen_v8_4_4 collision detected at time: 1000000, Instance: ADC_SiTCP_RING_TB.uut.mem_8_4K_generate[15].ADC_MEM_0.inst.native_mem_module.blk_mem_gen_v8_4_4_inst, A write address: 0, B  read address: 0
blk_mem_gen_v8_4_4 collision detected at time: 1000000, Instance: ADC_SiTCP_RING_TB.uut.mem_8_4K_generate[16].ADC_MEM_0.inst.native_mem_module.blk_mem_gen_v8_4_4_inst, A write address: 0, B  read address: 0
blk_mem_gen_v8_4_4 collision detected at time: 1000000, Instance: ADC_SiTCP_RING_TB.uut.mem_8_4K_generate[17].ADC_MEM_0.inst.native_mem_module.blk_mem_gen_v8_4_4_inst, A write address: 0, B  read address: 0
blk_mem_gen_v8_4_4 collision detected at time: 1000000, Instance: ADC_SiTCP_RING_TB.uut.mem_8_4K_generate[18].ADC_MEM_0.inst.native_mem_module.blk_mem_gen_v8_4_4_inst, A write address: 0, B  read address: 0
blk_mem_gen_v8_4_4 collision detected at time: 1000000, Instance: ADC_SiTCP_RING_TB.uut.mem_8_4K_generate[19].ADC_MEM_0.inst.native_mem_module.blk_mem_gen_v8_4_4_inst, A write address: 0, B  read address: 0
blk_mem_gen_v8_4_4 collision detected at time: 1000000, Instance: ADC_SiTCP_RING_TB.uut.mem_8_4K_generate[20].ADC_MEM_0.inst.native_mem_module.blk_mem_gen_v8_4_4_inst, A write address: 0, B  read address: 0
blk_mem_gen_v8_4_4 collision detected at time: 1000000, Instance: ADC_SiTCP_RING_TB.uut.mem_8_4K_generate[21].ADC_MEM_0.inst.native_mem_module.blk_mem_gen_v8_4_4_inst, A write address: 0, B  read address: 0
blk_mem_gen_v8_4_4 collision detected at time: 1000000, Instance: ADC_SiTCP_RING_TB.uut.mem_8_4K_generate[22].ADC_MEM_0.inst.native_mem_module.blk_mem_gen_v8_4_4_inst, A write address: 0, B  read address: 0
blk_mem_gen_v8_4_4 collision detected at time: 1000000, Instance: ADC_SiTCP_RING_TB.uut.mem_8_4K_generate[23].ADC_MEM_0.inst.native_mem_module.blk_mem_gen_v8_4_4_inst, A write address: 0, B  read address: 0
blk_mem_gen_v8_4_4 collision detected at time: 1000000, Instance: ADC_SiTCP_RING_TB.uut.mem_8_4K_generate[24].ADC_MEM_0.inst.native_mem_module.blk_mem_gen_v8_4_4_inst, A write address: 0, B  read address: 0
blk_mem_gen_v8_4_4 collision detected at time: 1000000, Instance: ADC_SiTCP_RING_TB.uut.mem_8_4K_generate[25].ADC_MEM_0.inst.native_mem_module.blk_mem_gen_v8_4_4_inst, A write address: 0, B  read address: 0
blk_mem_gen_v8_4_4 collision detected at time: 1000000, Instance: ADC_SiTCP_RING_TB.uut.mem_8_4K_generate[26].ADC_MEM_0.inst.native_mem_module.blk_mem_gen_v8_4_4_inst, A write address: 0, B  read address: 0
blk_mem_gen_v8_4_4 collision detected at time: 1000000, Instance: ADC_SiTCP_RING_TB.uut.mem_8_4K_generate[27].ADC_MEM_0.inst.native_mem_module.blk_mem_gen_v8_4_4_inst, A write address: 0, B  read address: 0
blk_mem_gen_v8_4_4 collision detected at time: 1000000, Instance: ADC_SiTCP_RING_TB.uut.mem_8_4K_generate[28].ADC_MEM_0.inst.native_mem_module.blk_mem_gen_v8_4_4_inst, A write address: 0, B  read address: 0
blk_mem_gen_v8_4_4 collision detected at time: 1000000, Instance: ADC_SiTCP_RING_TB.uut.mem_8_4K_generate[29].ADC_MEM_0.inst.native_mem_module.blk_mem_gen_v8_4_4_inst, A write address: 0, B  read address: 0
blk_mem_gen_v8_4_4 collision detected at time: 1000000, Instance: ADC_SiTCP_RING_TB.uut.mem_8_4K_generate[30].ADC_MEM_0.inst.native_mem_module.blk_mem_gen_v8_4_4_inst, A write address: 0, B  read address: 0
blk_mem_gen_v8_4_4 collision detected at time: 1000000, Instance: ADC_SiTCP_RING_TB.uut.mem_8_4K_generate[31].ADC_MEM_0.inst.native_mem_module.blk_mem_gen_v8_4_4_inst, A write address: 0, B  read address: 0
blk_mem_gen_v8_4_4 collision detected at time: 1000000, Instance: ADC_SiTCP_RING_TB.uut.mem_8_4K_generate[32].ADC_MEM_0.inst.native_mem_module.blk_mem_gen_v8_4_4_inst, A write address: 0, B  read address: 0
blk_mem_gen_v8_4_4 collision detected at time: 1000000, Instance: ADC_SiTCP_RING_TB.uut.mem_8_4K_generate[33].ADC_MEM_0.inst.native_mem_module.blk_mem_gen_v8_4_4_inst, A write address: 0, B  read address: 0
blk_mem_gen_v8_4_4 collision detected at time: 1000000, Instance: ADC_SiTCP_RING_TB.uut.mem_8_4K_generate[34].ADC_MEM_0.inst.native_mem_module.blk_mem_gen_v8_4_4_inst, A write address: 0, B  read address: 0
blk_mem_gen_v8_4_4 collision detected at time: 1000000, Instance: ADC_SiTCP_RING_TB.uut.mem_8_4K_generate[35].ADC_MEM_0.inst.native_mem_module.blk_mem_gen_v8_4_4_inst, A write address: 0, B  read address: 0
Block Memory Generator module ADC_SiTCP_RING_TB.uut.mem_8_4K_generate[0].ADC_MEM_0.inst.native_mem_module.blk_mem_gen_v8_4_4_inst is using a behavioral model for simulation which will not precisely model memory collision behavior.
Block Memory Generator module ADC_SiTCP_RING_TB.uut.mem_8_4K_generate[1].ADC_MEM_0.inst.native_mem_module.blk_mem_gen_v8_4_4_inst is using a behavioral model for simulation which will not precisely model memory collision behavior.
Block Memory Generator module ADC_SiTCP_RING_TB.uut.mem_8_4K_generate[2].ADC_MEM_0.inst.native_mem_module.blk_mem_gen_v8_4_4_inst is using a behavioral model for simulation which will not precisely model memory collision behavior.
Block Memory Generator module ADC_SiTCP_RING_TB.uut.mem_8_4K_generate[3].ADC_MEM_0.inst.native_mem_module.blk_mem_gen_v8_4_4_inst is using a behavioral model for simulation which will not precisely model memory collision behavior.
Block Memory Generator module ADC_SiTCP_RING_TB.uut.mem_8_4K_generate[4].ADC_MEM_0.inst.native_mem_module.blk_mem_gen_v8_4_4_inst is using a behavioral model for simulation which will not precisely model memory collision behavior.
Block Memory Generator module ADC_SiTCP_RING_TB.uut.mem_8_4K_generate[5].ADC_MEM_0.inst.native_mem_module.blk_mem_gen_v8_4_4_inst is using a behavioral model for simulation which will not precisely model memory collision behavior.
Block Memory Generator module ADC_SiTCP_RING_TB.uut.mem_8_4K_generate[6].ADC_MEM_0.inst.native_mem_module.blk_mem_gen_v8_4_4_inst is using a behavioral model for simulation which will not precisely model memory collision behavior.
Block Memory Generator module ADC_SiTCP_RING_TB.uut.mem_8_4K_generate[7].ADC_MEM_0.inst.native_mem_module.blk_mem_gen_v8_4_4_inst is using a behavioral model for simulation which will not precisely model memory collision behavior.
Block Memory Generator module ADC_SiTCP_RING_TB.uut.mem_8_4K_generate[8].ADC_MEM_0.inst.native_mem_module.blk_mem_gen_v8_4_4_inst is using a behavioral model for simulation which will not precisely model memory collision behavior.
Block Memory Generator module ADC_SiTCP_RING_TB.uut.mem_8_4K_generate[9].ADC_MEM_0.inst.native_mem_module.blk_mem_gen_v8_4_4_inst is using a behavioral model for simulation which will not precisely model memory collision behavior.
Block Memory Generator module ADC_SiTCP_RING_TB.uut.mem_8_4K_generate[10].ADC_MEM_0.inst.native_mem_module.blk_mem_gen_v8_4_4_inst is using a behavioral model for simulation which will not precisely model memory collision behavior.
Block Memory Generator module ADC_SiTCP_RING_TB.uut.mem_8_4K_generate[11].ADC_MEM_0.inst.native_mem_module.blk_mem_gen_v8_4_4_inst is using a behavioral model for simulation which will not precisely model memory collision behavior.
Block Memory Generator module ADC_SiTCP_RING_TB.uut.mem_8_4K_generate[12].ADC_MEM_0.inst.native_mem_module.blk_mem_gen_v8_4_4_inst is using a behavioral model for simulation which will not precisely model memory collision behavior.
Block Memory Generator module ADC_SiTCP_RING_TB.uut.mem_8_4K_generate[13].ADC_MEM_0.inst.native_mem_module.blk_mem_gen_v8_4_4_inst is using a behavioral model for simulation which will not precisely model memory collision behavior.
Block Memory Generator module ADC_SiTCP_RING_TB.uut.mem_8_4K_generate[14].ADC_MEM_0.inst.native_mem_module.blk_mem_gen_v8_4_4_inst is using a behavioral model for simulation which will not precisely model memory collision behavior.
Block Memory Generator module ADC_SiTCP_RING_TB.uut.mem_8_4K_generate[15].ADC_MEM_0.inst.native_mem_module.blk_mem_gen_v8_4_4_inst is using a behavioral model for simulation which will not precisely model memory collision behavior.
Block Memory Generator module ADC_SiTCP_RING_TB.uut.mem_8_4K_generate[16].ADC_MEM_0.inst.native_mem_module.blk_mem_gen_v8_4_4_inst is using a behavioral model for simulation which will not precisely model memory collision behavior.
Block Memory Generator module ADC_SiTCP_RING_TB.uut.mem_8_4K_generate[17].ADC_MEM_0.inst.native_mem_module.blk_mem_gen_v8_4_4_inst is using a behavioral model for simulation which will not precisely model memory collision behavior.
Block Memory Generator module ADC_SiTCP_RING_TB.uut.mem_8_4K_generate[18].ADC_MEM_0.inst.native_mem_module.blk_mem_gen_v8_4_4_inst is using a behavioral model for simulation which will not precisely model memory collision behavior.
Block Memory Generator module ADC_SiTCP_RING_TB.uut.mem_8_4K_generate[19].ADC_MEM_0.inst.native_mem_module.blk_mem_gen_v8_4_4_inst is using a behavioral model for simulation which will not precisely model memory collision behavior.
Block Memory Generator module ADC_SiTCP_RING_TB.uut.mem_8_4K_generate[20].ADC_MEM_0.inst.native_mem_module.blk_mem_gen_v8_4_4_inst is using a behavioral model for simulation which will not precisely model memory collision behavior.
Block Memory Generator module ADC_SiTCP_RING_TB.uut.mem_8_4K_generate[21].ADC_MEM_0.inst.native_mem_module.blk_mem_gen_v8_4_4_inst is using a behavioral model for simulation which will not precisely model memory collision behavior.
Block Memory Generator module ADC_SiTCP_RING_TB.uut.mem_8_4K_generate[22].ADC_MEM_0.inst.native_mem_module.blk_mem_gen_v8_4_4_inst is using a behavioral model for simulation which will not precisely model memory collision behavior.
Block Memory Generator module ADC_SiTCP_RING_TB.uut.mem_8_4K_generate[23].ADC_MEM_0.inst.native_mem_module.blk_mem_gen_v8_4_4_inst is using a behavioral model for simulation which will not precisely model memory collision behavior.
Block Memory Generator module ADC_SiTCP_RING_TB.uut.mem_8_4K_generate[24].ADC_MEM_0.inst.native_mem_module.blk_mem_gen_v8_4_4_inst is using a behavioral model for simulation which will not precisely model memory collision behavior.
Block Memory Generator module ADC_SiTCP_RING_TB.uut.mem_8_4K_generate[25].ADC_MEM_0.inst.native_mem_module.blk_mem_gen_v8_4_4_inst is using a behavioral model for simulation which will not precisely model memory collision behavior.
Block Memory Generator module ADC_SiTCP_RING_TB.uut.mem_8_4K_generate[26].ADC_MEM_0.inst.native_mem_module.blk_mem_gen_v8_4_4_inst is using a behavioral model for simulation which will not precisely model memory collision behavior.
Block Memory Generator module ADC_SiTCP_RING_TB.uut.mem_8_4K_generate[27].ADC_MEM_0.inst.native_mem_module.blk_mem_gen_v8_4_4_inst is using a behavioral model for simulation which will not precisely model memory collision behavior.
Block Memory Generator module ADC_SiTCP_RING_TB.uut.mem_8_4K_generate[28].ADC_MEM_0.inst.native_mem_module.blk_mem_gen_v8_4_4_inst is using a behavioral model for simulation which will not precisely model memory collision behavior.
Block Memory Generator module ADC_SiTCP_RING_TB.uut.mem_8_4K_generate[29].ADC_MEM_0.inst.native_mem_module.blk_mem_gen_v8_4_4_inst is using a behavioral model for simulation which will not precisely model memory collision behavior.
Block Memory Generator module ADC_SiTCP_RING_TB.uut.mem_8_4K_generate[30].ADC_MEM_0.inst.native_mem_module.blk_mem_gen_v8_4_4_inst is using a behavioral model for simulation which will not precisely model memory collision behavior.
Block Memory Generator module ADC_SiTCP_RING_TB.uut.mem_8_4K_generate[31].ADC_MEM_0.inst.native_mem_module.blk_mem_gen_v8_4_4_inst is using a behavioral model for simulation which will not precisely model memory collision behavior.
Block Memory Generator module ADC_SiTCP_RING_TB.uut.mem_8_4K_generate[32].ADC_MEM_0.inst.native_mem_module.blk_mem_gen_v8_4_4_inst is using a behavioral model for simulation which will not precisely model memory collision behavior.
Block Memory Generator module ADC_SiTCP_RING_TB.uut.mem_8_4K_generate[33].ADC_MEM_0.inst.native_mem_module.blk_mem_gen_v8_4_4_inst is using a behavioral model for simulation which will not precisely model memory collision behavior.
Block Memory Generator module ADC_SiTCP_RING_TB.uut.mem_8_4K_generate[34].ADC_MEM_0.inst.native_mem_module.blk_mem_gen_v8_4_4_inst is using a behavioral model for simulation which will not precisely model memory collision behavior.
Block Memory Generator module ADC_SiTCP_RING_TB.uut.mem_8_4K_generate[35].ADC_MEM_0.inst.native_mem_module.blk_mem_gen_v8_4_4_inst is using a behavioral model for simulation which will not precisely model memory collision behavior.
blk_mem_gen_v8_4_4 collision detected at time: 600000, Instance: ADC_SiTCP_RING_TB.uut.mem_8_4K_generate[0].ADC_MEM_0.inst.native_mem_module.blk_mem_gen_v8_4_4_inst, A write address: 0, B  read address: 0
blk_mem_gen_v8_4_4 collision detected at time: 600000, Instance: ADC_SiTCP_RING_TB.uut.mem_8_4K_generate[1].ADC_MEM_0.inst.native_mem_module.blk_mem_gen_v8_4_4_inst, A write address: 0, B  read address: 0
blk_mem_gen_v8_4_4 collision detected at time: 600000, Instance: ADC_SiTCP_RING_TB.uut.mem_8_4K_generate[2].ADC_MEM_0.inst.native_mem_module.blk_mem_gen_v8_4_4_inst, A write address: 0, B  read address: 0
blk_mem_gen_v8_4_4 collision detected at time: 600000, Instance: ADC_SiTCP_RING_TB.uut.mem_8_4K_generate[3].ADC_MEM_0.inst.native_mem_module.blk_mem_gen_v8_4_4_inst, A write address: 0, B  read address: 0
blk_mem_gen_v8_4_4 collision detected at time: 600000, Instance: ADC_SiTCP_RING_TB.uut.mem_8_4K_generate[4].ADC_MEM_0.inst.native_mem_module.blk_mem_gen_v8_4_4_inst, A write address: 0, B  read address: 0
blk_mem_gen_v8_4_4 collision detected at time: 600000, Instance: ADC_SiTCP_RING_TB.uut.mem_8_4K_generate[5].ADC_MEM_0.inst.native_mem_module.blk_mem_gen_v8_4_4_inst, A write address: 0, B  read address: 0
blk_mem_gen_v8_4_4 collision detected at time: 600000, Instance: ADC_SiTCP_RING_TB.uut.mem_8_4K_generate[6].ADC_MEM_0.inst.native_mem_module.blk_mem_gen_v8_4_4_inst, A write address: 0, B  read address: 0
blk_mem_gen_v8_4_4 collision detected at time: 600000, Instance: ADC_SiTCP_RING_TB.uut.mem_8_4K_generate[7].ADC_MEM_0.inst.native_mem_module.blk_mem_gen_v8_4_4_inst, A write address: 0, B  read address: 0
blk_mem_gen_v8_4_4 collision detected at time: 600000, Instance: ADC_SiTCP_RING_TB.uut.mem_8_4K_generate[8].ADC_MEM_0.inst.native_mem_module.blk_mem_gen_v8_4_4_inst, A write address: 0, B  read address: 0
blk_mem_gen_v8_4_4 collision detected at time: 600000, Instance: ADC_SiTCP_RING_TB.uut.mem_8_4K_generate[9].ADC_MEM_0.inst.native_mem_module.blk_mem_gen_v8_4_4_inst, A write address: 0, B  read address: 0
blk_mem_gen_v8_4_4 collision detected at time: 600000, Instance: ADC_SiTCP_RING_TB.uut.mem_8_4K_generate[10].ADC_MEM_0.inst.native_mem_module.blk_mem_gen_v8_4_4_inst, A write address: 0, B  read address: 0
blk_mem_gen_v8_4_4 collision detected at time: 600000, Instance: ADC_SiTCP_RING_TB.uut.mem_8_4K_generate[11].ADC_MEM_0.inst.native_mem_module.blk_mem_gen_v8_4_4_inst, A write address: 0, B  read address: 0
blk_mem_gen_v8_4_4 collision detected at time: 600000, Instance: ADC_SiTCP_RING_TB.uut.mem_8_4K_generate[12].ADC_MEM_0.inst.native_mem_module.blk_mem_gen_v8_4_4_inst, A write address: 0, B  read address: 0
blk_mem_gen_v8_4_4 collision detected at time: 600000, Instance: ADC_SiTCP_RING_TB.uut.mem_8_4K_generate[13].ADC_MEM_0.inst.native_mem_module.blk_mem_gen_v8_4_4_inst, A write address: 0, B  read address: 0
blk_mem_gen_v8_4_4 collision detected at time: 600000, Instance: ADC_SiTCP_RING_TB.uut.mem_8_4K_generate[14].ADC_MEM_0.inst.native_mem_module.blk_mem_gen_v8_4_4_inst, A write address: 0, B  read address: 0
blk_mem_gen_v8_4_4 collision detected at time: 600000, Instance: ADC_SiTCP_RING_TB.uut.mem_8_4K_generate[15].ADC_MEM_0.inst.native_mem_module.blk_mem_gen_v8_4_4_inst, A write address: 0, B  read address: 0
blk_mem_gen_v8_4_4 collision detected at time: 600000, Instance: ADC_SiTCP_RING_TB.uut.mem_8_4K_generate[16].ADC_MEM_0.inst.native_mem_module.blk_mem_gen_v8_4_4_inst, A write address: 0, B  read address: 0
blk_mem_gen_v8_4_4 collision detected at time: 600000, Instance: ADC_SiTCP_RING_TB.uut.mem_8_4K_generate[17].ADC_MEM_0.inst.native_mem_module.blk_mem_gen_v8_4_4_inst, A write address: 0, B  read address: 0
blk_mem_gen_v8_4_4 collision detected at time: 600000, Instance: ADC_SiTCP_RING_TB.uut.mem_8_4K_generate[18].ADC_MEM_0.inst.native_mem_module.blk_mem_gen_v8_4_4_inst, A write address: 0, B  read address: 0
blk_mem_gen_v8_4_4 collision detected at time: 600000, Instance: ADC_SiTCP_RING_TB.uut.mem_8_4K_generate[19].ADC_MEM_0.inst.native_mem_module.blk_mem_gen_v8_4_4_inst, A write address: 0, B  read address: 0
blk_mem_gen_v8_4_4 collision detected at time: 600000, Instance: ADC_SiTCP_RING_TB.uut.mem_8_4K_generate[20].ADC_MEM_0.inst.native_mem_module.blk_mem_gen_v8_4_4_inst, A write address: 0, B  read address: 0
blk_mem_gen_v8_4_4 collision detected at time: 600000, Instance: ADC_SiTCP_RING_TB.uut.mem_8_4K_generate[21].ADC_MEM_0.inst.native_mem_module.blk_mem_gen_v8_4_4_inst, A write address: 0, B  read address: 0
blk_mem_gen_v8_4_4 collision detected at time: 600000, Instance: ADC_SiTCP_RING_TB.uut.mem_8_4K_generate[22].ADC_MEM_0.inst.native_mem_module.blk_mem_gen_v8_4_4_inst, A write address: 0, B  read address: 0
blk_mem_gen_v8_4_4 collision detected at time: 600000, Instance: ADC_SiTCP_RING_TB.uut.mem_8_4K_generate[23].ADC_MEM_0.inst.native_mem_module.blk_mem_gen_v8_4_4_inst, A write address: 0, B  read address: 0
blk_mem_gen_v8_4_4 collision detected at time: 600000, Instance: ADC_SiTCP_RING_TB.uut.mem_8_4K_generate[24].ADC_MEM_0.inst.native_mem_module.blk_mem_gen_v8_4_4_inst, A write address: 0, B  read address: 0
blk_mem_gen_v8_4_4 collision detected at time: 600000, Instance: ADC_SiTCP_RING_TB.uut.mem_8_4K_generate[25].ADC_MEM_0.inst.native_mem_module.blk_mem_gen_v8_4_4_inst, A write address: 0, B  read address: 0
blk_mem_gen_v8_4_4 collision detected at time: 600000, Instance: ADC_SiTCP_RING_TB.uut.mem_8_4K_generate[26].ADC_MEM_0.inst.native_mem_module.blk_mem_gen_v8_4_4_inst, A write address: 0, B  read address: 0
blk_mem_gen_v8_4_4 collision detected at time: 600000, Instance: ADC_SiTCP_RING_TB.uut.mem_8_4K_generate[27].ADC_MEM_0.inst.native_mem_module.blk_mem_gen_v8_4_4_inst, A write address: 0, B  read address: 0
blk_mem_gen_v8_4_4 collision detected at time: 600000, Instance: ADC_SiTCP_RING_TB.uut.mem_8_4K_generate[28].ADC_MEM_0.inst.native_mem_module.blk_mem_gen_v8_4_4_inst, A write address: 0, B  read address: 0
blk_mem_gen_v8_4_4 collision detected at time: 600000, Instance: ADC_SiTCP_RING_TB.uut.mem_8_4K_generate[29].ADC_MEM_0.inst.native_mem_module.blk_mem_gen_v8_4_4_inst, A write address: 0, B  read address: 0
blk_mem_gen_v8_4_4 collision detected at time: 600000, Instance: ADC_SiTCP_RING_TB.uut.mem_8_4K_generate[30].ADC_MEM_0.inst.native_mem_module.blk_mem_gen_v8_4_4_inst, A write address: 0, B  read address: 0
blk_mem_gen_v8_4_4 collision detected at time: 600000, Instance: ADC_SiTCP_RING_TB.uut.mem_8_4K_generate[31].ADC_MEM_0.inst.native_mem_module.blk_mem_gen_v8_4_4_inst, A write address: 0, B  read address: 0
blk_mem_gen_v8_4_4 collision detected at time: 600000, Instance: ADC_SiTCP_RING_TB.uut.mem_8_4K_generate[32].ADC_MEM_0.inst.native_mem_module.blk_mem_gen_v8_4_4_inst, A write address: 0, B  read address: 0
blk_mem_gen_v8_4_4 collision detected at time: 600000, Instance: ADC_SiTCP_RING_TB.uut.mem_8_4K_generate[33].ADC_MEM_0.inst.native_mem_module.blk_mem_gen_v8_4_4_inst, A write address: 0, B  read address: 0
blk_mem_gen_v8_4_4 collision detected at time: 600000, Instance: ADC_SiTCP_RING_TB.uut.mem_8_4K_generate[34].ADC_MEM_0.inst.native_mem_module.blk_mem_gen_v8_4_4_inst, A write address: 0, B  read address: 0
blk_mem_gen_v8_4_4 collision detected at time: 600000, Instance: ADC_SiTCP_RING_TB.uut.mem_8_4K_generate[35].ADC_MEM_0.inst.native_mem_module.blk_mem_gen_v8_4_4_inst, A write address: 0, B  read address: 0
blk_mem_gen_v8_4_4 collision detected at time: 800000, Instance: ADC_SiTCP_RING_TB.uut.mem_8_4K_generate[0].ADC_MEM_0.inst.native_mem_module.blk_mem_gen_v8_4_4_inst, A write address: 0, B  read address: 0
blk_mem_gen_v8_4_4 collision detected at time: 800000, Instance: ADC_SiTCP_RING_TB.uut.mem_8_4K_generate[1].ADC_MEM_0.inst.native_mem_module.blk_mem_gen_v8_4_4_inst, A write address: 0, B  read address: 0
blk_mem_gen_v8_4_4 collision detected at time: 800000, Instance: ADC_SiTCP_RING_TB.uut.mem_8_4K_generate[2].ADC_MEM_0.inst.native_mem_module.blk_mem_gen_v8_4_4_inst, A write address: 0, B  read address: 0
blk_mem_gen_v8_4_4 collision detected at time: 800000, Instance: ADC_SiTCP_RING_TB.uut.mem_8_4K_generate[3].ADC_MEM_0.inst.native_mem_module.blk_mem_gen_v8_4_4_inst, A write address: 0, B  read address: 0
blk_mem_gen_v8_4_4 collision detected at time: 800000, Instance: ADC_SiTCP_RING_TB.uut.mem_8_4K_generate[4].ADC_MEM_0.inst.native_mem_module.blk_mem_gen_v8_4_4_inst, A write address: 0, B  read address: 0
blk_mem_gen_v8_4_4 collision detected at time: 800000, Instance: ADC_SiTCP_RING_TB.uut.mem_8_4K_generate[5].ADC_MEM_0.inst.native_mem_module.blk_mem_gen_v8_4_4_inst, A write address: 0, B  read address: 0
blk_mem_gen_v8_4_4 collision detected at time: 800000, Instance: ADC_SiTCP_RING_TB.uut.mem_8_4K_generate[6].ADC_MEM_0.inst.native_mem_module.blk_mem_gen_v8_4_4_inst, A write address: 0, B  read address: 0
blk_mem_gen_v8_4_4 collision detected at time: 800000, Instance: ADC_SiTCP_RING_TB.uut.mem_8_4K_generate[7].ADC_MEM_0.inst.native_mem_module.blk_mem_gen_v8_4_4_inst, A write address: 0, B  read address: 0
blk_mem_gen_v8_4_4 collision detected at time: 800000, Instance: ADC_SiTCP_RING_TB.uut.mem_8_4K_generate[8].ADC_MEM_0.inst.native_mem_module.blk_mem_gen_v8_4_4_inst, A write address: 0, B  read address: 0
blk_mem_gen_v8_4_4 collision detected at time: 800000, Instance: ADC_SiTCP_RING_TB.uut.mem_8_4K_generate[9].ADC_MEM_0.inst.native_mem_module.blk_mem_gen_v8_4_4_inst, A write address: 0, B  read address: 0
blk_mem_gen_v8_4_4 collision detected at time: 800000, Instance: ADC_SiTCP_RING_TB.uut.mem_8_4K_generate[10].ADC_MEM_0.inst.native_mem_module.blk_mem_gen_v8_4_4_inst, A write address: 0, B  read address: 0
blk_mem_gen_v8_4_4 collision detected at time: 800000, Instance: ADC_SiTCP_RING_TB.uut.mem_8_4K_generate[11].ADC_MEM_0.inst.native_mem_module.blk_mem_gen_v8_4_4_inst, A write address: 0, B  read address: 0
blk_mem_gen_v8_4_4 collision detected at time: 800000, Instance: ADC_SiTCP_RING_TB.uut.mem_8_4K_generate[12].ADC_MEM_0.inst.native_mem_module.blk_mem_gen_v8_4_4_inst, A write address: 0, B  read address: 0
blk_mem_gen_v8_4_4 collision detected at time: 800000, Instance: ADC_SiTCP_RING_TB.uut.mem_8_4K_generate[13].ADC_MEM_0.inst.native_mem_module.blk_mem_gen_v8_4_4_inst, A write address: 0, B  read address: 0
blk_mem_gen_v8_4_4 collision detected at time: 800000, Instance: ADC_SiTCP_RING_TB.uut.mem_8_4K_generate[14].ADC_MEM_0.inst.native_mem_module.blk_mem_gen_v8_4_4_inst, A write address: 0, B  read address: 0
blk_mem_gen_v8_4_4 collision detected at time: 800000, Instance: ADC_SiTCP_RING_TB.uut.mem_8_4K_generate[15].ADC_MEM_0.inst.native_mem_module.blk_mem_gen_v8_4_4_inst, A write address: 0, B  read address: 0
blk_mem_gen_v8_4_4 collision detected at time: 800000, Instance: ADC_SiTCP_RING_TB.uut.mem_8_4K_generate[16].ADC_MEM_0.inst.native_mem_module.blk_mem_gen_v8_4_4_inst, A write address: 0, B  read address: 0
blk_mem_gen_v8_4_4 collision detected at time: 800000, Instance: ADC_SiTCP_RING_TB.uut.mem_8_4K_generate[17].ADC_MEM_0.inst.native_mem_module.blk_mem_gen_v8_4_4_inst, A write address: 0, B  read address: 0
blk_mem_gen_v8_4_4 collision detected at time: 800000, Instance: ADC_SiTCP_RING_TB.uut.mem_8_4K_generate[18].ADC_MEM_0.inst.native_mem_module.blk_mem_gen_v8_4_4_inst, A write address: 0, B  read address: 0
blk_mem_gen_v8_4_4 collision detected at time: 800000, Instance: ADC_SiTCP_RING_TB.uut.mem_8_4K_generate[19].ADC_MEM_0.inst.native_mem_module.blk_mem_gen_v8_4_4_inst, A write address: 0, B  read address: 0
blk_mem_gen_v8_4_4 collision detected at time: 800000, Instance: ADC_SiTCP_RING_TB.uut.mem_8_4K_generate[20].ADC_MEM_0.inst.native_mem_module.blk_mem_gen_v8_4_4_inst, A write address: 0, B  read address: 0
blk_mem_gen_v8_4_4 collision detected at time: 800000, Instance: ADC_SiTCP_RING_TB.uut.mem_8_4K_generate[21].ADC_MEM_0.inst.native_mem_module.blk_mem_gen_v8_4_4_inst, A write address: 0, B  read address: 0
blk_mem_gen_v8_4_4 collision detected at time: 800000, Instance: ADC_SiTCP_RING_TB.uut.mem_8_4K_generate[22].ADC_MEM_0.inst.native_mem_module.blk_mem_gen_v8_4_4_inst, A write address: 0, B  read address: 0
blk_mem_gen_v8_4_4 collision detected at time: 800000, Instance: ADC_SiTCP_RING_TB.uut.mem_8_4K_generate[23].ADC_MEM_0.inst.native_mem_module.blk_mem_gen_v8_4_4_inst, A write address: 0, B  read address: 0
blk_mem_gen_v8_4_4 collision detected at time: 800000, Instance: ADC_SiTCP_RING_TB.uut.mem_8_4K_generate[24].ADC_MEM_0.inst.native_mem_module.blk_mem_gen_v8_4_4_inst, A write address: 0, B  read address: 0
blk_mem_gen_v8_4_4 collision detected at time: 800000, Instance: ADC_SiTCP_RING_TB.uut.mem_8_4K_generate[25].ADC_MEM_0.inst.native_mem_module.blk_mem_gen_v8_4_4_inst, A write address: 0, B  read address: 0
blk_mem_gen_v8_4_4 collision detected at time: 800000, Instance: ADC_SiTCP_RING_TB.uut.mem_8_4K_generate[26].ADC_MEM_0.inst.native_mem_module.blk_mem_gen_v8_4_4_inst, A write address: 0, B  read address: 0
blk_mem_gen_v8_4_4 collision detected at time: 800000, Instance: ADC_SiTCP_RING_TB.uut.mem_8_4K_generate[27].ADC_MEM_0.inst.native_mem_module.blk_mem_gen_v8_4_4_inst, A write address: 0, B  read address: 0
blk_mem_gen_v8_4_4 collision detected at time: 800000, Instance: ADC_SiTCP_RING_TB.uut.mem_8_4K_generate[28].ADC_MEM_0.inst.native_mem_module.blk_mem_gen_v8_4_4_inst, A write address: 0, B  read address: 0
blk_mem_gen_v8_4_4 collision detected at time: 800000, Instance: ADC_SiTCP_RING_TB.uut.mem_8_4K_generate[29].ADC_MEM_0.inst.native_mem_module.blk_mem_gen_v8_4_4_inst, A write address: 0, B  read address: 0
blk_mem_gen_v8_4_4 collision detected at time: 800000, Instance: ADC_SiTCP_RING_TB.uut.mem_8_4K_generate[30].ADC_MEM_0.inst.native_mem_module.blk_mem_gen_v8_4_4_inst, A write address: 0, B  read address: 0
blk_mem_gen_v8_4_4 collision detected at time: 800000, Instance: ADC_SiTCP_RING_TB.uut.mem_8_4K_generate[31].ADC_MEM_0.inst.native_mem_module.blk_mem_gen_v8_4_4_inst, A write address: 0, B  read address: 0
blk_mem_gen_v8_4_4 collision detected at time: 800000, Instance: ADC_SiTCP_RING_TB.uut.mem_8_4K_generate[32].ADC_MEM_0.inst.native_mem_module.blk_mem_gen_v8_4_4_inst, A write address: 0, B  read address: 0
blk_mem_gen_v8_4_4 collision detected at time: 800000, Instance: ADC_SiTCP_RING_TB.uut.mem_8_4K_generate[33].ADC_MEM_0.inst.native_mem_module.blk_mem_gen_v8_4_4_inst, A write address: 0, B  read address: 0
blk_mem_gen_v8_4_4 collision detected at time: 800000, Instance: ADC_SiTCP_RING_TB.uut.mem_8_4K_generate[34].ADC_MEM_0.inst.native_mem_module.blk_mem_gen_v8_4_4_inst, A write address: 0, B  read address: 0
blk_mem_gen_v8_4_4 collision detected at time: 800000, Instance: ADC_SiTCP_RING_TB.uut.mem_8_4K_generate[35].ADC_MEM_0.inst.native_mem_module.blk_mem_gen_v8_4_4_inst, A write address: 0, B  read address: 0
blk_mem_gen_v8_4_4 collision detected at time: 1000000, Instance: ADC_SiTCP_RING_TB.uut.mem_8_4K_generate[0].ADC_MEM_0.inst.native_mem_module.blk_mem_gen_v8_4_4_inst, A write address: 0, B  read address: 0
blk_mem_gen_v8_4_4 collision detected at time: 1000000, Instance: ADC_SiTCP_RING_TB.uut.mem_8_4K_generate[1].ADC_MEM_0.inst.native_mem_module.blk_mem_gen_v8_4_4_inst, A write address: 0, B  read address: 0
blk_mem_gen_v8_4_4 collision detected at time: 1000000, Instance: ADC_SiTCP_RING_TB.uut.mem_8_4K_generate[2].ADC_MEM_0.inst.native_mem_module.blk_mem_gen_v8_4_4_inst, A write address: 0, B  read address: 0
blk_mem_gen_v8_4_4 collision detected at time: 1000000, Instance: ADC_SiTCP_RING_TB.uut.mem_8_4K_generate[3].ADC_MEM_0.inst.native_mem_module.blk_mem_gen_v8_4_4_inst, A write address: 0, B  read address: 0
blk_mem_gen_v8_4_4 collision detected at time: 1000000, Instance: ADC_SiTCP_RING_TB.uut.mem_8_4K_generate[4].ADC_MEM_0.inst.native_mem_module.blk_mem_gen_v8_4_4_inst, A write address: 0, B  read address: 0
blk_mem_gen_v8_4_4 collision detected at time: 1000000, Instance: ADC_SiTCP_RING_TB.uut.mem_8_4K_generate[5].ADC_MEM_0.inst.native_mem_module.blk_mem_gen_v8_4_4_inst, A write address: 0, B  read address: 0
blk_mem_gen_v8_4_4 collision detected at time: 1000000, Instance: ADC_SiTCP_RING_TB.uut.mem_8_4K_generate[6].ADC_MEM_0.inst.native_mem_module.blk_mem_gen_v8_4_4_inst, A write address: 0, B  read address: 0
blk_mem_gen_v8_4_4 collision detected at time: 1000000, Instance: ADC_SiTCP_RING_TB.uut.mem_8_4K_generate[7].ADC_MEM_0.inst.native_mem_module.blk_mem_gen_v8_4_4_inst, A write address: 0, B  read address: 0
blk_mem_gen_v8_4_4 collision detected at time: 1000000, Instance: ADC_SiTCP_RING_TB.uut.mem_8_4K_generate[8].ADC_MEM_0.inst.native_mem_module.blk_mem_gen_v8_4_4_inst, A write address: 0, B  read address: 0
blk_mem_gen_v8_4_4 collision detected at time: 1000000, Instance: ADC_SiTCP_RING_TB.uut.mem_8_4K_generate[9].ADC_MEM_0.inst.native_mem_module.blk_mem_gen_v8_4_4_inst, A write address: 0, B  read address: 0
blk_mem_gen_v8_4_4 collision detected at time: 1000000, Instance: ADC_SiTCP_RING_TB.uut.mem_8_4K_generate[10].ADC_MEM_0.inst.native_mem_module.blk_mem_gen_v8_4_4_inst, A write address: 0, B  read address: 0
blk_mem_gen_v8_4_4 collision detected at time: 1000000, Instance: ADC_SiTCP_RING_TB.uut.mem_8_4K_generate[11].ADC_MEM_0.inst.native_mem_module.blk_mem_gen_v8_4_4_inst, A write address: 0, B  read address: 0
blk_mem_gen_v8_4_4 collision detected at time: 1000000, Instance: ADC_SiTCP_RING_TB.uut.mem_8_4K_generate[12].ADC_MEM_0.inst.native_mem_module.blk_mem_gen_v8_4_4_inst, A write address: 0, B  read address: 0
blk_mem_gen_v8_4_4 collision detected at time: 1000000, Instance: ADC_SiTCP_RING_TB.uut.mem_8_4K_generate[13].ADC_MEM_0.inst.native_mem_module.blk_mem_gen_v8_4_4_inst, A write address: 0, B  read address: 0
blk_mem_gen_v8_4_4 collision detected at time: 1000000, Instance: ADC_SiTCP_RING_TB.uut.mem_8_4K_generate[14].ADC_MEM_0.inst.native_mem_module.blk_mem_gen_v8_4_4_inst, A write address: 0, B  read address: 0
blk_mem_gen_v8_4_4 collision detected at time: 1000000, Instance: ADC_SiTCP_RING_TB.uut.mem_8_4K_generate[15].ADC_MEM_0.inst.native_mem_module.blk_mem_gen_v8_4_4_inst, A write address: 0, B  read address: 0
blk_mem_gen_v8_4_4 collision detected at time: 1000000, Instance: ADC_SiTCP_RING_TB.uut.mem_8_4K_generate[16].ADC_MEM_0.inst.native_mem_module.blk_mem_gen_v8_4_4_inst, A write address: 0, B  read address: 0
blk_mem_gen_v8_4_4 collision detected at time: 1000000, Instance: ADC_SiTCP_RING_TB.uut.mem_8_4K_generate[17].ADC_MEM_0.inst.native_mem_module.blk_mem_gen_v8_4_4_inst, A write address: 0, B  read address: 0
blk_mem_gen_v8_4_4 collision detected at time: 1000000, Instance: ADC_SiTCP_RING_TB.uut.mem_8_4K_generate[18].ADC_MEM_0.inst.native_mem_module.blk_mem_gen_v8_4_4_inst, A write address: 0, B  read address: 0
blk_mem_gen_v8_4_4 collision detected at time: 1000000, Instance: ADC_SiTCP_RING_TB.uut.mem_8_4K_generate[19].ADC_MEM_0.inst.native_mem_module.blk_mem_gen_v8_4_4_inst, A write address: 0, B  read address: 0
blk_mem_gen_v8_4_4 collision detected at time: 1000000, Instance: ADC_SiTCP_RING_TB.uut.mem_8_4K_generate[20].ADC_MEM_0.inst.native_mem_module.blk_mem_gen_v8_4_4_inst, A write address: 0, B  read address: 0
blk_mem_gen_v8_4_4 collision detected at time: 1000000, Instance: ADC_SiTCP_RING_TB.uut.mem_8_4K_generate[21].ADC_MEM_0.inst.native_mem_module.blk_mem_gen_v8_4_4_inst, A write address: 0, B  read address: 0
blk_mem_gen_v8_4_4 collision detected at time: 1000000, Instance: ADC_SiTCP_RING_TB.uut.mem_8_4K_generate[22].ADC_MEM_0.inst.native_mem_module.blk_mem_gen_v8_4_4_inst, A write address: 0, B  read address: 0
blk_mem_gen_v8_4_4 collision detected at time: 1000000, Instance: ADC_SiTCP_RING_TB.uut.mem_8_4K_generate[23].ADC_MEM_0.inst.native_mem_module.blk_mem_gen_v8_4_4_inst, A write address: 0, B  read address: 0
blk_mem_gen_v8_4_4 collision detected at time: 1000000, Instance: ADC_SiTCP_RING_TB.uut.mem_8_4K_generate[24].ADC_MEM_0.inst.native_mem_module.blk_mem_gen_v8_4_4_inst, A write address: 0, B  read address: 0
blk_mem_gen_v8_4_4 collision detected at time: 1000000, Instance: ADC_SiTCP_RING_TB.uut.mem_8_4K_generate[25].ADC_MEM_0.inst.native_mem_module.blk_mem_gen_v8_4_4_inst, A write address: 0, B  read address: 0
blk_mem_gen_v8_4_4 collision detected at time: 1000000, Instance: ADC_SiTCP_RING_TB.uut.mem_8_4K_generate[26].ADC_MEM_0.inst.native_mem_module.blk_mem_gen_v8_4_4_inst, A write address: 0, B  read address: 0
blk_mem_gen_v8_4_4 collision detected at time: 1000000, Instance: ADC_SiTCP_RING_TB.uut.mem_8_4K_generate[27].ADC_MEM_0.inst.native_mem_module.blk_mem_gen_v8_4_4_inst, A write address: 0, B  read address: 0
blk_mem_gen_v8_4_4 collision detected at time: 1000000, Instance: ADC_SiTCP_RING_TB.uut.mem_8_4K_generate[28].ADC_MEM_0.inst.native_mem_module.blk_mem_gen_v8_4_4_inst, A write address: 0, B  read address: 0
blk_mem_gen_v8_4_4 collision detected at time: 1000000, Instance: ADC_SiTCP_RING_TB.uut.mem_8_4K_generate[29].ADC_MEM_0.inst.native_mem_module.blk_mem_gen_v8_4_4_inst, A write address: 0, B  read address: 0
blk_mem_gen_v8_4_4 collision detected at time: 1000000, Instance: ADC_SiTCP_RING_TB.uut.mem_8_4K_generate[30].ADC_MEM_0.inst.native_mem_module.blk_mem_gen_v8_4_4_inst, A write address: 0, B  read address: 0
blk_mem_gen_v8_4_4 collision detected at time: 1000000, Instance: ADC_SiTCP_RING_TB.uut.mem_8_4K_generate[31].ADC_MEM_0.inst.native_mem_module.blk_mem_gen_v8_4_4_inst, A write address: 0, B  read address: 0
blk_mem_gen_v8_4_4 collision detected at time: 1000000, Instance: ADC_SiTCP_RING_TB.uut.mem_8_4K_generate[32].ADC_MEM_0.inst.native_mem_module.blk_mem_gen_v8_4_4_inst, A write address: 0, B  read address: 0
blk_mem_gen_v8_4_4 collision detected at time: 1000000, Instance: ADC_SiTCP_RING_TB.uut.mem_8_4K_generate[33].ADC_MEM_0.inst.native_mem_module.blk_mem_gen_v8_4_4_inst, A write address: 0, B  read address: 0
blk_mem_gen_v8_4_4 collision detected at time: 1000000, Instance: ADC_SiTCP_RING_TB.uut.mem_8_4K_generate[34].ADC_MEM_0.inst.native_mem_module.blk_mem_gen_v8_4_4_inst, A write address: 0, B  read address: 0
blk_mem_gen_v8_4_4 collision detected at time: 1000000, Instance: ADC_SiTCP_RING_TB.uut.mem_8_4K_generate[35].ADC_MEM_0.inst.native_mem_module.blk_mem_gen_v8_4_4_inst, A write address: 0, B  read address: 0
$finish called at time : 3300 ns : File "C:/Users/81802/Desktop/PAPILLON_FW/PAPILLON_v6/PAPILLON_v6.srcs/sim_1/imports/Desktop/PAPILLON_FW/20180305/20180305.srcs/sim_1/imports/LAr_TPC_RO_ver2/ADC_SiTCP_RING_TB.v" Line 113
Block Memory Generator module ADC_SiTCP_RING_TB.uut.mem_8_4K_generate[0].ADC_MEM_0.inst.native_mem_module.blk_mem_gen_v8_4_4_inst is using a behavioral model for simulation which will not precisely model memory collision behavior.
Block Memory Generator module ADC_SiTCP_RING_TB.uut.mem_8_4K_generate[1].ADC_MEM_0.inst.native_mem_module.blk_mem_gen_v8_4_4_inst is using a behavioral model for simulation which will not precisely model memory collision behavior.
Block Memory Generator module ADC_SiTCP_RING_TB.uut.mem_8_4K_generate[2].ADC_MEM_0.inst.native_mem_module.blk_mem_gen_v8_4_4_inst is using a behavioral model for simulation which will not precisely model memory collision behavior.
Block Memory Generator module ADC_SiTCP_RING_TB.uut.mem_8_4K_generate[3].ADC_MEM_0.inst.native_mem_module.blk_mem_gen_v8_4_4_inst is using a behavioral model for simulation which will not precisely model memory collision behavior.
Block Memory Generator module ADC_SiTCP_RING_TB.uut.mem_8_4K_generate[4].ADC_MEM_0.inst.native_mem_module.blk_mem_gen_v8_4_4_inst is using a behavioral model for simulation which will not precisely model memory collision behavior.
Block Memory Generator module ADC_SiTCP_RING_TB.uut.mem_8_4K_generate[5].ADC_MEM_0.inst.native_mem_module.blk_mem_gen_v8_4_4_inst is using a behavioral model for simulation which will not precisely model memory collision behavior.
Block Memory Generator module ADC_SiTCP_RING_TB.uut.mem_8_4K_generate[6].ADC_MEM_0.inst.native_mem_module.blk_mem_gen_v8_4_4_inst is using a behavioral model for simulation which will not precisely model memory collision behavior.
Block Memory Generator module ADC_SiTCP_RING_TB.uut.mem_8_4K_generate[7].ADC_MEM_0.inst.native_mem_module.blk_mem_gen_v8_4_4_inst is using a behavioral model for simulation which will not precisely model memory collision behavior.
Block Memory Generator module ADC_SiTCP_RING_TB.uut.mem_8_4K_generate[8].ADC_MEM_0.inst.native_mem_module.blk_mem_gen_v8_4_4_inst is using a behavioral model for simulation which will not precisely model memory collision behavior.
Block Memory Generator module ADC_SiTCP_RING_TB.uut.mem_8_4K_generate[9].ADC_MEM_0.inst.native_mem_module.blk_mem_gen_v8_4_4_inst is using a behavioral model for simulation which will not precisely model memory collision behavior.
Block Memory Generator module ADC_SiTCP_RING_TB.uut.mem_8_4K_generate[10].ADC_MEM_0.inst.native_mem_module.blk_mem_gen_v8_4_4_inst is using a behavioral model for simulation which will not precisely model memory collision behavior.
Block Memory Generator module ADC_SiTCP_RING_TB.uut.mem_8_4K_generate[11].ADC_MEM_0.inst.native_mem_module.blk_mem_gen_v8_4_4_inst is using a behavioral model for simulation which will not precisely model memory collision behavior.
Block Memory Generator module ADC_SiTCP_RING_TB.uut.mem_8_4K_generate[12].ADC_MEM_0.inst.native_mem_module.blk_mem_gen_v8_4_4_inst is using a behavioral model for simulation which will not precisely model memory collision behavior.
Block Memory Generator module ADC_SiTCP_RING_TB.uut.mem_8_4K_generate[13].ADC_MEM_0.inst.native_mem_module.blk_mem_gen_v8_4_4_inst is using a behavioral model for simulation which will not precisely model memory collision behavior.
Block Memory Generator module ADC_SiTCP_RING_TB.uut.mem_8_4K_generate[14].ADC_MEM_0.inst.native_mem_module.blk_mem_gen_v8_4_4_inst is using a behavioral model for simulation which will not precisely model memory collision behavior.
Block Memory Generator module ADC_SiTCP_RING_TB.uut.mem_8_4K_generate[15].ADC_MEM_0.inst.native_mem_module.blk_mem_gen_v8_4_4_inst is using a behavioral model for simulation which will not precisely model memory collision behavior.
Block Memory Generator module ADC_SiTCP_RING_TB.uut.mem_8_4K_generate[16].ADC_MEM_0.inst.native_mem_module.blk_mem_gen_v8_4_4_inst is using a behavioral model for simulation which will not precisely model memory collision behavior.
Block Memory Generator module ADC_SiTCP_RING_TB.uut.mem_8_4K_generate[17].ADC_MEM_0.inst.native_mem_module.blk_mem_gen_v8_4_4_inst is using a behavioral model for simulation which will not precisely model memory collision behavior.
Block Memory Generator module ADC_SiTCP_RING_TB.uut.mem_8_4K_generate[18].ADC_MEM_0.inst.native_mem_module.blk_mem_gen_v8_4_4_inst is using a behavioral model for simulation which will not precisely model memory collision behavior.
Block Memory Generator module ADC_SiTCP_RING_TB.uut.mem_8_4K_generate[19].ADC_MEM_0.inst.native_mem_module.blk_mem_gen_v8_4_4_inst is using a behavioral model for simulation which will not precisely model memory collision behavior.
Block Memory Generator module ADC_SiTCP_RING_TB.uut.mem_8_4K_generate[20].ADC_MEM_0.inst.native_mem_module.blk_mem_gen_v8_4_4_inst is using a behavioral model for simulation which will not precisely model memory collision behavior.
Block Memory Generator module ADC_SiTCP_RING_TB.uut.mem_8_4K_generate[21].ADC_MEM_0.inst.native_mem_module.blk_mem_gen_v8_4_4_inst is using a behavioral model for simulation which will not precisely model memory collision behavior.
Block Memory Generator module ADC_SiTCP_RING_TB.uut.mem_8_4K_generate[22].ADC_MEM_0.inst.native_mem_module.blk_mem_gen_v8_4_4_inst is using a behavioral model for simulation which will not precisely model memory collision behavior.
Block Memory Generator module ADC_SiTCP_RING_TB.uut.mem_8_4K_generate[23].ADC_MEM_0.inst.native_mem_module.blk_mem_gen_v8_4_4_inst is using a behavioral model for simulation which will not precisely model memory collision behavior.
Block Memory Generator module ADC_SiTCP_RING_TB.uut.mem_8_4K_generate[24].ADC_MEM_0.inst.native_mem_module.blk_mem_gen_v8_4_4_inst is using a behavioral model for simulation which will not precisely model memory collision behavior.
Block Memory Generator module ADC_SiTCP_RING_TB.uut.mem_8_4K_generate[25].ADC_MEM_0.inst.native_mem_module.blk_mem_gen_v8_4_4_inst is using a behavioral model for simulation which will not precisely model memory collision behavior.
Block Memory Generator module ADC_SiTCP_RING_TB.uut.mem_8_4K_generate[26].ADC_MEM_0.inst.native_mem_module.blk_mem_gen_v8_4_4_inst is using a behavioral model for simulation which will not precisely model memory collision behavior.
Block Memory Generator module ADC_SiTCP_RING_TB.uut.mem_8_4K_generate[27].ADC_MEM_0.inst.native_mem_module.blk_mem_gen_v8_4_4_inst is using a behavioral model for simulation which will not precisely model memory collision behavior.
Block Memory Generator module ADC_SiTCP_RING_TB.uut.mem_8_4K_generate[28].ADC_MEM_0.inst.native_mem_module.blk_mem_gen_v8_4_4_inst is using a behavioral model for simulation which will not precisely model memory collision behavior.
Block Memory Generator module ADC_SiTCP_RING_TB.uut.mem_8_4K_generate[29].ADC_MEM_0.inst.native_mem_module.blk_mem_gen_v8_4_4_inst is using a behavioral model for simulation which will not precisely model memory collision behavior.
Block Memory Generator module ADC_SiTCP_RING_TB.uut.mem_8_4K_generate[30].ADC_MEM_0.inst.native_mem_module.blk_mem_gen_v8_4_4_inst is using a behavioral model for simulation which will not precisely model memory collision behavior.
Block Memory Generator module ADC_SiTCP_RING_TB.uut.mem_8_4K_generate[31].ADC_MEM_0.inst.native_mem_module.blk_mem_gen_v8_4_4_inst is using a behavioral model for simulation which will not precisely model memory collision behavior.
Block Memory Generator module ADC_SiTCP_RING_TB.uut.mem_8_4K_generate[32].ADC_MEM_0.inst.native_mem_module.blk_mem_gen_v8_4_4_inst is using a behavioral model for simulation which will not precisely model memory collision behavior.
Block Memory Generator module ADC_SiTCP_RING_TB.uut.mem_8_4K_generate[33].ADC_MEM_0.inst.native_mem_module.blk_mem_gen_v8_4_4_inst is using a behavioral model for simulation which will not precisely model memory collision behavior.
Block Memory Generator module ADC_SiTCP_RING_TB.uut.mem_8_4K_generate[34].ADC_MEM_0.inst.native_mem_module.blk_mem_gen_v8_4_4_inst is using a behavioral model for simulation which will not precisely model memory collision behavior.
Block Memory Generator module ADC_SiTCP_RING_TB.uut.mem_8_4K_generate[35].ADC_MEM_0.inst.native_mem_module.blk_mem_gen_v8_4_4_inst is using a behavioral model for simulation which will not precisely model memory collision behavior.
blk_mem_gen_v8_4_4 collision detected at time: 600000, Instance: ADC_SiTCP_RING_TB.uut.mem_8_4K_generate[0].ADC_MEM_0.inst.native_mem_module.blk_mem_gen_v8_4_4_inst, A write address: 0, B  read address: 0
blk_mem_gen_v8_4_4 collision detected at time: 600000, Instance: ADC_SiTCP_RING_TB.uut.mem_8_4K_generate[1].ADC_MEM_0.inst.native_mem_module.blk_mem_gen_v8_4_4_inst, A write address: 0, B  read address: 0
blk_mem_gen_v8_4_4 collision detected at time: 600000, Instance: ADC_SiTCP_RING_TB.uut.mem_8_4K_generate[2].ADC_MEM_0.inst.native_mem_module.blk_mem_gen_v8_4_4_inst, A write address: 0, B  read address: 0
blk_mem_gen_v8_4_4 collision detected at time: 600000, Instance: ADC_SiTCP_RING_TB.uut.mem_8_4K_generate[3].ADC_MEM_0.inst.native_mem_module.blk_mem_gen_v8_4_4_inst, A write address: 0, B  read address: 0
blk_mem_gen_v8_4_4 collision detected at time: 600000, Instance: ADC_SiTCP_RING_TB.uut.mem_8_4K_generate[4].ADC_MEM_0.inst.native_mem_module.blk_mem_gen_v8_4_4_inst, A write address: 0, B  read address: 0
blk_mem_gen_v8_4_4 collision detected at time: 600000, Instance: ADC_SiTCP_RING_TB.uut.mem_8_4K_generate[5].ADC_MEM_0.inst.native_mem_module.blk_mem_gen_v8_4_4_inst, A write address: 0, B  read address: 0
blk_mem_gen_v8_4_4 collision detected at time: 600000, Instance: ADC_SiTCP_RING_TB.uut.mem_8_4K_generate[6].ADC_MEM_0.inst.native_mem_module.blk_mem_gen_v8_4_4_inst, A write address: 0, B  read address: 0
blk_mem_gen_v8_4_4 collision detected at time: 600000, Instance: ADC_SiTCP_RING_TB.uut.mem_8_4K_generate[7].ADC_MEM_0.inst.native_mem_module.blk_mem_gen_v8_4_4_inst, A write address: 0, B  read address: 0
blk_mem_gen_v8_4_4 collision detected at time: 600000, Instance: ADC_SiTCP_RING_TB.uut.mem_8_4K_generate[8].ADC_MEM_0.inst.native_mem_module.blk_mem_gen_v8_4_4_inst, A write address: 0, B  read address: 0
blk_mem_gen_v8_4_4 collision detected at time: 600000, Instance: ADC_SiTCP_RING_TB.uut.mem_8_4K_generate[9].ADC_MEM_0.inst.native_mem_module.blk_mem_gen_v8_4_4_inst, A write address: 0, B  read address: 0
blk_mem_gen_v8_4_4 collision detected at time: 600000, Instance: ADC_SiTCP_RING_TB.uut.mem_8_4K_generate[10].ADC_MEM_0.inst.native_mem_module.blk_mem_gen_v8_4_4_inst, A write address: 0, B  read address: 0
blk_mem_gen_v8_4_4 collision detected at time: 600000, Instance: ADC_SiTCP_RING_TB.uut.mem_8_4K_generate[11].ADC_MEM_0.inst.native_mem_module.blk_mem_gen_v8_4_4_inst, A write address: 0, B  read address: 0
blk_mem_gen_v8_4_4 collision detected at time: 600000, Instance: ADC_SiTCP_RING_TB.uut.mem_8_4K_generate[12].ADC_MEM_0.inst.native_mem_module.blk_mem_gen_v8_4_4_inst, A write address: 0, B  read address: 0
blk_mem_gen_v8_4_4 collision detected at time: 600000, Instance: ADC_SiTCP_RING_TB.uut.mem_8_4K_generate[13].ADC_MEM_0.inst.native_mem_module.blk_mem_gen_v8_4_4_inst, A write address: 0, B  read address: 0
blk_mem_gen_v8_4_4 collision detected at time: 600000, Instance: ADC_SiTCP_RING_TB.uut.mem_8_4K_generate[14].ADC_MEM_0.inst.native_mem_module.blk_mem_gen_v8_4_4_inst, A write address: 0, B  read address: 0
blk_mem_gen_v8_4_4 collision detected at time: 600000, Instance: ADC_SiTCP_RING_TB.uut.mem_8_4K_generate[15].ADC_MEM_0.inst.native_mem_module.blk_mem_gen_v8_4_4_inst, A write address: 0, B  read address: 0
blk_mem_gen_v8_4_4 collision detected at time: 600000, Instance: ADC_SiTCP_RING_TB.uut.mem_8_4K_generate[16].ADC_MEM_0.inst.native_mem_module.blk_mem_gen_v8_4_4_inst, A write address: 0, B  read address: 0
blk_mem_gen_v8_4_4 collision detected at time: 600000, Instance: ADC_SiTCP_RING_TB.uut.mem_8_4K_generate[17].ADC_MEM_0.inst.native_mem_module.blk_mem_gen_v8_4_4_inst, A write address: 0, B  read address: 0
blk_mem_gen_v8_4_4 collision detected at time: 600000, Instance: ADC_SiTCP_RING_TB.uut.mem_8_4K_generate[18].ADC_MEM_0.inst.native_mem_module.blk_mem_gen_v8_4_4_inst, A write address: 0, B  read address: 0
blk_mem_gen_v8_4_4 collision detected at time: 600000, Instance: ADC_SiTCP_RING_TB.uut.mem_8_4K_generate[19].ADC_MEM_0.inst.native_mem_module.blk_mem_gen_v8_4_4_inst, A write address: 0, B  read address: 0
blk_mem_gen_v8_4_4 collision detected at time: 600000, Instance: ADC_SiTCP_RING_TB.uut.mem_8_4K_generate[20].ADC_MEM_0.inst.native_mem_module.blk_mem_gen_v8_4_4_inst, A write address: 0, B  read address: 0
blk_mem_gen_v8_4_4 collision detected at time: 600000, Instance: ADC_SiTCP_RING_TB.uut.mem_8_4K_generate[21].ADC_MEM_0.inst.native_mem_module.blk_mem_gen_v8_4_4_inst, A write address: 0, B  read address: 0
blk_mem_gen_v8_4_4 collision detected at time: 600000, Instance: ADC_SiTCP_RING_TB.uut.mem_8_4K_generate[22].ADC_MEM_0.inst.native_mem_module.blk_mem_gen_v8_4_4_inst, A write address: 0, B  read address: 0
blk_mem_gen_v8_4_4 collision detected at time: 600000, Instance: ADC_SiTCP_RING_TB.uut.mem_8_4K_generate[23].ADC_MEM_0.inst.native_mem_module.blk_mem_gen_v8_4_4_inst, A write address: 0, B  read address: 0
blk_mem_gen_v8_4_4 collision detected at time: 600000, Instance: ADC_SiTCP_RING_TB.uut.mem_8_4K_generate[24].ADC_MEM_0.inst.native_mem_module.blk_mem_gen_v8_4_4_inst, A write address: 0, B  read address: 0
blk_mem_gen_v8_4_4 collision detected at time: 600000, Instance: ADC_SiTCP_RING_TB.uut.mem_8_4K_generate[25].ADC_MEM_0.inst.native_mem_module.blk_mem_gen_v8_4_4_inst, A write address: 0, B  read address: 0
blk_mem_gen_v8_4_4 collision detected at time: 600000, Instance: ADC_SiTCP_RING_TB.uut.mem_8_4K_generate[26].ADC_MEM_0.inst.native_mem_module.blk_mem_gen_v8_4_4_inst, A write address: 0, B  read address: 0
blk_mem_gen_v8_4_4 collision detected at time: 600000, Instance: ADC_SiTCP_RING_TB.uut.mem_8_4K_generate[27].ADC_MEM_0.inst.native_mem_module.blk_mem_gen_v8_4_4_inst, A write address: 0, B  read address: 0
blk_mem_gen_v8_4_4 collision detected at time: 600000, Instance: ADC_SiTCP_RING_TB.uut.mem_8_4K_generate[28].ADC_MEM_0.inst.native_mem_module.blk_mem_gen_v8_4_4_inst, A write address: 0, B  read address: 0
blk_mem_gen_v8_4_4 collision detected at time: 600000, Instance: ADC_SiTCP_RING_TB.uut.mem_8_4K_generate[29].ADC_MEM_0.inst.native_mem_module.blk_mem_gen_v8_4_4_inst, A write address: 0, B  read address: 0
blk_mem_gen_v8_4_4 collision detected at time: 600000, Instance: ADC_SiTCP_RING_TB.uut.mem_8_4K_generate[30].ADC_MEM_0.inst.native_mem_module.blk_mem_gen_v8_4_4_inst, A write address: 0, B  read address: 0
blk_mem_gen_v8_4_4 collision detected at time: 600000, Instance: ADC_SiTCP_RING_TB.uut.mem_8_4K_generate[31].ADC_MEM_0.inst.native_mem_module.blk_mem_gen_v8_4_4_inst, A write address: 0, B  read address: 0
blk_mem_gen_v8_4_4 collision detected at time: 600000, Instance: ADC_SiTCP_RING_TB.uut.mem_8_4K_generate[32].ADC_MEM_0.inst.native_mem_module.blk_mem_gen_v8_4_4_inst, A write address: 0, B  read address: 0
blk_mem_gen_v8_4_4 collision detected at time: 600000, Instance: ADC_SiTCP_RING_TB.uut.mem_8_4K_generate[33].ADC_MEM_0.inst.native_mem_module.blk_mem_gen_v8_4_4_inst, A write address: 0, B  read address: 0
blk_mem_gen_v8_4_4 collision detected at time: 600000, Instance: ADC_SiTCP_RING_TB.uut.mem_8_4K_generate[34].ADC_MEM_0.inst.native_mem_module.blk_mem_gen_v8_4_4_inst, A write address: 0, B  read address: 0
blk_mem_gen_v8_4_4 collision detected at time: 600000, Instance: ADC_SiTCP_RING_TB.uut.mem_8_4K_generate[35].ADC_MEM_0.inst.native_mem_module.blk_mem_gen_v8_4_4_inst, A write address: 0, B  read address: 0
blk_mem_gen_v8_4_4 collision detected at time: 800000, Instance: ADC_SiTCP_RING_TB.uut.mem_8_4K_generate[0].ADC_MEM_0.inst.native_mem_module.blk_mem_gen_v8_4_4_inst, A write address: 0, B  read address: 0
blk_mem_gen_v8_4_4 collision detected at time: 800000, Instance: ADC_SiTCP_RING_TB.uut.mem_8_4K_generate[1].ADC_MEM_0.inst.native_mem_module.blk_mem_gen_v8_4_4_inst, A write address: 0, B  read address: 0
blk_mem_gen_v8_4_4 collision detected at time: 800000, Instance: ADC_SiTCP_RING_TB.uut.mem_8_4K_generate[2].ADC_MEM_0.inst.native_mem_module.blk_mem_gen_v8_4_4_inst, A write address: 0, B  read address: 0
blk_mem_gen_v8_4_4 collision detected at time: 800000, Instance: ADC_SiTCP_RING_TB.uut.mem_8_4K_generate[3].ADC_MEM_0.inst.native_mem_module.blk_mem_gen_v8_4_4_inst, A write address: 0, B  read address: 0
blk_mem_gen_v8_4_4 collision detected at time: 800000, Instance: ADC_SiTCP_RING_TB.uut.mem_8_4K_generate[4].ADC_MEM_0.inst.native_mem_module.blk_mem_gen_v8_4_4_inst, A write address: 0, B  read address: 0
blk_mem_gen_v8_4_4 collision detected at time: 800000, Instance: ADC_SiTCP_RING_TB.uut.mem_8_4K_generate[5].ADC_MEM_0.inst.native_mem_module.blk_mem_gen_v8_4_4_inst, A write address: 0, B  read address: 0
blk_mem_gen_v8_4_4 collision detected at time: 800000, Instance: ADC_SiTCP_RING_TB.uut.mem_8_4K_generate[6].ADC_MEM_0.inst.native_mem_module.blk_mem_gen_v8_4_4_inst, A write address: 0, B  read address: 0
blk_mem_gen_v8_4_4 collision detected at time: 800000, Instance: ADC_SiTCP_RING_TB.uut.mem_8_4K_generate[7].ADC_MEM_0.inst.native_mem_module.blk_mem_gen_v8_4_4_inst, A write address: 0, B  read address: 0
blk_mem_gen_v8_4_4 collision detected at time: 800000, Instance: ADC_SiTCP_RING_TB.uut.mem_8_4K_generate[8].ADC_MEM_0.inst.native_mem_module.blk_mem_gen_v8_4_4_inst, A write address: 0, B  read address: 0
blk_mem_gen_v8_4_4 collision detected at time: 800000, Instance: ADC_SiTCP_RING_TB.uut.mem_8_4K_generate[9].ADC_MEM_0.inst.native_mem_module.blk_mem_gen_v8_4_4_inst, A write address: 0, B  read address: 0
blk_mem_gen_v8_4_4 collision detected at time: 800000, Instance: ADC_SiTCP_RING_TB.uut.mem_8_4K_generate[10].ADC_MEM_0.inst.native_mem_module.blk_mem_gen_v8_4_4_inst, A write address: 0, B  read address: 0
blk_mem_gen_v8_4_4 collision detected at time: 800000, Instance: ADC_SiTCP_RING_TB.uut.mem_8_4K_generate[11].ADC_MEM_0.inst.native_mem_module.blk_mem_gen_v8_4_4_inst, A write address: 0, B  read address: 0
blk_mem_gen_v8_4_4 collision detected at time: 800000, Instance: ADC_SiTCP_RING_TB.uut.mem_8_4K_generate[12].ADC_MEM_0.inst.native_mem_module.blk_mem_gen_v8_4_4_inst, A write address: 0, B  read address: 0
blk_mem_gen_v8_4_4 collision detected at time: 800000, Instance: ADC_SiTCP_RING_TB.uut.mem_8_4K_generate[13].ADC_MEM_0.inst.native_mem_module.blk_mem_gen_v8_4_4_inst, A write address: 0, B  read address: 0
blk_mem_gen_v8_4_4 collision detected at time: 800000, Instance: ADC_SiTCP_RING_TB.uut.mem_8_4K_generate[14].ADC_MEM_0.inst.native_mem_module.blk_mem_gen_v8_4_4_inst, A write address: 0, B  read address: 0
blk_mem_gen_v8_4_4 collision detected at time: 800000, Instance: ADC_SiTCP_RING_TB.uut.mem_8_4K_generate[15].ADC_MEM_0.inst.native_mem_module.blk_mem_gen_v8_4_4_inst, A write address: 0, B  read address: 0
blk_mem_gen_v8_4_4 collision detected at time: 800000, Instance: ADC_SiTCP_RING_TB.uut.mem_8_4K_generate[16].ADC_MEM_0.inst.native_mem_module.blk_mem_gen_v8_4_4_inst, A write address: 0, B  read address: 0
blk_mem_gen_v8_4_4 collision detected at time: 800000, Instance: ADC_SiTCP_RING_TB.uut.mem_8_4K_generate[17].ADC_MEM_0.inst.native_mem_module.blk_mem_gen_v8_4_4_inst, A write address: 0, B  read address: 0
blk_mem_gen_v8_4_4 collision detected at time: 800000, Instance: ADC_SiTCP_RING_TB.uut.mem_8_4K_generate[18].ADC_MEM_0.inst.native_mem_module.blk_mem_gen_v8_4_4_inst, A write address: 0, B  read address: 0
blk_mem_gen_v8_4_4 collision detected at time: 800000, Instance: ADC_SiTCP_RING_TB.uut.mem_8_4K_generate[19].ADC_MEM_0.inst.native_mem_module.blk_mem_gen_v8_4_4_inst, A write address: 0, B  read address: 0
blk_mem_gen_v8_4_4 collision detected at time: 800000, Instance: ADC_SiTCP_RING_TB.uut.mem_8_4K_generate[20].ADC_MEM_0.inst.native_mem_module.blk_mem_gen_v8_4_4_inst, A write address: 0, B  read address: 0
blk_mem_gen_v8_4_4 collision detected at time: 800000, Instance: ADC_SiTCP_RING_TB.uut.mem_8_4K_generate[21].ADC_MEM_0.inst.native_mem_module.blk_mem_gen_v8_4_4_inst, A write address: 0, B  read address: 0
blk_mem_gen_v8_4_4 collision detected at time: 800000, Instance: ADC_SiTCP_RING_TB.uut.mem_8_4K_generate[22].ADC_MEM_0.inst.native_mem_module.blk_mem_gen_v8_4_4_inst, A write address: 0, B  read address: 0
blk_mem_gen_v8_4_4 collision detected at time: 800000, Instance: ADC_SiTCP_RING_TB.uut.mem_8_4K_generate[23].ADC_MEM_0.inst.native_mem_module.blk_mem_gen_v8_4_4_inst, A write address: 0, B  read address: 0
blk_mem_gen_v8_4_4 collision detected at time: 800000, Instance: ADC_SiTCP_RING_TB.uut.mem_8_4K_generate[24].ADC_MEM_0.inst.native_mem_module.blk_mem_gen_v8_4_4_inst, A write address: 0, B  read address: 0
blk_mem_gen_v8_4_4 collision detected at time: 800000, Instance: ADC_SiTCP_RING_TB.uut.mem_8_4K_generate[25].ADC_MEM_0.inst.native_mem_module.blk_mem_gen_v8_4_4_inst, A write address: 0, B  read address: 0
blk_mem_gen_v8_4_4 collision detected at time: 800000, Instance: ADC_SiTCP_RING_TB.uut.mem_8_4K_generate[26].ADC_MEM_0.inst.native_mem_module.blk_mem_gen_v8_4_4_inst, A write address: 0, B  read address: 0
blk_mem_gen_v8_4_4 collision detected at time: 800000, Instance: ADC_SiTCP_RING_TB.uut.mem_8_4K_generate[27].ADC_MEM_0.inst.native_mem_module.blk_mem_gen_v8_4_4_inst, A write address: 0, B  read address: 0
blk_mem_gen_v8_4_4 collision detected at time: 800000, Instance: ADC_SiTCP_RING_TB.uut.mem_8_4K_generate[28].ADC_MEM_0.inst.native_mem_module.blk_mem_gen_v8_4_4_inst, A write address: 0, B  read address: 0
blk_mem_gen_v8_4_4 collision detected at time: 800000, Instance: ADC_SiTCP_RING_TB.uut.mem_8_4K_generate[29].ADC_MEM_0.inst.native_mem_module.blk_mem_gen_v8_4_4_inst, A write address: 0, B  read address: 0
blk_mem_gen_v8_4_4 collision detected at time: 800000, Instance: ADC_SiTCP_RING_TB.uut.mem_8_4K_generate[30].ADC_MEM_0.inst.native_mem_module.blk_mem_gen_v8_4_4_inst, A write address: 0, B  read address: 0
blk_mem_gen_v8_4_4 collision detected at time: 800000, Instance: ADC_SiTCP_RING_TB.uut.mem_8_4K_generate[31].ADC_MEM_0.inst.native_mem_module.blk_mem_gen_v8_4_4_inst, A write address: 0, B  read address: 0
blk_mem_gen_v8_4_4 collision detected at time: 800000, Instance: ADC_SiTCP_RING_TB.uut.mem_8_4K_generate[32].ADC_MEM_0.inst.native_mem_module.blk_mem_gen_v8_4_4_inst, A write address: 0, B  read address: 0
blk_mem_gen_v8_4_4 collision detected at time: 800000, Instance: ADC_SiTCP_RING_TB.uut.mem_8_4K_generate[33].ADC_MEM_0.inst.native_mem_module.blk_mem_gen_v8_4_4_inst, A write address: 0, B  read address: 0
blk_mem_gen_v8_4_4 collision detected at time: 800000, Instance: ADC_SiTCP_RING_TB.uut.mem_8_4K_generate[34].ADC_MEM_0.inst.native_mem_module.blk_mem_gen_v8_4_4_inst, A write address: 0, B  read address: 0
blk_mem_gen_v8_4_4 collision detected at time: 800000, Instance: ADC_SiTCP_RING_TB.uut.mem_8_4K_generate[35].ADC_MEM_0.inst.native_mem_module.blk_mem_gen_v8_4_4_inst, A write address: 0, B  read address: 0
blk_mem_gen_v8_4_4 collision detected at time: 1000000, Instance: ADC_SiTCP_RING_TB.uut.mem_8_4K_generate[0].ADC_MEM_0.inst.native_mem_module.blk_mem_gen_v8_4_4_inst, A write address: 0, B  read address: 0
blk_mem_gen_v8_4_4 collision detected at time: 1000000, Instance: ADC_SiTCP_RING_TB.uut.mem_8_4K_generate[1].ADC_MEM_0.inst.native_mem_module.blk_mem_gen_v8_4_4_inst, A write address: 0, B  read address: 0
blk_mem_gen_v8_4_4 collision detected at time: 1000000, Instance: ADC_SiTCP_RING_TB.uut.mem_8_4K_generate[2].ADC_MEM_0.inst.native_mem_module.blk_mem_gen_v8_4_4_inst, A write address: 0, B  read address: 0
blk_mem_gen_v8_4_4 collision detected at time: 1000000, Instance: ADC_SiTCP_RING_TB.uut.mem_8_4K_generate[3].ADC_MEM_0.inst.native_mem_module.blk_mem_gen_v8_4_4_inst, A write address: 0, B  read address: 0
blk_mem_gen_v8_4_4 collision detected at time: 1000000, Instance: ADC_SiTCP_RING_TB.uut.mem_8_4K_generate[4].ADC_MEM_0.inst.native_mem_module.blk_mem_gen_v8_4_4_inst, A write address: 0, B  read address: 0
blk_mem_gen_v8_4_4 collision detected at time: 1000000, Instance: ADC_SiTCP_RING_TB.uut.mem_8_4K_generate[5].ADC_MEM_0.inst.native_mem_module.blk_mem_gen_v8_4_4_inst, A write address: 0, B  read address: 0
blk_mem_gen_v8_4_4 collision detected at time: 1000000, Instance: ADC_SiTCP_RING_TB.uut.mem_8_4K_generate[6].ADC_MEM_0.inst.native_mem_module.blk_mem_gen_v8_4_4_inst, A write address: 0, B  read address: 0
blk_mem_gen_v8_4_4 collision detected at time: 1000000, Instance: ADC_SiTCP_RING_TB.uut.mem_8_4K_generate[7].ADC_MEM_0.inst.native_mem_module.blk_mem_gen_v8_4_4_inst, A write address: 0, B  read address: 0
blk_mem_gen_v8_4_4 collision detected at time: 1000000, Instance: ADC_SiTCP_RING_TB.uut.mem_8_4K_generate[8].ADC_MEM_0.inst.native_mem_module.blk_mem_gen_v8_4_4_inst, A write address: 0, B  read address: 0
blk_mem_gen_v8_4_4 collision detected at time: 1000000, Instance: ADC_SiTCP_RING_TB.uut.mem_8_4K_generate[9].ADC_MEM_0.inst.native_mem_module.blk_mem_gen_v8_4_4_inst, A write address: 0, B  read address: 0
blk_mem_gen_v8_4_4 collision detected at time: 1000000, Instance: ADC_SiTCP_RING_TB.uut.mem_8_4K_generate[10].ADC_MEM_0.inst.native_mem_module.blk_mem_gen_v8_4_4_inst, A write address: 0, B  read address: 0
blk_mem_gen_v8_4_4 collision detected at time: 1000000, Instance: ADC_SiTCP_RING_TB.uut.mem_8_4K_generate[11].ADC_MEM_0.inst.native_mem_module.blk_mem_gen_v8_4_4_inst, A write address: 0, B  read address: 0
blk_mem_gen_v8_4_4 collision detected at time: 1000000, Instance: ADC_SiTCP_RING_TB.uut.mem_8_4K_generate[12].ADC_MEM_0.inst.native_mem_module.blk_mem_gen_v8_4_4_inst, A write address: 0, B  read address: 0
blk_mem_gen_v8_4_4 collision detected at time: 1000000, Instance: ADC_SiTCP_RING_TB.uut.mem_8_4K_generate[13].ADC_MEM_0.inst.native_mem_module.blk_mem_gen_v8_4_4_inst, A write address: 0, B  read address: 0
blk_mem_gen_v8_4_4 collision detected at time: 1000000, Instance: ADC_SiTCP_RING_TB.uut.mem_8_4K_generate[14].ADC_MEM_0.inst.native_mem_module.blk_mem_gen_v8_4_4_inst, A write address: 0, B  read address: 0
blk_mem_gen_v8_4_4 collision detected at time: 1000000, Instance: ADC_SiTCP_RING_TB.uut.mem_8_4K_generate[15].ADC_MEM_0.inst.native_mem_module.blk_mem_gen_v8_4_4_inst, A write address: 0, B  read address: 0
blk_mem_gen_v8_4_4 collision detected at time: 1000000, Instance: ADC_SiTCP_RING_TB.uut.mem_8_4K_generate[16].ADC_MEM_0.inst.native_mem_module.blk_mem_gen_v8_4_4_inst, A write address: 0, B  read address: 0
blk_mem_gen_v8_4_4 collision detected at time: 1000000, Instance: ADC_SiTCP_RING_TB.uut.mem_8_4K_generate[17].ADC_MEM_0.inst.native_mem_module.blk_mem_gen_v8_4_4_inst, A write address: 0, B  read address: 0
blk_mem_gen_v8_4_4 collision detected at time: 1000000, Instance: ADC_SiTCP_RING_TB.uut.mem_8_4K_generate[18].ADC_MEM_0.inst.native_mem_module.blk_mem_gen_v8_4_4_inst, A write address: 0, B  read address: 0
blk_mem_gen_v8_4_4 collision detected at time: 1000000, Instance: ADC_SiTCP_RING_TB.uut.mem_8_4K_generate[19].ADC_MEM_0.inst.native_mem_module.blk_mem_gen_v8_4_4_inst, A write address: 0, B  read address: 0
blk_mem_gen_v8_4_4 collision detected at time: 1000000, Instance: ADC_SiTCP_RING_TB.uut.mem_8_4K_generate[20].ADC_MEM_0.inst.native_mem_module.blk_mem_gen_v8_4_4_inst, A write address: 0, B  read address: 0
blk_mem_gen_v8_4_4 collision detected at time: 1000000, Instance: ADC_SiTCP_RING_TB.uut.mem_8_4K_generate[21].ADC_MEM_0.inst.native_mem_module.blk_mem_gen_v8_4_4_inst, A write address: 0, B  read address: 0
blk_mem_gen_v8_4_4 collision detected at time: 1000000, Instance: ADC_SiTCP_RING_TB.uut.mem_8_4K_generate[22].ADC_MEM_0.inst.native_mem_module.blk_mem_gen_v8_4_4_inst, A write address: 0, B  read address: 0
blk_mem_gen_v8_4_4 collision detected at time: 1000000, Instance: ADC_SiTCP_RING_TB.uut.mem_8_4K_generate[23].ADC_MEM_0.inst.native_mem_module.blk_mem_gen_v8_4_4_inst, A write address: 0, B  read address: 0
blk_mem_gen_v8_4_4 collision detected at time: 1000000, Instance: ADC_SiTCP_RING_TB.uut.mem_8_4K_generate[24].ADC_MEM_0.inst.native_mem_module.blk_mem_gen_v8_4_4_inst, A write address: 0, B  read address: 0
blk_mem_gen_v8_4_4 collision detected at time: 1000000, Instance: ADC_SiTCP_RING_TB.uut.mem_8_4K_generate[25].ADC_MEM_0.inst.native_mem_module.blk_mem_gen_v8_4_4_inst, A write address: 0, B  read address: 0
blk_mem_gen_v8_4_4 collision detected at time: 1000000, Instance: ADC_SiTCP_RING_TB.uut.mem_8_4K_generate[26].ADC_MEM_0.inst.native_mem_module.blk_mem_gen_v8_4_4_inst, A write address: 0, B  read address: 0
blk_mem_gen_v8_4_4 collision detected at time: 1000000, Instance: ADC_SiTCP_RING_TB.uut.mem_8_4K_generate[27].ADC_MEM_0.inst.native_mem_module.blk_mem_gen_v8_4_4_inst, A write address: 0, B  read address: 0
blk_mem_gen_v8_4_4 collision detected at time: 1000000, Instance: ADC_SiTCP_RING_TB.uut.mem_8_4K_generate[28].ADC_MEM_0.inst.native_mem_module.blk_mem_gen_v8_4_4_inst, A write address: 0, B  read address: 0
blk_mem_gen_v8_4_4 collision detected at time: 1000000, Instance: ADC_SiTCP_RING_TB.uut.mem_8_4K_generate[29].ADC_MEM_0.inst.native_mem_module.blk_mem_gen_v8_4_4_inst, A write address: 0, B  read address: 0
blk_mem_gen_v8_4_4 collision detected at time: 1000000, Instance: ADC_SiTCP_RING_TB.uut.mem_8_4K_generate[30].ADC_MEM_0.inst.native_mem_module.blk_mem_gen_v8_4_4_inst, A write address: 0, B  read address: 0
blk_mem_gen_v8_4_4 collision detected at time: 1000000, Instance: ADC_SiTCP_RING_TB.uut.mem_8_4K_generate[31].ADC_MEM_0.inst.native_mem_module.blk_mem_gen_v8_4_4_inst, A write address: 0, B  read address: 0
blk_mem_gen_v8_4_4 collision detected at time: 1000000, Instance: ADC_SiTCP_RING_TB.uut.mem_8_4K_generate[32].ADC_MEM_0.inst.native_mem_module.blk_mem_gen_v8_4_4_inst, A write address: 0, B  read address: 0
blk_mem_gen_v8_4_4 collision detected at time: 1000000, Instance: ADC_SiTCP_RING_TB.uut.mem_8_4K_generate[33].ADC_MEM_0.inst.native_mem_module.blk_mem_gen_v8_4_4_inst, A write address: 0, B  read address: 0
blk_mem_gen_v8_4_4 collision detected at time: 1000000, Instance: ADC_SiTCP_RING_TB.uut.mem_8_4K_generate[34].ADC_MEM_0.inst.native_mem_module.blk_mem_gen_v8_4_4_inst, A write address: 0, B  read address: 0
blk_mem_gen_v8_4_4 collision detected at time: 1000000, Instance: ADC_SiTCP_RING_TB.uut.mem_8_4K_generate[35].ADC_MEM_0.inst.native_mem_module.blk_mem_gen_v8_4_4_inst, A write address: 0, B  read address: 0
$finish called at time : 3300 ns : File "C:/Users/81802/Desktop/PAPILLON_FW/PAPILLON_v6/PAPILLON_v6.srcs/sim_1/imports/Desktop/PAPILLON_FW/20180305/20180305.srcs/sim_1/imports/LAr_TPC_RO_ver2/ADC_SiTCP_RING_TB.v" Line 113
