Copyright 1986-2019 Xilinx, Inc. All Rights Reserved.
-----------------------------------------------------------------------------------------------------------------------------------------------------------------------------
| Tool Version : Vivado v.2019.2 (win64) Build 2708876 Wed Nov  6 21:40:23 MST 2019
| Date         : Thu Mar 16 17:54:09 2023
| Host         : DESKTOP-NG52DIC running 64-bit major release  (build 9200)
| Command      : report_methodology -file ADC_SiTCP_V20_methodology_drc_routed.rpt -pb ADC_SiTCP_V20_methodology_drc_routed.pb -rpx ADC_SiTCP_V20_methodology_drc_routed.rpx
| Design       : ADC_SiTCP_V20
| Device       : xc7a100tfgg484-1
| Speed File   : -1
| Design State : Fully Routed
-----------------------------------------------------------------------------------------------------------------------------------------------------------------------------

Report Methodology

Table of Contents
-----------------
1. REPORT SUMMARY
2. REPORT DETAILS

1. REPORT SUMMARY
-----------------
            Netlist: netlist
          Floorplan: design_1
      Design limits: <entire design considered>
             Max violations: <unlimited>
             Violations found: 418
+-----------+------------------+-------------------------------------------------+------------+
| Rule      | Severity         | Description                                     | Violations |
+-----------+------------------+-------------------------------------------------+------------+
| TIMING-6  | Critical Warning | No common primary clock between related clocks  | 3          |
| TIMING-7  | Critical Warning | No common node between related clocks           | 3          |
| TIMING-8  | Critical Warning | No common period between related clocks         | 3          |
| TIMING-17 | Critical Warning | Non-clocked sequential cell                     | 338        |
| LUTAR-1   | Warning          | LUT drives async reset alert                    | 5          |
| PDRC-190  | Warning          | Suboptimally placed synchronized register chain | 10         |
| TIMING-9  | Warning          | Unknown CDC Logic                               | 1          |
| TIMING-10 | Warning          | Missing property on synchronizer                | 1          |
| TIMING-18 | Warning          | Missing input or output delay                   | 54         |
+-----------+------------------+-------------------------------------------------+------------+

2. REPORT DETAILS
-----------------
TIMING-6#1 Critical Warning
No common primary clock between related clocks  
The clocks clk_out1_SYSCLK0 and CLK_DIV_OUT are related (timed together) but they have no common primary clock. The design could fail in hardware. To find a timing path between these clocks, run the following command: report_timing -from [get_clocks clk_out1_SYSCLK0] -to [get_clocks CLK_DIV_OUT]
Related violations: <none>

TIMING-6#2 Critical Warning
No common primary clock between related clocks  
The clocks clk_out1_SYSCLK0 and CLK_DIV_OUT_1 are related (timed together) but they have no common primary clock. The design could fail in hardware. To find a timing path between these clocks, run the following command: report_timing -from [get_clocks clk_out1_SYSCLK0] -to [get_clocks CLK_DIV_OUT_1]
Related violations: <none>

TIMING-6#3 Critical Warning
No common primary clock between related clocks  
The clocks clk_out1_SYSCLK0 and CLK_DIV_OUT_2 are related (timed together) but they have no common primary clock. The design could fail in hardware. To find a timing path between these clocks, run the following command: report_timing -from [get_clocks clk_out1_SYSCLK0] -to [get_clocks CLK_DIV_OUT_2]
Related violations: <none>

TIMING-7#1 Critical Warning
No common node between related clocks  
The clocks clk_out1_SYSCLK0 and CLK_DIV_OUT are related (timed together) but they have no common node. The design could fail in hardware. To find a timing path between these clocks, run the following command: report_timing -from [get_clocks clk_out1_SYSCLK0] -to [get_clocks CLK_DIV_OUT]
Related violations: <none>

TIMING-7#2 Critical Warning
No common node between related clocks  
The clocks clk_out1_SYSCLK0 and CLK_DIV_OUT_1 are related (timed together) but they have no common node. The design could fail in hardware. To find a timing path between these clocks, run the following command: report_timing -from [get_clocks clk_out1_SYSCLK0] -to [get_clocks CLK_DIV_OUT_1]
Related violations: <none>

TIMING-7#3 Critical Warning
No common node between related clocks  
The clocks clk_out1_SYSCLK0 and CLK_DIV_OUT_2 are related (timed together) but they have no common node. The design could fail in hardware. To find a timing path between these clocks, run the following command: report_timing -from [get_clocks clk_out1_SYSCLK0] -to [get_clocks CLK_DIV_OUT_2]
Related violations: <none>

TIMING-8#1 Critical Warning
No common period between related clocks  
The clocks clk_out1_SYSCLK0 and CLK_DIV_OUT are found related (timed together) but have no common (expandable) period
Related violations: <none>

TIMING-8#2 Critical Warning
No common period between related clocks  
The clocks clk_out1_SYSCLK0 and CLK_DIV_OUT_1 are found related (timed together) but have no common (expandable) period
Related violations: <none>

TIMING-8#3 Critical Warning
No common period between related clocks  
The clocks clk_out1_SYSCLK0 and CLK_DIV_OUT_2 are found related (timed together) but have no common (expandable) period
Related violations: <none>

TIMING-17#1 Critical Warning
Non-clocked sequential cell  
The clock pin BUFGCTRL_CLK0/I0 is not reached by a timing clock
Related violations: <none>

TIMING-17#2 Critical Warning
Non-clocked sequential cell  
The clock pin SiTCP/SiTCP/GMII/GMII_RXBUF/RX_BUF/Mram_RAM/CLKARDCLK is not reached by a timing clock
Related violations: <none>

TIMING-17#3 Critical Warning
Non-clocked sequential cell  
The clock pin SiTCP/SiTCP/GMII/GMII_RXBUF/cmpWrAddr_0/C is not reached by a timing clock
Related violations: <none>

TIMING-17#4 Critical Warning
Non-clocked sequential cell  
The clock pin SiTCP/SiTCP/GMII/GMII_RXBUF/cmpWrAddr_1/C is not reached by a timing clock
Related violations: <none>

TIMING-17#5 Critical Warning
Non-clocked sequential cell  
The clock pin SiTCP/SiTCP/GMII/GMII_RXBUF/cmpWrAddr_10/C is not reached by a timing clock
Related violations: <none>

TIMING-17#6 Critical Warning
Non-clocked sequential cell  
The clock pin SiTCP/SiTCP/GMII/GMII_RXBUF/cmpWrAddr_11/C is not reached by a timing clock
Related violations: <none>

TIMING-17#7 Critical Warning
Non-clocked sequential cell  
The clock pin SiTCP/SiTCP/GMII/GMII_RXBUF/cmpWrAddr_2/C is not reached by a timing clock
Related violations: <none>

TIMING-17#8 Critical Warning
Non-clocked sequential cell  
The clock pin SiTCP/SiTCP/GMII/GMII_RXBUF/cmpWrAddr_3/C is not reached by a timing clock
Related violations: <none>

TIMING-17#9 Critical Warning
Non-clocked sequential cell  
The clock pin SiTCP/SiTCP/GMII/GMII_RXBUF/cmpWrAddr_4/C is not reached by a timing clock
Related violations: <none>

TIMING-17#10 Critical Warning
Non-clocked sequential cell  
The clock pin SiTCP/SiTCP/GMII/GMII_RXBUF/cmpWrAddr_5/C is not reached by a timing clock
Related violations: <none>

TIMING-17#11 Critical Warning
Non-clocked sequential cell  
The clock pin SiTCP/SiTCP/GMII/GMII_RXBUF/cmpWrAddr_6/C is not reached by a timing clock
Related violations: <none>

TIMING-17#12 Critical Warning
Non-clocked sequential cell  
The clock pin SiTCP/SiTCP/GMII/GMII_RXBUF/cmpWrAddr_7/C is not reached by a timing clock
Related violations: <none>

TIMING-17#13 Critical Warning
Non-clocked sequential cell  
The clock pin SiTCP/SiTCP/GMII/GMII_RXBUF/cmpWrAddr_8/C is not reached by a timing clock
Related violations: <none>

TIMING-17#14 Critical Warning
Non-clocked sequential cell  
The clock pin SiTCP/SiTCP/GMII/GMII_RXBUF/cmpWrAddr_9/C is not reached by a timing clock
Related violations: <none>

TIMING-17#15 Critical Warning
Non-clocked sequential cell  
The clock pin SiTCP/SiTCP/GMII/GMII_RXBUF/lastWe/C is not reached by a timing clock
Related violations: <none>

TIMING-17#16 Critical Warning
Non-clocked sequential cell  
The clock pin SiTCP/SiTCP/GMII/GMII_RXBUF/memWd_0/C is not reached by a timing clock
Related violations: <none>

TIMING-17#17 Critical Warning
Non-clocked sequential cell  
The clock pin SiTCP/SiTCP/GMII/GMII_RXBUF/memWd_1/C is not reached by a timing clock
Related violations: <none>

TIMING-17#18 Critical Warning
Non-clocked sequential cell  
The clock pin SiTCP/SiTCP/GMII/GMII_RXBUF/memWd_2/C is not reached by a timing clock
Related violations: <none>

TIMING-17#19 Critical Warning
Non-clocked sequential cell  
The clock pin SiTCP/SiTCP/GMII/GMII_RXBUF/memWd_3/C is not reached by a timing clock
Related violations: <none>

TIMING-17#20 Critical Warning
Non-clocked sequential cell  
The clock pin SiTCP/SiTCP/GMII/GMII_RXBUF/memWd_4/C is not reached by a timing clock
Related violations: <none>

TIMING-17#21 Critical Warning
Non-clocked sequential cell  
The clock pin SiTCP/SiTCP/GMII/GMII_RXBUF/memWd_5/C is not reached by a timing clock
Related violations: <none>

TIMING-17#22 Critical Warning
Non-clocked sequential cell  
The clock pin SiTCP/SiTCP/GMII/GMII_RXBUF/memWd_6/C is not reached by a timing clock
Related violations: <none>

TIMING-17#23 Critical Warning
Non-clocked sequential cell  
The clock pin SiTCP/SiTCP/GMII/GMII_RXBUF/memWd_7/C is not reached by a timing clock
Related violations: <none>

TIMING-17#24 Critical Warning
Non-clocked sequential cell  
The clock pin SiTCP/SiTCP/GMII/GMII_RXBUF/memWe/C is not reached by a timing clock
Related violations: <none>

TIMING-17#25 Critical Warning
Non-clocked sequential cell  
The clock pin SiTCP/SiTCP/GMII/GMII_RXBUF/wrAddrData_0/C is not reached by a timing clock
Related violations: <none>

TIMING-17#26 Critical Warning
Non-clocked sequential cell  
The clock pin SiTCP/SiTCP/GMII/GMII_RXBUF/wrAddrData_1/C is not reached by a timing clock
Related violations: <none>

TIMING-17#27 Critical Warning
Non-clocked sequential cell  
The clock pin SiTCP/SiTCP/GMII/GMII_RXBUF/wrAddrData_10/C is not reached by a timing clock
Related violations: <none>

TIMING-17#28 Critical Warning
Non-clocked sequential cell  
The clock pin SiTCP/SiTCP/GMII/GMII_RXBUF/wrAddrData_11/C is not reached by a timing clock
Related violations: <none>

TIMING-17#29 Critical Warning
Non-clocked sequential cell  
The clock pin SiTCP/SiTCP/GMII/GMII_RXBUF/wrAddrData_2/C is not reached by a timing clock
Related violations: <none>

TIMING-17#30 Critical Warning
Non-clocked sequential cell  
The clock pin SiTCP/SiTCP/GMII/GMII_RXBUF/wrAddrData_3/C is not reached by a timing clock
Related violations: <none>

TIMING-17#31 Critical Warning
Non-clocked sequential cell  
The clock pin SiTCP/SiTCP/GMII/GMII_RXBUF/wrAddrData_4/C is not reached by a timing clock
Related violations: <none>

TIMING-17#32 Critical Warning
Non-clocked sequential cell  
The clock pin SiTCP/SiTCP/GMII/GMII_RXBUF/wrAddrData_5/C is not reached by a timing clock
Related violations: <none>

TIMING-17#33 Critical Warning
Non-clocked sequential cell  
The clock pin SiTCP/SiTCP/GMII/GMII_RXBUF/wrAddrData_6/C is not reached by a timing clock
Related violations: <none>

TIMING-17#34 Critical Warning
Non-clocked sequential cell  
The clock pin SiTCP/SiTCP/GMII/GMII_RXBUF/wrAddrData_7/C is not reached by a timing clock
Related violations: <none>

TIMING-17#35 Critical Warning
Non-clocked sequential cell  
The clock pin SiTCP/SiTCP/GMII/GMII_RXBUF/wrAddrData_8/C is not reached by a timing clock
Related violations: <none>

TIMING-17#36 Critical Warning
Non-clocked sequential cell  
The clock pin SiTCP/SiTCP/GMII/GMII_RXBUF/wrAddrData_9/C is not reached by a timing clock
Related violations: <none>

TIMING-17#37 Critical Warning
Non-clocked sequential cell  
The clock pin SiTCP/SiTCP/GMII/GMII_RXBUF/wrAddrEnb/C is not reached by a timing clock
Related violations: <none>

TIMING-17#38 Critical Warning
Non-clocked sequential cell  
The clock pin SiTCP/SiTCP/GMII/GMII_RXBUF/wrAddr_0/C is not reached by a timing clock
Related violations: <none>

TIMING-17#39 Critical Warning
Non-clocked sequential cell  
The clock pin SiTCP/SiTCP/GMII/GMII_RXBUF/wrAddr_1/C is not reached by a timing clock
Related violations: <none>

TIMING-17#40 Critical Warning
Non-clocked sequential cell  
The clock pin SiTCP/SiTCP/GMII/GMII_RXBUF/wrAddr_10/C is not reached by a timing clock
Related violations: <none>

TIMING-17#41 Critical Warning
Non-clocked sequential cell  
The clock pin SiTCP/SiTCP/GMII/GMII_RXBUF/wrAddr_11/C is not reached by a timing clock
Related violations: <none>

TIMING-17#42 Critical Warning
Non-clocked sequential cell  
The clock pin SiTCP/SiTCP/GMII/GMII_RXBUF/wrAddr_2/C is not reached by a timing clock
Related violations: <none>

TIMING-17#43 Critical Warning
Non-clocked sequential cell  
The clock pin SiTCP/SiTCP/GMII/GMII_RXBUF/wrAddr_3/C is not reached by a timing clock
Related violations: <none>

TIMING-17#44 Critical Warning
Non-clocked sequential cell  
The clock pin SiTCP/SiTCP/GMII/GMII_RXBUF/wrAddr_4/C is not reached by a timing clock
Related violations: <none>

TIMING-17#45 Critical Warning
Non-clocked sequential cell  
The clock pin SiTCP/SiTCP/GMII/GMII_RXBUF/wrAddr_5/C is not reached by a timing clock
Related violations: <none>

TIMING-17#46 Critical Warning
Non-clocked sequential cell  
The clock pin SiTCP/SiTCP/GMII/GMII_RXBUF/wrAddr_6/C is not reached by a timing clock
Related violations: <none>

TIMING-17#47 Critical Warning
Non-clocked sequential cell  
The clock pin SiTCP/SiTCP/GMII/GMII_RXBUF/wrAddr_7/C is not reached by a timing clock
Related violations: <none>

TIMING-17#48 Critical Warning
Non-clocked sequential cell  
The clock pin SiTCP/SiTCP/GMII/GMII_RXBUF/wrAddr_8/C is not reached by a timing clock
Related violations: <none>

TIMING-17#49 Critical Warning
Non-clocked sequential cell  
The clock pin SiTCP/SiTCP/GMII/GMII_RXBUF/wrAddr_9/C is not reached by a timing clock
Related violations: <none>

TIMING-17#50 Critical Warning
Non-clocked sequential cell  
The clock pin SiTCP/SiTCP/GMII/GMII_RXBUF/wrDataAddr_0/C is not reached by a timing clock
Related violations: <none>

TIMING-17#51 Critical Warning
Non-clocked sequential cell  
The clock pin SiTCP/SiTCP/GMII/GMII_RXBUF/wrDataAddr_1/C is not reached by a timing clock
Related violations: <none>

TIMING-17#52 Critical Warning
Non-clocked sequential cell  
The clock pin SiTCP/SiTCP/GMII/GMII_RXBUF/wrDataAddr_10/C is not reached by a timing clock
Related violations: <none>

TIMING-17#53 Critical Warning
Non-clocked sequential cell  
The clock pin SiTCP/SiTCP/GMII/GMII_RXBUF/wrDataAddr_11/C is not reached by a timing clock
Related violations: <none>

TIMING-17#54 Critical Warning
Non-clocked sequential cell  
The clock pin SiTCP/SiTCP/GMII/GMII_RXBUF/wrDataAddr_2/C is not reached by a timing clock
Related violations: <none>

TIMING-17#55 Critical Warning
Non-clocked sequential cell  
The clock pin SiTCP/SiTCP/GMII/GMII_RXBUF/wrDataAddr_3/C is not reached by a timing clock
Related violations: <none>

TIMING-17#56 Critical Warning
Non-clocked sequential cell  
The clock pin SiTCP/SiTCP/GMII/GMII_RXBUF/wrDataAddr_4/C is not reached by a timing clock
Related violations: <none>

TIMING-17#57 Critical Warning
Non-clocked sequential cell  
The clock pin SiTCP/SiTCP/GMII/GMII_RXBUF/wrDataAddr_5/C is not reached by a timing clock
Related violations: <none>

TIMING-17#58 Critical Warning
Non-clocked sequential cell  
The clock pin SiTCP/SiTCP/GMII/GMII_RXBUF/wrDataAddr_6/C is not reached by a timing clock
Related violations: <none>

TIMING-17#59 Critical Warning
Non-clocked sequential cell  
The clock pin SiTCP/SiTCP/GMII/GMII_RXBUF/wrDataAddr_7/C is not reached by a timing clock
Related violations: <none>

TIMING-17#60 Critical Warning
Non-clocked sequential cell  
The clock pin SiTCP/SiTCP/GMII/GMII_RXBUF/wrDataAddr_8/C is not reached by a timing clock
Related violations: <none>

TIMING-17#61 Critical Warning
Non-clocked sequential cell  
The clock pin SiTCP/SiTCP/GMII/GMII_RXBUF/wrDataAddr_9/C is not reached by a timing clock
Related violations: <none>

TIMING-17#62 Critical Warning
Non-clocked sequential cell  
The clock pin SiTCP/SiTCP/GMII/GMII_RXBUF/wrInh/C is not reached by a timing clock
Related violations: <none>

TIMING-17#63 Critical Warning
Non-clocked sequential cell  
The clock pin SiTCP/SiTCP/GMII/GMII_RXBUF/wrNrmlEnd/C is not reached by a timing clock
Related violations: <none>

TIMING-17#64 Critical Warning
Non-clocked sequential cell  
The clock pin SiTCP/SiTCP/GMII/GMII_RXBUF/wrStatusAddr_0/C is not reached by a timing clock
Related violations: <none>

TIMING-17#65 Critical Warning
Non-clocked sequential cell  
The clock pin SiTCP/SiTCP/GMII/GMII_RXBUF/wrStatusAddr_1/C is not reached by a timing clock
Related violations: <none>

TIMING-17#66 Critical Warning
Non-clocked sequential cell  
The clock pin SiTCP/SiTCP/GMII/GMII_RXBUF/wrStatusAddr_10/C is not reached by a timing clock
Related violations: <none>

TIMING-17#67 Critical Warning
Non-clocked sequential cell  
The clock pin SiTCP/SiTCP/GMII/GMII_RXBUF/wrStatusAddr_11/C is not reached by a timing clock
Related violations: <none>

TIMING-17#68 Critical Warning
Non-clocked sequential cell  
The clock pin SiTCP/SiTCP/GMII/GMII_RXBUF/wrStatusAddr_2/C is not reached by a timing clock
Related violations: <none>

TIMING-17#69 Critical Warning
Non-clocked sequential cell  
The clock pin SiTCP/SiTCP/GMII/GMII_RXBUF/wrStatusAddr_3/C is not reached by a timing clock
Related violations: <none>

TIMING-17#70 Critical Warning
Non-clocked sequential cell  
The clock pin SiTCP/SiTCP/GMII/GMII_RXBUF/wrStatusAddr_4/C is not reached by a timing clock
Related violations: <none>

TIMING-17#71 Critical Warning
Non-clocked sequential cell  
The clock pin SiTCP/SiTCP/GMII/GMII_RXBUF/wrStatusAddr_5/C is not reached by a timing clock
Related violations: <none>

TIMING-17#72 Critical Warning
Non-clocked sequential cell  
The clock pin SiTCP/SiTCP/GMII/GMII_RXBUF/wrStatusAddr_6/C is not reached by a timing clock
Related violations: <none>

TIMING-17#73 Critical Warning
Non-clocked sequential cell  
The clock pin SiTCP/SiTCP/GMII/GMII_RXBUF/wrStatusAddr_7/C is not reached by a timing clock
Related violations: <none>

TIMING-17#74 Critical Warning
Non-clocked sequential cell  
The clock pin SiTCP/SiTCP/GMII/GMII_RXBUF/wrStatusAddr_8/C is not reached by a timing clock
Related violations: <none>

TIMING-17#75 Critical Warning
Non-clocked sequential cell  
The clock pin SiTCP/SiTCP/GMII/GMII_RXBUF/wrStatusAddr_9/C is not reached by a timing clock
Related violations: <none>

TIMING-17#76 Critical Warning
Non-clocked sequential cell  
The clock pin SiTCP/SiTCP/GMII/GMII_RXCNT/IOB_RDV/C is not reached by a timing clock
Related violations: <none>

TIMING-17#77 Critical Warning
Non-clocked sequential cell  
The clock pin SiTCP/SiTCP/GMII/GMII_RXCNT/IOB_RD_0/C is not reached by a timing clock
Related violations: <none>

TIMING-17#78 Critical Warning
Non-clocked sequential cell  
The clock pin SiTCP/SiTCP/GMII/GMII_RXCNT/IOB_RD_1/C is not reached by a timing clock
Related violations: <none>

TIMING-17#79 Critical Warning
Non-clocked sequential cell  
The clock pin SiTCP/SiTCP/GMII/GMII_RXCNT/IOB_RD_2/C is not reached by a timing clock
Related violations: <none>

TIMING-17#80 Critical Warning
Non-clocked sequential cell  
The clock pin SiTCP/SiTCP/GMII/GMII_RXCNT/IOB_RD_3/C is not reached by a timing clock
Related violations: <none>

TIMING-17#81 Critical Warning
Non-clocked sequential cell  
The clock pin SiTCP/SiTCP/GMII/GMII_RXCNT/IOB_RD_4/C is not reached by a timing clock
Related violations: <none>

TIMING-17#82 Critical Warning
Non-clocked sequential cell  
The clock pin SiTCP/SiTCP/GMII/GMII_RXCNT/IOB_RD_5/C is not reached by a timing clock
Related violations: <none>

TIMING-17#83 Critical Warning
Non-clocked sequential cell  
The clock pin SiTCP/SiTCP/GMII/GMII_RXCNT/IOB_RD_6/C is not reached by a timing clock
Related violations: <none>

TIMING-17#84 Critical Warning
Non-clocked sequential cell  
The clock pin SiTCP/SiTCP/GMII/GMII_RXCNT/IOB_RD_7/C is not reached by a timing clock
Related violations: <none>

TIMING-17#85 Critical Warning
Non-clocked sequential cell  
The clock pin SiTCP/SiTCP/GMII/GMII_RXCNT/IOB_RERR/C is not reached by a timing clock
Related violations: <none>

TIMING-17#86 Critical Warning
Non-clocked sequential cell  
The clock pin SiTCP/SiTCP/GMII/GMII_RXCNT/arpChk_0/C is not reached by a timing clock
Related violations: <none>

TIMING-17#87 Critical Warning
Non-clocked sequential cell  
The clock pin SiTCP/SiTCP/GMII/GMII_RXCNT/arpChk_1/C is not reached by a timing clock
Related violations: <none>

TIMING-17#88 Critical Warning
Non-clocked sequential cell  
The clock pin SiTCP/SiTCP/GMII/GMII_RXCNT/arpChk_2/C is not reached by a timing clock
Related violations: <none>

TIMING-17#89 Critical Warning
Non-clocked sequential cell  
The clock pin SiTCP/SiTCP/GMII/GMII_RXCNT/arpChk_3/C is not reached by a timing clock
Related violations: <none>

TIMING-17#90 Critical Warning
Non-clocked sequential cell  
The clock pin SiTCP/SiTCP/GMII/GMII_RXCNT/arpChk_4/C is not reached by a timing clock
Related violations: <none>

TIMING-17#91 Critical Warning
Non-clocked sequential cell  
The clock pin SiTCP/SiTCP/GMII/GMII_RXCNT/arpChk_5/C is not reached by a timing clock
Related violations: <none>

TIMING-17#92 Critical Warning
Non-clocked sequential cell  
The clock pin SiTCP/SiTCP/GMII/GMII_RXCNT/arpChk_6/C is not reached by a timing clock
Related violations: <none>

TIMING-17#93 Critical Warning
Non-clocked sequential cell  
The clock pin SiTCP/SiTCP/GMII/GMII_RXCNT/arpChk_7/C is not reached by a timing clock
Related violations: <none>

TIMING-17#94 Critical Warning
Non-clocked sequential cell  
The clock pin SiTCP/SiTCP/GMII/GMII_RXCNT/arpChk_8/C is not reached by a timing clock
Related violations: <none>

TIMING-17#95 Critical Warning
Non-clocked sequential cell  
The clock pin SiTCP/SiTCP/GMII/GMII_RXCNT/arpIpAddrCmpOk/C is not reached by a timing clock
Related violations: <none>

TIMING-17#96 Critical Warning
Non-clocked sequential cell  
The clock pin SiTCP/SiTCP/GMII/GMII_RXCNT/arpTypeLd/C is not reached by a timing clock
Related violations: <none>

TIMING-17#97 Critical Warning
Non-clocked sequential cell  
The clock pin SiTCP/SiTCP/GMII/GMII_RXCNT/arpType_0/C is not reached by a timing clock
Related violations: <none>

TIMING-17#98 Critical Warning
Non-clocked sequential cell  
The clock pin SiTCP/SiTCP/GMII/GMII_RXCNT/arpType_1/C is not reached by a timing clock
Related violations: <none>

TIMING-17#99 Critical Warning
Non-clocked sequential cell  
The clock pin SiTCP/SiTCP/GMII/GMII_RXCNT/brdCastFrmDet/C is not reached by a timing clock
Related violations: <none>

TIMING-17#100 Critical Warning
Non-clocked sequential cell  
The clock pin SiTCP/SiTCP/GMII/GMII_RXCNT/cmpInitArpIp/C is not reached by a timing clock
Related violations: <none>

TIMING-17#101 Critical Warning
Non-clocked sequential cell  
The clock pin SiTCP/SiTCP/GMII/GMII_RXCNT/cmpInitIpIp/C is not reached by a timing clock
Related violations: <none>

TIMING-17#102 Critical Warning
Non-clocked sequential cell  
The clock pin SiTCP/SiTCP/GMII/GMII_RXCNT/cmpLdArpIp/C is not reached by a timing clock
Related violations: <none>

TIMING-17#103 Critical Warning
Non-clocked sequential cell  
The clock pin SiTCP/SiTCP/GMII/GMII_RXCNT/cmpLdIpIp/C is not reached by a timing clock
Related violations: <none>

TIMING-17#104 Critical Warning
Non-clocked sequential cell  
The clock pin SiTCP/SiTCP/GMII/GMII_RXCNT/cmpLdMac/C is not reached by a timing clock
Related violations: <none>

TIMING-17#105 Critical Warning
Non-clocked sequential cell  
The clock pin SiTCP/SiTCP/GMII/GMII_RXCNT/crcOk/C is not reached by a timing clock
Related violations: <none>

TIMING-17#106 Critical Warning
Non-clocked sequential cell  
The clock pin SiTCP/SiTCP/GMII/GMII_RXCNT/dlyRx00Rcvd/C is not reached by a timing clock
Related violations: <none>

TIMING-17#107 Critical Warning
Non-clocked sequential cell  
The clock pin SiTCP/SiTCP/GMII/GMII_RXCNT/dlyRx03Rcvd/C is not reached by a timing clock
Related violations: <none>

TIMING-17#108 Critical Warning
Non-clocked sequential cell  
The clock pin SiTCP/SiTCP/GMII/GMII_RXCNT/dlyRx08Rcvd/C is not reached by a timing clock
Related violations: <none>

TIMING-17#109 Critical Warning
Non-clocked sequential cell  
The clock pin SiTCP/SiTCP/GMII/GMII_RXCNT/dlyRx88Rcvd/C is not reached by a timing clock
Related violations: <none>

TIMING-17#110 Critical Warning
Non-clocked sequential cell  
The clock pin SiTCP/SiTCP/GMII/GMII_RXCNT/dlyRxData_0/C is not reached by a timing clock
Related violations: <none>

TIMING-17#111 Critical Warning
Non-clocked sequential cell  
The clock pin SiTCP/SiTCP/GMII/GMII_RXCNT/dlyRxData_1/C is not reached by a timing clock
Related violations: <none>

TIMING-17#112 Critical Warning
Non-clocked sequential cell  
The clock pin SiTCP/SiTCP/GMII/GMII_RXCNT/dlyRxData_2/C is not reached by a timing clock
Related violations: <none>

TIMING-17#113 Critical Warning
Non-clocked sequential cell  
The clock pin SiTCP/SiTCP/GMII/GMII_RXCNT/dlyRxData_3/C is not reached by a timing clock
Related violations: <none>

TIMING-17#114 Critical Warning
Non-clocked sequential cell  
The clock pin SiTCP/SiTCP/GMII/GMII_RXCNT/dlyRxData_4/C is not reached by a timing clock
Related violations: <none>

TIMING-17#115 Critical Warning
Non-clocked sequential cell  
The clock pin SiTCP/SiTCP/GMII/GMII_RXCNT/dlyRxData_5/C is not reached by a timing clock
Related violations: <none>

TIMING-17#116 Critical Warning
Non-clocked sequential cell  
The clock pin SiTCP/SiTCP/GMII/GMII_RXCNT/dlyRxData_6/C is not reached by a timing clock
Related violations: <none>

TIMING-17#117 Critical Warning
Non-clocked sequential cell  
The clock pin SiTCP/SiTCP/GMII/GMII_RXCNT/dlyRxData_7/C is not reached by a timing clock
Related violations: <none>

TIMING-17#118 Critical Warning
Non-clocked sequential cell  
The clock pin SiTCP/SiTCP/GMII/GMII_RXCNT/dlyRxEof/C is not reached by a timing clock
Related violations: <none>

TIMING-17#119 Critical Warning
Non-clocked sequential cell  
The clock pin SiTCP/SiTCP/GMII/GMII_RXCNT/dlyRxFfRcvd/C is not reached by a timing clock
Related violations: <none>

TIMING-17#120 Critical Warning
Non-clocked sequential cell  
The clock pin SiTCP/SiTCP/GMII/GMII_RXCNT/dlyRxPrlTim/C is not reached by a timing clock
Related violations: <none>

TIMING-17#121 Critical Warning
Non-clocked sequential cell  
The clock pin SiTCP/SiTCP/GMII/GMII_RXCNT/dlyRxPrlVal/C is not reached by a timing clock
Related violations: <none>

TIMING-17#122 Critical Warning
Non-clocked sequential cell  
The clock pin SiTCP/SiTCP/GMII/GMII_RXCNT/dlyRxSfd/C is not reached by a timing clock
Related violations: <none>

TIMING-17#123 Critical Warning
Non-clocked sequential cell  
The clock pin SiTCP/SiTCP/GMII/GMII_RXCNT/dlyRxU4Rcvd/C is not reached by a timing clock
Related violations: <none>

TIMING-17#124 Critical Warning
Non-clocked sequential cell  
The clock pin SiTCP/SiTCP/GMII/GMII_RXCNT/fcsCal_0/C is not reached by a timing clock
Related violations: <none>

TIMING-17#125 Critical Warning
Non-clocked sequential cell  
The clock pin SiTCP/SiTCP/GMII/GMII_RXCNT/fcsCal_1/C is not reached by a timing clock
Related violations: <none>

TIMING-17#126 Critical Warning
Non-clocked sequential cell  
The clock pin SiTCP/SiTCP/GMII/GMII_RXCNT/fcsCal_10/C is not reached by a timing clock
Related violations: <none>

TIMING-17#127 Critical Warning
Non-clocked sequential cell  
The clock pin SiTCP/SiTCP/GMII/GMII_RXCNT/fcsCal_11/C is not reached by a timing clock
Related violations: <none>

TIMING-17#128 Critical Warning
Non-clocked sequential cell  
The clock pin SiTCP/SiTCP/GMII/GMII_RXCNT/fcsCal_12/C is not reached by a timing clock
Related violations: <none>

TIMING-17#129 Critical Warning
Non-clocked sequential cell  
The clock pin SiTCP/SiTCP/GMII/GMII_RXCNT/fcsCal_13/C is not reached by a timing clock
Related violations: <none>

TIMING-17#130 Critical Warning
Non-clocked sequential cell  
The clock pin SiTCP/SiTCP/GMII/GMII_RXCNT/fcsCal_14/C is not reached by a timing clock
Related violations: <none>

TIMING-17#131 Critical Warning
Non-clocked sequential cell  
The clock pin SiTCP/SiTCP/GMII/GMII_RXCNT/fcsCal_15/C is not reached by a timing clock
Related violations: <none>

TIMING-17#132 Critical Warning
Non-clocked sequential cell  
The clock pin SiTCP/SiTCP/GMII/GMII_RXCNT/fcsCal_16/C is not reached by a timing clock
Related violations: <none>

TIMING-17#133 Critical Warning
Non-clocked sequential cell  
The clock pin SiTCP/SiTCP/GMII/GMII_RXCNT/fcsCal_17/C is not reached by a timing clock
Related violations: <none>

TIMING-17#134 Critical Warning
Non-clocked sequential cell  
The clock pin SiTCP/SiTCP/GMII/GMII_RXCNT/fcsCal_18/C is not reached by a timing clock
Related violations: <none>

TIMING-17#135 Critical Warning
Non-clocked sequential cell  
The clock pin SiTCP/SiTCP/GMII/GMII_RXCNT/fcsCal_19/C is not reached by a timing clock
Related violations: <none>

TIMING-17#136 Critical Warning
Non-clocked sequential cell  
The clock pin SiTCP/SiTCP/GMII/GMII_RXCNT/fcsCal_2/C is not reached by a timing clock
Related violations: <none>

TIMING-17#137 Critical Warning
Non-clocked sequential cell  
The clock pin SiTCP/SiTCP/GMII/GMII_RXCNT/fcsCal_20/C is not reached by a timing clock
Related violations: <none>

TIMING-17#138 Critical Warning
Non-clocked sequential cell  
The clock pin SiTCP/SiTCP/GMII/GMII_RXCNT/fcsCal_21/C is not reached by a timing clock
Related violations: <none>

TIMING-17#139 Critical Warning
Non-clocked sequential cell  
The clock pin SiTCP/SiTCP/GMII/GMII_RXCNT/fcsCal_22/C is not reached by a timing clock
Related violations: <none>

TIMING-17#140 Critical Warning
Non-clocked sequential cell  
The clock pin SiTCP/SiTCP/GMII/GMII_RXCNT/fcsCal_23/C is not reached by a timing clock
Related violations: <none>

TIMING-17#141 Critical Warning
Non-clocked sequential cell  
The clock pin SiTCP/SiTCP/GMII/GMII_RXCNT/fcsCal_24/C is not reached by a timing clock
Related violations: <none>

TIMING-17#142 Critical Warning
Non-clocked sequential cell  
The clock pin SiTCP/SiTCP/GMII/GMII_RXCNT/fcsCal_25/C is not reached by a timing clock
Related violations: <none>

TIMING-17#143 Critical Warning
Non-clocked sequential cell  
The clock pin SiTCP/SiTCP/GMII/GMII_RXCNT/fcsCal_26/C is not reached by a timing clock
Related violations: <none>

TIMING-17#144 Critical Warning
Non-clocked sequential cell  
The clock pin SiTCP/SiTCP/GMII/GMII_RXCNT/fcsCal_27/C is not reached by a timing clock
Related violations: <none>

TIMING-17#145 Critical Warning
Non-clocked sequential cell  
The clock pin SiTCP/SiTCP/GMII/GMII_RXCNT/fcsCal_28/C is not reached by a timing clock
Related violations: <none>

TIMING-17#146 Critical Warning
Non-clocked sequential cell  
The clock pin SiTCP/SiTCP/GMII/GMII_RXCNT/fcsCal_29/C is not reached by a timing clock
Related violations: <none>

TIMING-17#147 Critical Warning
Non-clocked sequential cell  
The clock pin SiTCP/SiTCP/GMII/GMII_RXCNT/fcsCal_3/C is not reached by a timing clock
Related violations: <none>

TIMING-17#148 Critical Warning
Non-clocked sequential cell  
The clock pin SiTCP/SiTCP/GMII/GMII_RXCNT/fcsCal_30/C is not reached by a timing clock
Related violations: <none>

TIMING-17#149 Critical Warning
Non-clocked sequential cell  
The clock pin SiTCP/SiTCP/GMII/GMII_RXCNT/fcsCal_31/C is not reached by a timing clock
Related violations: <none>

TIMING-17#150 Critical Warning
Non-clocked sequential cell  
The clock pin SiTCP/SiTCP/GMII/GMII_RXCNT/fcsCal_4/C is not reached by a timing clock
Related violations: <none>

TIMING-17#151 Critical Warning
Non-clocked sequential cell  
The clock pin SiTCP/SiTCP/GMII/GMII_RXCNT/fcsCal_5/C is not reached by a timing clock
Related violations: <none>

TIMING-17#152 Critical Warning
Non-clocked sequential cell  
The clock pin SiTCP/SiTCP/GMII/GMII_RXCNT/fcsCal_6/C is not reached by a timing clock
Related violations: <none>

TIMING-17#153 Critical Warning
Non-clocked sequential cell  
The clock pin SiTCP/SiTCP/GMII/GMII_RXCNT/fcsCal_7/C is not reached by a timing clock
Related violations: <none>

TIMING-17#154 Critical Warning
Non-clocked sequential cell  
The clock pin SiTCP/SiTCP/GMII/GMII_RXCNT/fcsCal_8/C is not reached by a timing clock
Related violations: <none>

TIMING-17#155 Critical Warning
Non-clocked sequential cell  
The clock pin SiTCP/SiTCP/GMII/GMII_RXCNT/fcsCal_9/C is not reached by a timing clock
Related violations: <none>

TIMING-17#156 Critical Warning
Non-clocked sequential cell  
The clock pin SiTCP/SiTCP/GMII/GMII_RXCNT/icmpPrtType/C is not reached by a timing clock
Related violations: <none>

TIMING-17#157 Critical Warning
Non-clocked sequential cell  
The clock pin SiTCP/SiTCP/GMII/GMII_RXCNT/icmpType_0/C is not reached by a timing clock
Related violations: <none>

TIMING-17#158 Critical Warning
Non-clocked sequential cell  
The clock pin SiTCP/SiTCP/GMII/GMII_RXCNT/icmpType_1/C is not reached by a timing clock
Related violations: <none>

TIMING-17#159 Critical Warning
Non-clocked sequential cell  
The clock pin SiTCP/SiTCP/GMII/GMII_RXCNT/ipAddrOk/C is not reached by a timing clock
Related violations: <none>

TIMING-17#160 Critical Warning
Non-clocked sequential cell  
The clock pin SiTCP/SiTCP/GMII/GMII_RXCNT/ipHdCnt_0/C is not reached by a timing clock
Related violations: <none>

TIMING-17#161 Critical Warning
Non-clocked sequential cell  
The clock pin SiTCP/SiTCP/GMII/GMII_RXCNT/ipHdCnt_1/C is not reached by a timing clock
Related violations: <none>

TIMING-17#162 Critical Warning
Non-clocked sequential cell  
The clock pin SiTCP/SiTCP/GMII/GMII_RXCNT/ipHdCnt_2/C is not reached by a timing clock
Related violations: <none>

TIMING-17#163 Critical Warning
Non-clocked sequential cell  
The clock pin SiTCP/SiTCP/GMII/GMII_RXCNT/ipHdCnt_3/C is not reached by a timing clock
Related violations: <none>

TIMING-17#164 Critical Warning
Non-clocked sequential cell  
The clock pin SiTCP/SiTCP/GMII/GMII_RXCNT/ipHdCnt_4/C is not reached by a timing clock
Related violations: <none>

TIMING-17#165 Critical Warning
Non-clocked sequential cell  
The clock pin SiTCP/SiTCP/GMII/GMII_RXCNT/ipHdCnt_5/C is not reached by a timing clock
Related violations: <none>

TIMING-17#166 Critical Warning
Non-clocked sequential cell  
The clock pin SiTCP/SiTCP/GMII/GMII_RXCNT/ipHdOk/C is not reached by a timing clock
Related violations: <none>

TIMING-17#167 Critical Warning
Non-clocked sequential cell  
The clock pin SiTCP/SiTCP/GMII/GMII_RXCNT/ipIpAddrCmpOk/C is not reached by a timing clock
Related violations: <none>

TIMING-17#168 Critical Warning
Non-clocked sequential cell  
The clock pin SiTCP/SiTCP/GMII/GMII_RXCNT/ipPrtclLd/C is not reached by a timing clock
Related violations: <none>

TIMING-17#169 Critical Warning
Non-clocked sequential cell  
The clock pin SiTCP/SiTCP/GMII/GMII_RXCNT/ipgCnt_0/C is not reached by a timing clock
Related violations: <none>

TIMING-17#170 Critical Warning
Non-clocked sequential cell  
The clock pin SiTCP/SiTCP/GMII/GMII_RXCNT/ipgCnt_1/C is not reached by a timing clock
Related violations: <none>

TIMING-17#171 Critical Warning
Non-clocked sequential cell  
The clock pin SiTCP/SiTCP/GMII/GMII_RXCNT/ipgCnt_2/C is not reached by a timing clock
Related violations: <none>

TIMING-17#172 Critical Warning
Non-clocked sequential cell  
The clock pin SiTCP/SiTCP/GMII/GMII_RXCNT/ipgCnt_3/C is not reached by a timing clock
Related violations: <none>

TIMING-17#173 Critical Warning
Non-clocked sequential cell  
The clock pin SiTCP/SiTCP/GMII/GMII_RXCNT/ipgCnt_4/C is not reached by a timing clock
Related violations: <none>

TIMING-17#174 Critical Warning
Non-clocked sequential cell  
The clock pin SiTCP/SiTCP/GMII/GMII_RXCNT/ipgCnt_5/C is not reached by a timing clock
Related violations: <none>

TIMING-17#175 Critical Warning
Non-clocked sequential cell  
The clock pin SiTCP/SiTCP/GMII/GMII_RXCNT/ipgOk/C is not reached by a timing clock
Related violations: <none>

TIMING-17#176 Critical Warning
Non-clocked sequential cell  
The clock pin SiTCP/SiTCP/GMII/GMII_RXCNT/irMacFlowEnb/C is not reached by a timing clock
Related violations: <none>

TIMING-17#177 Critical Warning
Non-clocked sequential cell  
The clock pin SiTCP/SiTCP/GMII/GMII_RXCNT/lay3Type_0/C is not reached by a timing clock
Related violations: <none>

TIMING-17#178 Critical Warning
Non-clocked sequential cell  
The clock pin SiTCP/SiTCP/GMII/GMII_RXCNT/lay3Type_1/C is not reached by a timing clock
Related violations: <none>

TIMING-17#179 Critical Warning
Non-clocked sequential cell  
The clock pin SiTCP/SiTCP/GMII/GMII_RXCNT/lay4Code_0/C is not reached by a timing clock
Related violations: <none>

TIMING-17#180 Critical Warning
Non-clocked sequential cell  
The clock pin SiTCP/SiTCP/GMII/GMII_RXCNT/lay4Code_1/C is not reached by a timing clock
Related violations: <none>

TIMING-17#181 Critical Warning
Non-clocked sequential cell  
The clock pin SiTCP/SiTCP/GMII/GMII_RXCNT/lay4Wait/C is not reached by a timing clock
Related violations: <none>

TIMING-17#182 Critical Warning
Non-clocked sequential cell  
The clock pin SiTCP/SiTCP/GMII/GMII_RXCNT/longFrmDet/C is not reached by a timing clock
Related violations: <none>

TIMING-17#183 Critical Warning
Non-clocked sequential cell  
The clock pin SiTCP/SiTCP/GMII/GMII_RXCNT/macAddrCmpOk/C is not reached by a timing clock
Related violations: <none>

TIMING-17#184 Critical Warning
Non-clocked sequential cell  
The clock pin SiTCP/SiTCP/GMII/GMII_RXCNT/macCntrlEnb/C is not reached by a timing clock
Related violations: <none>

TIMING-17#185 Critical Warning
Non-clocked sequential cell  
The clock pin SiTCP/SiTCP/GMII/GMII_RXCNT/macFlowCmpOk/C is not reached by a timing clock
Related violations: <none>

TIMING-17#186 Critical Warning
Non-clocked sequential cell  
The clock pin SiTCP/SiTCP/GMII/GMII_RXCNT/macFlowPrm_0/C is not reached by a timing clock
Related violations: <none>

TIMING-17#187 Critical Warning
Non-clocked sequential cell  
The clock pin SiTCP/SiTCP/GMII/GMII_RXCNT/macFlowPrm_1/C is not reached by a timing clock
Related violations: <none>

TIMING-17#188 Critical Warning
Non-clocked sequential cell  
The clock pin SiTCP/SiTCP/GMII/GMII_RXCNT/macFlowPrm_10/C is not reached by a timing clock
Related violations: <none>

TIMING-17#189 Critical Warning
Non-clocked sequential cell  
The clock pin SiTCP/SiTCP/GMII/GMII_RXCNT/macFlowPrm_11/C is not reached by a timing clock
Related violations: <none>

TIMING-17#190 Critical Warning
Non-clocked sequential cell  
The clock pin SiTCP/SiTCP/GMII/GMII_RXCNT/macFlowPrm_12/C is not reached by a timing clock
Related violations: <none>

TIMING-17#191 Critical Warning
Non-clocked sequential cell  
The clock pin SiTCP/SiTCP/GMII/GMII_RXCNT/macFlowPrm_13/C is not reached by a timing clock
Related violations: <none>

TIMING-17#192 Critical Warning
Non-clocked sequential cell  
The clock pin SiTCP/SiTCP/GMII/GMII_RXCNT/macFlowPrm_14/C is not reached by a timing clock
Related violations: <none>

TIMING-17#193 Critical Warning
Non-clocked sequential cell  
The clock pin SiTCP/SiTCP/GMII/GMII_RXCNT/macFlowPrm_15/C is not reached by a timing clock
Related violations: <none>

TIMING-17#194 Critical Warning
Non-clocked sequential cell  
The clock pin SiTCP/SiTCP/GMII/GMII_RXCNT/macFlowPrm_2/C is not reached by a timing clock
Related violations: <none>

TIMING-17#195 Critical Warning
Non-clocked sequential cell  
The clock pin SiTCP/SiTCP/GMII/GMII_RXCNT/macFlowPrm_3/C is not reached by a timing clock
Related violations: <none>

TIMING-17#196 Critical Warning
Non-clocked sequential cell  
The clock pin SiTCP/SiTCP/GMII/GMII_RXCNT/macFlowPrm_4/C is not reached by a timing clock
Related violations: <none>

TIMING-17#197 Critical Warning
Non-clocked sequential cell  
The clock pin SiTCP/SiTCP/GMII/GMII_RXCNT/macFlowPrm_5/C is not reached by a timing clock
Related violations: <none>

TIMING-17#198 Critical Warning
Non-clocked sequential cell  
The clock pin SiTCP/SiTCP/GMII/GMII_RXCNT/macFlowPrm_6/C is not reached by a timing clock
Related violations: <none>

TIMING-17#199 Critical Warning
Non-clocked sequential cell  
The clock pin SiTCP/SiTCP/GMII/GMII_RXCNT/macFlowPrm_7/C is not reached by a timing clock
Related violations: <none>

TIMING-17#200 Critical Warning
Non-clocked sequential cell  
The clock pin SiTCP/SiTCP/GMII/GMII_RXCNT/macFlowPrm_8/C is not reached by a timing clock
Related violations: <none>

TIMING-17#201 Critical Warning
Non-clocked sequential cell  
The clock pin SiTCP/SiTCP/GMII/GMII_RXCNT/macFlowPrm_9/C is not reached by a timing clock
Related violations: <none>

TIMING-17#202 Critical Warning
Non-clocked sequential cell  
The clock pin SiTCP/SiTCP/GMII/GMII_RXCNT/macFlowZero/C is not reached by a timing clock
Related violations: <none>

TIMING-17#203 Critical Warning
Non-clocked sequential cell  
The clock pin SiTCP/SiTCP/GMII/GMII_RXCNT/miiRxData_0/C is not reached by a timing clock
Related violations: <none>

TIMING-17#204 Critical Warning
Non-clocked sequential cell  
The clock pin SiTCP/SiTCP/GMII/GMII_RXCNT/miiRxData_1/C is not reached by a timing clock
Related violations: <none>

TIMING-17#205 Critical Warning
Non-clocked sequential cell  
The clock pin SiTCP/SiTCP/GMII/GMII_RXCNT/miiRxData_2/C is not reached by a timing clock
Related violations: <none>

TIMING-17#206 Critical Warning
Non-clocked sequential cell  
The clock pin SiTCP/SiTCP/GMII/GMII_RXCNT/miiRxData_3/C is not reached by a timing clock
Related violations: <none>

TIMING-17#207 Critical Warning
Non-clocked sequential cell  
The clock pin SiTCP/SiTCP/GMII/GMII_RXCNT/miiRxData_4/C is not reached by a timing clock
Related violations: <none>

TIMING-17#208 Critical Warning
Non-clocked sequential cell  
The clock pin SiTCP/SiTCP/GMII/GMII_RXCNT/miiRxData_5/C is not reached by a timing clock
Related violations: <none>

TIMING-17#209 Critical Warning
Non-clocked sequential cell  
The clock pin SiTCP/SiTCP/GMII/GMII_RXCNT/miiRxData_6/C is not reached by a timing clock
Related violations: <none>

TIMING-17#210 Critical Warning
Non-clocked sequential cell  
The clock pin SiTCP/SiTCP/GMII/GMII_RXCNT/miiRxData_7/C is not reached by a timing clock
Related violations: <none>

TIMING-17#211 Critical Warning
Non-clocked sequential cell  
The clock pin SiTCP/SiTCP/GMII/GMII_RXCNT/miiRxDv/C is not reached by a timing clock
Related violations: <none>

TIMING-17#212 Critical Warning
Non-clocked sequential cell  
The clock pin SiTCP/SiTCP/GMII/GMII_RXCNT/miiRxErr/C is not reached by a timing clock
Related violations: <none>

TIMING-17#213 Critical Warning
Non-clocked sequential cell  
The clock pin SiTCP/SiTCP/GMII/GMII_RXCNT/miiRxSfd/C is not reached by a timing clock
Related violations: <none>

TIMING-17#214 Critical Warning
Non-clocked sequential cell  
The clock pin SiTCP/SiTCP/GMII/GMII_RXCNT/muxData_0/C is not reached by a timing clock
Related violations: <none>

TIMING-17#215 Critical Warning
Non-clocked sequential cell  
The clock pin SiTCP/SiTCP/GMII/GMII_RXCNT/muxData_1/C is not reached by a timing clock
Related violations: <none>

TIMING-17#216 Critical Warning
Non-clocked sequential cell  
The clock pin SiTCP/SiTCP/GMII/GMII_RXCNT/muxData_2/C is not reached by a timing clock
Related violations: <none>

TIMING-17#217 Critical Warning
Non-clocked sequential cell  
The clock pin SiTCP/SiTCP/GMII/GMII_RXCNT/muxData_3/C is not reached by a timing clock
Related violations: <none>

TIMING-17#218 Critical Warning
Non-clocked sequential cell  
The clock pin SiTCP/SiTCP/GMII/GMII_RXCNT/muxData_4/C is not reached by a timing clock
Related violations: <none>

TIMING-17#219 Critical Warning
Non-clocked sequential cell  
The clock pin SiTCP/SiTCP/GMII/GMII_RXCNT/muxData_5/C is not reached by a timing clock
Related violations: <none>

TIMING-17#220 Critical Warning
Non-clocked sequential cell  
The clock pin SiTCP/SiTCP/GMII/GMII_RXCNT/muxData_6/C is not reached by a timing clock
Related violations: <none>

TIMING-17#221 Critical Warning
Non-clocked sequential cell  
The clock pin SiTCP/SiTCP/GMII/GMII_RXCNT/muxData_7/C is not reached by a timing clock
Related violations: <none>

TIMING-17#222 Critical Warning
Non-clocked sequential cell  
The clock pin SiTCP/SiTCP/GMII/GMII_RXCNT/muxEof/C is not reached by a timing clock
Related violations: <none>

TIMING-17#223 Critical Warning
Non-clocked sequential cell  
The clock pin SiTCP/SiTCP/GMII/GMII_RXCNT/muxEow/C is not reached by a timing clock
Related violations: <none>

TIMING-17#224 Critical Warning
Non-clocked sequential cell  
The clock pin SiTCP/SiTCP/GMII/GMII_RXCNT/muxFlowMac_0/C is not reached by a timing clock
Related violations: <none>

TIMING-17#225 Critical Warning
Non-clocked sequential cell  
The clock pin SiTCP/SiTCP/GMII/GMII_RXCNT/muxFlowMac_1/C is not reached by a timing clock
Related violations: <none>

TIMING-17#226 Critical Warning
Non-clocked sequential cell  
The clock pin SiTCP/SiTCP/GMII/GMII_RXCNT/muxFlowMac_7/C is not reached by a timing clock
Related violations: <none>

TIMING-17#227 Critical Warning
Non-clocked sequential cell  
The clock pin SiTCP/SiTCP/GMII/GMII_RXCNT/muxMyIp_0/C is not reached by a timing clock
Related violations: <none>

TIMING-17#228 Critical Warning
Non-clocked sequential cell  
The clock pin SiTCP/SiTCP/GMII/GMII_RXCNT/muxMyIp_1/C is not reached by a timing clock
Related violations: <none>

TIMING-17#229 Critical Warning
Non-clocked sequential cell  
The clock pin SiTCP/SiTCP/GMII/GMII_RXCNT/muxMyIp_2/C is not reached by a timing clock
Related violations: <none>

TIMING-17#230 Critical Warning
Non-clocked sequential cell  
The clock pin SiTCP/SiTCP/GMII/GMII_RXCNT/muxMyIp_3/C is not reached by a timing clock
Related violations: <none>

TIMING-17#231 Critical Warning
Non-clocked sequential cell  
The clock pin SiTCP/SiTCP/GMII/GMII_RXCNT/muxMyIp_4/C is not reached by a timing clock
Related violations: <none>

TIMING-17#232 Critical Warning
Non-clocked sequential cell  
The clock pin SiTCP/SiTCP/GMII/GMII_RXCNT/muxMyIp_5/C is not reached by a timing clock
Related violations: <none>

TIMING-17#233 Critical Warning
Non-clocked sequential cell  
The clock pin SiTCP/SiTCP/GMII/GMII_RXCNT/muxMyIp_6/C is not reached by a timing clock
Related violations: <none>

TIMING-17#234 Critical Warning
Non-clocked sequential cell  
The clock pin SiTCP/SiTCP/GMII/GMII_RXCNT/muxMyIp_7/C is not reached by a timing clock
Related violations: <none>

TIMING-17#235 Critical Warning
Non-clocked sequential cell  
The clock pin SiTCP/SiTCP/GMII/GMII_RXCNT/muxMyMac_0/C is not reached by a timing clock
Related violations: <none>

TIMING-17#236 Critical Warning
Non-clocked sequential cell  
The clock pin SiTCP/SiTCP/GMII/GMII_RXCNT/muxMyMac_1/C is not reached by a timing clock
Related violations: <none>

TIMING-17#237 Critical Warning
Non-clocked sequential cell  
The clock pin SiTCP/SiTCP/GMII/GMII_RXCNT/muxMyMac_2/C is not reached by a timing clock
Related violations: <none>

TIMING-17#238 Critical Warning
Non-clocked sequential cell  
The clock pin SiTCP/SiTCP/GMII/GMII_RXCNT/muxMyMac_3/C is not reached by a timing clock
Related violations: <none>

TIMING-17#239 Critical Warning
Non-clocked sequential cell  
The clock pin SiTCP/SiTCP/GMII/GMII_RXCNT/muxMyMac_4/C is not reached by a timing clock
Related violations: <none>

TIMING-17#240 Critical Warning
Non-clocked sequential cell  
The clock pin SiTCP/SiTCP/GMII/GMII_RXCNT/muxMyMac_5/C is not reached by a timing clock
Related violations: <none>

TIMING-17#241 Critical Warning
Non-clocked sequential cell  
The clock pin SiTCP/SiTCP/GMII/GMII_RXCNT/muxMyMac_6/C is not reached by a timing clock
Related violations: <none>

TIMING-17#242 Critical Warning
Non-clocked sequential cell  
The clock pin SiTCP/SiTCP/GMII/GMII_RXCNT/muxMyMac_7/C is not reached by a timing clock
Related violations: <none>

TIMING-17#243 Critical Warning
Non-clocked sequential cell  
The clock pin SiTCP/SiTCP/GMII/GMII_RXCNT/muxSel_0/C is not reached by a timing clock
Related violations: <none>

TIMING-17#244 Critical Warning
Non-clocked sequential cell  
The clock pin SiTCP/SiTCP/GMII/GMII_RXCNT/muxSel_1/C is not reached by a timing clock
Related violations: <none>

TIMING-17#245 Critical Warning
Non-clocked sequential cell  
The clock pin SiTCP/SiTCP/GMII/GMII_RXCNT/muxSel_2/C is not reached by a timing clock
Related violations: <none>

TIMING-17#246 Critical Warning
Non-clocked sequential cell  
The clock pin SiTCP/SiTCP/GMII/GMII_RXCNT/muxSel_3/C is not reached by a timing clock
Related violations: <none>

TIMING-17#247 Critical Warning
Non-clocked sequential cell  
The clock pin SiTCP/SiTCP/GMII/GMII_RXCNT/muxSof/C is not reached by a timing clock
Related violations: <none>

TIMING-17#248 Critical Warning
Non-clocked sequential cell  
The clock pin SiTCP/SiTCP/GMII/GMII_RXCNT/muxTim/C is not reached by a timing clock
Related violations: <none>

TIMING-17#249 Critical Warning
Non-clocked sequential cell  
The clock pin SiTCP/SiTCP/GMII/GMII_RXCNT/muxVal/C is not reached by a timing clock
Related violations: <none>

TIMING-17#250 Critical Warning
Non-clocked sequential cell  
The clock pin SiTCP/SiTCP/GMII/GMII_RXCNT/orData_0/C is not reached by a timing clock
Related violations: <none>

TIMING-17#251 Critical Warning
Non-clocked sequential cell  
The clock pin SiTCP/SiTCP/GMII/GMII_RXCNT/orData_1/C is not reached by a timing clock
Related violations: <none>

TIMING-17#252 Critical Warning
Non-clocked sequential cell  
The clock pin SiTCP/SiTCP/GMII/GMII_RXCNT/orData_2/C is not reached by a timing clock
Related violations: <none>

TIMING-17#253 Critical Warning
Non-clocked sequential cell  
The clock pin SiTCP/SiTCP/GMII/GMII_RXCNT/orData_3/C is not reached by a timing clock
Related violations: <none>

TIMING-17#254 Critical Warning
Non-clocked sequential cell  
The clock pin SiTCP/SiTCP/GMII/GMII_RXCNT/orData_4/C is not reached by a timing clock
Related violations: <none>

TIMING-17#255 Critical Warning
Non-clocked sequential cell  
The clock pin SiTCP/SiTCP/GMII/GMII_RXCNT/orData_5/C is not reached by a timing clock
Related violations: <none>

TIMING-17#256 Critical Warning
Non-clocked sequential cell  
The clock pin SiTCP/SiTCP/GMII/GMII_RXCNT/orData_6/C is not reached by a timing clock
Related violations: <none>

TIMING-17#257 Critical Warning
Non-clocked sequential cell  
The clock pin SiTCP/SiTCP/GMII/GMII_RXCNT/orData_7/C is not reached by a timing clock
Related violations: <none>

TIMING-17#258 Critical Warning
Non-clocked sequential cell  
The clock pin SiTCP/SiTCP/GMII/GMII_RXCNT/orEof/C is not reached by a timing clock
Related violations: <none>

TIMING-17#259 Critical Warning
Non-clocked sequential cell  
The clock pin SiTCP/SiTCP/GMII/GMII_RXCNT/orEow/C is not reached by a timing clock
Related violations: <none>

TIMING-17#260 Critical Warning
Non-clocked sequential cell  
The clock pin SiTCP/SiTCP/GMII/GMII_RXCNT/orMacPause/C is not reached by a timing clock
Related violations: <none>

TIMING-17#261 Critical Warning
Non-clocked sequential cell  
The clock pin SiTCP/SiTCP/GMII/GMII_RXCNT/orMacTim_0/C is not reached by a timing clock
Related violations: <none>

TIMING-17#262 Critical Warning
Non-clocked sequential cell  
The clock pin SiTCP/SiTCP/GMII/GMII_RXCNT/orMacTim_1/C is not reached by a timing clock
Related violations: <none>

TIMING-17#263 Critical Warning
Non-clocked sequential cell  
The clock pin SiTCP/SiTCP/GMII/GMII_RXCNT/orMacTim_10/C is not reached by a timing clock
Related violations: <none>

TIMING-17#264 Critical Warning
Non-clocked sequential cell  
The clock pin SiTCP/SiTCP/GMII/GMII_RXCNT/orMacTim_11/C is not reached by a timing clock
Related violations: <none>

TIMING-17#265 Critical Warning
Non-clocked sequential cell  
The clock pin SiTCP/SiTCP/GMII/GMII_RXCNT/orMacTim_12/C is not reached by a timing clock
Related violations: <none>

TIMING-17#266 Critical Warning
Non-clocked sequential cell  
The clock pin SiTCP/SiTCP/GMII/GMII_RXCNT/orMacTim_13/C is not reached by a timing clock
Related violations: <none>

TIMING-17#267 Critical Warning
Non-clocked sequential cell  
The clock pin SiTCP/SiTCP/GMII/GMII_RXCNT/orMacTim_14/C is not reached by a timing clock
Related violations: <none>

TIMING-17#268 Critical Warning
Non-clocked sequential cell  
The clock pin SiTCP/SiTCP/GMII/GMII_RXCNT/orMacTim_15/C is not reached by a timing clock
Related violations: <none>

TIMING-17#269 Critical Warning
Non-clocked sequential cell  
The clock pin SiTCP/SiTCP/GMII/GMII_RXCNT/orMacTim_2/C is not reached by a timing clock
Related violations: <none>

TIMING-17#270 Critical Warning
Non-clocked sequential cell  
The clock pin SiTCP/SiTCP/GMII/GMII_RXCNT/orMacTim_3/C is not reached by a timing clock
Related violations: <none>

TIMING-17#271 Critical Warning
Non-clocked sequential cell  
The clock pin SiTCP/SiTCP/GMII/GMII_RXCNT/orMacTim_4/C is not reached by a timing clock
Related violations: <none>

TIMING-17#272 Critical Warning
Non-clocked sequential cell  
The clock pin SiTCP/SiTCP/GMII/GMII_RXCNT/orMacTim_5/C is not reached by a timing clock
Related violations: <none>

TIMING-17#273 Critical Warning
Non-clocked sequential cell  
The clock pin SiTCP/SiTCP/GMII/GMII_RXCNT/orMacTim_6/C is not reached by a timing clock
Related violations: <none>

TIMING-17#274 Critical Warning
Non-clocked sequential cell  
The clock pin SiTCP/SiTCP/GMII/GMII_RXCNT/orMacTim_7/C is not reached by a timing clock
Related violations: <none>

TIMING-17#275 Critical Warning
Non-clocked sequential cell  
The clock pin SiTCP/SiTCP/GMII/GMII_RXCNT/orMacTim_8/C is not reached by a timing clock
Related violations: <none>

TIMING-17#276 Critical Warning
Non-clocked sequential cell  
The clock pin SiTCP/SiTCP/GMII/GMII_RXCNT/orMacTim_9/C is not reached by a timing clock
Related violations: <none>

TIMING-17#277 Critical Warning
Non-clocked sequential cell  
The clock pin SiTCP/SiTCP/GMII/GMII_RXCNT/orSof/C is not reached by a timing clock
Related violations: <none>

TIMING-17#278 Critical Warning
Non-clocked sequential cell  
The clock pin SiTCP/SiTCP/GMII/GMII_RXCNT/orTim/C is not reached by a timing clock
Related violations: <none>

TIMING-17#279 Critical Warning
Non-clocked sequential cell  
The clock pin SiTCP/SiTCP/GMII/GMII_RXCNT/orVal/C is not reached by a timing clock
Related violations: <none>

TIMING-17#280 Critical Warning
Non-clocked sequential cell  
The clock pin SiTCP/SiTCP/GMII/GMII_RXCNT/payNblCunt_0/C is not reached by a timing clock
Related violations: <none>

TIMING-17#281 Critical Warning
Non-clocked sequential cell  
The clock pin SiTCP/SiTCP/GMII/GMII_RXCNT/payNblCunt_1/C is not reached by a timing clock
Related violations: <none>

TIMING-17#282 Critical Warning
Non-clocked sequential cell  
The clock pin SiTCP/SiTCP/GMII/GMII_RXCNT/payNblCunt_10/C is not reached by a timing clock
Related violations: <none>

TIMING-17#283 Critical Warning
Non-clocked sequential cell  
The clock pin SiTCP/SiTCP/GMII/GMII_RXCNT/payNblCunt_11/C is not reached by a timing clock
Related violations: <none>

TIMING-17#284 Critical Warning
Non-clocked sequential cell  
The clock pin SiTCP/SiTCP/GMII/GMII_RXCNT/payNblCunt_12/C is not reached by a timing clock
Related violations: <none>

TIMING-17#285 Critical Warning
Non-clocked sequential cell  
The clock pin SiTCP/SiTCP/GMII/GMII_RXCNT/payNblCunt_2/C is not reached by a timing clock
Related violations: <none>

TIMING-17#286 Critical Warning
Non-clocked sequential cell  
The clock pin SiTCP/SiTCP/GMII/GMII_RXCNT/payNblCunt_3/C is not reached by a timing clock
Related violations: <none>

TIMING-17#287 Critical Warning
Non-clocked sequential cell  
The clock pin SiTCP/SiTCP/GMII/GMII_RXCNT/payNblCunt_4/C is not reached by a timing clock
Related violations: <none>

TIMING-17#288 Critical Warning
Non-clocked sequential cell  
The clock pin SiTCP/SiTCP/GMII/GMII_RXCNT/payNblCunt_5/C is not reached by a timing clock
Related violations: <none>

TIMING-17#289 Critical Warning
Non-clocked sequential cell  
The clock pin SiTCP/SiTCP/GMII/GMII_RXCNT/payNblCunt_6/C is not reached by a timing clock
Related violations: <none>

TIMING-17#290 Critical Warning
Non-clocked sequential cell  
The clock pin SiTCP/SiTCP/GMII/GMII_RXCNT/payNblCunt_7/C is not reached by a timing clock
Related violations: <none>

TIMING-17#291 Critical Warning
Non-clocked sequential cell  
The clock pin SiTCP/SiTCP/GMII/GMII_RXCNT/payNblCunt_8/C is not reached by a timing clock
Related violations: <none>

TIMING-17#292 Critical Warning
Non-clocked sequential cell  
The clock pin SiTCP/SiTCP/GMII/GMII_RXCNT/payNblCunt_9/C is not reached by a timing clock
Related violations: <none>

TIMING-17#293 Critical Warning
Non-clocked sequential cell  
The clock pin SiTCP/SiTCP/GMII/GMII_RXCNT/payNblZero/C is not reached by a timing clock
Related violations: <none>

TIMING-17#294 Critical Warning
Non-clocked sequential cell  
The clock pin SiTCP/SiTCP/GMII/GMII_RXCNT/rcvdMacFlow/C is not reached by a timing clock
Related violations: <none>

TIMING-17#295 Critical Warning
Non-clocked sequential cell  
The clock pin SiTCP/SiTCP/GMII/GMII_RXCNT/recvOk/C is not reached by a timing clock
Related violations: <none>

TIMING-17#296 Critical Warning
Non-clocked sequential cell  
The clock pin SiTCP/SiTCP/GMII/GMII_RXCNT/runtFrmDet/C is not reached by a timing clock
Related violations: <none>

TIMING-17#297 Critical Warning
Non-clocked sequential cell  
The clock pin SiTCP/SiTCP/GMII/GMII_RXCNT/rxData_0/C is not reached by a timing clock
Related violations: <none>

TIMING-17#298 Critical Warning
Non-clocked sequential cell  
The clock pin SiTCP/SiTCP/GMII/GMII_RXCNT/rxData_1/C is not reached by a timing clock
Related violations: <none>

TIMING-17#299 Critical Warning
Non-clocked sequential cell  
The clock pin SiTCP/SiTCP/GMII/GMII_RXCNT/rxData_2/C is not reached by a timing clock
Related violations: <none>

TIMING-17#300 Critical Warning
Non-clocked sequential cell  
The clock pin SiTCP/SiTCP/GMII/GMII_RXCNT/rxData_3/C is not reached by a timing clock
Related violations: <none>

TIMING-17#301 Critical Warning
Non-clocked sequential cell  
The clock pin SiTCP/SiTCP/GMII/GMII_RXCNT/rxData_4/C is not reached by a timing clock
Related violations: <none>

TIMING-17#302 Critical Warning
Non-clocked sequential cell  
The clock pin SiTCP/SiTCP/GMII/GMII_RXCNT/rxData_5/C is not reached by a timing clock
Related violations: <none>

TIMING-17#303 Critical Warning
Non-clocked sequential cell  
The clock pin SiTCP/SiTCP/GMII/GMII_RXCNT/rxData_6/C is not reached by a timing clock
Related violations: <none>

TIMING-17#304 Critical Warning
Non-clocked sequential cell  
The clock pin SiTCP/SiTCP/GMII/GMII_RXCNT/rxData_7/C is not reached by a timing clock
Related violations: <none>

TIMING-17#305 Critical Warning
Non-clocked sequential cell  
The clock pin SiTCP/SiTCP/GMII/GMII_RXCNT/rxEof/C is not reached by a timing clock
Related violations: <none>

TIMING-17#306 Critical Warning
Non-clocked sequential cell  
The clock pin SiTCP/SiTCP/GMII/GMII_RXCNT/rxErr/C is not reached by a timing clock
Related violations: <none>

TIMING-17#307 Critical Warning
Non-clocked sequential cell  
The clock pin SiTCP/SiTCP/GMII/GMII_RXCNT/rxLx0Rcvd/C is not reached by a timing clock
Related violations: <none>

TIMING-17#308 Critical Warning
Non-clocked sequential cell  
The clock pin SiTCP/SiTCP/GMII/GMII_RXCNT/rxLx1Rcvd/C is not reached by a timing clock
Related violations: <none>

TIMING-17#309 Critical Warning
Non-clocked sequential cell  
The clock pin SiTCP/SiTCP/GMII/GMII_RXCNT/rxLx2Rcvd/C is not reached by a timing clock
Related violations: <none>

TIMING-17#310 Critical Warning
Non-clocked sequential cell  
The clock pin SiTCP/SiTCP/GMII/GMII_RXCNT/rxLx3Rcvd/C is not reached by a timing clock
Related violations: <none>

TIMING-17#311 Critical Warning
Non-clocked sequential cell  
The clock pin SiTCP/SiTCP/GMII/GMII_RXCNT/rxLx4Rcvd/C is not reached by a timing clock
Related violations: <none>

TIMING-17#312 Critical Warning
Non-clocked sequential cell  
The clock pin SiTCP/SiTCP/GMII/GMII_RXCNT/rxLx6Rcvd/C is not reached by a timing clock
Related violations: <none>

TIMING-17#313 Critical Warning
Non-clocked sequential cell  
The clock pin SiTCP/SiTCP/GMII/GMII_RXCNT/rxLx8Rcvd/C is not reached by a timing clock
Related violations: <none>

TIMING-17#314 Critical Warning
Non-clocked sequential cell  
The clock pin SiTCP/SiTCP/GMII/GMII_RXCNT/rxLxFRcvd/C is not reached by a timing clock
Related violations: <none>

TIMING-17#315 Critical Warning
Non-clocked sequential cell  
The clock pin SiTCP/SiTCP/GMII/GMII_RXCNT/rxPay/C is not reached by a timing clock
Related violations: <none>

TIMING-17#316 Critical Warning
Non-clocked sequential cell  
The clock pin SiTCP/SiTCP/GMII/GMII_RXCNT/rxPrlTim/C is not reached by a timing clock
Related violations: <none>

TIMING-17#317 Critical Warning
Non-clocked sequential cell  
The clock pin SiTCP/SiTCP/GMII/GMII_RXCNT/rxPrlVal/C is not reached by a timing clock
Related violations: <none>

TIMING-17#318 Critical Warning
Non-clocked sequential cell  
The clock pin SiTCP/SiTCP/GMII/GMII_RXCNT/rxSfd/C is not reached by a timing clock
Related violations: <none>

TIMING-17#319 Critical Warning
Non-clocked sequential cell  
The clock pin SiTCP/SiTCP/GMII/GMII_RXCNT/rxUx0Rcvd/C is not reached by a timing clock
Related violations: <none>

TIMING-17#320 Critical Warning
Non-clocked sequential cell  
The clock pin SiTCP/SiTCP/GMII/GMII_RXCNT/rxUx1Rcvd/C is not reached by a timing clock
Related violations: <none>

TIMING-17#321 Critical Warning
Non-clocked sequential cell  
The clock pin SiTCP/SiTCP/GMII/GMII_RXCNT/rxUx4Rcvd/C is not reached by a timing clock
Related violations: <none>

TIMING-17#322 Critical Warning
Non-clocked sequential cell  
The clock pin SiTCP/SiTCP/GMII/GMII_RXCNT/rxUx8Rcvd/C is not reached by a timing clock
Related violations: <none>

TIMING-17#323 Critical Warning
Non-clocked sequential cell  
The clock pin SiTCP/SiTCP/GMII/GMII_RXCNT/rxUxFRcvd/C is not reached by a timing clock
Related violations: <none>

TIMING-17#324 Critical Warning
Non-clocked sequential cell  
The clock pin SiTCP/SiTCP/GMII/GMII_RXCNT/rxVal/C is not reached by a timing clock
Related violations: <none>

TIMING-17#325 Critical Warning
Non-clocked sequential cell  
The clock pin SiTCP/SiTCP/GMII/GMII_RXCNT/soLay4Hd/C is not reached by a timing clock
Related violations: <none>

TIMING-17#326 Critical Warning
Non-clocked sequential cell  
The clock pin SiTCP/SiTCP/GMII/GMII_RXCNT/tcpPrtType/C is not reached by a timing clock
Related violations: <none>

TIMING-17#327 Critical Warning
Non-clocked sequential cell  
The clock pin SiTCP/SiTCP/GMII/GMII_RXCNT/typeArp/C is not reached by a timing clock
Related violations: <none>

TIMING-17#328 Critical Warning
Non-clocked sequential cell  
The clock pin SiTCP/SiTCP/GMII/GMII_RXCNT/typeCode_0/C is not reached by a timing clock
Related violations: <none>

TIMING-17#329 Critical Warning
Non-clocked sequential cell  
The clock pin SiTCP/SiTCP/GMII/GMII_RXCNT/typeCode_1/C is not reached by a timing clock
Related violations: <none>

TIMING-17#330 Critical Warning
Non-clocked sequential cell  
The clock pin SiTCP/SiTCP/GMII/GMII_RXCNT/typeIp/C is not reached by a timing clock
Related violations: <none>

TIMING-17#331 Critical Warning
Non-clocked sequential cell  
The clock pin SiTCP/SiTCP/GMII/GMII_RXCNT/typeLenLd/C is not reached by a timing clock
Related violations: <none>

TIMING-17#332 Critical Warning
Non-clocked sequential cell  
The clock pin SiTCP/SiTCP/GMII/GMII_RXCNT/typeLenLdDly_0/C is not reached by a timing clock
Related violations: <none>

TIMING-17#333 Critical Warning
Non-clocked sequential cell  
The clock pin SiTCP/SiTCP/GMII/GMII_RXCNT/typeLenLdDly_1/C is not reached by a timing clock
Related violations: <none>

TIMING-17#334 Critical Warning
Non-clocked sequential cell  
The clock pin SiTCP/SiTCP/GMII/GMII_RXCNT/typeMcChk_0/C is not reached by a timing clock
Related violations: <none>

TIMING-17#335 Critical Warning
Non-clocked sequential cell  
The clock pin SiTCP/SiTCP/GMII/GMII_RXCNT/typeMcChk_1/C is not reached by a timing clock
Related violations: <none>

TIMING-17#336 Critical Warning
Non-clocked sequential cell  
The clock pin SiTCP/SiTCP/GMII/GMII_RXCNT/typeMcChk_2/C is not reached by a timing clock
Related violations: <none>

TIMING-17#337 Critical Warning
Non-clocked sequential cell  
The clock pin SiTCP/SiTCP/GMII/GMII_RXCNT/typeMcChk_3/C is not reached by a timing clock
Related violations: <none>

TIMING-17#338 Critical Warning
Non-clocked sequential cell  
The clock pin SiTCP/SiTCP/GMII/GMII_RXCNT/udpPrtType/C is not reached by a timing clock
Related violations: <none>

LUTAR-1#1 Warning
LUT drives async reset alert  
LUT cell SiTCP/TIMER/SiTCP_i_1, with 2 or more inputs, drives asynchronous preset/clear pin(s) rstCntr_reg[0]/CLR, rstCntr_reg[1]/CLR, rstCntr_reg[2]/CLR, rstCntr_reg[3]/CLR, rstCntr_reg[4]/CLR, LEDSet/Count_en_reg/CLR, LEDSet/Count_reg[0]/CLR, LEDSet/Count_reg[1]/CLR, LEDSet/Count_reg[2]/CLR, LEDSet/Count_reg[3]/CLR, LEDSet/Count_reg[4]/CLR, LEDSet/Count_reg[5]/CLR, LEDSet/MDC_CLK_counter_reg[0]/CLR, LEDSet/MDC_CLK_counter_reg[1]/CLR, LEDSet/MDC_CLK_counter_reg[2]/CLR (the first 15 of 53 listed). The LUT may glitch and trigger an unexpected reset, even if it is a properly timed path.
Related violations: <none>

LUTAR-1#2 Warning
LUT drives async reset alert  
LUT cell dbg_hub/inst/BSCANID.u_xsdbm_id/CORE_XSDB.UUT_MASTER/U_ICON_INTERFACE/U_CMD6_RD/U_RD_FIFO/SUBCORE_FIFO.xsdbm_v3_0_0_rdfifo_inst/inst_fifo_gen/gconvfifo.rf/grf.rf/rstblk/ngwrdrst.grst.g7serrst.gwrrd_rst_sync_stage[2].rrst_inst/ngwrdrst.grst.g7serrst.rd_rst_reg[2]_i_1, with 2 or more inputs, drives asynchronous preset/clear pin(s) dbg_hub/inst/BSCANID.u_xsdbm_id/CORE_XSDB.UUT_MASTER/U_ICON_INTERFACE/U_CMD6_RD/U_RD_FIFO/SUBCORE_FIFO.xsdbm_v3_0_0_rdfifo_inst/inst_fifo_gen/gconvfifo.rf/grf.rf/rstblk/ngwrdrst.grst.g7serrst.rd_rst_reg_reg[0]/PRE, dbg_hub/inst/BSCANID.u_xsdbm_id/CORE_XSDB.UUT_MASTER/U_ICON_INTERFACE/U_CMD6_RD/U_RD_FIFO/SUBCORE_FIFO.xsdbm_v3_0_0_rdfifo_inst/inst_fifo_gen/gconvfifo.rf/grf.rf/rstblk/ngwrdrst.grst.g7serrst.rd_rst_reg_reg[1]/PRE, dbg_hub/inst/BSCANID.u_xsdbm_id/CORE_XSDB.UUT_MASTER/U_ICON_INTERFACE/U_CMD6_RD/U_RD_FIFO/SUBCORE_FIFO.xsdbm_v3_0_0_rdfifo_inst/inst_fifo_gen/gconvfifo.rf/grf.rf/rstblk/ngwrdrst.grst.g7serrst.rd_rst_reg_reg[2]/PRE. The LUT may glitch and trigger an unexpected reset, even if it is a properly timed path.
Related violations: <none>

LUTAR-1#3 Warning
LUT drives async reset alert  
LUT cell dbg_hub/inst/BSCANID.u_xsdbm_id/CORE_XSDB.UUT_MASTER/U_ICON_INTERFACE/U_CMD6_RD/U_RD_FIFO/SUBCORE_FIFO.xsdbm_v3_0_0_rdfifo_inst/inst_fifo_gen/gconvfifo.rf/grf.rf/rstblk/ngwrdrst.grst.g7serrst.gwrrd_rst_sync_stage[2].wrst_inst/ngwrdrst.grst.g7serrst.wr_rst_reg[2]_i_1, with 2 or more inputs, drives asynchronous preset/clear pin(s) dbg_hub/inst/BSCANID.u_xsdbm_id/CORE_XSDB.UUT_MASTER/U_ICON_INTERFACE/U_CMD6_RD/U_RD_FIFO/SUBCORE_FIFO.xsdbm_v3_0_0_rdfifo_inst/inst_fifo_gen/gconvfifo.rf/grf.rf/rstblk/ngwrdrst.grst.g7serrst.wr_rst_reg_reg[0]/PRE, dbg_hub/inst/BSCANID.u_xsdbm_id/CORE_XSDB.UUT_MASTER/U_ICON_INTERFACE/U_CMD6_RD/U_RD_FIFO/SUBCORE_FIFO.xsdbm_v3_0_0_rdfifo_inst/inst_fifo_gen/gconvfifo.rf/grf.rf/rstblk/ngwrdrst.grst.g7serrst.wr_rst_reg_reg[1]/PRE, dbg_hub/inst/BSCANID.u_xsdbm_id/CORE_XSDB.UUT_MASTER/U_ICON_INTERFACE/U_CMD6_RD/U_RD_FIFO/SUBCORE_FIFO.xsdbm_v3_0_0_rdfifo_inst/inst_fifo_gen/gconvfifo.rf/grf.rf/rstblk/ngwrdrst.grst.g7serrst.wr_rst_reg_reg[2]/PRE. The LUT may glitch and trigger an unexpected reset, even if it is a properly timed path.
Related violations: <none>

LUTAR-1#4 Warning
LUT drives async reset alert  
LUT cell dbg_hub/inst/BSCANID.u_xsdbm_id/CORE_XSDB.UUT_MASTER/U_ICON_INTERFACE/U_CMD6_WR/U_WR_FIFO/SUBCORE_FIFO.xsdbm_v3_0_0_wrfifo_inst/inst_fifo_gen/gconvfifo.rf/grf.rf/rstblk/ngwrdrst.grst.g7serrst.gwrrd_rst_sync_stage[2].rrst_inst/ngwrdrst.grst.g7serrst.rd_rst_reg[2]_i_1, with 2 or more inputs, drives asynchronous preset/clear pin(s) dbg_hub/inst/BSCANID.u_xsdbm_id/CORE_XSDB.UUT_MASTER/U_ICON_INTERFACE/U_CMD6_WR/U_WR_FIFO/SUBCORE_FIFO.xsdbm_v3_0_0_wrfifo_inst/inst_fifo_gen/gconvfifo.rf/grf.rf/rstblk/ngwrdrst.grst.g7serrst.rd_rst_reg_reg[0]/PRE, dbg_hub/inst/BSCANID.u_xsdbm_id/CORE_XSDB.UUT_MASTER/U_ICON_INTERFACE/U_CMD6_WR/U_WR_FIFO/SUBCORE_FIFO.xsdbm_v3_0_0_wrfifo_inst/inst_fifo_gen/gconvfifo.rf/grf.rf/rstblk/ngwrdrst.grst.g7serrst.rd_rst_reg_reg[1]/PRE, dbg_hub/inst/BSCANID.u_xsdbm_id/CORE_XSDB.UUT_MASTER/U_ICON_INTERFACE/U_CMD6_WR/U_WR_FIFO/SUBCORE_FIFO.xsdbm_v3_0_0_wrfifo_inst/inst_fifo_gen/gconvfifo.rf/grf.rf/rstblk/ngwrdrst.grst.g7serrst.rd_rst_reg_reg[2]/PRE. The LUT may glitch and trigger an unexpected reset, even if it is a properly timed path.
Related violations: <none>

LUTAR-1#5 Warning
LUT drives async reset alert  
LUT cell dbg_hub/inst/BSCANID.u_xsdbm_id/CORE_XSDB.UUT_MASTER/U_ICON_INTERFACE/U_CMD6_WR/U_WR_FIFO/SUBCORE_FIFO.xsdbm_v3_0_0_wrfifo_inst/inst_fifo_gen/gconvfifo.rf/grf.rf/rstblk/ngwrdrst.grst.g7serrst.gwrrd_rst_sync_stage[2].wrst_inst/ngwrdrst.grst.g7serrst.wr_rst_reg[2]_i_1, with 2 or more inputs, drives asynchronous preset/clear pin(s) dbg_hub/inst/BSCANID.u_xsdbm_id/CORE_XSDB.UUT_MASTER/U_ICON_INTERFACE/U_CMD6_WR/U_WR_FIFO/SUBCORE_FIFO.xsdbm_v3_0_0_wrfifo_inst/inst_fifo_gen/gconvfifo.rf/grf.rf/rstblk/ngwrdrst.grst.g7serrst.wr_rst_reg_reg[0]/PRE, dbg_hub/inst/BSCANID.u_xsdbm_id/CORE_XSDB.UUT_MASTER/U_ICON_INTERFACE/U_CMD6_WR/U_WR_FIFO/SUBCORE_FIFO.xsdbm_v3_0_0_wrfifo_inst/inst_fifo_gen/gconvfifo.rf/grf.rf/rstblk/ngwrdrst.grst.g7serrst.wr_rst_reg_reg[1]/PRE, dbg_hub/inst/BSCANID.u_xsdbm_id/CORE_XSDB.UUT_MASTER/U_ICON_INTERFACE/U_CMD6_WR/U_WR_FIFO/SUBCORE_FIFO.xsdbm_v3_0_0_wrfifo_inst/inst_fifo_gen/gconvfifo.rf/grf.rf/rstblk/ngwrdrst.grst.g7serrst.wr_rst_reg_reg[2]/PRE. The LUT may glitch and trigger an unexpected reset, even if it is a properly timed path.
Related violations: <none>

PDRC-190#1 Warning
Suboptimally placed synchronized register chain  
The FDRE cell dbg_hub/inst/BSCANID.u_xsdbm_id/CORE_XSDB.UUT_MASTER/U_ICON_INTERFACE/U_CMD2/stat_reg_reg[0] in site SLICE_X2Y99 is part of a synchronized register chain that is suboptimally placed as the load FDRE cell dbg_hub/inst/BSCANID.u_xsdbm_id/CORE_XSDB.UUT_MASTER/U_ICON_INTERFACE/U_CMD2/stat_reg_1_reg[0] is not placed in the same (SLICE) site.
Related violations: <none>

PDRC-190#2 Warning
Suboptimally placed synchronized register chain  
The FDRE cell dbg_hub/inst/BSCANID.u_xsdbm_id/CORE_XSDB.UUT_MASTER/U_ICON_INTERFACE/U_CMD2/stat_reg_reg[1] in site SLICE_X4Y100 is part of a synchronized register chain that is suboptimally placed as the load FDRE cell dbg_hub/inst/BSCANID.u_xsdbm_id/CORE_XSDB.UUT_MASTER/U_ICON_INTERFACE/U_CMD2/stat_reg_1_reg[1] is not placed in the same (SLICE) site.
Related violations: <none>

PDRC-190#3 Warning
Suboptimally placed synchronized register chain  
The FDRE cell dbg_hub/inst/BSCANID.u_xsdbm_id/CORE_XSDB.UUT_MASTER/U_ICON_INTERFACE/U_CMD2/stat_reg_reg[2] in site SLICE_X3Y100 is part of a synchronized register chain that is suboptimally placed as the load FDRE cell dbg_hub/inst/BSCANID.u_xsdbm_id/CORE_XSDB.UUT_MASTER/U_ICON_INTERFACE/U_CMD2/stat_reg_1_reg[2] is not placed in the same (SLICE) site.
Related violations: <none>

PDRC-190#4 Warning
Suboptimally placed synchronized register chain  
The FDRE cell dbg_hub/inst/BSCANID.u_xsdbm_id/CORE_XSDB.UUT_MASTER/U_ICON_INTERFACE/U_CMD2/stat_reg_reg[3] in site SLICE_X3Y98 is part of a synchronized register chain that is suboptimally placed as the load FDRE cell dbg_hub/inst/BSCANID.u_xsdbm_id/CORE_XSDB.UUT_MASTER/U_ICON_INTERFACE/U_CMD2/stat_reg_1_reg[3] is not placed in the same (SLICE) site.
Related violations: <none>

PDRC-190#5 Warning
Suboptimally placed synchronized register chain  
The FDRE cell dbg_hub/inst/BSCANID.u_xsdbm_id/CORE_XSDB.UUT_MASTER/U_ICON_INTERFACE/U_CMD3/stat_reg_reg[0] in site SLICE_X5Y97 is part of a synchronized register chain that is suboptimally placed as the load FDRE cell dbg_hub/inst/BSCANID.u_xsdbm_id/CORE_XSDB.UUT_MASTER/U_ICON_INTERFACE/U_CMD3/stat_reg_1_reg[0] is not placed in the same (SLICE) site.
Related violations: <none>

PDRC-190#6 Warning
Suboptimally placed synchronized register chain  
The FDRE cell dbg_hub/inst/BSCANID.u_xsdbm_id/CORE_XSDB.UUT_MASTER/U_ICON_INTERFACE/U_CMD3/stat_reg_reg[1] in site SLICE_X4Y96 is part of a synchronized register chain that is suboptimally placed as the load FDRE cell dbg_hub/inst/BSCANID.u_xsdbm_id/CORE_XSDB.UUT_MASTER/U_ICON_INTERFACE/U_CMD3/stat_reg_1_reg[1] is not placed in the same (SLICE) site.
Related violations: <none>

PDRC-190#7 Warning
Suboptimally placed synchronized register chain  
The FDRE cell dbg_hub/inst/BSCANID.u_xsdbm_id/CORE_XSDB.UUT_MASTER/U_ICON_INTERFACE/U_CMD3/stat_reg_reg[2] in site SLICE_X4Y98 is part of a synchronized register chain that is suboptimally placed as the load FDRE cell dbg_hub/inst/BSCANID.u_xsdbm_id/CORE_XSDB.UUT_MASTER/U_ICON_INTERFACE/U_CMD3/stat_reg_1_reg[2] is not placed in the same (SLICE) site.
Related violations: <none>

PDRC-190#8 Warning
Suboptimally placed synchronized register chain  
The FDRE cell dbg_hub/inst/BSCANID.u_xsdbm_id/CORE_XSDB.UUT_MASTER/U_ICON_INTERFACE/U_CMD7_STAT/stat_reg_reg[0] in site SLICE_X1Y87 is part of a synchronized register chain that is suboptimally placed as the load FDRE cell dbg_hub/inst/BSCANID.u_xsdbm_id/CORE_XSDB.UUT_MASTER/U_ICON_INTERFACE/U_CMD7_STAT/stat_reg_1_reg[0] is not placed in the same (SLICE) site.
Related violations: <none>

PDRC-190#9 Warning
Suboptimally placed synchronized register chain  
The FDRE cell dbg_hub/inst/BSCANID.u_xsdbm_id/CORE_XSDB.UUT_MASTER/U_ICON_INTERFACE/U_CMD7_STAT/stat_reg_reg[1] in site SLICE_X0Y87 is part of a synchronized register chain that is suboptimally placed as the load FDRE cell dbg_hub/inst/BSCANID.u_xsdbm_id/CORE_XSDB.UUT_MASTER/U_ICON_INTERFACE/U_CMD7_STAT/stat_reg_1_reg[1] is not placed in the same (SLICE) site.
Related violations: <none>

PDRC-190#10 Warning
Suboptimally placed synchronized register chain  
The FDRE cell dbg_hub/inst/BSCANID.u_xsdbm_id/CORE_XSDB.UUT_MASTER/U_ICON_INTERFACE/U_CMD7_STAT/stat_reg_reg[2] in site SLICE_X3Y87 is part of a synchronized register chain that is suboptimally placed as the load FDRE cell dbg_hub/inst/BSCANID.u_xsdbm_id/CORE_XSDB.UUT_MASTER/U_ICON_INTERFACE/U_CMD7_STAT/stat_reg_1_reg[2] is not placed in the same (SLICE) site.
Related violations: <none>

TIMING-9#1 Warning
Unknown CDC Logic  
One or more asynchronous Clock Domain Crossing has been detected between 2 clock domains through a set_false_path or a set_clock_groups or set_max_delay -datapath_only constraint but no double-registers logic synchronizer has been found on the side of the capture clock. It is recommended to run report_cdc for a complete and detailed CDC coverage. Please consider using XPM_CDC to avoid Critical severities
Related violations: <none>

TIMING-10#1 Warning
Missing property on synchronizer  
One or more logic synchronizer has been detected between 2 clock domains but the synchronizer does not have the property ASYNC_REG defined on one or both registers. It is recommended to run report_cdc for a complete and detailed CDC coverage
Related violations: <none>

TIMING-18#1 Warning
Missing input or output delay  
An input delay is missing on ADC_D_N[0] relative to clock(s) ADC_DCO_P[1], ADC_DCO_P[2], ADC_DCO_P[3]
Related violations: <none>

TIMING-18#2 Warning
Missing input or output delay  
An input delay is missing on ADC_D_N[10] relative to clock(s) ADC_DCO_P[1], ADC_DCO_P[2], ADC_DCO_P[3]
Related violations: <none>

TIMING-18#3 Warning
Missing input or output delay  
An input delay is missing on ADC_D_N[11] relative to clock(s) ADC_DCO_P[1], ADC_DCO_P[2], ADC_DCO_P[3]
Related violations: <none>

TIMING-18#4 Warning
Missing input or output delay  
An input delay is missing on ADC_D_N[12] relative to clock(s) ADC_DCO_P[1], ADC_DCO_P[2], ADC_DCO_P[3]
Related violations: <none>

TIMING-18#5 Warning
Missing input or output delay  
An input delay is missing on ADC_D_N[13] relative to clock(s) ADC_DCO_P[1], ADC_DCO_P[2], ADC_DCO_P[3]
Related violations: <none>

TIMING-18#6 Warning
Missing input or output delay  
An input delay is missing on ADC_D_N[14] relative to clock(s) ADC_DCO_P[1], ADC_DCO_P[2], ADC_DCO_P[3]
Related violations: <none>

TIMING-18#7 Warning
Missing input or output delay  
An input delay is missing on ADC_D_N[15] relative to clock(s) ADC_DCO_P[1], ADC_DCO_P[2], ADC_DCO_P[3]
Related violations: <none>

TIMING-18#8 Warning
Missing input or output delay  
An input delay is missing on ADC_D_N[16] relative to clock(s) ADC_DCO_P[1], ADC_DCO_P[2], ADC_DCO_P[3]
Related violations: <none>

TIMING-18#9 Warning
Missing input or output delay  
An input delay is missing on ADC_D_N[17] relative to clock(s) ADC_DCO_P[1], ADC_DCO_P[2], ADC_DCO_P[3]
Related violations: <none>

TIMING-18#10 Warning
Missing input or output delay  
An input delay is missing on ADC_D_N[18] relative to clock(s) ADC_DCO_P[1], ADC_DCO_P[2], ADC_DCO_P[3]
Related violations: <none>

TIMING-18#11 Warning
Missing input or output delay  
An input delay is missing on ADC_D_N[19] relative to clock(s) ADC_DCO_P[1], ADC_DCO_P[2], ADC_DCO_P[3]
Related violations: <none>

TIMING-18#12 Warning
Missing input or output delay  
An input delay is missing on ADC_D_N[1] relative to clock(s) ADC_DCO_P[1], ADC_DCO_P[2], ADC_DCO_P[3]
Related violations: <none>

TIMING-18#13 Warning
Missing input or output delay  
An input delay is missing on ADC_D_N[20] relative to clock(s) ADC_DCO_P[1], ADC_DCO_P[2], ADC_DCO_P[3]
Related violations: <none>

TIMING-18#14 Warning
Missing input or output delay  
An input delay is missing on ADC_D_N[21] relative to clock(s) ADC_DCO_P[1], ADC_DCO_P[2], ADC_DCO_P[3]
Related violations: <none>

TIMING-18#15 Warning
Missing input or output delay  
An input delay is missing on ADC_D_N[22] relative to clock(s) ADC_DCO_P[1], ADC_DCO_P[2], ADC_DCO_P[3]
Related violations: <none>

TIMING-18#16 Warning
Missing input or output delay  
An input delay is missing on ADC_D_N[23] relative to clock(s) ADC_DCO_P[1], ADC_DCO_P[2], ADC_DCO_P[3]
Related violations: <none>

TIMING-18#17 Warning
Missing input or output delay  
An input delay is missing on ADC_D_N[2] relative to clock(s) ADC_DCO_P[1], ADC_DCO_P[2], ADC_DCO_P[3]
Related violations: <none>

TIMING-18#18 Warning
Missing input or output delay  
An input delay is missing on ADC_D_N[3] relative to clock(s) ADC_DCO_P[1], ADC_DCO_P[2], ADC_DCO_P[3]
Related violations: <none>

TIMING-18#19 Warning
Missing input or output delay  
An input delay is missing on ADC_D_N[4] relative to clock(s) ADC_DCO_P[1], ADC_DCO_P[2], ADC_DCO_P[3]
Related violations: <none>

TIMING-18#20 Warning
Missing input or output delay  
An input delay is missing on ADC_D_N[5] relative to clock(s) ADC_DCO_P[1], ADC_DCO_P[2], ADC_DCO_P[3]
Related violations: <none>

TIMING-18#21 Warning
Missing input or output delay  
An input delay is missing on ADC_D_N[6] relative to clock(s) ADC_DCO_P[1], ADC_DCO_P[2], ADC_DCO_P[3]
Related violations: <none>

TIMING-18#22 Warning
Missing input or output delay  
An input delay is missing on ADC_D_N[7] relative to clock(s) ADC_DCO_P[1], ADC_DCO_P[2], ADC_DCO_P[3]
Related violations: <none>

TIMING-18#23 Warning
Missing input or output delay  
An input delay is missing on ADC_D_N[8] relative to clock(s) ADC_DCO_P[1], ADC_DCO_P[2], ADC_DCO_P[3]
Related violations: <none>

TIMING-18#24 Warning
Missing input or output delay  
An input delay is missing on ADC_D_N[9] relative to clock(s) ADC_DCO_P[1], ADC_DCO_P[2], ADC_DCO_P[3]
Related violations: <none>

TIMING-18#25 Warning
Missing input or output delay  
An input delay is missing on ADC_D_P[0] relative to clock(s) ADC_DCO_P[1], ADC_DCO_P[2], ADC_DCO_P[3]
Related violations: <none>

TIMING-18#26 Warning
Missing input or output delay  
An input delay is missing on ADC_D_P[10] relative to clock(s) ADC_DCO_P[1], ADC_DCO_P[2], ADC_DCO_P[3]
Related violations: <none>

TIMING-18#27 Warning
Missing input or output delay  
An input delay is missing on ADC_D_P[11] relative to clock(s) ADC_DCO_P[1], ADC_DCO_P[2], ADC_DCO_P[3]
Related violations: <none>

TIMING-18#28 Warning
Missing input or output delay  
An input delay is missing on ADC_D_P[12] relative to clock(s) ADC_DCO_P[1], ADC_DCO_P[2], ADC_DCO_P[3]
Related violations: <none>

TIMING-18#29 Warning
Missing input or output delay  
An input delay is missing on ADC_D_P[13] relative to clock(s) ADC_DCO_P[1], ADC_DCO_P[2], ADC_DCO_P[3]
Related violations: <none>

TIMING-18#30 Warning
Missing input or output delay  
An input delay is missing on ADC_D_P[14] relative to clock(s) ADC_DCO_P[1], ADC_DCO_P[2], ADC_DCO_P[3]
Related violations: <none>

TIMING-18#31 Warning
Missing input or output delay  
An input delay is missing on ADC_D_P[15] relative to clock(s) ADC_DCO_P[1], ADC_DCO_P[2], ADC_DCO_P[3]
Related violations: <none>

TIMING-18#32 Warning
Missing input or output delay  
An input delay is missing on ADC_D_P[16] relative to clock(s) ADC_DCO_P[1], ADC_DCO_P[2], ADC_DCO_P[3]
Related violations: <none>

TIMING-18#33 Warning
Missing input or output delay  
An input delay is missing on ADC_D_P[17] relative to clock(s) ADC_DCO_P[1], ADC_DCO_P[2], ADC_DCO_P[3]
Related violations: <none>

TIMING-18#34 Warning
Missing input or output delay  
An input delay is missing on ADC_D_P[18] relative to clock(s) ADC_DCO_P[1], ADC_DCO_P[2], ADC_DCO_P[3]
Related violations: <none>

TIMING-18#35 Warning
Missing input or output delay  
An input delay is missing on ADC_D_P[19] relative to clock(s) ADC_DCO_P[1], ADC_DCO_P[2], ADC_DCO_P[3]
Related violations: <none>

TIMING-18#36 Warning
Missing input or output delay  
An input delay is missing on ADC_D_P[1] relative to clock(s) ADC_DCO_P[1], ADC_DCO_P[2], ADC_DCO_P[3]
Related violations: <none>

TIMING-18#37 Warning
Missing input or output delay  
An input delay is missing on ADC_D_P[20] relative to clock(s) ADC_DCO_P[1], ADC_DCO_P[2], ADC_DCO_P[3]
Related violations: <none>

TIMING-18#38 Warning
Missing input or output delay  
An input delay is missing on ADC_D_P[21] relative to clock(s) ADC_DCO_P[1], ADC_DCO_P[2], ADC_DCO_P[3]
Related violations: <none>

TIMING-18#39 Warning
Missing input or output delay  
An input delay is missing on ADC_D_P[22] relative to clock(s) ADC_DCO_P[1], ADC_DCO_P[2], ADC_DCO_P[3]
Related violations: <none>

TIMING-18#40 Warning
Missing input or output delay  
An input delay is missing on ADC_D_P[23] relative to clock(s) ADC_DCO_P[1], ADC_DCO_P[2], ADC_DCO_P[3]
Related violations: <none>

TIMING-18#41 Warning
Missing input or output delay  
An input delay is missing on ADC_D_P[2] relative to clock(s) ADC_DCO_P[1], ADC_DCO_P[2], ADC_DCO_P[3]
Related violations: <none>

TIMING-18#42 Warning
Missing input or output delay  
An input delay is missing on ADC_D_P[3] relative to clock(s) ADC_DCO_P[1], ADC_DCO_P[2], ADC_DCO_P[3]
Related violations: <none>

TIMING-18#43 Warning
Missing input or output delay  
An input delay is missing on ADC_D_P[4] relative to clock(s) ADC_DCO_P[1], ADC_DCO_P[2], ADC_DCO_P[3]
Related violations: <none>

TIMING-18#44 Warning
Missing input or output delay  
An input delay is missing on ADC_D_P[5] relative to clock(s) ADC_DCO_P[1], ADC_DCO_P[2], ADC_DCO_P[3]
Related violations: <none>

TIMING-18#45 Warning
Missing input or output delay  
An input delay is missing on ADC_D_P[6] relative to clock(s) ADC_DCO_P[1], ADC_DCO_P[2], ADC_DCO_P[3]
Related violations: <none>

TIMING-18#46 Warning
Missing input or output delay  
An input delay is missing on ADC_D_P[7] relative to clock(s) ADC_DCO_P[1], ADC_DCO_P[2], ADC_DCO_P[3]
Related violations: <none>

TIMING-18#47 Warning
Missing input or output delay  
An input delay is missing on ADC_D_P[8] relative to clock(s) ADC_DCO_P[1], ADC_DCO_P[2], ADC_DCO_P[3]
Related violations: <none>

TIMING-18#48 Warning
Missing input or output delay  
An input delay is missing on ADC_D_P[9] relative to clock(s) ADC_DCO_P[1], ADC_DCO_P[2], ADC_DCO_P[3]
Related violations: <none>

TIMING-18#49 Warning
Missing input or output delay  
An input delay is missing on ADC_FCO_N[1] relative to clock(s) ADC_DCO_P[1], ADC_DCO_P[2], ADC_DCO_P[3]
Related violations: <none>

TIMING-18#50 Warning
Missing input or output delay  
An input delay is missing on ADC_FCO_N[2] relative to clock(s) ADC_DCO_P[1], ADC_DCO_P[2], ADC_DCO_P[3]
Related violations: <none>

TIMING-18#51 Warning
Missing input or output delay  
An input delay is missing on ADC_FCO_N[3] relative to clock(s) ADC_DCO_P[1], ADC_DCO_P[2], ADC_DCO_P[3]
Related violations: <none>

TIMING-18#52 Warning
Missing input or output delay  
An input delay is missing on ADC_FCO_P[1] relative to clock(s) ADC_DCO_P[1], ADC_DCO_P[2], ADC_DCO_P[3]
Related violations: <none>

TIMING-18#53 Warning
Missing input or output delay  
An input delay is missing on ADC_FCO_P[2] relative to clock(s) ADC_DCO_P[1], ADC_DCO_P[2], ADC_DCO_P[3]
Related violations: <none>

TIMING-18#54 Warning
Missing input or output delay  
An input delay is missing on ADC_FCO_P[3] relative to clock(s) ADC_DCO_P[1], ADC_DCO_P[2], ADC_DCO_P[3]
Related violations: <none>


