#-----------------------------------------------------------
# Vivado v2019.2 (64-bit)
# SW Build 2708876 on Wed Nov  6 21:40:23 MST 2019
# IP Build 2700528 on Thu Nov  7 00:09:20 MST 2019
# Start of session at: Wed Jan 26 14:34:09 2022
# Process ID: 7264
# Current directory: C:/Users/81802/Desktop/PAPILLON_FW/PAPILLON_v3
# Command line: vivado.exe -gui_launcher_event rodinguilauncherevent13600 C:\Users\81802\Desktop\PAPILLON_FW\PAPILLON_v3\PAPILLON_v3.xpr
# Log file: C:/Users/81802/Desktop/PAPILLON_FW/PAPILLON_v3/vivado.log
# Journal file: C:/Users/81802/Desktop/PAPILLON_FW/PAPILLON_v3\vivado.jou
#-----------------------------------------------------------
start_gui
open_project C:/Users/81802/Desktop/PAPILLON_FW/PAPILLON_v3/PAPILLON_v3.xpr
Scanning sources...
Finished scanning sources
INFO: [IP_Flow 19-234] Refreshing IP repositories
INFO: [IP_Flow 19-1704] No user IP repositories specified
INFO: [IP_Flow 19-2313] Loaded Vivado IP repository 'C:/Xilinx/Vivado/2019.2/data/ip'.
open_project: Time (s): cpu = 00:00:11 ; elapsed = 00:00:05 . Memory (MB): peak = 893.168 ; gain = 240.438
update_compile_order -fileset sources_1
open_run impl_1
INFO: [Device 21-403] Loading part xc7a100tfgg484-1
Netlist sorting complete. Time (s): cpu = 00:00:01 ; elapsed = 00:00:02 . Memory (MB): peak = 1450.879 ; gain = 0.000
INFO: [Netlist 29-17] Analyzing 4093 Unisim elements for replacement
INFO: [Netlist 29-28] Unisim Transformation completed in 0 CPU seconds
INFO: [Project 1-479] Netlist was created with Vivado 2019.2
INFO: [Project 1-570] Preparing netlist for logic optimization
WARNING: [Constraints 18-550] Could not create 'IBUF_LOW_PWR' constraint because net 'SYSCLK2/clk_in1' is not directly connected to top level port. Synthesis is ignored for IBUF_LOW_PWR but preserved for implementation.
INFO: [Timing 38-478] Restoring timing data from binary archive.
INFO: [Timing 38-479] Binary timing data restore complete.
INFO: [Project 1-856] Restoring constraints from binary archive.
INFO: [Project 1-853] Binary constraint restore complete.
Reading XDEF placement.
Reading placer database...
Reading XDEF routing.
Read XDEF File: Time (s): cpu = 00:00:03 ; elapsed = 00:00:03 . Memory (MB): peak = 2323.637 ; gain = 24.961
Restored from archive | CPU: 3.000000 secs | Memory: 0.000000 MB |
Finished XDEF File Restore: Time (s): cpu = 00:00:03 ; elapsed = 00:00:03 . Memory (MB): peak = 2323.637 ; gain = 24.961
Netlist sorting complete. Time (s): cpu = 00:00:00 ; elapsed = 00:00:00.020 . Memory (MB): peak = 2326.766 ; gain = 0.000
INFO: [Project 1-111] Unisim Transformation Summary:
  A total of 166 instances were transformed.
  CFGLUT5 => CFGLUT5 (SRL16E, SRLC32E): 44 instances
  IOBUF => IOBUF (IBUF, OBUFT): 3 instances
  RAM32M => RAM32M (RAMD32(x6), RAMS32(x2)): 6 instances
  RAM32X1S => RAM32X1S (RAMS32): 8 instances
  SRLC16E => SRL16E: 103 instances
  SRLC32E => SRL16E: 2 instances

open_run: Time (s): cpu = 00:00:33 ; elapsed = 00:00:26 . Memory (MB): peak = 2447.945 ; gain = 1177.164
open_report: Time (s): cpu = 00:00:23 ; elapsed = 00:00:16 . Memory (MB): peak = 2627.367 ; gain = 170.172
CRITICAL WARNING: [Timing 38-282] The design failed to meet the timing requirements. Please see the timing summary report for details on the timing violations.
WARNING: [Timing 38-436] There are set_bus_skew constraint(s) in this design. Please run report_bus_skew to ensure that bus skew requirements are met.
report_timing_summary -delay_type min_max -report_unconstrained -check_timing_verbose -max_paths 10 -input_pins -routable_nets -name timing_1
INFO: [Timing 38-91] UpdateTimingParams: Speed grade: -1, Delay Type: min_max.
INFO: [Timing 38-191] Multithreading enabled for timing update using a maximum of 2 CPUs
WARNING: [Timing 38-436] There are set_bus_skew constraint(s) in this design. Please run report_bus_skew to ensure that bus skew requirements are met.
report_timing_summary: Time (s): cpu = 00:00:17 ; elapsed = 00:00:09 . Memory (MB): peak = 2721.957 ; gain = 88.203
close_design
reset_run synth_1
WARNING: [Vivado 12-1017] Problems encountered:
1. Failed to delete one or more files in run directory C:/Users/81802/Desktop/PAPILLON_FW/PAPILLON_v3/PAPILLON_v3.runs/synth_1

launch_runs synth_1 -jobs 6
[Wed Jan 26 15:02:40 2022] Launched synth_1...
Run output will be captured here: C:/Users/81802/Desktop/PAPILLON_FW/PAPILLON_v3/PAPILLON_v3.runs/synth_1/runme.log
launch_runs impl_1 -jobs 6
[Wed Jan 26 15:03:48 2022] Launched impl_1...
Run output will be captured here: C:/Users/81802/Desktop/PAPILLON_FW/PAPILLON_v3/PAPILLON_v3.runs/impl_1/runme.log
open_run impl_1
Netlist sorting complete. Time (s): cpu = 00:00:02 ; elapsed = 00:00:02 . Memory (MB): peak = 3270.145 ; gain = 0.000
INFO: [Netlist 29-17] Analyzing 3681 Unisim elements for replacement
INFO: [Netlist 29-28] Unisim Transformation completed in 0 CPU seconds
INFO: [Project 1-479] Netlist was created with Vivado 2019.2
INFO: [Project 1-570] Preparing netlist for logic optimization
WARNING: [Constraints 18-550] Could not create 'IBUF_LOW_PWR' constraint because net 'SYSCLK2/clk_in1' is not directly connected to top level port. Synthesis is ignored for IBUF_LOW_PWR but preserved for implementation.
INFO: [Timing 38-478] Restoring timing data from binary archive.
INFO: [Timing 38-479] Binary timing data restore complete.
INFO: [Project 1-856] Restoring constraints from binary archive.
INFO: [Project 1-853] Binary constraint restore complete.
Reading XDEF placement.
Reading placer database...
Reading XDEF routing.
Read XDEF File: Time (s): cpu = 00:00:03 ; elapsed = 00:00:03 . Memory (MB): peak = 3270.145 ; gain = 0.000
Restored from archive | CPU: 3.000000 secs | Memory: 0.000000 MB |
Finished XDEF File Restore: Time (s): cpu = 00:00:03 ; elapsed = 00:00:03 . Memory (MB): peak = 3270.145 ; gain = 0.000
Netlist sorting complete. Time (s): cpu = 00:00:00 ; elapsed = 00:00:00.020 . Memory (MB): peak = 3270.145 ; gain = 0.000
INFO: [Project 1-111] Unisim Transformation Summary:
  A total of 166 instances were transformed.
  CFGLUT5 => CFGLUT5 (SRL16E, SRLC32E): 44 instances
  IOBUF => IOBUF (IBUF, OBUFT): 3 instances
  RAM32M => RAM32M (RAMD32(x6), RAMS32(x2)): 6 instances
  RAM32X1S => RAM32X1S (RAMS32): 8 instances
  SRLC16E => SRL16E: 103 instances
  SRLC32E => SRL16E: 2 instances

open_run: Time (s): cpu = 00:00:17 ; elapsed = 00:00:15 . Memory (MB): peak = 3270.145 ; gain = 0.000
open_report: Time (s): cpu = 00:00:16 ; elapsed = 00:00:11 . Memory (MB): peak = 3270.145 ; gain = 0.000
CRITICAL WARNING: [Timing 38-282] The design failed to meet the timing requirements. Please see the timing summary report for details on the timing violations.
WARNING: [Timing 38-436] There are set_bus_skew constraint(s) in this design. Please run report_bus_skew to ensure that bus skew requirements are met.
report_timing_summary -delay_type min_max -report_unconstrained -check_timing_verbose -max_paths 10 -input_pins -routable_nets -name timing_1
INFO: [Timing 38-91] UpdateTimingParams: Speed grade: -1, Delay Type: min_max.
INFO: [Timing 38-191] Multithreading enabled for timing update using a maximum of 2 CPUs
WARNING: [Timing 38-436] There are set_bus_skew constraint(s) in this design. Please run report_bus_skew to ensure that bus skew requirements are met.
report_timing_summary: Time (s): cpu = 00:00:15 ; elapsed = 00:00:08 . Memory (MB): peak = 3270.145 ; gain = 0.000
reset_run synth_1
WARNING: [Vivado 12-1017] Problems encountered:
1. Failed to delete one or more files in run directory C:/Users/81802/Desktop/PAPILLON_FW/PAPILLON_v3/PAPILLON_v3.runs/synth_1

launch_runs synth_1 -jobs 6
[Wed Jan 26 16:20:01 2022] Launched synth_1...
Run output will be captured here: C:/Users/81802/Desktop/PAPILLON_FW/PAPILLON_v3/PAPILLON_v3.runs/synth_1/runme.log
launch_runs impl_1 -jobs 6
[Wed Jan 26 16:21:12 2022] Launched impl_1...
Run output will be captured here: C:/Users/81802/Desktop/PAPILLON_FW/PAPILLON_v3/PAPILLON_v3.runs/impl_1/runme.log
close_design
reset_run synth_1
WARNING: [Vivado 12-1017] Problems encountered:
1. Failed to delete one or more files in run directory C:/Users/81802/Desktop/PAPILLON_FW/PAPILLON_v3/PAPILLON_v3.runs/synth_1

launch_runs synth_1 -jobs 6
[Wed Jan 26 16:29:37 2022] Launched synth_1...
Run output will be captured here: C:/Users/81802/Desktop/PAPILLON_FW/PAPILLON_v3/PAPILLON_v3.runs/synth_1/runme.log
reset_run synth_1
WARNING: [Vivado 12-1017] Problems encountered:
1. Failed to delete one or more files in run directory C:/Users/81802/Desktop/PAPILLON_FW/PAPILLON_v3/PAPILLON_v3.runs/synth_1

launch_runs synth_1 -jobs 6
[Wed Jan 26 16:31:48 2022] Launched synth_1...
Run output will be captured here: C:/Users/81802/Desktop/PAPILLON_FW/PAPILLON_v3/PAPILLON_v3.runs/synth_1/runme.log
launch_runs impl_1 -jobs 6
[Wed Jan 26 16:32:56 2022] Launched impl_1...
Run output will be captured here: C:/Users/81802/Desktop/PAPILLON_FW/PAPILLON_v3/PAPILLON_v3.runs/impl_1/runme.log
open_run impl_1
Netlist sorting complete. Time (s): cpu = 00:00:00 ; elapsed = 00:00:00.128 . Memory (MB): peak = 3314.145 ; gain = 0.000
INFO: [Netlist 29-17] Analyzing 665 Unisim elements for replacement
INFO: [Netlist 29-28] Unisim Transformation completed in 0 CPU seconds
INFO: [Project 1-479] Netlist was created with Vivado 2019.2
INFO: [Project 1-570] Preparing netlist for logic optimization
WARNING: [Constraints 18-550] Could not create 'IBUF_LOW_PWR' constraint because net 'SYSCLK2/clk_in1' is not directly connected to top level port. Synthesis is ignored for IBUF_LOW_PWR but preserved for implementation.
INFO: [Timing 38-478] Restoring timing data from binary archive.
INFO: [Timing 38-479] Binary timing data restore complete.
INFO: [Project 1-856] Restoring constraints from binary archive.
INFO: [Project 1-853] Binary constraint restore complete.
Reading XDEF placement.
Reading placer database...
Reading XDEF routing.
Read XDEF File: Time (s): cpu = 00:00:01 ; elapsed = 00:00:00.703 . Memory (MB): peak = 3314.145 ; gain = 0.000
Restored from archive | CPU: 1.000000 secs | Memory: 0.000000 MB |
Finished XDEF File Restore: Time (s): cpu = 00:00:01 ; elapsed = 00:00:00.703 . Memory (MB): peak = 3314.145 ; gain = 0.000
Netlist sorting complete. Time (s): cpu = 00:00:00 ; elapsed = 00:00:00.003 . Memory (MB): peak = 3314.145 ; gain = 0.000
INFO: [Project 1-111] Unisim Transformation Summary:
  A total of 164 instances were transformed.
  CFGLUT5 => CFGLUT5 (SRL16E, SRLC32E): 44 instances
  IOBUF => IOBUF (IBUF, OBUFT): 3 instances
  RAM32M => RAM32M (RAMD32(x6), RAMS32(x2)): 6 instances
  RAM32X1S => RAM32X1S (RAMS32): 8 instances
  SRLC16E => SRL16E: 103 instances

CRITICAL WARNING: [Timing 38-282] The design failed to meet the timing requirements. Please see the timing summary report for details on the timing violations.
WARNING: [Timing 38-436] There are set_bus_skew constraint(s) in this design. Please run report_bus_skew to ensure that bus skew requirements are met.
report_timing_summary -delay_type min_max -report_unconstrained -check_timing_verbose -max_paths 10 -input_pins -routable_nets -name timing_1
INFO: [Timing 38-91] UpdateTimingParams: Speed grade: -1, Delay Type: min_max.
INFO: [Timing 38-191] Multithreading enabled for timing update using a maximum of 2 CPUs
WARNING: [Timing 38-436] There are set_bus_skew constraint(s) in this design. Please run report_bus_skew to ensure that bus skew requirements are met.
close_design
reset_run synth_1
WARNING: [Vivado 12-1017] Problems encountered:
1. Failed to delete one or more files in run directory C:/Users/81802/Desktop/PAPILLON_FW/PAPILLON_v3/PAPILLON_v3.runs/synth_1

launch_runs synth_1 -jobs 6
[Wed Jan 26 16:59:29 2022] Launched synth_1...
Run output will be captured here: C:/Users/81802/Desktop/PAPILLON_FW/PAPILLON_v3/PAPILLON_v3.runs/synth_1/runme.log
launch_runs impl_1 -jobs 6
[Wed Jan 26 17:00:58 2022] Launched impl_1...
Run output will be captured here: C:/Users/81802/Desktop/PAPILLON_FW/PAPILLON_v3/PAPILLON_v3.runs/impl_1/runme.log
open_run impl_1
Netlist sorting complete. Time (s): cpu = 00:00:00 ; elapsed = 00:00:00.122 . Memory (MB): peak = 3314.145 ; gain = 0.000
INFO: [Netlist 29-17] Analyzing 665 Unisim elements for replacement
INFO: [Netlist 29-28] Unisim Transformation completed in 0 CPU seconds
INFO: [Project 1-479] Netlist was created with Vivado 2019.2
INFO: [Project 1-570] Preparing netlist for logic optimization
WARNING: [Constraints 18-550] Could not create 'IBUF_LOW_PWR' constraint because net 'SYSCLK2/clk_in1' is not directly connected to top level port. Synthesis is ignored for IBUF_LOW_PWR but preserved for implementation.
INFO: [Timing 38-478] Restoring timing data from binary archive.
INFO: [Timing 38-479] Binary timing data restore complete.
INFO: [Project 1-856] Restoring constraints from binary archive.
INFO: [Project 1-853] Binary constraint restore complete.
Reading XDEF placement.
Reading placer database...
Reading XDEF routing.
Read XDEF File: Time (s): cpu = 00:00:01 ; elapsed = 00:00:00.710 . Memory (MB): peak = 3314.145 ; gain = 0.000
Restored from archive | CPU: 1.000000 secs | Memory: 0.000000 MB |
Finished XDEF File Restore: Time (s): cpu = 00:00:01 ; elapsed = 00:00:00.712 . Memory (MB): peak = 3314.145 ; gain = 0.000
Netlist sorting complete. Time (s): cpu = 00:00:00 ; elapsed = 00:00:00.003 . Memory (MB): peak = 3314.145 ; gain = 0.000
INFO: [Project 1-111] Unisim Transformation Summary:
  A total of 164 instances were transformed.
  CFGLUT5 => CFGLUT5 (SRL16E, SRLC32E): 44 instances
  IOBUF => IOBUF (IBUF, OBUFT): 3 instances
  RAM32M => RAM32M (RAMD32(x6), RAMS32(x2)): 6 instances
  RAM32X1S => RAM32X1S (RAMS32): 8 instances
  SRLC16E => SRL16E: 103 instances

CRITICAL WARNING: [Timing 38-282] The design failed to meet the timing requirements. Please see the timing summary report for details on the timing violations.
WARNING: [Timing 38-436] There are set_bus_skew constraint(s) in this design. Please run report_bus_skew to ensure that bus skew requirements are met.
report_timing_summary -delay_type min_max -report_unconstrained -check_timing_verbose -max_paths 10 -input_pins -routable_nets -name timing_1
INFO: [Timing 38-91] UpdateTimingParams: Speed grade: -1, Delay Type: min_max.
INFO: [Timing 38-191] Multithreading enabled for timing update using a maximum of 2 CPUs
WARNING: [Timing 38-436] There are set_bus_skew constraint(s) in this design. Please run report_bus_skew to ensure that bus skew requirements are met.
close_design
reset_run synth_1
WARNING: [Vivado 12-1017] Problems encountered:
1. Failed to delete one or more files in run directory C:/Users/81802/Desktop/PAPILLON_FW/PAPILLON_v3/PAPILLON_v3.runs/synth_1

launch_runs synth_1 -jobs 6
[Wed Jan 26 17:07:39 2022] Launched synth_1...
Run output will be captured here: C:/Users/81802/Desktop/PAPILLON_FW/PAPILLON_v3/PAPILLON_v3.runs/synth_1/runme.log
reset_run synth_1
WARNING: [Vivado 12-1017] Problems encountered:
1. Failed to delete one or more files in run directory C:/Users/81802/Desktop/PAPILLON_FW/PAPILLON_v3/PAPILLON_v3.runs/synth_1

launch_runs synth_1 -jobs 6
[Wed Jan 26 17:11:54 2022] Launched synth_1...
Run output will be captured here: C:/Users/81802/Desktop/PAPILLON_FW/PAPILLON_v3/PAPILLON_v3.runs/synth_1/runme.log
reset_run synth_1
WARNING: [Vivado 12-1017] Problems encountered:
1. Failed to delete one or more files in run directory C:/Users/81802/Desktop/PAPILLON_FW/PAPILLON_v3/PAPILLON_v3.runs/synth_1

launch_runs synth_1 -jobs 6
[Wed Jan 26 17:14:06 2022] Launched synth_1...
Run output will be captured here: C:/Users/81802/Desktop/PAPILLON_FW/PAPILLON_v3/PAPILLON_v3.runs/synth_1/runme.log
launch_runs impl_1 -jobs 6
[Wed Jan 26 17:16:39 2022] Launched impl_1...
Run output will be captured here: C:/Users/81802/Desktop/PAPILLON_FW/PAPILLON_v3/PAPILLON_v3.runs/impl_1/runme.log
open_run impl_1
Netlist sorting complete. Time (s): cpu = 00:00:00 ; elapsed = 00:00:00.113 . Memory (MB): peak = 3314.145 ; gain = 0.000
INFO: [Netlist 29-17] Analyzing 600 Unisim elements for replacement
INFO: [Netlist 29-28] Unisim Transformation completed in 0 CPU seconds
INFO: [Project 1-479] Netlist was created with Vivado 2019.2
INFO: [Project 1-570] Preparing netlist for logic optimization
WARNING: [Constraints 18-550] Could not create 'IBUF_LOW_PWR' constraint because net 'SYSCLK2/clk_in1' is not directly connected to top level port. Synthesis is ignored for IBUF_LOW_PWR but preserved for implementation.
INFO: [Timing 38-478] Restoring timing data from binary archive.
INFO: [Timing 38-479] Binary timing data restore complete.
INFO: [Project 1-856] Restoring constraints from binary archive.
INFO: [Project 1-853] Binary constraint restore complete.
Reading XDEF placement.
Reading placer database...
Reading XDEF routing.
Read XDEF File: Time (s): cpu = 00:00:01 ; elapsed = 00:00:00.607 . Memory (MB): peak = 3314.145 ; gain = 0.000
Restored from archive | CPU: 1.000000 secs | Memory: 0.000000 MB |
Finished XDEF File Restore: Time (s): cpu = 00:00:01 ; elapsed = 00:00:00.607 . Memory (MB): peak = 3314.145 ; gain = 0.000
Netlist sorting complete. Time (s): cpu = 00:00:00 ; elapsed = 00:00:00.003 . Memory (MB): peak = 3314.145 ; gain = 0.000
INFO: [Project 1-111] Unisim Transformation Summary:
  A total of 145 instances were transformed.
  CFGLUT5 => CFGLUT5 (SRL16E, SRLC32E): 44 instances
  IOBUF => IOBUF (IBUF, OBUFT): 3 instances
  RAM32M => RAM32M (RAMD32(x6), RAMS32(x2)): 6 instances
  RAM32X1S => RAM32X1S (RAMS32): 8 instances
  SRLC16E => SRL16E: 84 instances

WARNING: [Timing 38-436] There are set_bus_skew constraint(s) in this design. Please run report_bus_skew to ensure that bus skew requirements are met.
report_timing_summary -delay_type min_max -report_unconstrained -check_timing_verbose -max_paths 10 -input_pins -routable_nets -name timing_1
INFO: [Timing 38-91] UpdateTimingParams: Speed grade: -1, Delay Type: min_max.
INFO: [Timing 38-191] Multithreading enabled for timing update using a maximum of 2 CPUs
WARNING: [Timing 38-436] There are set_bus_skew constraint(s) in this design. Please run report_bus_skew to ensure that bus skew requirements are met.
exit
INFO: [Common 17-206] Exiting Vivado at Wed Jan 26 17:35:47 2022...
