#-----------------------------------------------------------
# Vivado v2019.2 (64-bit)
# SW Build 2708876 on Wed Nov  6 21:40:23 MST 2019
# IP Build 2700528 on Thu Nov  7 00:09:20 MST 2019
# Start of session at: Fri Dec 24 17:27:41 2021
# Process ID: 7028
# Current directory: C:/Users/seida/Desktop/PAPILLON_FW/PAPILLON_v3
# Command line: vivado.exe -gui_launcher_event rodinguilauncherevent9020 C:\Users\seida\Desktop\PAPILLON_FW\PAPILLON_v3\PAPILLON_v3.xpr
# Log file: C:/Users/seida/Desktop/PAPILLON_FW/PAPILLON_v3/vivado.log
# Journal file: C:/Users/seida/Desktop/PAPILLON_FW/PAPILLON_v3\vivado.jou
#-----------------------------------------------------------
start_gui
open_project C:/Users/seida/Desktop/PAPILLON_FW/PAPILLON_v3/PAPILLON_v3.xpr
Scanning sources...
Finished scanning sources
INFO: [IP_Flow 19-234] Refreshing IP repositories
INFO: [IP_Flow 19-1704] No user IP repositories specified
INFO: [IP_Flow 19-2313] Loaded Vivado IP repository 'C:/Xilinx/Vivado/2019.2/data/ip'.
open_project: Time (s): cpu = 00:00:11 ; elapsed = 00:00:05 . Memory (MB): peak = 964.359 ; gain = 279.703
update_compile_order -fileset sources_1
exit
INFO: [Common 17-206] Exiting Vivado at Fri Dec 24 18:24:00 2021...
