Copyright 1986-2019 Xilinx, Inc. All Rights Reserved.
-------------------------------------------------------------------------------------------------------------------------------------------------------------
| Tool Version     : Vivado v.2019.2 (win64) Build 2708876 Wed Nov  6 21:40:23 MST 2019
| Date             : Tue Jun 14 17:37:57 2022
| Host             : DESKTOP-NG52DIC running 64-bit major release  (build 9200)
| Command          : report_power -file ADC_SiTCP_V20_power_routed.rpt -pb ADC_SiTCP_V20_power_summary_routed.pb -rpx ADC_SiTCP_V20_power_routed.rpx
| Design           : ADC_SiTCP_V20
| Device           : xc7a100tfgg484-1
| Design State     : routed
| Grade            : commercial
| Process          : typical
| Characterization : Production
-------------------------------------------------------------------------------------------------------------------------------------------------------------

Power Report

Table of Contents
-----------------
1. Summary
1.1 On-Chip Components
1.2 Power Supply Summary
1.3 Confidence Level
2. Settings
2.1 Environment
2.2 Clock Constraints
3. Detailed Reports
3.1 By Hierarchy

1. Summary
----------

+--------------------------+--------------+
| Total On-Chip Power (W)  | 0.856        |
| Design Power Budget (W)  | Unspecified* |
| Power Budget Margin (W)  | NA           |
| Dynamic (W)              | 0.743        |
| Device Static (W)        | 0.113        |
| Effective TJA (C/W)      | 2.7          |
| Max Ambient (C)          | 82.7         |
| Junction Temperature (C) | 27.3         |
| Confidence Level         | Low          |
| Setting File             | ---          |
| Simulation Activity File | ---          |
| Design Nets Matched      | NA           |
+--------------------------+--------------+
* Specify Design Power Budget using, set_operating_conditions -design_power_budget <value in Watts>


1.1 On-Chip Components
----------------------

+--------------------------+-----------+----------+-----------+-----------------+
| On-Chip                  | Power (W) | Used     | Available | Utilization (%) |
+--------------------------+-----------+----------+-----------+-----------------+
| Clocks                   |     0.065 |       19 |       --- |             --- |
| Slice Logic              |     0.013 |    12731 |       --- |             --- |
|   LUT as Logic           |     0.010 |     4191 |     63400 |            6.61 |
|   CARRY4                 |     0.002 |      318 |     15850 |            2.01 |
|   Register               |     0.001 |     6913 |    126800 |            5.45 |
|   LUT as Shift Register  |    <0.001 |       72 |     19000 |            0.38 |
|   F7/F8 Muxes            |    <0.001 |      307 |     63400 |            0.48 |
|   BUFG                   |    <0.001 |        1 |        32 |            3.13 |
|   LUT as Distributed RAM |    <0.001 |        8 |     19000 |            0.04 |
|   Others                 |     0.000 |      618 |       --- |             --- |
| Signals                  |     0.016 |     9666 |       --- |             --- |
| Block RAM                |     0.027 |       88 |       135 |           65.19 |
| MMCM                     |     0.219 |        2 |         6 |           33.33 |
| I/O                      |     0.403 |      173 |       285 |           60.70 |
| Static Power             |     0.113 |          |           |                 |
| Total                    |     0.856 |          |           |                 |
+--------------------------+-----------+----------+-----------+-----------------+


1.2 Power Supply Summary
------------------------

+-----------+-------------+-----------+-------------+------------+
| Source    | Voltage (V) | Total (A) | Dynamic (A) | Static (A) |
+-----------+-------------+-----------+-------------+------------+
| Vccint    |       1.000 |     0.167 |       0.149 |      0.018 |
| Vccaux    |       1.800 |     0.203 |       0.185 |      0.018 |
| Vcco33    |       3.300 |     0.010 |       0.006 |      0.004 |
| Vcco25    |       2.500 |     0.100 |       0.096 |      0.004 |
| Vcco18    |       1.800 |     0.000 |       0.000 |      0.000 |
| Vcco15    |       1.500 |     0.000 |       0.000 |      0.000 |
| Vcco135   |       1.350 |     0.000 |       0.000 |      0.000 |
| Vcco12    |       1.200 |     0.000 |       0.000 |      0.000 |
| Vccaux_io |       1.800 |     0.000 |       0.000 |      0.000 |
| Vccbram   |       1.000 |     0.004 |       0.001 |      0.002 |
| MGTAVcc   |       1.000 |     0.000 |       0.000 |      0.000 |
| MGTAVtt   |       1.200 |     0.000 |       0.000 |      0.000 |
| Vccadc    |       1.800 |     0.020 |       0.000 |      0.020 |
+-----------+-------------+-----------+-------------+------------+


1.3 Confidence Level
--------------------

+-----------------------------+------------+--------------------------------------------------------+------------------------------------------------------------------------------------------------------------+
| User Input Data             | Confidence | Details                                                | Action                                                                                                     |
+-----------------------------+------------+--------------------------------------------------------+------------------------------------------------------------------------------------------------------------+
| Design implementation state | High       | Design is routed                                       |                                                                                                            |
| Clock nodes activity        | High       | User specified more than 95% of clocks                 |                                                                                                            |
| I/O nodes activity          | Low        | More than 75% of inputs are missing user specification | Provide missing input activity with simulation results or by editing the "By Resource Type -> I/Os" view   |
| Internal nodes activity     | Medium     | User specified less than 25% of internal nodes         | Provide missing internal nodes activity with simulation results or by editing the "By Resource Type" views |
| Device models               | High       | Device models are Production                           |                                                                                                            |
|                             |            |                                                        |                                                                                                            |
| Overall confidence level    | Low        |                                                        |                                                                                                            |
+-----------------------------+------------+--------------------------------------------------------+------------------------------------------------------------------------------------------------------------+


2. Settings
-----------

2.1 Environment
---------------

+-----------------------+--------------------------+
| Ambient Temp (C)      | 25.0                     |
| ThetaJA (C/W)         | 2.7                      |
| Airflow (LFM)         | 250                      |
| Heat Sink             | medium (Medium Profile)  |
| ThetaSA (C/W)         | 4.6                      |
| Board Selection       | medium (10"x10")         |
| # of Board Layers     | 12to15 (12 to 15 Layers) |
| Board Temperature (C) | 25.0                     |
+-----------------------+--------------------------+


2.2 Clock Constraints
---------------------

+------------------+---------------------------------+-----------------+
| Clock            | Domain                          | Constraint (ns) |
+------------------+---------------------------------+-----------------+
| ADC_DCO_P[1]     | ADC_DCO_P[1]                    |             2.1 |
| ADC_DCO_P[2]     | ADC_DCO_P[2]                    |             2.1 |
| ADC_DCO_P[3]     | ADC_DCO_P[3]                    |             2.1 |
| CLK75mp          | CLK75mp                         |            12.5 |
| CLK_DIV_OUT      | ADC1_IF/adc/inst/ADC_DCO_P[1]_0 |             6.2 |
| CLK_DIV_OUT_1    | ADC2_IF/adc/inst/ADC_DCO_P[2]_0 |             6.2 |
| CLK_DIV_OUT_2    | ADC3_IF/adc/inst/ADC_DCO_P[3]_0 |             6.2 |
| clk_out1_SYSCLK0 | SYSCLK0/inst/clk_out1_SYSCLK0   |             6.3 |
| clk_out1_SYSCLK2 | SYSCLK2/inst/clk_out1_SYSCLK2   |             5.0 |
| clk_out2_SYSCLK0 | SYSCLK0/inst/clk_out2_SYSCLK0   |             8.0 |
| clk_out2_SYSCLK2 | SYSCLK2/inst/clk_out2_SYSCLK2   |            12.5 |
| clk_out3_SYSCLK0 | SYSCLK0/inst/clk_out3_SYSCLK0   |            10.0 |
| clkfbout_SYSCLK0 | SYSCLK0/inst/clkfbout_SYSCLK0   |            12.5 |
| clkfbout_SYSCLK2 | SYSCLK2/inst/clkfbout_SYSCLK2   |            10.0 |
+------------------+---------------------------------+-----------------+


3. Detailed Reports
-------------------

3.1 By Hierarchy
----------------

+------------------+-----------+
| Name             | Power (W) |
+------------------+-----------+
| ADC_SiTCP_V20    |     0.743 |
|   ADC1_IF        |     0.088 |
|     adc          |     0.078 |
|       inst       |     0.078 |
|     eras_fifo    |     0.007 |
|       U0         |     0.007 |
|   ADC2_IF        |     0.087 |
|     adc          |     0.078 |
|       inst       |     0.078 |
|     eras_fifo    |     0.006 |
|       U0         |     0.006 |
|   ADC3_IF        |     0.087 |
|     adc          |     0.078 |
|       inst       |     0.078 |
|     eras_fifo    |     0.006 |
|       U0         |     0.006 |
|   ADC_SiTCP_RAW  |     0.005 |
|   ADC_SiTCP_RING |     0.003 |
|   LOC_REG        |     0.011 |
|   SYSCLK0        |     0.129 |
|     inst         |     0.129 |
|   SYSCLK2        |     0.097 |
|     inst         |     0.097 |
|   SiTCP          |     0.060 |
|     SiTCP        |     0.060 |
+------------------+-----------+


