INFO: [VRFC 10-2263] Analyzing Verilog file "C:/Users/81802/Desktop/PAPILLON_FW/PAPILLON_v2023/PAPILLON_v2023.sim/sim_1/synth/func/xsim/ADC_SiTCP_RAW_TB_func_synth.v" into library xil_defaultlib
INFO: [VRFC 10-311] analyzing module SiTCP_XC7A_32K_BBT_V80
INFO: [VRFC 10-311] analyzing module dbg_hub_CV
INFO: [VRFC 10-311] analyzing module u_ila_0_CV
INFO: [VRFC 10-311] analyzing module ADC_IF
INFO: [VRFC 10-311] analyzing module ADC_IF__xdcDup__1
INFO: [VRFC 10-311] analyzing module ADC_IF__xdcDup__2
INFO: [VRFC 10-311] analyzing module ADC_INT
INFO: [VRFC 10-311] analyzing module ADC_SiTCP_RAW
INFO: [VRFC 10-311] analyzing module ADC_SiTCP_RING
INFO: [VRFC 10-311] analyzing module ADC_SiTCP_V20
INFO: [VRFC 10-311] analyzing module AD_ADC_SPI
INFO: [VRFC 10-311] analyzing module LEDSet
INFO: [VRFC 10-311] analyzing module LOC_REG
INFO: [VRFC 10-311] analyzing module SIF_IF2_TEST
INFO: [VRFC 10-311] analyzing module SIF_IF2_TEST_0
INFO: [VRFC 10-311] analyzing module SIF_IF2_TEST_2
INFO: [VRFC 10-311] analyzing module SIF_IF2_selectio_wiz_TEST
INFO: [VRFC 10-311] analyzing module SIF_IF2_selectio_wiz_TEST_1
INFO: [VRFC 10-311] analyzing module SIF_IF2_selectio_wiz_TEST_3
INFO: [VRFC 10-311] analyzing module SYSCLK0
INFO: [VRFC 10-311] analyzing module SYSCLK0_SYSCLK0_clk_wiz
INFO: [VRFC 10-311] analyzing module SYSCLK2
INFO: [VRFC 10-311] analyzing module SYSCLK2_SYSCLK2_clk_wiz
INFO: [VRFC 10-311] analyzing module TIMER
INFO: [VRFC 10-311] analyzing module WRAP_SiTCP_GMII_XC7A_32K
INFO: [VRFC 10-311] analyzing module cordic_0
INFO: [VRFC 10-311] analyzing module divider
INFO: [VRFC 10-311] analyzing module fifo_generator_1
INFO: [VRFC 10-311] analyzing module fifo_generator_1_xpm_cdc_async_rst
INFO: [VRFC 10-311] analyzing module fifo_generator_1_xpm_cdc_async_rst__1
INFO: [VRFC 10-311] analyzing module fifo_generator_1_xpm_cdc_gray
INFO: [VRFC 10-311] analyzing module fifo_generator_1_xpm_cdc_gray__2
INFO: [VRFC 10-311] analyzing module fifo_generator_1_xpm_cdc_single
INFO: [VRFC 10-311] analyzing module fifo_generator_1_xpm_cdc_single__2
INFO: [VRFC 10-311] analyzing module mem_8_4K
INFO: [VRFC 10-311] analyzing module mult_gen_0
INFO: [VRFC 10-311] analyzing module mult_gen_1
INFO: [VRFC 10-311] analyzing module mult_gen_2
INFO: [VRFC 10-311] analyzing module cordic_0_cordic_v6_0_16
INFO: [VRFC 10-311] analyzing module divider_div_gen_v5_1_16
INFO: [VRFC 10-311] analyzing module fifo_generator_1_blk_mem_gen_generic_cstr
INFO: [VRFC 10-311] analyzing module fifo_generator_1_blk_mem_gen_prim_width
INFO: [VRFC 10-311] analyzing module fifo_generator_1_blk_mem_gen_prim_width__parameterized0
INFO: [VRFC 10-311] analyzing module fifo_generator_1_blk_mem_gen_prim_wrapper
INFO: [VRFC 10-311] analyzing module fifo_generator_1_blk_mem_gen_prim_wrapper__parameterized0
INFO: [VRFC 10-311] analyzing module fifo_generator_1_blk_mem_gen_top
INFO: [VRFC 10-311] analyzing module fifo_generator_1_blk_mem_gen_v8_4_4
INFO: [VRFC 10-311] analyzing module fifo_generator_1_blk_mem_gen_v8_4_4_synth
INFO: [VRFC 10-311] analyzing module fifo_generator_1_clk_x_pntrs
INFO: [VRFC 10-311] analyzing module fifo_generator_1_fifo_generator_ramfifo
INFO: [VRFC 10-311] analyzing module fifo_generator_1_fifo_generator_top
INFO: [VRFC 10-311] analyzing module fifo_generator_1_fifo_generator_v13_2_5
INFO: [VRFC 10-311] analyzing module fifo_generator_1_fifo_generator_v13_2_5_synth
INFO: [VRFC 10-311] analyzing module fifo_generator_1_memory
INFO: [VRFC 10-311] analyzing module fifo_generator_1_rd_bin_cntr
INFO: [VRFC 10-311] analyzing module fifo_generator_1_rd_logic
INFO: [VRFC 10-311] analyzing module fifo_generator_1_rd_status_flags_as
INFO: [VRFC 10-311] analyzing module fifo_generator_1_reset_blk_ramfifo
INFO: [VRFC 10-311] analyzing module fifo_generator_1_wr_bin_cntr
INFO: [VRFC 10-311] analyzing module fifo_generator_1_wr_logic
INFO: [VRFC 10-311] analyzing module fifo_generator_1_wr_status_flags_as
INFO: [VRFC 10-311] analyzing module mem_8_4K_blk_mem_gen_generic_cstr
INFO: [VRFC 10-311] analyzing module mem_8_4K_blk_mem_gen_prim_width
INFO: [VRFC 10-311] analyzing module mem_8_4K_blk_mem_gen_prim_wrapper
INFO: [VRFC 10-311] analyzing module mem_8_4K_blk_mem_gen_top
INFO: [VRFC 10-311] analyzing module mem_8_4K_blk_mem_gen_v8_4_4
INFO: [VRFC 10-311] analyzing module mem_8_4K_blk_mem_gen_v8_4_4_synth
INFO: [VRFC 10-311] analyzing module mult_gen_0_mult_gen_v12_0_16
INFO: [VRFC 10-311] analyzing module mult_gen_1_mult_gen_v12_0_16
INFO: [VRFC 10-311] analyzing module mult_gen_2_mult_gen_v12_0_16
INFO: [VRFC 10-311] analyzing module cordic_0_addsub
INFO: [VRFC 10-311] analyzing module cordic_0_addsub__parameterized1
INFO: [VRFC 10-311] analyzing module cordic_0_addsub__parameterized11
INFO: [VRFC 10-311] analyzing module cordic_0_addsub__parameterized13
INFO: [VRFC 10-311] analyzing module cordic_0_addsub__parameterized15
INFO: [VRFC 10-311] analyzing module cordic_0_addsub__parameterized17
INFO: [VRFC 10-311] analyzing module cordic_0_addsub__parameterized19
INFO: [VRFC 10-311] analyzing module cordic_0_addsub__parameterized21
INFO: [VRFC 10-311] analyzing module cordic_0_addsub__parameterized23
INFO: [VRFC 10-311] analyzing module cordic_0_addsub__parameterized25
INFO: [VRFC 10-311] analyzing module cordic_0_addsub__parameterized27
INFO: [VRFC 10-311] analyzing module cordic_0_addsub__parameterized29
INFO: [VRFC 10-311] analyzing module cordic_0_addsub__parameterized3
INFO: [VRFC 10-311] analyzing module cordic_0_addsub__parameterized31
INFO: [VRFC 10-311] analyzing module cordic_0_addsub__parameterized33
INFO: [VRFC 10-311] analyzing module cordic_0_addsub__parameterized35
INFO: [VRFC 10-311] analyzing module cordic_0_addsub__parameterized37
INFO: [VRFC 10-311] analyzing module cordic_0_addsub__parameterized39
INFO: [VRFC 10-311] analyzing module cordic_0_addsub__parameterized41
INFO: [VRFC 10-311] analyzing module cordic_0_addsub__parameterized43
INFO: [VRFC 10-311] analyzing module cordic_0_addsub__parameterized5
INFO: [VRFC 10-311] analyzing module cordic_0_addsub__parameterized7
INFO: [VRFC 10-311] analyzing module cordic_0_addsub__parameterized9
INFO: [VRFC 10-311] analyzing module cordic_0_c_addsub_v12_0_14_fabric_legacy
INFO: [VRFC 10-311] analyzing module cordic_0_c_addsub_v12_0_14_fabric_legacy__parameterized1
INFO: [VRFC 10-311] analyzing module cordic_0_c_addsub_v12_0_14_fabric_legacy__parameterized11
INFO: [VRFC 10-311] analyzing module cordic_0_c_addsub_v12_0_14_fabric_legacy__parameterized13
INFO: [VRFC 10-311] analyzing module cordic_0_c_addsub_v12_0_14_fabric_legacy__parameterized15
INFO: [VRFC 10-311] analyzing module cordic_0_c_addsub_v12_0_14_fabric_legacy__parameterized17
INFO: [VRFC 10-311] analyzing module cordic_0_c_addsub_v12_0_14_fabric_legacy__parameterized19
INFO: [VRFC 10-311] analyzing module cordic_0_c_addsub_v12_0_14_fabric_legacy__parameterized21
INFO: [VRFC 10-311] analyzing module cordic_0_c_addsub_v12_0_14_fabric_legacy__parameterized23
INFO: [VRFC 10-311] analyzing module cordic_0_c_addsub_v12_0_14_fabric_legacy__parameterized25
INFO: [VRFC 10-311] analyzing module cordic_0_c_addsub_v12_0_14_fabric_legacy__parameterized27
INFO: [VRFC 10-311] analyzing module cordic_0_c_addsub_v12_0_14_fabric_legacy__parameterized29
INFO: [VRFC 10-311] analyzing module cordic_0_c_addsub_v12_0_14_fabric_legacy__parameterized3
INFO: [VRFC 10-311] analyzing module cordic_0_c_addsub_v12_0_14_fabric_legacy__parameterized31
INFO: [VRFC 10-311] analyzing module cordic_0_c_addsub_v12_0_14_fabric_legacy__parameterized33
INFO: [VRFC 10-311] analyzing module cordic_0_c_addsub_v12_0_14_fabric_legacy__parameterized35
INFO: [VRFC 10-311] analyzing module cordic_0_c_addsub_v12_0_14_fabric_legacy__parameterized37
INFO: [VRFC 10-311] analyzing module cordic_0_c_addsub_v12_0_14_fabric_legacy__parameterized39
INFO: [VRFC 10-311] analyzing module cordic_0_c_addsub_v12_0_14_fabric_legacy__parameterized41
INFO: [VRFC 10-311] analyzing module cordic_0_c_addsub_v12_0_14_fabric_legacy__parameterized43
INFO: [VRFC 10-311] analyzing module cordic_0_c_addsub_v12_0_14_fabric_legacy__parameterized5
INFO: [VRFC 10-311] analyzing module cordic_0_c_addsub_v12_0_14_fabric_legacy__parameterized7
INFO: [VRFC 10-311] analyzing module cordic_0_c_addsub_v12_0_14_fabric_legacy__parameterized9
INFO: [VRFC 10-311] analyzing module cordic_0_c_addsub_v12_0_14_legacy
INFO: [VRFC 10-311] analyzing module cordic_0_c_addsub_v12_0_14_legacy__parameterized1
INFO: [VRFC 10-311] analyzing module cordic_0_c_addsub_v12_0_14_legacy__parameterized11
INFO: [VRFC 10-311] analyzing module cordic_0_c_addsub_v12_0_14_legacy__parameterized13
INFO: [VRFC 10-311] analyzing module cordic_0_c_addsub_v12_0_14_legacy__parameterized15
INFO: [VRFC 10-311] analyzing module cordic_0_c_addsub_v12_0_14_legacy__parameterized17
INFO: [VRFC 10-311] analyzing module cordic_0_c_addsub_v12_0_14_legacy__parameterized19
INFO: [VRFC 10-311] analyzing module cordic_0_c_addsub_v12_0_14_legacy__parameterized21
INFO: [VRFC 10-311] analyzing module cordic_0_c_addsub_v12_0_14_legacy__parameterized23
INFO: [VRFC 10-311] analyzing module cordic_0_c_addsub_v12_0_14_legacy__parameterized25
INFO: [VRFC 10-311] analyzing module cordic_0_c_addsub_v12_0_14_legacy__parameterized27
INFO: [VRFC 10-311] analyzing module cordic_0_c_addsub_v12_0_14_legacy__parameterized29
INFO: [VRFC 10-311] analyzing module cordic_0_c_addsub_v12_0_14_legacy__parameterized3
INFO: [VRFC 10-311] analyzing module cordic_0_c_addsub_v12_0_14_legacy__parameterized31
INFO: [VRFC 10-311] analyzing module cordic_0_c_addsub_v12_0_14_legacy__parameterized33
INFO: [VRFC 10-311] analyzing module cordic_0_c_addsub_v12_0_14_legacy__parameterized35
INFO: [VRFC 10-311] analyzing module cordic_0_c_addsub_v12_0_14_legacy__parameterized37
INFO: [VRFC 10-311] analyzing module cordic_0_c_addsub_v12_0_14_legacy__parameterized39
INFO: [VRFC 10-311] analyzing module cordic_0_c_addsub_v12_0_14_legacy__parameterized41
INFO: [VRFC 10-311] analyzing module cordic_0_c_addsub_v12_0_14_legacy__parameterized43
INFO: [VRFC 10-311] analyzing module cordic_0_c_addsub_v12_0_14_legacy__parameterized5
INFO: [VRFC 10-311] analyzing module cordic_0_c_addsub_v12_0_14_legacy__parameterized7
INFO: [VRFC 10-311] analyzing module cordic_0_c_addsub_v12_0_14_legacy__parameterized9
INFO: [VRFC 10-311] analyzing module cordic_0_c_addsub_v12_0_14_lut6_legacy
INFO: [VRFC 10-311] analyzing module cordic_0_c_addsub_v12_0_14_lut6_legacy__parameterized1
INFO: [VRFC 10-311] analyzing module cordic_0_c_addsub_v12_0_14_lut6_legacy__parameterized11
INFO: [VRFC 10-311] analyzing module cordic_0_c_addsub_v12_0_14_lut6_legacy__parameterized13
INFO: [VRFC 10-311] analyzing module cordic_0_c_addsub_v12_0_14_lut6_legacy__parameterized15
INFO: [VRFC 10-311] analyzing module cordic_0_c_addsub_v12_0_14_lut6_legacy__parameterized17
INFO: [VRFC 10-311] analyzing module cordic_0_c_addsub_v12_0_14_lut6_legacy__parameterized19
INFO: [VRFC 10-311] analyzing module cordic_0_c_addsub_v12_0_14_lut6_legacy__parameterized21
INFO: [VRFC 10-311] analyzing module cordic_0_c_addsub_v12_0_14_lut6_legacy__parameterized23
INFO: [VRFC 10-311] analyzing module cordic_0_c_addsub_v12_0_14_lut6_legacy__parameterized25
INFO: [VRFC 10-311] analyzing module cordic_0_c_addsub_v12_0_14_lut6_legacy__parameterized27
INFO: [VRFC 10-311] analyzing module cordic_0_c_addsub_v12_0_14_lut6_legacy__parameterized29
INFO: [VRFC 10-311] analyzing module cordic_0_c_addsub_v12_0_14_lut6_legacy__parameterized3
INFO: [VRFC 10-311] analyzing module cordic_0_c_addsub_v12_0_14_lut6_legacy__parameterized31
INFO: [VRFC 10-311] analyzing module cordic_0_c_addsub_v12_0_14_lut6_legacy__parameterized33
INFO: [VRFC 10-311] analyzing module cordic_0_c_addsub_v12_0_14_lut6_legacy__parameterized35
INFO: [VRFC 10-311] analyzing module cordic_0_c_addsub_v12_0_14_lut6_legacy__parameterized37
INFO: [VRFC 10-311] analyzing module cordic_0_c_addsub_v12_0_14_lut6_legacy__parameterized39
INFO: [VRFC 10-311] analyzing module cordic_0_c_addsub_v12_0_14_lut6_legacy__parameterized41
INFO: [VRFC 10-311] analyzing module cordic_0_c_addsub_v12_0_14_lut6_legacy__parameterized43
INFO: [VRFC 10-311] analyzing module cordic_0_c_addsub_v12_0_14_lut6_legacy__parameterized5
INFO: [VRFC 10-311] analyzing module cordic_0_c_addsub_v12_0_14_lut6_legacy__parameterized7
INFO: [VRFC 10-311] analyzing module cordic_0_c_addsub_v12_0_14_lut6_legacy__parameterized9
INFO: [VRFC 10-311] analyzing module cordic_0_c_addsub_v12_0_14_viv
INFO: [VRFC 10-311] analyzing module cordic_0_c_addsub_v12_0_14_viv__parameterized1
INFO: [VRFC 10-311] analyzing module cordic_0_c_addsub_v12_0_14_viv__parameterized11
INFO: [VRFC 10-311] analyzing module cordic_0_c_addsub_v12_0_14_viv__parameterized13
INFO: [VRFC 10-311] analyzing module cordic_0_c_addsub_v12_0_14_viv__parameterized15
INFO: [VRFC 10-311] analyzing module cordic_0_c_addsub_v12_0_14_viv__parameterized17
INFO: [VRFC 10-311] analyzing module cordic_0_c_addsub_v12_0_14_viv__parameterized19
INFO: [VRFC 10-311] analyzing module cordic_0_c_addsub_v12_0_14_viv__parameterized21
INFO: [VRFC 10-311] analyzing module cordic_0_c_addsub_v12_0_14_viv__parameterized23
INFO: [VRFC 10-311] analyzing module cordic_0_c_addsub_v12_0_14_viv__parameterized25
INFO: [VRFC 10-311] analyzing module cordic_0_c_addsub_v12_0_14_viv__parameterized27
INFO: [VRFC 10-311] analyzing module cordic_0_c_addsub_v12_0_14_viv__parameterized29
INFO: [VRFC 10-311] analyzing module cordic_0_c_addsub_v12_0_14_viv__parameterized3
INFO: [VRFC 10-311] analyzing module cordic_0_c_addsub_v12_0_14_viv__parameterized31
INFO: [VRFC 10-311] analyzing module cordic_0_c_addsub_v12_0_14_viv__parameterized33
INFO: [VRFC 10-311] analyzing module cordic_0_c_addsub_v12_0_14_viv__parameterized35
INFO: [VRFC 10-311] analyzing module cordic_0_c_addsub_v12_0_14_viv__parameterized37
INFO: [VRFC 10-311] analyzing module cordic_0_c_addsub_v12_0_14_viv__parameterized39
INFO: [VRFC 10-311] analyzing module cordic_0_c_addsub_v12_0_14_viv__parameterized41
INFO: [VRFC 10-311] analyzing module cordic_0_c_addsub_v12_0_14_viv__parameterized43
INFO: [VRFC 10-311] analyzing module cordic_0_c_addsub_v12_0_14_viv__parameterized5
INFO: [VRFC 10-311] analyzing module cordic_0_c_addsub_v12_0_14_viv__parameterized7
INFO: [VRFC 10-311] analyzing module cordic_0_c_addsub_v12_0_14_viv__parameterized9
INFO: [VRFC 10-311] analyzing module cordic_0_cordic_sqrt
INFO: [VRFC 10-311] analyzing module cordic_0_cordic_sqrt_mod
INFO: [VRFC 10-311] analyzing module cordic_0_cordic_sqrt_mod__parameterized1
INFO: [VRFC 10-311] analyzing module cordic_0_cordic_sqrt_mod__parameterized11
INFO: [VRFC 10-311] analyzing module cordic_0_cordic_sqrt_mod__parameterized13
INFO: [VRFC 10-311] analyzing module cordic_0_cordic_sqrt_mod__parameterized15
INFO: [VRFC 10-311] analyzing module cordic_0_cordic_sqrt_mod__parameterized17
INFO: [VRFC 10-311] analyzing module cordic_0_cordic_sqrt_mod__parameterized19
INFO: [VRFC 10-311] analyzing module cordic_0_cordic_sqrt_mod__parameterized21
INFO: [VRFC 10-311] analyzing module cordic_0_cordic_sqrt_mod__parameterized23
INFO: [VRFC 10-311] analyzing module cordic_0_cordic_sqrt_mod__parameterized25
INFO: [VRFC 10-311] analyzing module cordic_0_cordic_sqrt_mod__parameterized27
INFO: [VRFC 10-311] analyzing module cordic_0_cordic_sqrt_mod__parameterized29
INFO: [VRFC 10-311] analyzing module cordic_0_cordic_sqrt_mod__parameterized3
INFO: [VRFC 10-311] analyzing module cordic_0_cordic_sqrt_mod__parameterized31
INFO: [VRFC 10-311] analyzing module cordic_0_cordic_sqrt_mod__parameterized33
INFO: [VRFC 10-311] analyzing module cordic_0_cordic_sqrt_mod__parameterized35
INFO: [VRFC 10-311] analyzing module cordic_0_cordic_sqrt_mod__parameterized37
INFO: [VRFC 10-311] analyzing module cordic_0_cordic_sqrt_mod__parameterized39
INFO: [VRFC 10-311] analyzing module cordic_0_cordic_sqrt_mod__parameterized41
INFO: [VRFC 10-311] analyzing module cordic_0_cordic_sqrt_mod__parameterized43
INFO: [VRFC 10-311] analyzing module cordic_0_cordic_sqrt_mod__parameterized5
INFO: [VRFC 10-311] analyzing module cordic_0_cordic_sqrt_mod__parameterized7
INFO: [VRFC 10-311] analyzing module cordic_0_cordic_sqrt_mod__parameterized9
INFO: [VRFC 10-311] analyzing module cordic_0_cordic_v6_0_16_synth
INFO: [VRFC 10-311] analyzing module cordic_0_cordic_v6_0_16_viv
INFO: [VRFC 10-311] analyzing module cordic_0_delay
INFO: [VRFC 10-311] analyzing module cordic_0_delay__parameterized1
INFO: [VRFC 10-311] analyzing module cordic_0_delay__parameterized11
INFO: [VRFC 10-311] analyzing module cordic_0_delay__parameterized11_18
INFO: [VRFC 10-311] analyzing module cordic_0_delay__parameterized13
INFO: [VRFC 10-311] analyzing module cordic_0_delay__parameterized15
INFO: [VRFC 10-311] analyzing module cordic_0_delay__parameterized15_19
INFO: [VRFC 10-311] analyzing module cordic_0_delay__parameterized17
INFO: [VRFC 10-311] analyzing module cordic_0_delay__parameterized19
INFO: [VRFC 10-311] analyzing module cordic_0_delay__parameterized19_16
INFO: [VRFC 10-311] analyzing module cordic_0_delay__parameterized1_20
INFO: [VRFC 10-311] analyzing module cordic_0_delay__parameterized21
INFO: [VRFC 10-311] analyzing module cordic_0_delay__parameterized23
INFO: [VRFC 10-311] analyzing module cordic_0_delay__parameterized23_17
INFO: [VRFC 10-311] analyzing module cordic_0_delay__parameterized25
INFO: [VRFC 10-311] analyzing module cordic_0_delay__parameterized27
INFO: [VRFC 10-311] analyzing module cordic_0_delay__parameterized27_14
INFO: [VRFC 10-311] analyzing module cordic_0_delay__parameterized29
INFO: [VRFC 10-311] analyzing module cordic_0_delay__parameterized3
INFO: [VRFC 10-311] analyzing module cordic_0_delay__parameterized31
INFO: [VRFC 10-311] analyzing module cordic_0_delay__parameterized31_15
INFO: [VRFC 10-311] analyzing module cordic_0_delay__parameterized33
INFO: [VRFC 10-311] analyzing module cordic_0_delay__parameterized35
INFO: [VRFC 10-311] analyzing module cordic_0_delay__parameterized35_12
INFO: [VRFC 10-311] analyzing module cordic_0_delay__parameterized37
INFO: [VRFC 10-311] analyzing module cordic_0_delay__parameterized39
INFO: [VRFC 10-311] analyzing module cordic_0_delay__parameterized39_13
INFO: [VRFC 10-311] analyzing module cordic_0_delay__parameterized3_21
INFO: [VRFC 10-311] analyzing module cordic_0_delay__parameterized41
INFO: [VRFC 10-311] analyzing module cordic_0_delay__parameterized43
INFO: [VRFC 10-311] analyzing module cordic_0_delay__parameterized43_10
INFO: [VRFC 10-311] analyzing module cordic_0_delay__parameterized45
INFO: [VRFC 10-311] analyzing module cordic_0_delay__parameterized47
INFO: [VRFC 10-311] analyzing module cordic_0_delay__parameterized47_11
INFO: [VRFC 10-311] analyzing module cordic_0_delay__parameterized49
INFO: [VRFC 10-311] analyzing module cordic_0_delay__parameterized5
INFO: [VRFC 10-311] analyzing module cordic_0_delay__parameterized51
INFO: [VRFC 10-311] analyzing module cordic_0_delay__parameterized51_8
INFO: [VRFC 10-311] analyzing module cordic_0_delay__parameterized53
INFO: [VRFC 10-311] analyzing module cordic_0_delay__parameterized55
INFO: [VRFC 10-311] analyzing module cordic_0_delay__parameterized55_9
INFO: [VRFC 10-311] analyzing module cordic_0_delay__parameterized57
INFO: [VRFC 10-311] analyzing module cordic_0_delay__parameterized59
INFO: [VRFC 10-311] analyzing module cordic_0_delay__parameterized59_6
INFO: [VRFC 10-311] analyzing module cordic_0_delay__parameterized61
INFO: [VRFC 10-311] analyzing module cordic_0_delay__parameterized63
INFO: [VRFC 10-311] analyzing module cordic_0_delay__parameterized63_7
INFO: [VRFC 10-311] analyzing module cordic_0_delay__parameterized65
INFO: [VRFC 10-311] analyzing module cordic_0_delay__parameterized67
INFO: [VRFC 10-311] analyzing module cordic_0_delay__parameterized67_4
INFO: [VRFC 10-311] analyzing module cordic_0_delay__parameterized69
INFO: [VRFC 10-311] analyzing module cordic_0_delay__parameterized7
INFO: [VRFC 10-311] analyzing module cordic_0_delay__parameterized71
INFO: [VRFC 10-311] analyzing module cordic_0_delay__parameterized71_5
INFO: [VRFC 10-311] analyzing module cordic_0_delay__parameterized73
INFO: [VRFC 10-311] analyzing module cordic_0_delay__parameterized75
INFO: [VRFC 10-311] analyzing module cordic_0_delay__parameterized75_2
INFO: [VRFC 10-311] analyzing module cordic_0_delay__parameterized77
INFO: [VRFC 10-311] analyzing module cordic_0_delay__parameterized79
INFO: [VRFC 10-311] analyzing module cordic_0_delay__parameterized79_3
INFO: [VRFC 10-311] analyzing module cordic_0_delay__parameterized7_22
INFO: [VRFC 10-311] analyzing module cordic_0_delay__parameterized81
INFO: [VRFC 10-311] analyzing module cordic_0_delay__parameterized83
INFO: [VRFC 10-311] analyzing module cordic_0_delay__parameterized87
INFO: [VRFC 10-311] analyzing module cordic_0_delay__parameterized87_0
INFO: [VRFC 10-311] analyzing module cordic_0_delay__parameterized87_1
INFO: [VRFC 10-311] analyzing module cordic_0_delay__parameterized89
INFO: [VRFC 10-311] analyzing module cordic_0_delay__parameterized9
INFO: [VRFC 10-311] analyzing module cordic_0_delay__parameterized91
INFO: [VRFC 10-311] analyzing module cordic_0_delay_bit__parameterized1
INFO: [VRFC 10-311] analyzing module cordic_0_xbip_pipe_v3_0_6_viv
INFO: [VRFC 10-311] analyzing module divider_addsubreg_v
INFO: [VRFC 10-311] analyzing module divider_addsubreg_v_10
INFO: [VRFC 10-311] analyzing module divider_addsubreg_v_100
INFO: [VRFC 10-311] analyzing module divider_addsubreg_v_102
INFO: [VRFC 10-311] analyzing module divider_addsubreg_v_104
INFO: [VRFC 10-311] analyzing module divider_addsubreg_v_106
INFO: [VRFC 10-311] analyzing module divider_addsubreg_v_108
INFO: [VRFC 10-311] analyzing module divider_addsubreg_v_110
INFO: [VRFC 10-311] analyzing module divider_addsubreg_v_112
INFO: [VRFC 10-311] analyzing module divider_addsubreg_v_114
INFO: [VRFC 10-311] analyzing module divider_addsubreg_v_116
INFO: [VRFC 10-311] analyzing module divider_addsubreg_v_119
INFO: [VRFC 10-311] analyzing module divider_addsubreg_v_12
INFO: [VRFC 10-311] analyzing module divider_addsubreg_v_121
INFO: [VRFC 10-311] analyzing module divider_addsubreg_v_123
INFO: [VRFC 10-311] analyzing module divider_addsubreg_v_125
INFO: [VRFC 10-311] analyzing module divider_addsubreg_v_14
INFO: [VRFC 10-311] analyzing module divider_addsubreg_v_16
INFO: [VRFC 10-311] analyzing module divider_addsubreg_v_18
INFO: [VRFC 10-311] analyzing module divider_addsubreg_v_2
INFO: [VRFC 10-311] analyzing module divider_addsubreg_v_20
INFO: [VRFC 10-311] analyzing module divider_addsubreg_v_22
INFO: [VRFC 10-311] analyzing module divider_addsubreg_v_24
INFO: [VRFC 10-311] analyzing module divider_addsubreg_v_26
INFO: [VRFC 10-311] analyzing module divider_addsubreg_v_28
INFO: [VRFC 10-311] analyzing module divider_addsubreg_v_30
INFO: [VRFC 10-311] analyzing module divider_addsubreg_v_32
INFO: [VRFC 10-311] analyzing module divider_addsubreg_v_34
INFO: [VRFC 10-311] analyzing module divider_addsubreg_v_36
INFO: [VRFC 10-311] analyzing module divider_addsubreg_v_38
INFO: [VRFC 10-311] analyzing module divider_addsubreg_v_4
INFO: [VRFC 10-311] analyzing module divider_addsubreg_v_40
INFO: [VRFC 10-311] analyzing module divider_addsubreg_v_42
INFO: [VRFC 10-311] analyzing module divider_addsubreg_v_44
INFO: [VRFC 10-311] analyzing module divider_addsubreg_v_46
INFO: [VRFC 10-311] analyzing module divider_addsubreg_v_48
INFO: [VRFC 10-311] analyzing module divider_addsubreg_v_50
INFO: [VRFC 10-311] analyzing module divider_addsubreg_v_52
INFO: [VRFC 10-311] analyzing module divider_addsubreg_v_54
INFO: [VRFC 10-311] analyzing module divider_addsubreg_v_56
INFO: [VRFC 10-311] analyzing module divider_addsubreg_v_58
INFO: [VRFC 10-311] analyzing module divider_addsubreg_v_6
INFO: [VRFC 10-311] analyzing module divider_addsubreg_v_60
INFO: [VRFC 10-311] analyzing module divider_addsubreg_v_62
INFO: [VRFC 10-311] analyzing module divider_addsubreg_v_64
INFO: [VRFC 10-311] analyzing module divider_addsubreg_v_66
INFO: [VRFC 10-311] analyzing module divider_addsubreg_v_68
INFO: [VRFC 10-311] analyzing module divider_addsubreg_v_70
INFO: [VRFC 10-311] analyzing module divider_addsubreg_v_72
INFO: [VRFC 10-311] analyzing module divider_addsubreg_v_74
INFO: [VRFC 10-311] analyzing module divider_addsubreg_v_76
INFO: [VRFC 10-311] analyzing module divider_addsubreg_v_78
INFO: [VRFC 10-311] analyzing module divider_addsubreg_v_8
INFO: [VRFC 10-311] analyzing module divider_addsubreg_v_80
INFO: [VRFC 10-311] analyzing module divider_addsubreg_v_82
INFO: [VRFC 10-311] analyzing module divider_addsubreg_v_84
INFO: [VRFC 10-311] analyzing module divider_addsubreg_v_86
INFO: [VRFC 10-311] analyzing module divider_addsubreg_v_88
INFO: [VRFC 10-311] analyzing module divider_addsubreg_v_90
INFO: [VRFC 10-311] analyzing module divider_addsubreg_v_92
INFO: [VRFC 10-311] analyzing module divider_addsubreg_v_94
INFO: [VRFC 10-311] analyzing module divider_addsubreg_v_96
INFO: [VRFC 10-311] analyzing module divider_addsubreg_v_98
INFO: [VRFC 10-311] analyzing module divider_addsubreg_v__parameterized0
INFO: [VRFC 10-311] analyzing module divider_bip_sdivider_synth
INFO: [VRFC 10-311] analyzing module divider_c_addsub_lut6
INFO: [VRFC 10-311] analyzing module divider_c_addsub_lut6_134
INFO: [VRFC 10-311] analyzing module divider_c_addsub_lut6_139
INFO: [VRFC 10-311] analyzing module divider_c_addsub_lut6_144
INFO: [VRFC 10-311] analyzing module divider_c_addsub_lut6_149
INFO: [VRFC 10-311] analyzing module divider_c_addsub_lut6_154
INFO: [VRFC 10-311] analyzing module divider_c_addsub_lut6_159
INFO: [VRFC 10-311] analyzing module divider_c_addsub_lut6_164
INFO: [VRFC 10-311] analyzing module divider_c_addsub_lut6_169
INFO: [VRFC 10-311] analyzing module divider_c_addsub_lut6_174
INFO: [VRFC 10-311] analyzing module divider_c_addsub_lut6_179
INFO: [VRFC 10-311] analyzing module divider_c_addsub_lut6_184
INFO: [VRFC 10-311] analyzing module divider_c_addsub_lut6_189
INFO: [VRFC 10-311] analyzing module divider_c_addsub_lut6_194
INFO: [VRFC 10-311] analyzing module divider_c_addsub_lut6_199
INFO: [VRFC 10-311] analyzing module divider_c_addsub_lut6_204
INFO: [VRFC 10-311] analyzing module divider_c_addsub_lut6_209
INFO: [VRFC 10-311] analyzing module divider_c_addsub_lut6_214
INFO: [VRFC 10-311] analyzing module divider_c_addsub_lut6_219
INFO: [VRFC 10-311] analyzing module divider_c_addsub_lut6_224
INFO: [VRFC 10-311] analyzing module divider_c_addsub_lut6_229
INFO: [VRFC 10-311] analyzing module divider_c_addsub_lut6_234
INFO: [VRFC 10-311] analyzing module divider_c_addsub_lut6_239
INFO: [VRFC 10-311] analyzing module divider_c_addsub_lut6_244
INFO: [VRFC 10-311] analyzing module divider_c_addsub_lut6_249
INFO: [VRFC 10-311] analyzing module divider_c_addsub_lut6_254
INFO: [VRFC 10-311] analyzing module divider_c_addsub_lut6_259
INFO: [VRFC 10-311] analyzing module divider_c_addsub_lut6_264
INFO: [VRFC 10-311] analyzing module divider_c_addsub_lut6_269
INFO: [VRFC 10-311] analyzing module divider_c_addsub_lut6_274
INFO: [VRFC 10-311] analyzing module divider_c_addsub_lut6_279
INFO: [VRFC 10-311] analyzing module divider_c_addsub_lut6_284
INFO: [VRFC 10-311] analyzing module divider_c_addsub_lut6_289
INFO: [VRFC 10-311] analyzing module divider_c_addsub_lut6_294
INFO: [VRFC 10-311] analyzing module divider_c_addsub_lut6_299
INFO: [VRFC 10-311] analyzing module divider_c_addsub_lut6_304
INFO: [VRFC 10-311] analyzing module divider_c_addsub_lut6_309
INFO: [VRFC 10-311] analyzing module divider_c_addsub_lut6_314
INFO: [VRFC 10-311] analyzing module divider_c_addsub_lut6_319
INFO: [VRFC 10-311] analyzing module divider_c_addsub_lut6_324
INFO: [VRFC 10-311] analyzing module divider_c_addsub_lut6_329
INFO: [VRFC 10-311] analyzing module divider_c_addsub_lut6_334
INFO: [VRFC 10-311] analyzing module divider_c_addsub_lut6_339
INFO: [VRFC 10-311] analyzing module divider_c_addsub_lut6_344
INFO: [VRFC 10-311] analyzing module divider_c_addsub_lut6_349
INFO: [VRFC 10-311] analyzing module divider_c_addsub_lut6_354
INFO: [VRFC 10-311] analyzing module divider_c_addsub_lut6_359
INFO: [VRFC 10-311] analyzing module divider_c_addsub_lut6_364
INFO: [VRFC 10-311] analyzing module divider_c_addsub_lut6_369
INFO: [VRFC 10-311] analyzing module divider_c_addsub_lut6_374
INFO: [VRFC 10-311] analyzing module divider_c_addsub_lut6_379
INFO: [VRFC 10-311] analyzing module divider_c_addsub_lut6_384
INFO: [VRFC 10-311] analyzing module divider_c_addsub_lut6_389
INFO: [VRFC 10-311] analyzing module divider_c_addsub_lut6_394
INFO: [VRFC 10-311] analyzing module divider_c_addsub_lut6_399
INFO: [VRFC 10-311] analyzing module divider_c_addsub_lut6_404
INFO: [VRFC 10-311] analyzing module divider_c_addsub_lut6_409
INFO: [VRFC 10-311] analyzing module divider_c_addsub_lut6_414
INFO: [VRFC 10-311] analyzing module divider_c_addsub_lut6_419
INFO: [VRFC 10-311] analyzing module divider_c_addsub_lut6_424
INFO: [VRFC 10-311] analyzing module divider_c_addsub_lut6_429
INFO: [VRFC 10-311] analyzing module divider_c_addsub_lut6_434
INFO: [VRFC 10-311] analyzing module divider_c_addsub_lut6_439
INFO: [VRFC 10-311] analyzing module divider_c_addsub_lut6__parameterized1
INFO: [VRFC 10-311] analyzing module divider_c_addsub_viv
INFO: [VRFC 10-311] analyzing module divider_c_addsub_viv_133
INFO: [VRFC 10-311] analyzing module divider_c_addsub_viv_138
INFO: [VRFC 10-311] analyzing module divider_c_addsub_viv_143
INFO: [VRFC 10-311] analyzing module divider_c_addsub_viv_148
INFO: [VRFC 10-311] analyzing module divider_c_addsub_viv_153
INFO: [VRFC 10-311] analyzing module divider_c_addsub_viv_158
INFO: [VRFC 10-311] analyzing module divider_c_addsub_viv_163
INFO: [VRFC 10-311] analyzing module divider_c_addsub_viv_168
INFO: [VRFC 10-311] analyzing module divider_c_addsub_viv_173
INFO: [VRFC 10-311] analyzing module divider_c_addsub_viv_178
INFO: [VRFC 10-311] analyzing module divider_c_addsub_viv_183
INFO: [VRFC 10-311] analyzing module divider_c_addsub_viv_188
INFO: [VRFC 10-311] analyzing module divider_c_addsub_viv_193
INFO: [VRFC 10-311] analyzing module divider_c_addsub_viv_198
INFO: [VRFC 10-311] analyzing module divider_c_addsub_viv_203
INFO: [VRFC 10-311] analyzing module divider_c_addsub_viv_208
INFO: [VRFC 10-311] analyzing module divider_c_addsub_viv_213
INFO: [VRFC 10-311] analyzing module divider_c_addsub_viv_218
INFO: [VRFC 10-311] analyzing module divider_c_addsub_viv_223
INFO: [VRFC 10-311] analyzing module divider_c_addsub_viv_228
INFO: [VRFC 10-311] analyzing module divider_c_addsub_viv_233
INFO: [VRFC 10-311] analyzing module divider_c_addsub_viv_238
INFO: [VRFC 10-311] analyzing module divider_c_addsub_viv_243
INFO: [VRFC 10-311] analyzing module divider_c_addsub_viv_248
INFO: [VRFC 10-311] analyzing module divider_c_addsub_viv_253
INFO: [VRFC 10-311] analyzing module divider_c_addsub_viv_258
INFO: [VRFC 10-311] analyzing module divider_c_addsub_viv_263
INFO: [VRFC 10-311] analyzing module divider_c_addsub_viv_268
INFO: [VRFC 10-311] analyzing module divider_c_addsub_viv_273
INFO: [VRFC 10-311] analyzing module divider_c_addsub_viv_278
INFO: [VRFC 10-311] analyzing module divider_c_addsub_viv_283
INFO: [VRFC 10-311] analyzing module divider_c_addsub_viv_288
INFO: [VRFC 10-311] analyzing module divider_c_addsub_viv_293
INFO: [VRFC 10-311] analyzing module divider_c_addsub_viv_298
INFO: [VRFC 10-311] analyzing module divider_c_addsub_viv_303
INFO: [VRFC 10-311] analyzing module divider_c_addsub_viv_308
INFO: [VRFC 10-311] analyzing module divider_c_addsub_viv_313
INFO: [VRFC 10-311] analyzing module divider_c_addsub_viv_318
INFO: [VRFC 10-311] analyzing module divider_c_addsub_viv_323
INFO: [VRFC 10-311] analyzing module divider_c_addsub_viv_328
INFO: [VRFC 10-311] analyzing module divider_c_addsub_viv_333
INFO: [VRFC 10-311] analyzing module divider_c_addsub_viv_338
INFO: [VRFC 10-311] analyzing module divider_c_addsub_viv_343
INFO: [VRFC 10-311] analyzing module divider_c_addsub_viv_348
INFO: [VRFC 10-311] analyzing module divider_c_addsub_viv_353
INFO: [VRFC 10-311] analyzing module divider_c_addsub_viv_358
INFO: [VRFC 10-311] analyzing module divider_c_addsub_viv_363
INFO: [VRFC 10-311] analyzing module divider_c_addsub_viv_368
INFO: [VRFC 10-311] analyzing module divider_c_addsub_viv_373
INFO: [VRFC 10-311] analyzing module divider_c_addsub_viv_378
INFO: [VRFC 10-311] analyzing module divider_c_addsub_viv_383
INFO: [VRFC 10-311] analyzing module divider_c_addsub_viv_388
INFO: [VRFC 10-311] analyzing module divider_c_addsub_viv_393
INFO: [VRFC 10-311] analyzing module divider_c_addsub_viv_398
INFO: [VRFC 10-311] analyzing module divider_c_addsub_viv_403
INFO: [VRFC 10-311] analyzing module divider_c_addsub_viv_408
INFO: [VRFC 10-311] analyzing module divider_c_addsub_viv_413
INFO: [VRFC 10-311] analyzing module divider_c_addsub_viv_418
INFO: [VRFC 10-311] analyzing module divider_c_addsub_viv_423
INFO: [VRFC 10-311] analyzing module divider_c_addsub_viv_428
INFO: [VRFC 10-311] analyzing module divider_c_addsub_viv_433
INFO: [VRFC 10-311] analyzing module divider_c_addsub_viv_438
INFO: [VRFC 10-311] analyzing module divider_c_addsub_viv__parameterized0
INFO: [VRFC 10-311] analyzing module divider_c_twos_comp_viv
INFO: [VRFC 10-311] analyzing module divider_c_twos_comp_viv__parameterized0
INFO: [VRFC 10-311] analyzing module divider_c_twos_comp_viv__parameterized1
INFO: [VRFC 10-311] analyzing module divider_c_twos_comp_viv__parameterized1_1
INFO: [VRFC 10-311] analyzing module divider_cmp2s_v
INFO: [VRFC 10-311] analyzing module divider_cmp2s_v__parameterized0
INFO: [VRFC 10-311] analyzing module divider_cmp2s_v__parameterized1
INFO: [VRFC 10-311] analyzing module divider_cmp2s_v__parameterized1_0
INFO: [VRFC 10-311] analyzing module divider_div_gen_synth
INFO: [VRFC 10-311] analyzing module divider_div_gen_v5_1_16_viv
INFO: [VRFC 10-311] analyzing module divider_dividervdc_v
INFO: [VRFC 10-311] analyzing module divider_xbip_pipe_v3_0_6_viv
INFO: [VRFC 10-311] analyzing module divider_xbip_pipe_v3_0_6_viv__parameterized1
INFO: [VRFC 10-311] analyzing module divider_xbip_pipe_v3_0_6_viv__parameterized101
INFO: [VRFC 10-311] analyzing module divider_xbip_pipe_v3_0_6_viv__parameterized103
INFO: [VRFC 10-311] analyzing module divider_xbip_pipe_v3_0_6_viv__parameterized105
INFO: [VRFC 10-311] analyzing module divider_xbip_pipe_v3_0_6_viv__parameterized107
INFO: [VRFC 10-311] analyzing module divider_xbip_pipe_v3_0_6_viv__parameterized109
INFO: [VRFC 10-311] analyzing module divider_xbip_pipe_v3_0_6_viv__parameterized11
INFO: [VRFC 10-311] analyzing module divider_xbip_pipe_v3_0_6_viv__parameterized111
INFO: [VRFC 10-311] analyzing module divider_xbip_pipe_v3_0_6_viv__parameterized113
INFO: [VRFC 10-311] analyzing module divider_xbip_pipe_v3_0_6_viv__parameterized115
INFO: [VRFC 10-311] analyzing module divider_xbip_pipe_v3_0_6_viv__parameterized117
INFO: [VRFC 10-311] analyzing module divider_xbip_pipe_v3_0_6_viv__parameterized119
INFO: [VRFC 10-311] analyzing module divider_xbip_pipe_v3_0_6_viv__parameterized121
INFO: [VRFC 10-311] analyzing module divider_xbip_pipe_v3_0_6_viv__parameterized123
INFO: [VRFC 10-311] analyzing module divider_xbip_pipe_v3_0_6_viv__parameterized125
INFO: [VRFC 10-311] analyzing module divider_xbip_pipe_v3_0_6_viv__parameterized127
INFO: [VRFC 10-311] analyzing module divider_xbip_pipe_v3_0_6_viv__parameterized129
INFO: [VRFC 10-311] analyzing module divider_xbip_pipe_v3_0_6_viv__parameterized13
INFO: [VRFC 10-311] analyzing module divider_xbip_pipe_v3_0_6_viv__parameterized131
INFO: [VRFC 10-311] analyzing module divider_xbip_pipe_v3_0_6_viv__parameterized133
INFO: [VRFC 10-311] analyzing module divider_xbip_pipe_v3_0_6_viv__parameterized135
INFO: [VRFC 10-311] analyzing module divider_xbip_pipe_v3_0_6_viv__parameterized137
INFO: [VRFC 10-311] analyzing module divider_xbip_pipe_v3_0_6_viv__parameterized139
INFO: [VRFC 10-311] analyzing module divider_xbip_pipe_v3_0_6_viv__parameterized141
INFO: [VRFC 10-311] analyzing module divider_xbip_pipe_v3_0_6_viv__parameterized143
INFO: [VRFC 10-311] analyzing module divider_xbip_pipe_v3_0_6_viv__parameterized145
INFO: [VRFC 10-311] analyzing module divider_xbip_pipe_v3_0_6_viv__parameterized147
INFO: [VRFC 10-311] analyzing module divider_xbip_pipe_v3_0_6_viv__parameterized149
INFO: [VRFC 10-311] analyzing module divider_xbip_pipe_v3_0_6_viv__parameterized15
INFO: [VRFC 10-311] analyzing module divider_xbip_pipe_v3_0_6_viv__parameterized151
INFO: [VRFC 10-311] analyzing module divider_xbip_pipe_v3_0_6_viv__parameterized153
INFO: [VRFC 10-311] analyzing module divider_xbip_pipe_v3_0_6_viv__parameterized155
INFO: [VRFC 10-311] analyzing module divider_xbip_pipe_v3_0_6_viv__parameterized157
INFO: [VRFC 10-311] analyzing module divider_xbip_pipe_v3_0_6_viv__parameterized159
INFO: [VRFC 10-311] analyzing module divider_xbip_pipe_v3_0_6_viv__parameterized161
INFO: [VRFC 10-311] analyzing module divider_xbip_pipe_v3_0_6_viv__parameterized163
INFO: [VRFC 10-311] analyzing module divider_xbip_pipe_v3_0_6_viv__parameterized165
INFO: [VRFC 10-311] analyzing module divider_xbip_pipe_v3_0_6_viv__parameterized167
INFO: [VRFC 10-311] analyzing module divider_xbip_pipe_v3_0_6_viv__parameterized169
INFO: [VRFC 10-311] analyzing module divider_xbip_pipe_v3_0_6_viv__parameterized17
INFO: [VRFC 10-311] analyzing module divider_xbip_pipe_v3_0_6_viv__parameterized171
INFO: [VRFC 10-311] analyzing module divider_xbip_pipe_v3_0_6_viv__parameterized173
INFO: [VRFC 10-311] analyzing module divider_xbip_pipe_v3_0_6_viv__parameterized175
INFO: [VRFC 10-311] analyzing module divider_xbip_pipe_v3_0_6_viv__parameterized177
INFO: [VRFC 10-311] analyzing module divider_xbip_pipe_v3_0_6_viv__parameterized179
INFO: [VRFC 10-311] analyzing module divider_xbip_pipe_v3_0_6_viv__parameterized181
INFO: [VRFC 10-311] analyzing module divider_xbip_pipe_v3_0_6_viv__parameterized183
INFO: [VRFC 10-311] analyzing module divider_xbip_pipe_v3_0_6_viv__parameterized185
INFO: [VRFC 10-311] analyzing module divider_xbip_pipe_v3_0_6_viv__parameterized187
INFO: [VRFC 10-311] analyzing module divider_xbip_pipe_v3_0_6_viv__parameterized189
INFO: [VRFC 10-311] analyzing module divider_xbip_pipe_v3_0_6_viv__parameterized19
INFO: [VRFC 10-311] analyzing module divider_xbip_pipe_v3_0_6_viv__parameterized191
INFO: [VRFC 10-311] analyzing module divider_xbip_pipe_v3_0_6_viv__parameterized193
INFO: [VRFC 10-311] analyzing module divider_xbip_pipe_v3_0_6_viv__parameterized195
INFO: [VRFC 10-311] analyzing module divider_xbip_pipe_v3_0_6_viv__parameterized197
INFO: [VRFC 10-311] analyzing module divider_xbip_pipe_v3_0_6_viv__parameterized199
INFO: [VRFC 10-311] analyzing module divider_xbip_pipe_v3_0_6_viv__parameterized201
INFO: [VRFC 10-311] analyzing module divider_xbip_pipe_v3_0_6_viv__parameterized203
INFO: [VRFC 10-311] analyzing module divider_xbip_pipe_v3_0_6_viv__parameterized205
INFO: [VRFC 10-311] analyzing module divider_xbip_pipe_v3_0_6_viv__parameterized207
INFO: [VRFC 10-311] analyzing module divider_xbip_pipe_v3_0_6_viv__parameterized209
INFO: [VRFC 10-311] analyzing module divider_xbip_pipe_v3_0_6_viv__parameterized21
INFO: [VRFC 10-311] analyzing module divider_xbip_pipe_v3_0_6_viv__parameterized211
INFO: [VRFC 10-311] analyzing module divider_xbip_pipe_v3_0_6_viv__parameterized213
INFO: [VRFC 10-311] analyzing module divider_xbip_pipe_v3_0_6_viv__parameterized215
INFO: [VRFC 10-311] analyzing module divider_xbip_pipe_v3_0_6_viv__parameterized217
INFO: [VRFC 10-311] analyzing module divider_xbip_pipe_v3_0_6_viv__parameterized219
INFO: [VRFC 10-311] analyzing module divider_xbip_pipe_v3_0_6_viv__parameterized221
INFO: [VRFC 10-311] analyzing module divider_xbip_pipe_v3_0_6_viv__parameterized223
INFO: [VRFC 10-311] analyzing module divider_xbip_pipe_v3_0_6_viv__parameterized225
INFO: [VRFC 10-311] analyzing module divider_xbip_pipe_v3_0_6_viv__parameterized227
INFO: [VRFC 10-311] analyzing module divider_xbip_pipe_v3_0_6_viv__parameterized229
INFO: [VRFC 10-311] analyzing module divider_xbip_pipe_v3_0_6_viv__parameterized23
INFO: [VRFC 10-311] analyzing module divider_xbip_pipe_v3_0_6_viv__parameterized231
INFO: [VRFC 10-311] analyzing module divider_xbip_pipe_v3_0_6_viv__parameterized233
INFO: [VRFC 10-311] analyzing module divider_xbip_pipe_v3_0_6_viv__parameterized235
INFO: [VRFC 10-311] analyzing module divider_xbip_pipe_v3_0_6_viv__parameterized237
INFO: [VRFC 10-311] analyzing module divider_xbip_pipe_v3_0_6_viv__parameterized239
INFO: [VRFC 10-311] analyzing module divider_xbip_pipe_v3_0_6_viv__parameterized241
INFO: [VRFC 10-311] analyzing module divider_xbip_pipe_v3_0_6_viv__parameterized243
INFO: [VRFC 10-311] analyzing module divider_xbip_pipe_v3_0_6_viv__parameterized245
INFO: [VRFC 10-311] analyzing module divider_xbip_pipe_v3_0_6_viv__parameterized247
INFO: [VRFC 10-311] analyzing module divider_xbip_pipe_v3_0_6_viv__parameterized249
INFO: [VRFC 10-311] analyzing module divider_xbip_pipe_v3_0_6_viv__parameterized25
INFO: [VRFC 10-311] analyzing module divider_xbip_pipe_v3_0_6_viv__parameterized251
INFO: [VRFC 10-311] analyzing module divider_xbip_pipe_v3_0_6_viv__parameterized253
INFO: [VRFC 10-311] analyzing module divider_xbip_pipe_v3_0_6_viv__parameterized256
INFO: [VRFC 10-311] analyzing module divider_xbip_pipe_v3_0_6_viv__parameterized258
INFO: [VRFC 10-311] analyzing module divider_xbip_pipe_v3_0_6_viv__parameterized27
INFO: [VRFC 10-311] analyzing module divider_xbip_pipe_v3_0_6_viv__parameterized29
INFO: [VRFC 10-311] analyzing module divider_xbip_pipe_v3_0_6_viv__parameterized3
INFO: [VRFC 10-311] analyzing module divider_xbip_pipe_v3_0_6_viv__parameterized31
INFO: [VRFC 10-311] analyzing module divider_xbip_pipe_v3_0_6_viv__parameterized33
INFO: [VRFC 10-311] analyzing module divider_xbip_pipe_v3_0_6_viv__parameterized35
INFO: [VRFC 10-311] analyzing module divider_xbip_pipe_v3_0_6_viv__parameterized37
INFO: [VRFC 10-311] analyzing module divider_xbip_pipe_v3_0_6_viv__parameterized39
INFO: [VRFC 10-311] analyzing module divider_xbip_pipe_v3_0_6_viv__parameterized3_128
INFO: [VRFC 10-311] analyzing module divider_xbip_pipe_v3_0_6_viv__parameterized41
INFO: [VRFC 10-311] analyzing module divider_xbip_pipe_v3_0_6_viv__parameterized43
INFO: [VRFC 10-311] analyzing module divider_xbip_pipe_v3_0_6_viv__parameterized45
INFO: [VRFC 10-311] analyzing module divider_xbip_pipe_v3_0_6_viv__parameterized47
INFO: [VRFC 10-311] analyzing module divider_xbip_pipe_v3_0_6_viv__parameterized49
INFO: [VRFC 10-311] analyzing module divider_xbip_pipe_v3_0_6_viv__parameterized5
INFO: [VRFC 10-311] analyzing module divider_xbip_pipe_v3_0_6_viv__parameterized51
INFO: [VRFC 10-311] analyzing module divider_xbip_pipe_v3_0_6_viv__parameterized53
INFO: [VRFC 10-311] analyzing module divider_xbip_pipe_v3_0_6_viv__parameterized55
INFO: [VRFC 10-311] analyzing module divider_xbip_pipe_v3_0_6_viv__parameterized57
INFO: [VRFC 10-311] analyzing module divider_xbip_pipe_v3_0_6_viv__parameterized59
INFO: [VRFC 10-311] analyzing module divider_xbip_pipe_v3_0_6_viv__parameterized5_101
INFO: [VRFC 10-311] analyzing module divider_xbip_pipe_v3_0_6_viv__parameterized5_103
INFO: [VRFC 10-311] analyzing module divider_xbip_pipe_v3_0_6_viv__parameterized5_105
INFO: [VRFC 10-311] analyzing module divider_xbip_pipe_v3_0_6_viv__parameterized5_107
INFO: [VRFC 10-311] analyzing module divider_xbip_pipe_v3_0_6_viv__parameterized5_109
INFO: [VRFC 10-311] analyzing module divider_xbip_pipe_v3_0_6_viv__parameterized5_11
INFO: [VRFC 10-311] analyzing module divider_xbip_pipe_v3_0_6_viv__parameterized5_111
INFO: [VRFC 10-311] analyzing module divider_xbip_pipe_v3_0_6_viv__parameterized5_113
INFO: [VRFC 10-311] analyzing module divider_xbip_pipe_v3_0_6_viv__parameterized5_115
INFO: [VRFC 10-311] analyzing module divider_xbip_pipe_v3_0_6_viv__parameterized5_117
INFO: [VRFC 10-311] analyzing module divider_xbip_pipe_v3_0_6_viv__parameterized5_120
INFO: [VRFC 10-311] analyzing module divider_xbip_pipe_v3_0_6_viv__parameterized5_122
INFO: [VRFC 10-311] analyzing module divider_xbip_pipe_v3_0_6_viv__parameterized5_124
INFO: [VRFC 10-311] analyzing module divider_xbip_pipe_v3_0_6_viv__parameterized5_126
INFO: [VRFC 10-311] analyzing module divider_xbip_pipe_v3_0_6_viv__parameterized5_127
INFO: [VRFC 10-311] analyzing module divider_xbip_pipe_v3_0_6_viv__parameterized5_13
INFO: [VRFC 10-311] analyzing module divider_xbip_pipe_v3_0_6_viv__parameterized5_15
INFO: [VRFC 10-311] analyzing module divider_xbip_pipe_v3_0_6_viv__parameterized5_17
INFO: [VRFC 10-311] analyzing module divider_xbip_pipe_v3_0_6_viv__parameterized5_19
INFO: [VRFC 10-311] analyzing module divider_xbip_pipe_v3_0_6_viv__parameterized5_21
INFO: [VRFC 10-311] analyzing module divider_xbip_pipe_v3_0_6_viv__parameterized5_23
INFO: [VRFC 10-311] analyzing module divider_xbip_pipe_v3_0_6_viv__parameterized5_25
INFO: [VRFC 10-311] analyzing module divider_xbip_pipe_v3_0_6_viv__parameterized5_27
INFO: [VRFC 10-311] analyzing module divider_xbip_pipe_v3_0_6_viv__parameterized5_29
INFO: [VRFC 10-311] analyzing module divider_xbip_pipe_v3_0_6_viv__parameterized5_3
INFO: [VRFC 10-311] analyzing module divider_xbip_pipe_v3_0_6_viv__parameterized5_31
INFO: [VRFC 10-311] analyzing module divider_xbip_pipe_v3_0_6_viv__parameterized5_33
INFO: [VRFC 10-311] analyzing module divider_xbip_pipe_v3_0_6_viv__parameterized5_35
INFO: [VRFC 10-311] analyzing module divider_xbip_pipe_v3_0_6_viv__parameterized5_37
INFO: [VRFC 10-311] analyzing module divider_xbip_pipe_v3_0_6_viv__parameterized5_39
INFO: [VRFC 10-311] analyzing module divider_xbip_pipe_v3_0_6_viv__parameterized5_41
INFO: [VRFC 10-311] analyzing module divider_xbip_pipe_v3_0_6_viv__parameterized5_43
INFO: [VRFC 10-311] analyzing module divider_xbip_pipe_v3_0_6_viv__parameterized5_45
INFO: [VRFC 10-311] analyzing module divider_xbip_pipe_v3_0_6_viv__parameterized5_47
INFO: [VRFC 10-311] analyzing module divider_xbip_pipe_v3_0_6_viv__parameterized5_49
INFO: [VRFC 10-311] analyzing module divider_xbip_pipe_v3_0_6_viv__parameterized5_5
INFO: [VRFC 10-311] analyzing module divider_xbip_pipe_v3_0_6_viv__parameterized5_51
INFO: [VRFC 10-311] analyzing module divider_xbip_pipe_v3_0_6_viv__parameterized5_53
INFO: [VRFC 10-311] analyzing module divider_xbip_pipe_v3_0_6_viv__parameterized5_55
INFO: [VRFC 10-311] analyzing module divider_xbip_pipe_v3_0_6_viv__parameterized5_57
INFO: [VRFC 10-311] analyzing module divider_xbip_pipe_v3_0_6_viv__parameterized5_59
INFO: [VRFC 10-311] analyzing module divider_xbip_pipe_v3_0_6_viv__parameterized5_61
INFO: [VRFC 10-311] analyzing module divider_xbip_pipe_v3_0_6_viv__parameterized5_63
INFO: [VRFC 10-311] analyzing module divider_xbip_pipe_v3_0_6_viv__parameterized5_65
INFO: [VRFC 10-311] analyzing module divider_xbip_pipe_v3_0_6_viv__parameterized5_67
INFO: [VRFC 10-311] analyzing module divider_xbip_pipe_v3_0_6_viv__parameterized5_69
INFO: [VRFC 10-311] analyzing module divider_xbip_pipe_v3_0_6_viv__parameterized5_7
INFO: [VRFC 10-311] analyzing module divider_xbip_pipe_v3_0_6_viv__parameterized5_71
INFO: [VRFC 10-311] analyzing module divider_xbip_pipe_v3_0_6_viv__parameterized5_73
INFO: [VRFC 10-311] analyzing module divider_xbip_pipe_v3_0_6_viv__parameterized5_75
INFO: [VRFC 10-311] analyzing module divider_xbip_pipe_v3_0_6_viv__parameterized5_77
INFO: [VRFC 10-311] analyzing module divider_xbip_pipe_v3_0_6_viv__parameterized5_79
INFO: [VRFC 10-311] analyzing module divider_xbip_pipe_v3_0_6_viv__parameterized5_81
INFO: [VRFC 10-311] analyzing module divider_xbip_pipe_v3_0_6_viv__parameterized5_83
INFO: [VRFC 10-311] analyzing module divider_xbip_pipe_v3_0_6_viv__parameterized5_85
INFO: [VRFC 10-311] analyzing module divider_xbip_pipe_v3_0_6_viv__parameterized5_87
INFO: [VRFC 10-311] analyzing module divider_xbip_pipe_v3_0_6_viv__parameterized5_89
INFO: [VRFC 10-311] analyzing module divider_xbip_pipe_v3_0_6_viv__parameterized5_9
INFO: [VRFC 10-311] analyzing module divider_xbip_pipe_v3_0_6_viv__parameterized5_91
INFO: [VRFC 10-311] analyzing module divider_xbip_pipe_v3_0_6_viv__parameterized5_93
INFO: [VRFC 10-311] analyzing module divider_xbip_pipe_v3_0_6_viv__parameterized5_95
INFO: [VRFC 10-311] analyzing module divider_xbip_pipe_v3_0_6_viv__parameterized5_97
INFO: [VRFC 10-311] analyzing module divider_xbip_pipe_v3_0_6_viv__parameterized5_99
INFO: [VRFC 10-311] analyzing module divider_xbip_pipe_v3_0_6_viv__parameterized61
INFO: [VRFC 10-311] analyzing module divider_xbip_pipe_v3_0_6_viv__parameterized63
INFO: [VRFC 10-311] analyzing module divider_xbip_pipe_v3_0_6_viv__parameterized65
INFO: [VRFC 10-311] analyzing module divider_xbip_pipe_v3_0_6_viv__parameterized67
INFO: [VRFC 10-311] analyzing module divider_xbip_pipe_v3_0_6_viv__parameterized69
INFO: [VRFC 10-311] analyzing module divider_xbip_pipe_v3_0_6_viv__parameterized7
INFO: [VRFC 10-311] analyzing module divider_xbip_pipe_v3_0_6_viv__parameterized71
INFO: [VRFC 10-311] analyzing module divider_xbip_pipe_v3_0_6_viv__parameterized73
INFO: [VRFC 10-311] analyzing module divider_xbip_pipe_v3_0_6_viv__parameterized75
INFO: [VRFC 10-311] analyzing module divider_xbip_pipe_v3_0_6_viv__parameterized77
INFO: [VRFC 10-311] analyzing module divider_xbip_pipe_v3_0_6_viv__parameterized79
INFO: [VRFC 10-311] analyzing module divider_xbip_pipe_v3_0_6_viv__parameterized7_118
INFO: [VRFC 10-311] analyzing module divider_xbip_pipe_v3_0_6_viv__parameterized7_129
INFO: [VRFC 10-311] analyzing module divider_xbip_pipe_v3_0_6_viv__parameterized7_130
INFO: [VRFC 10-311] analyzing module divider_xbip_pipe_v3_0_6_viv__parameterized7_131
INFO: [VRFC 10-311] analyzing module divider_xbip_pipe_v3_0_6_viv__parameterized7_132
INFO: [VRFC 10-311] analyzing module divider_xbip_pipe_v3_0_6_viv__parameterized7_135
INFO: [VRFC 10-311] analyzing module divider_xbip_pipe_v3_0_6_viv__parameterized7_137
INFO: [VRFC 10-311] analyzing module divider_xbip_pipe_v3_0_6_viv__parameterized7_140
INFO: [VRFC 10-311] analyzing module divider_xbip_pipe_v3_0_6_viv__parameterized7_142
INFO: [VRFC 10-311] analyzing module divider_xbip_pipe_v3_0_6_viv__parameterized7_145
INFO: [VRFC 10-311] analyzing module divider_xbip_pipe_v3_0_6_viv__parameterized7_147
INFO: [VRFC 10-311] analyzing module divider_xbip_pipe_v3_0_6_viv__parameterized7_150
INFO: [VRFC 10-311] analyzing module divider_xbip_pipe_v3_0_6_viv__parameterized7_152
INFO: [VRFC 10-311] analyzing module divider_xbip_pipe_v3_0_6_viv__parameterized7_155
INFO: [VRFC 10-311] analyzing module divider_xbip_pipe_v3_0_6_viv__parameterized7_157
INFO: [VRFC 10-311] analyzing module divider_xbip_pipe_v3_0_6_viv__parameterized7_160
INFO: [VRFC 10-311] analyzing module divider_xbip_pipe_v3_0_6_viv__parameterized7_162
INFO: [VRFC 10-311] analyzing module divider_xbip_pipe_v3_0_6_viv__parameterized7_165
INFO: [VRFC 10-311] analyzing module divider_xbip_pipe_v3_0_6_viv__parameterized7_167
INFO: [VRFC 10-311] analyzing module divider_xbip_pipe_v3_0_6_viv__parameterized7_170
INFO: [VRFC 10-311] analyzing module divider_xbip_pipe_v3_0_6_viv__parameterized7_172
INFO: [VRFC 10-311] analyzing module divider_xbip_pipe_v3_0_6_viv__parameterized7_175
INFO: [VRFC 10-311] analyzing module divider_xbip_pipe_v3_0_6_viv__parameterized7_177
INFO: [VRFC 10-311] analyzing module divider_xbip_pipe_v3_0_6_viv__parameterized7_180
INFO: [VRFC 10-311] analyzing module divider_xbip_pipe_v3_0_6_viv__parameterized7_182
INFO: [VRFC 10-311] analyzing module divider_xbip_pipe_v3_0_6_viv__parameterized7_185
INFO: [VRFC 10-311] analyzing module divider_xbip_pipe_v3_0_6_viv__parameterized7_187
INFO: [VRFC 10-311] analyzing module divider_xbip_pipe_v3_0_6_viv__parameterized7_190
INFO: [VRFC 10-311] analyzing module divider_xbip_pipe_v3_0_6_viv__parameterized7_192
INFO: [VRFC 10-311] analyzing module divider_xbip_pipe_v3_0_6_viv__parameterized7_195
INFO: [VRFC 10-311] analyzing module divider_xbip_pipe_v3_0_6_viv__parameterized7_197
INFO: [VRFC 10-311] analyzing module divider_xbip_pipe_v3_0_6_viv__parameterized7_200
INFO: [VRFC 10-311] analyzing module divider_xbip_pipe_v3_0_6_viv__parameterized7_202
INFO: [VRFC 10-311] analyzing module divider_xbip_pipe_v3_0_6_viv__parameterized7_205
INFO: [VRFC 10-311] analyzing module divider_xbip_pipe_v3_0_6_viv__parameterized7_207
INFO: [VRFC 10-311] analyzing module divider_xbip_pipe_v3_0_6_viv__parameterized7_210
INFO: [VRFC 10-311] analyzing module divider_xbip_pipe_v3_0_6_viv__parameterized7_212
INFO: [VRFC 10-311] analyzing module divider_xbip_pipe_v3_0_6_viv__parameterized7_215
INFO: [VRFC 10-311] analyzing module divider_xbip_pipe_v3_0_6_viv__parameterized7_217
INFO: [VRFC 10-311] analyzing module divider_xbip_pipe_v3_0_6_viv__parameterized7_220
INFO: [VRFC 10-311] analyzing module divider_xbip_pipe_v3_0_6_viv__parameterized7_222
INFO: [VRFC 10-311] analyzing module divider_xbip_pipe_v3_0_6_viv__parameterized7_225
INFO: [VRFC 10-311] analyzing module divider_xbip_pipe_v3_0_6_viv__parameterized7_227
INFO: [VRFC 10-311] analyzing module divider_xbip_pipe_v3_0_6_viv__parameterized7_230
INFO: [VRFC 10-311] analyzing module divider_xbip_pipe_v3_0_6_viv__parameterized7_232
INFO: [VRFC 10-311] analyzing module divider_xbip_pipe_v3_0_6_viv__parameterized7_235
INFO: [VRFC 10-311] analyzing module divider_xbip_pipe_v3_0_6_viv__parameterized7_237
INFO: [VRFC 10-311] analyzing module divider_xbip_pipe_v3_0_6_viv__parameterized7_240
INFO: [VRFC 10-311] analyzing module divider_xbip_pipe_v3_0_6_viv__parameterized7_242
INFO: [VRFC 10-311] analyzing module divider_xbip_pipe_v3_0_6_viv__parameterized7_245
INFO: [VRFC 10-311] analyzing module divider_xbip_pipe_v3_0_6_viv__parameterized7_247
INFO: [VRFC 10-311] analyzing module divider_xbip_pipe_v3_0_6_viv__parameterized7_250
INFO: [VRFC 10-311] analyzing module divider_xbip_pipe_v3_0_6_viv__parameterized7_252
INFO: [VRFC 10-311] analyzing module divider_xbip_pipe_v3_0_6_viv__parameterized7_255
INFO: [VRFC 10-311] analyzing module divider_xbip_pipe_v3_0_6_viv__parameterized7_257
INFO: [VRFC 10-311] analyzing module divider_xbip_pipe_v3_0_6_viv__parameterized7_260
INFO: [VRFC 10-311] analyzing module divider_xbip_pipe_v3_0_6_viv__parameterized7_262
INFO: [VRFC 10-311] analyzing module divider_xbip_pipe_v3_0_6_viv__parameterized7_265
INFO: [VRFC 10-311] analyzing module divider_xbip_pipe_v3_0_6_viv__parameterized7_267
INFO: [VRFC 10-311] analyzing module divider_xbip_pipe_v3_0_6_viv__parameterized7_270
INFO: [VRFC 10-311] analyzing module divider_xbip_pipe_v3_0_6_viv__parameterized7_272
INFO: [VRFC 10-311] analyzing module divider_xbip_pipe_v3_0_6_viv__parameterized7_275
INFO: [VRFC 10-311] analyzing module divider_xbip_pipe_v3_0_6_viv__parameterized7_277
INFO: [VRFC 10-311] analyzing module divider_xbip_pipe_v3_0_6_viv__parameterized7_280
INFO: [VRFC 10-311] analyzing module divider_xbip_pipe_v3_0_6_viv__parameterized7_282
INFO: [VRFC 10-311] analyzing module divider_xbip_pipe_v3_0_6_viv__parameterized7_285
INFO: [VRFC 10-311] analyzing module divider_xbip_pipe_v3_0_6_viv__parameterized7_287
INFO: [VRFC 10-311] analyzing module divider_xbip_pipe_v3_0_6_viv__parameterized7_290
INFO: [VRFC 10-311] analyzing module divider_xbip_pipe_v3_0_6_viv__parameterized7_292
INFO: [VRFC 10-311] analyzing module divider_xbip_pipe_v3_0_6_viv__parameterized7_295
INFO: [VRFC 10-311] analyzing module divider_xbip_pipe_v3_0_6_viv__parameterized7_297
INFO: [VRFC 10-311] analyzing module divider_xbip_pipe_v3_0_6_viv__parameterized7_300
INFO: [VRFC 10-311] analyzing module divider_xbip_pipe_v3_0_6_viv__parameterized7_302
INFO: [VRFC 10-311] analyzing module divider_xbip_pipe_v3_0_6_viv__parameterized7_305
INFO: [VRFC 10-311] analyzing module divider_xbip_pipe_v3_0_6_viv__parameterized7_307
INFO: [VRFC 10-311] analyzing module divider_xbip_pipe_v3_0_6_viv__parameterized7_310
INFO: [VRFC 10-311] analyzing module divider_xbip_pipe_v3_0_6_viv__parameterized7_312
INFO: [VRFC 10-311] analyzing module divider_xbip_pipe_v3_0_6_viv__parameterized7_315
INFO: [VRFC 10-311] analyzing module divider_xbip_pipe_v3_0_6_viv__parameterized7_317
INFO: [VRFC 10-311] analyzing module divider_xbip_pipe_v3_0_6_viv__parameterized7_320
INFO: [VRFC 10-311] analyzing module divider_xbip_pipe_v3_0_6_viv__parameterized7_322
INFO: [VRFC 10-311] analyzing module divider_xbip_pipe_v3_0_6_viv__parameterized7_325
INFO: [VRFC 10-311] analyzing module divider_xbip_pipe_v3_0_6_viv__parameterized7_327
INFO: [VRFC 10-311] analyzing module divider_xbip_pipe_v3_0_6_viv__parameterized7_330
INFO: [VRFC 10-311] analyzing module divider_xbip_pipe_v3_0_6_viv__parameterized7_332
INFO: [VRFC 10-311] analyzing module divider_xbip_pipe_v3_0_6_viv__parameterized7_335
INFO: [VRFC 10-311] analyzing module divider_xbip_pipe_v3_0_6_viv__parameterized7_337
INFO: [VRFC 10-311] analyzing module divider_xbip_pipe_v3_0_6_viv__parameterized7_340
INFO: [VRFC 10-311] analyzing module divider_xbip_pipe_v3_0_6_viv__parameterized7_342
INFO: [VRFC 10-311] analyzing module divider_xbip_pipe_v3_0_6_viv__parameterized7_345
INFO: [VRFC 10-311] analyzing module divider_xbip_pipe_v3_0_6_viv__parameterized7_347
INFO: [VRFC 10-311] analyzing module divider_xbip_pipe_v3_0_6_viv__parameterized7_350
INFO: [VRFC 10-311] analyzing module divider_xbip_pipe_v3_0_6_viv__parameterized7_352
INFO: [VRFC 10-311] analyzing module divider_xbip_pipe_v3_0_6_viv__parameterized7_355
INFO: [VRFC 10-311] analyzing module divider_xbip_pipe_v3_0_6_viv__parameterized7_357
INFO: [VRFC 10-311] analyzing module divider_xbip_pipe_v3_0_6_viv__parameterized7_360
INFO: [VRFC 10-311] analyzing module divider_xbip_pipe_v3_0_6_viv__parameterized7_362
INFO: [VRFC 10-311] analyzing module divider_xbip_pipe_v3_0_6_viv__parameterized7_365
INFO: [VRFC 10-311] analyzing module divider_xbip_pipe_v3_0_6_viv__parameterized7_367
INFO: [VRFC 10-311] analyzing module divider_xbip_pipe_v3_0_6_viv__parameterized7_370
INFO: [VRFC 10-311] analyzing module divider_xbip_pipe_v3_0_6_viv__parameterized7_372
INFO: [VRFC 10-311] analyzing module divider_xbip_pipe_v3_0_6_viv__parameterized7_375
INFO: [VRFC 10-311] analyzing module divider_xbip_pipe_v3_0_6_viv__parameterized7_377
INFO: [VRFC 10-311] analyzing module divider_xbip_pipe_v3_0_6_viv__parameterized7_380
INFO: [VRFC 10-311] analyzing module divider_xbip_pipe_v3_0_6_viv__parameterized7_382
INFO: [VRFC 10-311] analyzing module divider_xbip_pipe_v3_0_6_viv__parameterized7_385
INFO: [VRFC 10-311] analyzing module divider_xbip_pipe_v3_0_6_viv__parameterized7_387
INFO: [VRFC 10-311] analyzing module divider_xbip_pipe_v3_0_6_viv__parameterized7_390
INFO: [VRFC 10-311] analyzing module divider_xbip_pipe_v3_0_6_viv__parameterized7_392
INFO: [VRFC 10-311] analyzing module divider_xbip_pipe_v3_0_6_viv__parameterized7_395
INFO: [VRFC 10-311] analyzing module divider_xbip_pipe_v3_0_6_viv__parameterized7_397
INFO: [VRFC 10-311] analyzing module divider_xbip_pipe_v3_0_6_viv__parameterized7_400
INFO: [VRFC 10-311] analyzing module divider_xbip_pipe_v3_0_6_viv__parameterized7_402
INFO: [VRFC 10-311] analyzing module divider_xbip_pipe_v3_0_6_viv__parameterized7_405
INFO: [VRFC 10-311] analyzing module divider_xbip_pipe_v3_0_6_viv__parameterized7_407
INFO: [VRFC 10-311] analyzing module divider_xbip_pipe_v3_0_6_viv__parameterized7_410
INFO: [VRFC 10-311] analyzing module divider_xbip_pipe_v3_0_6_viv__parameterized7_412
INFO: [VRFC 10-311] analyzing module divider_xbip_pipe_v3_0_6_viv__parameterized7_415
INFO: [VRFC 10-311] analyzing module divider_xbip_pipe_v3_0_6_viv__parameterized7_417
INFO: [VRFC 10-311] analyzing module divider_xbip_pipe_v3_0_6_viv__parameterized7_420
INFO: [VRFC 10-311] analyzing module divider_xbip_pipe_v3_0_6_viv__parameterized7_422
INFO: [VRFC 10-311] analyzing module divider_xbip_pipe_v3_0_6_viv__parameterized7_425
INFO: [VRFC 10-311] analyzing module divider_xbip_pipe_v3_0_6_viv__parameterized7_427
INFO: [VRFC 10-311] analyzing module divider_xbip_pipe_v3_0_6_viv__parameterized7_430
INFO: [VRFC 10-311] analyzing module divider_xbip_pipe_v3_0_6_viv__parameterized7_432
INFO: [VRFC 10-311] analyzing module divider_xbip_pipe_v3_0_6_viv__parameterized7_435
INFO: [VRFC 10-311] analyzing module divider_xbip_pipe_v3_0_6_viv__parameterized7_437
INFO: [VRFC 10-311] analyzing module divider_xbip_pipe_v3_0_6_viv__parameterized7_440
INFO: [VRFC 10-311] analyzing module divider_xbip_pipe_v3_0_6_viv__parameterized7_442
INFO: [VRFC 10-311] analyzing module divider_xbip_pipe_v3_0_6_viv__parameterized81
INFO: [VRFC 10-311] analyzing module divider_xbip_pipe_v3_0_6_viv__parameterized83
INFO: [VRFC 10-311] analyzing module divider_xbip_pipe_v3_0_6_viv__parameterized85
INFO: [VRFC 10-311] analyzing module divider_xbip_pipe_v3_0_6_viv__parameterized87
INFO: [VRFC 10-311] analyzing module divider_xbip_pipe_v3_0_6_viv__parameterized89
INFO: [VRFC 10-311] analyzing module divider_xbip_pipe_v3_0_6_viv__parameterized9
INFO: [VRFC 10-311] analyzing module divider_xbip_pipe_v3_0_6_viv__parameterized91
INFO: [VRFC 10-311] analyzing module divider_xbip_pipe_v3_0_6_viv__parameterized93
INFO: [VRFC 10-311] analyzing module divider_xbip_pipe_v3_0_6_viv__parameterized95
INFO: [VRFC 10-311] analyzing module divider_xbip_pipe_v3_0_6_viv__parameterized97
INFO: [VRFC 10-311] analyzing module divider_xbip_pipe_v3_0_6_viv__parameterized99
INFO: [VRFC 10-311] analyzing module divider_xbip_pipe_v3_0_6_viv__parameterized9_136
INFO: [VRFC 10-311] analyzing module divider_xbip_pipe_v3_0_6_viv__parameterized9_141
INFO: [VRFC 10-311] analyzing module divider_xbip_pipe_v3_0_6_viv__parameterized9_146
INFO: [VRFC 10-311] analyzing module divider_xbip_pipe_v3_0_6_viv__parameterized9_151
INFO: [VRFC 10-311] analyzing module divider_xbip_pipe_v3_0_6_viv__parameterized9_156
INFO: [VRFC 10-311] analyzing module divider_xbip_pipe_v3_0_6_viv__parameterized9_161
INFO: [VRFC 10-311] analyzing module divider_xbip_pipe_v3_0_6_viv__parameterized9_166
INFO: [VRFC 10-311] analyzing module divider_xbip_pipe_v3_0_6_viv__parameterized9_171
INFO: [VRFC 10-311] analyzing module divider_xbip_pipe_v3_0_6_viv__parameterized9_176
INFO: [VRFC 10-311] analyzing module divider_xbip_pipe_v3_0_6_viv__parameterized9_181
INFO: [VRFC 10-311] analyzing module divider_xbip_pipe_v3_0_6_viv__parameterized9_186
INFO: [VRFC 10-311] analyzing module divider_xbip_pipe_v3_0_6_viv__parameterized9_191
INFO: [VRFC 10-311] analyzing module divider_xbip_pipe_v3_0_6_viv__parameterized9_196
INFO: [VRFC 10-311] analyzing module divider_xbip_pipe_v3_0_6_viv__parameterized9_201
INFO: [VRFC 10-311] analyzing module divider_xbip_pipe_v3_0_6_viv__parameterized9_206
INFO: [VRFC 10-311] analyzing module divider_xbip_pipe_v3_0_6_viv__parameterized9_211
INFO: [VRFC 10-311] analyzing module divider_xbip_pipe_v3_0_6_viv__parameterized9_216
INFO: [VRFC 10-311] analyzing module divider_xbip_pipe_v3_0_6_viv__parameterized9_221
INFO: [VRFC 10-311] analyzing module divider_xbip_pipe_v3_0_6_viv__parameterized9_226
INFO: [VRFC 10-311] analyzing module divider_xbip_pipe_v3_0_6_viv__parameterized9_231
INFO: [VRFC 10-311] analyzing module divider_xbip_pipe_v3_0_6_viv__parameterized9_236
INFO: [VRFC 10-311] analyzing module divider_xbip_pipe_v3_0_6_viv__parameterized9_241
INFO: [VRFC 10-311] analyzing module divider_xbip_pipe_v3_0_6_viv__parameterized9_246
INFO: [VRFC 10-311] analyzing module divider_xbip_pipe_v3_0_6_viv__parameterized9_251
INFO: [VRFC 10-311] analyzing module divider_xbip_pipe_v3_0_6_viv__parameterized9_256
INFO: [VRFC 10-311] analyzing module divider_xbip_pipe_v3_0_6_viv__parameterized9_261
INFO: [VRFC 10-311] analyzing module divider_xbip_pipe_v3_0_6_viv__parameterized9_266
INFO: [VRFC 10-311] analyzing module divider_xbip_pipe_v3_0_6_viv__parameterized9_271
INFO: [VRFC 10-311] analyzing module divider_xbip_pipe_v3_0_6_viv__parameterized9_276
INFO: [VRFC 10-311] analyzing module divider_xbip_pipe_v3_0_6_viv__parameterized9_281
INFO: [VRFC 10-311] analyzing module divider_xbip_pipe_v3_0_6_viv__parameterized9_286
INFO: [VRFC 10-311] analyzing module divider_xbip_pipe_v3_0_6_viv__parameterized9_291
INFO: [VRFC 10-311] analyzing module divider_xbip_pipe_v3_0_6_viv__parameterized9_296
INFO: [VRFC 10-311] analyzing module divider_xbip_pipe_v3_0_6_viv__parameterized9_301
INFO: [VRFC 10-311] analyzing module divider_xbip_pipe_v3_0_6_viv__parameterized9_306
INFO: [VRFC 10-311] analyzing module divider_xbip_pipe_v3_0_6_viv__parameterized9_311
INFO: [VRFC 10-311] analyzing module divider_xbip_pipe_v3_0_6_viv__parameterized9_316
INFO: [VRFC 10-311] analyzing module divider_xbip_pipe_v3_0_6_viv__parameterized9_321
INFO: [VRFC 10-311] analyzing module divider_xbip_pipe_v3_0_6_viv__parameterized9_326
INFO: [VRFC 10-311] analyzing module divider_xbip_pipe_v3_0_6_viv__parameterized9_331
INFO: [VRFC 10-311] analyzing module divider_xbip_pipe_v3_0_6_viv__parameterized9_336
INFO: [VRFC 10-311] analyzing module divider_xbip_pipe_v3_0_6_viv__parameterized9_341
INFO: [VRFC 10-311] analyzing module divider_xbip_pipe_v3_0_6_viv__parameterized9_346
INFO: [VRFC 10-311] analyzing module divider_xbip_pipe_v3_0_6_viv__parameterized9_351
INFO: [VRFC 10-311] analyzing module divider_xbip_pipe_v3_0_6_viv__parameterized9_356
INFO: [VRFC 10-311] analyzing module divider_xbip_pipe_v3_0_6_viv__parameterized9_361
INFO: [VRFC 10-311] analyzing module divider_xbip_pipe_v3_0_6_viv__parameterized9_366
INFO: [VRFC 10-311] analyzing module divider_xbip_pipe_v3_0_6_viv__parameterized9_371
INFO: [VRFC 10-311] analyzing module divider_xbip_pipe_v3_0_6_viv__parameterized9_376
INFO: [VRFC 10-311] analyzing module divider_xbip_pipe_v3_0_6_viv__parameterized9_381
INFO: [VRFC 10-311] analyzing module divider_xbip_pipe_v3_0_6_viv__parameterized9_386
INFO: [VRFC 10-311] analyzing module divider_xbip_pipe_v3_0_6_viv__parameterized9_391
INFO: [VRFC 10-311] analyzing module divider_xbip_pipe_v3_0_6_viv__parameterized9_396
INFO: [VRFC 10-311] analyzing module divider_xbip_pipe_v3_0_6_viv__parameterized9_401
INFO: [VRFC 10-311] analyzing module divider_xbip_pipe_v3_0_6_viv__parameterized9_406
INFO: [VRFC 10-311] analyzing module divider_xbip_pipe_v3_0_6_viv__parameterized9_411
INFO: [VRFC 10-311] analyzing module divider_xbip_pipe_v3_0_6_viv__parameterized9_416
INFO: [VRFC 10-311] analyzing module divider_xbip_pipe_v3_0_6_viv__parameterized9_421
INFO: [VRFC 10-311] analyzing module divider_xbip_pipe_v3_0_6_viv__parameterized9_426
INFO: [VRFC 10-311] analyzing module divider_xbip_pipe_v3_0_6_viv__parameterized9_431
INFO: [VRFC 10-311] analyzing module divider_xbip_pipe_v3_0_6_viv__parameterized9_436
INFO: [VRFC 10-311] analyzing module divider_xbip_pipe_v3_0_6_viv__parameterized9_441
INFO: [VRFC 10-311] analyzing module mult_gen_0_delay_line__parameterized1
INFO: [VRFC 10-311] analyzing module mult_gen_0_delay_line__parameterized3
INFO: [VRFC 10-311] analyzing module mult_gen_0_delay_line__parameterized5
INFO: [VRFC 10-311] analyzing module mult_gen_0_dsp
INFO: [VRFC 10-311] analyzing module mult_gen_0_mult_gen_v12_0_16_viv
INFO: [VRFC 10-311] analyzing module mult_gen_1_delay_line__parameterized0
INFO: [VRFC 10-311] analyzing module mult_gen_1_delay_line__parameterized2
INFO: [VRFC 10-311] analyzing module mult_gen_1_delay_line__parameterized4
INFO: [VRFC 10-311] analyzing module mult_gen_1_delay_line__parameterized5
INFO: [VRFC 10-311] analyzing module mult_gen_1_dsp
INFO: [VRFC 10-311] analyzing module mult_gen_1_mult_gen_v12_0_16_viv
INFO: [VRFC 10-311] analyzing module mult_gen_2_dsp
INFO: [VRFC 10-311] analyzing module mult_gen_2_mult_gen_v12_0_16_viv
INFO: [VRFC 10-311] analyzing module glbl
INFO: [VRFC 10-2263] Analyzing Verilog file "C:/Users/81802/Desktop/PAPILLON_FW/PAPILLON_v2023/PAPILLON_v2023.srcs/sources_1/imports/sources_1/imports/sources_1/new/ADC_INT.v" into library xil_defaultlib
INFO: [VRFC 10-311] analyzing module ADC_INT
WARNING: [VRFC 10-3609] overwriting previous definition of module 'ADC_INT' [C:/Users/81802/Desktop/PAPILLON_FW/PAPILLON_v2023/PAPILLON_v2023.srcs/sources_1/imports/sources_1/imports/sources_1/new/ADC_INT.v:20]
INFO: [VRFC 10-2263] Analyzing Verilog file "C:/Users/81802/Desktop/PAPILLON_FW/PAPILLON_v2023/PAPILLON_v2023.srcs/sources_1/imports/sources_1/imports/sources_1/imports/src/ADC_SiTCP_RAW.v" into library xil_defaultlib
INFO: [VRFC 10-311] analyzing module ADC_SiTCP_RAW
WARNING: [VRFC 10-3609] overwriting previous definition of module 'ADC_SiTCP_RAW' [C:/Users/81802/Desktop/PAPILLON_FW/PAPILLON_v2023/PAPILLON_v2023.srcs/sources_1/imports/sources_1/imports/sources_1/imports/src/ADC_SiTCP_RAW.v:15]
INFO: [VRFC 10-2263] Analyzing Verilog file "C:/Users/81802/Desktop/PAPILLON_FW/PAPILLON_v2023/PAPILLON_v2023.srcs/sim_1/imports/new/ADC_SiTCP_RAW_TB.v" into library xil_defaultlib
INFO: [VRFC 10-311] analyzing module ADC_SiTCP_RAW_TB
WARNING: [VRFC 10-986] literal value truncated to fit in 2 bits [C:/Users/81802/Desktop/PAPILLON_FW/PAPILLON_v2023/PAPILLON_v2023.srcs/sim_1/imports/new/ADC_SiTCP_RAW_TB.v:627]
