Vivado Simulator 2019.2
Time resolution is 1 ps
Block Memory Generator module ADC_SiTCP_RAW_TB.uut_RAW.mem_generate[0].ADC_MEM_0.inst.native_mem_module.blk_mem_gen_v8_4_4_inst is using a behavioral model for simulation which will not precisely model memory collision behavior.
Block Memory Generator module ADC_SiTCP_RAW_TB.uut_RAW.mem_generate[1].ADC_MEM_0.inst.native_mem_module.blk_mem_gen_v8_4_4_inst is using a behavioral model for simulation which will not precisely model memory collision behavior.
Block Memory Generator module ADC_SiTCP_RAW_TB.uut_RAW.mem_generate[2].ADC_MEM_0.inst.native_mem_module.blk_mem_gen_v8_4_4_inst is using a behavioral model for simulation which will not precisely model memory collision behavior.
Block Memory Generator module ADC_SiTCP_RAW_TB.uut_RAW.mem_generate[3].ADC_MEM_0.inst.native_mem_module.blk_mem_gen_v8_4_4_inst is using a behavioral model for simulation which will not precisely model memory collision behavior.
Block Memory Generator module ADC_SiTCP_RAW_TB.uut_RAW.mem_generate[4].ADC_MEM_0.inst.native_mem_module.blk_mem_gen_v8_4_4_inst is using a behavioral model for simulation which will not precisely model memory collision behavior.
Block Memory Generator module ADC_SiTCP_RAW_TB.uut_RAW.mem_generate[5].ADC_MEM_0.inst.native_mem_module.blk_mem_gen_v8_4_4_inst is using a behavioral model for simulation which will not precisely model memory collision behavior.
Block Memory Generator module ADC_SiTCP_RAW_TB.uut_RAW.mem_generate[6].ADC_MEM_0.inst.native_mem_module.blk_mem_gen_v8_4_4_inst is using a behavioral model for simulation which will not precisely model memory collision behavior.
Block Memory Generator module ADC_SiTCP_RAW_TB.uut_RAW.mem_generate[7].ADC_MEM_0.inst.native_mem_module.blk_mem_gen_v8_4_4_inst is using a behavioral model for simulation which will not precisely model memory collision behavior.
Block Memory Generator module ADC_SiTCP_RAW_TB.uut_RAW.mem_generate[8].ADC_MEM_0.inst.native_mem_module.blk_mem_gen_v8_4_4_inst is using a behavioral model for simulation which will not precisely model memory collision behavior.
Block Memory Generator module ADC_SiTCP_RAW_TB.uut_RAW.mem_generate[9].ADC_MEM_0.inst.native_mem_module.blk_mem_gen_v8_4_4_inst is using a behavioral model for simulation which will not precisely model memory collision behavior.
Block Memory Generator module ADC_SiTCP_RAW_TB.uut_RAW.mem_generate[10].ADC_MEM_0.inst.native_mem_module.blk_mem_gen_v8_4_4_inst is using a behavioral model for simulation which will not precisely model memory collision behavior.
Block Memory Generator module ADC_SiTCP_RAW_TB.uut_RAW.mem_generate[11].ADC_MEM_0.inst.native_mem_module.blk_mem_gen_v8_4_4_inst is using a behavioral model for simulation which will not precisely model memory collision behavior.
Block Memory Generator module ADC_SiTCP_RAW_TB.uut_RAW.mem_generate[12].ADC_MEM_0.inst.native_mem_module.blk_mem_gen_v8_4_4_inst is using a behavioral model for simulation which will not precisely model memory collision behavior.
Block Memory Generator module ADC_SiTCP_RAW_TB.uut_RAW.mem_generate[13].ADC_MEM_0.inst.native_mem_module.blk_mem_gen_v8_4_4_inst is using a behavioral model for simulation which will not precisely model memory collision behavior.
Block Memory Generator module ADC_SiTCP_RAW_TB.uut_RAW.mem_generate[14].ADC_MEM_0.inst.native_mem_module.blk_mem_gen_v8_4_4_inst is using a behavioral model for simulation which will not precisely model memory collision behavior.
Block Memory Generator module ADC_SiTCP_RAW_TB.uut_RAW.mem_generate[15].ADC_MEM_0.inst.native_mem_module.blk_mem_gen_v8_4_4_inst is using a behavioral model for simulation which will not precisely model memory collision behavior.
Block Memory Generator module ADC_SiTCP_RAW_TB.uut_RAW.mem_generate[16].ADC_MEM_0.inst.native_mem_module.blk_mem_gen_v8_4_4_inst is using a behavioral model for simulation which will not precisely model memory collision behavior.
Block Memory Generator module ADC_SiTCP_RAW_TB.uut_RAW.mem_generate[17].ADC_MEM_0.inst.native_mem_module.blk_mem_gen_v8_4_4_inst is using a behavioral model for simulation which will not precisely model memory collision behavior.
Block Memory Generator module ADC_SiTCP_RAW_TB.uut_RAW.mem_generate[18].ADC_MEM_0.inst.native_mem_module.blk_mem_gen_v8_4_4_inst is using a behavioral model for simulation which will not precisely model memory collision behavior.
Block Memory Generator module ADC_SiTCP_RAW_TB.uut_RAW.mem_generate[19].ADC_MEM_0.inst.native_mem_module.blk_mem_gen_v8_4_4_inst is using a behavioral model for simulation which will not precisely model memory collision behavior.
Block Memory Generator module ADC_SiTCP_RAW_TB.uut_RAW.mem_generate[20].ADC_MEM_0.inst.native_mem_module.blk_mem_gen_v8_4_4_inst is using a behavioral model for simulation which will not precisely model memory collision behavior.
Block Memory Generator module ADC_SiTCP_RAW_TB.uut_RAW.mem_generate[21].ADC_MEM_0.inst.native_mem_module.blk_mem_gen_v8_4_4_inst is using a behavioral model for simulation which will not precisely model memory collision behavior.
Block Memory Generator module ADC_SiTCP_RAW_TB.uut_RAW.mem_generate[22].ADC_MEM_0.inst.native_mem_module.blk_mem_gen_v8_4_4_inst is using a behavioral model for simulation which will not precisely model memory collision behavior.
Block Memory Generator module ADC_SiTCP_RAW_TB.uut_RAW.mem_generate[23].ADC_MEM_0.inst.native_mem_module.blk_mem_gen_v8_4_4_inst is using a behavioral model for simulation which will not precisely model memory collision behavior.
Block Memory Generator module ADC_SiTCP_RAW_TB.uut_RAW.mem_generate[24].ADC_MEM_0.inst.native_mem_module.blk_mem_gen_v8_4_4_inst is using a behavioral model for simulation which will not precisely model memory collision behavior.
Block Memory Generator module ADC_SiTCP_RAW_TB.uut_RAW.mem_generate[25].ADC_MEM_0.inst.native_mem_module.blk_mem_gen_v8_4_4_inst is using a behavioral model for simulation which will not precisely model memory collision behavior.
Block Memory Generator module ADC_SiTCP_RAW_TB.uut_RAW.mem_generate[26].ADC_MEM_0.inst.native_mem_module.blk_mem_gen_v8_4_4_inst is using a behavioral model for simulation which will not precisely model memory collision behavior.
Block Memory Generator module ADC_SiTCP_RAW_TB.uut_RAW.mem_generate[27].ADC_MEM_0.inst.native_mem_module.blk_mem_gen_v8_4_4_inst is using a behavioral model for simulation which will not precisely model memory collision behavior.
Block Memory Generator module ADC_SiTCP_RAW_TB.uut_RAW.mem_generate[28].ADC_MEM_0.inst.native_mem_module.blk_mem_gen_v8_4_4_inst is using a behavioral model for simulation which will not precisely model memory collision behavior.
Block Memory Generator module ADC_SiTCP_RAW_TB.uut_RAW.mem_generate[29].ADC_MEM_0.inst.native_mem_module.blk_mem_gen_v8_4_4_inst is using a behavioral model for simulation which will not precisely model memory collision behavior.
Block Memory Generator module ADC_SiTCP_RAW_TB.uut_RAW.mem_generate[30].ADC_MEM_0.inst.native_mem_module.blk_mem_gen_v8_4_4_inst is using a behavioral model for simulation which will not precisely model memory collision behavior.
Block Memory Generator module ADC_SiTCP_RAW_TB.uut_RAW.mem_generate[31].ADC_MEM_0.inst.native_mem_module.blk_mem_gen_v8_4_4_inst is using a behavioral model for simulation which will not precisely model memory collision behavior.
Block Memory Generator module ADC_SiTCP_RAW_TB.uut_RAW.mem_generate[32].ADC_MEM_0.inst.native_mem_module.blk_mem_gen_v8_4_4_inst is using a behavioral model for simulation which will not precisely model memory collision behavior.
Block Memory Generator module ADC_SiTCP_RAW_TB.uut_RAW.mem_generate[33].ADC_MEM_0.inst.native_mem_module.blk_mem_gen_v8_4_4_inst is using a behavioral model for simulation which will not precisely model memory collision behavior.
Block Memory Generator module ADC_SiTCP_RAW_TB.uut_RAW.mem_generate[34].ADC_MEM_0.inst.native_mem_module.blk_mem_gen_v8_4_4_inst is using a behavioral model for simulation which will not precisely model memory collision behavior.
Block Memory Generator module ADC_SiTCP_RAW_TB.uut_RAW.mem_generate[35].ADC_MEM_0.inst.native_mem_module.blk_mem_gen_v8_4_4_inst is using a behavioral model for simulation which will not precisely model memory collision behavior.
blk_mem_gen_v8_4_4 collision detected at time: 90625, Instance: ADC_SiTCP_RAW_TB.uut_RAW.mem_generate[0].ADC_MEM_0.inst.native_mem_module.blk_mem_gen_v8_4_4_inst, A write address: 0, B  read address: 0
blk_mem_gen_v8_4_4 collision detected at time: 90625, Instance: ADC_SiTCP_RAW_TB.uut_RAW.mem_generate[1].ADC_MEM_0.inst.native_mem_module.blk_mem_gen_v8_4_4_inst, A write address: 0, B  read address: 0
blk_mem_gen_v8_4_4 collision detected at time: 90625, Instance: ADC_SiTCP_RAW_TB.uut_RAW.mem_generate[2].ADC_MEM_0.inst.native_mem_module.blk_mem_gen_v8_4_4_inst, A write address: 0, B  read address: 0
blk_mem_gen_v8_4_4 collision detected at time: 90625, Instance: ADC_SiTCP_RAW_TB.uut_RAW.mem_generate[3].ADC_MEM_0.inst.native_mem_module.blk_mem_gen_v8_4_4_inst, A write address: 0, B  read address: 0
blk_mem_gen_v8_4_4 collision detected at time: 90625, Instance: ADC_SiTCP_RAW_TB.uut_RAW.mem_generate[4].ADC_MEM_0.inst.native_mem_module.blk_mem_gen_v8_4_4_inst, A write address: 0, B  read address: 0
blk_mem_gen_v8_4_4 collision detected at time: 90625, Instance: ADC_SiTCP_RAW_TB.uut_RAW.mem_generate[5].ADC_MEM_0.inst.native_mem_module.blk_mem_gen_v8_4_4_inst, A write address: 0, B  read address: 0
blk_mem_gen_v8_4_4 collision detected at time: 90625, Instance: ADC_SiTCP_RAW_TB.uut_RAW.mem_generate[6].ADC_MEM_0.inst.native_mem_module.blk_mem_gen_v8_4_4_inst, A write address: 0, B  read address: 0
blk_mem_gen_v8_4_4 collision detected at time: 90625, Instance: ADC_SiTCP_RAW_TB.uut_RAW.mem_generate[7].ADC_MEM_0.inst.native_mem_module.blk_mem_gen_v8_4_4_inst, A write address: 0, B  read address: 0
blk_mem_gen_v8_4_4 collision detected at time: 90625, Instance: ADC_SiTCP_RAW_TB.uut_RAW.mem_generate[8].ADC_MEM_0.inst.native_mem_module.blk_mem_gen_v8_4_4_inst, A write address: 0, B  read address: 0
blk_mem_gen_v8_4_4 collision detected at time: 90625, Instance: ADC_SiTCP_RAW_TB.uut_RAW.mem_generate[9].ADC_MEM_0.inst.native_mem_module.blk_mem_gen_v8_4_4_inst, A write address: 0, B  read address: 0
blk_mem_gen_v8_4_4 collision detected at time: 90625, Instance: ADC_SiTCP_RAW_TB.uut_RAW.mem_generate[10].ADC_MEM_0.inst.native_mem_module.blk_mem_gen_v8_4_4_inst, A write address: 0, B  read address: 0
blk_mem_gen_v8_4_4 collision detected at time: 90625, Instance: ADC_SiTCP_RAW_TB.uut_RAW.mem_generate[11].ADC_MEM_0.inst.native_mem_module.blk_mem_gen_v8_4_4_inst, A write address: 0, B  read address: 0
blk_mem_gen_v8_4_4 collision detected at time: 90625, Instance: ADC_SiTCP_RAW_TB.uut_RAW.mem_generate[12].ADC_MEM_0.inst.native_mem_module.blk_mem_gen_v8_4_4_inst, A write address: 0, B  read address: 0
blk_mem_gen_v8_4_4 collision detected at time: 90625, Instance: ADC_SiTCP_RAW_TB.uut_RAW.mem_generate[13].ADC_MEM_0.inst.native_mem_module.blk_mem_gen_v8_4_4_inst, A write address: 0, B  read address: 0
blk_mem_gen_v8_4_4 collision detected at time: 90625, Instance: ADC_SiTCP_RAW_TB.uut_RAW.mem_generate[14].ADC_MEM_0.inst.native_mem_module.blk_mem_gen_v8_4_4_inst, A write address: 0, B  read address: 0
blk_mem_gen_v8_4_4 collision detected at time: 90625, Instance: ADC_SiTCP_RAW_TB.uut_RAW.mem_generate[15].ADC_MEM_0.inst.native_mem_module.blk_mem_gen_v8_4_4_inst, A write address: 0, B  read address: 0
blk_mem_gen_v8_4_4 collision detected at time: 90625, Instance: ADC_SiTCP_RAW_TB.uut_RAW.mem_generate[16].ADC_MEM_0.inst.native_mem_module.blk_mem_gen_v8_4_4_inst, A write address: 0, B  read address: 0
blk_mem_gen_v8_4_4 collision detected at time: 90625, Instance: ADC_SiTCP_RAW_TB.uut_RAW.mem_generate[17].ADC_MEM_0.inst.native_mem_module.blk_mem_gen_v8_4_4_inst, A write address: 0, B  read address: 0
blk_mem_gen_v8_4_4 collision detected at time: 90625, Instance: ADC_SiTCP_RAW_TB.uut_RAW.mem_generate[18].ADC_MEM_0.inst.native_mem_module.blk_mem_gen_v8_4_4_inst, A write address: 0, B  read address: 0
blk_mem_gen_v8_4_4 collision detected at time: 90625, Instance: ADC_SiTCP_RAW_TB.uut_RAW.mem_generate[19].ADC_MEM_0.inst.native_mem_module.blk_mem_gen_v8_4_4_inst, A write address: 0, B  read address: 0
blk_mem_gen_v8_4_4 collision detected at time: 90625, Instance: ADC_SiTCP_RAW_TB.uut_RAW.mem_generate[20].ADC_MEM_0.inst.native_mem_module.blk_mem_gen_v8_4_4_inst, A write address: 0, B  read address: 0
blk_mem_gen_v8_4_4 collision detected at time: 90625, Instance: ADC_SiTCP_RAW_TB.uut_RAW.mem_generate[21].ADC_MEM_0.inst.native_mem_module.blk_mem_gen_v8_4_4_inst, A write address: 0, B  read address: 0
blk_mem_gen_v8_4_4 collision detected at time: 90625, Instance: ADC_SiTCP_RAW_TB.uut_RAW.mem_generate[22].ADC_MEM_0.inst.native_mem_module.blk_mem_gen_v8_4_4_inst, A write address: 0, B  read address: 0
blk_mem_gen_v8_4_4 collision detected at time: 90625, Instance: ADC_SiTCP_RAW_TB.uut_RAW.mem_generate[23].ADC_MEM_0.inst.native_mem_module.blk_mem_gen_v8_4_4_inst, A write address: 0, B  read address: 0
blk_mem_gen_v8_4_4 collision detected at time: 90625, Instance: ADC_SiTCP_RAW_TB.uut_RAW.mem_generate[24].ADC_MEM_0.inst.native_mem_module.blk_mem_gen_v8_4_4_inst, A write address: 0, B  read address: 0
blk_mem_gen_v8_4_4 collision detected at time: 90625, Instance: ADC_SiTCP_RAW_TB.uut_RAW.mem_generate[25].ADC_MEM_0.inst.native_mem_module.blk_mem_gen_v8_4_4_inst, A write address: 0, B  read address: 0
blk_mem_gen_v8_4_4 collision detected at time: 90625, Instance: ADC_SiTCP_RAW_TB.uut_RAW.mem_generate[26].ADC_MEM_0.inst.native_mem_module.blk_mem_gen_v8_4_4_inst, A write address: 0, B  read address: 0
blk_mem_gen_v8_4_4 collision detected at time: 90625, Instance: ADC_SiTCP_RAW_TB.uut_RAW.mem_generate[27].ADC_MEM_0.inst.native_mem_module.blk_mem_gen_v8_4_4_inst, A write address: 0, B  read address: 0
blk_mem_gen_v8_4_4 collision detected at time: 90625, Instance: ADC_SiTCP_RAW_TB.uut_RAW.mem_generate[28].ADC_MEM_0.inst.native_mem_module.blk_mem_gen_v8_4_4_inst, A write address: 0, B  read address: 0
blk_mem_gen_v8_4_4 collision detected at time: 90625, Instance: ADC_SiTCP_RAW_TB.uut_RAW.mem_generate[29].ADC_MEM_0.inst.native_mem_module.blk_mem_gen_v8_4_4_inst, A write address: 0, B  read address: 0
blk_mem_gen_v8_4_4 collision detected at time: 90625, Instance: ADC_SiTCP_RAW_TB.uut_RAW.mem_generate[30].ADC_MEM_0.inst.native_mem_module.blk_mem_gen_v8_4_4_inst, A write address: 0, B  read address: 0
blk_mem_gen_v8_4_4 collision detected at time: 90625, Instance: ADC_SiTCP_RAW_TB.uut_RAW.mem_generate[31].ADC_MEM_0.inst.native_mem_module.blk_mem_gen_v8_4_4_inst, A write address: 0, B  read address: 0
blk_mem_gen_v8_4_4 collision detected at time: 90625, Instance: ADC_SiTCP_RAW_TB.uut_RAW.mem_generate[32].ADC_MEM_0.inst.native_mem_module.blk_mem_gen_v8_4_4_inst, A write address: 0, B  read address: 0
blk_mem_gen_v8_4_4 collision detected at time: 90625, Instance: ADC_SiTCP_RAW_TB.uut_RAW.mem_generate[33].ADC_MEM_0.inst.native_mem_module.blk_mem_gen_v8_4_4_inst, A write address: 0, B  read address: 0
blk_mem_gen_v8_4_4 collision detected at time: 90625, Instance: ADC_SiTCP_RAW_TB.uut_RAW.mem_generate[34].ADC_MEM_0.inst.native_mem_module.blk_mem_gen_v8_4_4_inst, A write address: 0, B  read address: 0
blk_mem_gen_v8_4_4 collision detected at time: 90625, Instance: ADC_SiTCP_RAW_TB.uut_RAW.mem_generate[35].ADC_MEM_0.inst.native_mem_module.blk_mem_gen_v8_4_4_inst, A write address: 0, B  read address: 0
blk_mem_gen_v8_4_4 collision detected at time: 590865625, Instance: ADC_SiTCP_RAW_TB.uut_RAW.mem_generate[0].ADC_MEM_0.inst.native_mem_module.blk_mem_gen_v8_4_4_inst, A write address: 0, B  read address: 0
blk_mem_gen_v8_4_4 collision detected at time: 590865625, Instance: ADC_SiTCP_RAW_TB.uut_RAW.mem_generate[1].ADC_MEM_0.inst.native_mem_module.blk_mem_gen_v8_4_4_inst, A write address: 0, B  read address: 0
blk_mem_gen_v8_4_4 collision detected at time: 590865625, Instance: ADC_SiTCP_RAW_TB.uut_RAW.mem_generate[2].ADC_MEM_0.inst.native_mem_module.blk_mem_gen_v8_4_4_inst, A write address: 0, B  read address: 0
blk_mem_gen_v8_4_4 collision detected at time: 590865625, Instance: ADC_SiTCP_RAW_TB.uut_RAW.mem_generate[3].ADC_MEM_0.inst.native_mem_module.blk_mem_gen_v8_4_4_inst, A write address: 0, B  read address: 0
blk_mem_gen_v8_4_4 collision detected at time: 590865625, Instance: ADC_SiTCP_RAW_TB.uut_RAW.mem_generate[4].ADC_MEM_0.inst.native_mem_module.blk_mem_gen_v8_4_4_inst, A write address: 0, B  read address: 0
blk_mem_gen_v8_4_4 collision detected at time: 590865625, Instance: ADC_SiTCP_RAW_TB.uut_RAW.mem_generate[5].ADC_MEM_0.inst.native_mem_module.blk_mem_gen_v8_4_4_inst, A write address: 0, B  read address: 0
blk_mem_gen_v8_4_4 collision detected at time: 590865625, Instance: ADC_SiTCP_RAW_TB.uut_RAW.mem_generate[6].ADC_MEM_0.inst.native_mem_module.blk_mem_gen_v8_4_4_inst, A write address: 0, B  read address: 0
blk_mem_gen_v8_4_4 collision detected at time: 590865625, Instance: ADC_SiTCP_RAW_TB.uut_RAW.mem_generate[7].ADC_MEM_0.inst.native_mem_module.blk_mem_gen_v8_4_4_inst, A write address: 0, B  read address: 0
blk_mem_gen_v8_4_4 collision detected at time: 590865625, Instance: ADC_SiTCP_RAW_TB.uut_RAW.mem_generate[8].ADC_MEM_0.inst.native_mem_module.blk_mem_gen_v8_4_4_inst, A write address: 0, B  read address: 0
blk_mem_gen_v8_4_4 collision detected at time: 590865625, Instance: ADC_SiTCP_RAW_TB.uut_RAW.mem_generate[9].ADC_MEM_0.inst.native_mem_module.blk_mem_gen_v8_4_4_inst, A write address: 0, B  read address: 0
blk_mem_gen_v8_4_4 collision detected at time: 590865625, Instance: ADC_SiTCP_RAW_TB.uut_RAW.mem_generate[10].ADC_MEM_0.inst.native_mem_module.blk_mem_gen_v8_4_4_inst, A write address: 0, B  read address: 0
blk_mem_gen_v8_4_4 collision detected at time: 590865625, Instance: ADC_SiTCP_RAW_TB.uut_RAW.mem_generate[11].ADC_MEM_0.inst.native_mem_module.blk_mem_gen_v8_4_4_inst, A write address: 0, B  read address: 0
blk_mem_gen_v8_4_4 collision detected at time: 590865625, Instance: ADC_SiTCP_RAW_TB.uut_RAW.mem_generate[12].ADC_MEM_0.inst.native_mem_module.blk_mem_gen_v8_4_4_inst, A write address: 0, B  read address: 0
blk_mem_gen_v8_4_4 collision detected at time: 590865625, Instance: ADC_SiTCP_RAW_TB.uut_RAW.mem_generate[13].ADC_MEM_0.inst.native_mem_module.blk_mem_gen_v8_4_4_inst, A write address: 0, B  read address: 0
blk_mem_gen_v8_4_4 collision detected at time: 590865625, Instance: ADC_SiTCP_RAW_TB.uut_RAW.mem_generate[14].ADC_MEM_0.inst.native_mem_module.blk_mem_gen_v8_4_4_inst, A write address: 0, B  read address: 0
blk_mem_gen_v8_4_4 collision detected at time: 590865625, Instance: ADC_SiTCP_RAW_TB.uut_RAW.mem_generate[15].ADC_MEM_0.inst.native_mem_module.blk_mem_gen_v8_4_4_inst, A write address: 0, B  read address: 0
blk_mem_gen_v8_4_4 collision detected at time: 590865625, Instance: ADC_SiTCP_RAW_TB.uut_RAW.mem_generate[16].ADC_MEM_0.inst.native_mem_module.blk_mem_gen_v8_4_4_inst, A write address: 0, B  read address: 0
blk_mem_gen_v8_4_4 collision detected at time: 590865625, Instance: ADC_SiTCP_RAW_TB.uut_RAW.mem_generate[17].ADC_MEM_0.inst.native_mem_module.blk_mem_gen_v8_4_4_inst, A write address: 0, B  read address: 0
blk_mem_gen_v8_4_4 collision detected at time: 590865625, Instance: ADC_SiTCP_RAW_TB.uut_RAW.mem_generate[18].ADC_MEM_0.inst.native_mem_module.blk_mem_gen_v8_4_4_inst, A write address: 0, B  read address: 0
blk_mem_gen_v8_4_4 collision detected at time: 590865625, Instance: ADC_SiTCP_RAW_TB.uut_RAW.mem_generate[19].ADC_MEM_0.inst.native_mem_module.blk_mem_gen_v8_4_4_inst, A write address: 0, B  read address: 0
blk_mem_gen_v8_4_4 collision detected at time: 590865625, Instance: ADC_SiTCP_RAW_TB.uut_RAW.mem_generate[20].ADC_MEM_0.inst.native_mem_module.blk_mem_gen_v8_4_4_inst, A write address: 0, B  read address: 0
blk_mem_gen_v8_4_4 collision detected at time: 590865625, Instance: ADC_SiTCP_RAW_TB.uut_RAW.mem_generate[21].ADC_MEM_0.inst.native_mem_module.blk_mem_gen_v8_4_4_inst, A write address: 0, B  read address: 0
blk_mem_gen_v8_4_4 collision detected at time: 590865625, Instance: ADC_SiTCP_RAW_TB.uut_RAW.mem_generate[22].ADC_MEM_0.inst.native_mem_module.blk_mem_gen_v8_4_4_inst, A write address: 0, B  read address: 0
blk_mem_gen_v8_4_4 collision detected at time: 590865625, Instance: ADC_SiTCP_RAW_TB.uut_RAW.mem_generate[23].ADC_MEM_0.inst.native_mem_module.blk_mem_gen_v8_4_4_inst, A write address: 0, B  read address: 0
blk_mem_gen_v8_4_4 collision detected at time: 590865625, Instance: ADC_SiTCP_RAW_TB.uut_RAW.mem_generate[24].ADC_MEM_0.inst.native_mem_module.blk_mem_gen_v8_4_4_inst, A write address: 0, B  read address: 0
blk_mem_gen_v8_4_4 collision detected at time: 590865625, Instance: ADC_SiTCP_RAW_TB.uut_RAW.mem_generate[25].ADC_MEM_0.inst.native_mem_module.blk_mem_gen_v8_4_4_inst, A write address: 0, B  read address: 0
blk_mem_gen_v8_4_4 collision detected at time: 590865625, Instance: ADC_SiTCP_RAW_TB.uut_RAW.mem_generate[26].ADC_MEM_0.inst.native_mem_module.blk_mem_gen_v8_4_4_inst, A write address: 0, B  read address: 0
blk_mem_gen_v8_4_4 collision detected at time: 590865625, Instance: ADC_SiTCP_RAW_TB.uut_RAW.mem_generate[27].ADC_MEM_0.inst.native_mem_module.blk_mem_gen_v8_4_4_inst, A write address: 0, B  read address: 0
blk_mem_gen_v8_4_4 collision detected at time: 590865625, Instance: ADC_SiTCP_RAW_TB.uut_RAW.mem_generate[28].ADC_MEM_0.inst.native_mem_module.blk_mem_gen_v8_4_4_inst, A write address: 0, B  read address: 0
blk_mem_gen_v8_4_4 collision detected at time: 590865625, Instance: ADC_SiTCP_RAW_TB.uut_RAW.mem_generate[29].ADC_MEM_0.inst.native_mem_module.blk_mem_gen_v8_4_4_inst, A write address: 0, B  read address: 0
blk_mem_gen_v8_4_4 collision detected at time: 590865625, Instance: ADC_SiTCP_RAW_TB.uut_RAW.mem_generate[30].ADC_MEM_0.inst.native_mem_module.blk_mem_gen_v8_4_4_inst, A write address: 0, B  read address: 0
blk_mem_gen_v8_4_4 collision detected at time: 590865625, Instance: ADC_SiTCP_RAW_TB.uut_RAW.mem_generate[31].ADC_MEM_0.inst.native_mem_module.blk_mem_gen_v8_4_4_inst, A write address: 0, B  read address: 0
blk_mem_gen_v8_4_4 collision detected at time: 590865625, Instance: ADC_SiTCP_RAW_TB.uut_RAW.mem_generate[32].ADC_MEM_0.inst.native_mem_module.blk_mem_gen_v8_4_4_inst, A write address: 0, B  read address: 0
blk_mem_gen_v8_4_4 collision detected at time: 590865625, Instance: ADC_SiTCP_RAW_TB.uut_RAW.mem_generate[33].ADC_MEM_0.inst.native_mem_module.blk_mem_gen_v8_4_4_inst, A write address: 0, B  read address: 0
blk_mem_gen_v8_4_4 collision detected at time: 590865625, Instance: ADC_SiTCP_RAW_TB.uut_RAW.mem_generate[34].ADC_MEM_0.inst.native_mem_module.blk_mem_gen_v8_4_4_inst, A write address: 0, B  read address: 0
blk_mem_gen_v8_4_4 collision detected at time: 590865625, Instance: ADC_SiTCP_RAW_TB.uut_RAW.mem_generate[35].ADC_MEM_0.inst.native_mem_module.blk_mem_gen_v8_4_4_inst, A write address: 0, B  read address: 0
blk_mem_gen_v8_4_4 collision detected at time: 1181640625, Instance: ADC_SiTCP_RAW_TB.uut_RAW.mem_generate[0].ADC_MEM_0.inst.native_mem_module.blk_mem_gen_v8_4_4_inst, A write address: 0, B  read address: 0
blk_mem_gen_v8_4_4 collision detected at time: 1181640625, Instance: ADC_SiTCP_RAW_TB.uut_RAW.mem_generate[1].ADC_MEM_0.inst.native_mem_module.blk_mem_gen_v8_4_4_inst, A write address: 0, B  read address: 0
blk_mem_gen_v8_4_4 collision detected at time: 1181640625, Instance: ADC_SiTCP_RAW_TB.uut_RAW.mem_generate[2].ADC_MEM_0.inst.native_mem_module.blk_mem_gen_v8_4_4_inst, A write address: 0, B  read address: 0
blk_mem_gen_v8_4_4 collision detected at time: 1181640625, Instance: ADC_SiTCP_RAW_TB.uut_RAW.mem_generate[3].ADC_MEM_0.inst.native_mem_module.blk_mem_gen_v8_4_4_inst, A write address: 0, B  read address: 0
blk_mem_gen_v8_4_4 collision detected at time: 1181640625, Instance: ADC_SiTCP_RAW_TB.uut_RAW.mem_generate[4].ADC_MEM_0.inst.native_mem_module.blk_mem_gen_v8_4_4_inst, A write address: 0, B  read address: 0
blk_mem_gen_v8_4_4 collision detected at time: 1181640625, Instance: ADC_SiTCP_RAW_TB.uut_RAW.mem_generate[5].ADC_MEM_0.inst.native_mem_module.blk_mem_gen_v8_4_4_inst, A write address: 0, B  read address: 0
blk_mem_gen_v8_4_4 collision detected at time: 1181640625, Instance: ADC_SiTCP_RAW_TB.uut_RAW.mem_generate[6].ADC_MEM_0.inst.native_mem_module.blk_mem_gen_v8_4_4_inst, A write address: 0, B  read address: 0
blk_mem_gen_v8_4_4 collision detected at time: 1181640625, Instance: ADC_SiTCP_RAW_TB.uut_RAW.mem_generate[7].ADC_MEM_0.inst.native_mem_module.blk_mem_gen_v8_4_4_inst, A write address: 0, B  read address: 0
blk_mem_gen_v8_4_4 collision detected at time: 1181640625, Instance: ADC_SiTCP_RAW_TB.uut_RAW.mem_generate[8].ADC_MEM_0.inst.native_mem_module.blk_mem_gen_v8_4_4_inst, A write address: 0, B  read address: 0
blk_mem_gen_v8_4_4 collision detected at time: 1181640625, Instance: ADC_SiTCP_RAW_TB.uut_RAW.mem_generate[9].ADC_MEM_0.inst.native_mem_module.blk_mem_gen_v8_4_4_inst, A write address: 0, B  read address: 0
blk_mem_gen_v8_4_4 collision detected at time: 1181640625, Instance: ADC_SiTCP_RAW_TB.uut_RAW.mem_generate[10].ADC_MEM_0.inst.native_mem_module.blk_mem_gen_v8_4_4_inst, A write address: 0, B  read address: 0
blk_mem_gen_v8_4_4 collision detected at time: 1181640625, Instance: ADC_SiTCP_RAW_TB.uut_RAW.mem_generate[11].ADC_MEM_0.inst.native_mem_module.blk_mem_gen_v8_4_4_inst, A write address: 0, B  read address: 0
blk_mem_gen_v8_4_4 collision detected at time: 1181640625, Instance: ADC_SiTCP_RAW_TB.uut_RAW.mem_generate[12].ADC_MEM_0.inst.native_mem_module.blk_mem_gen_v8_4_4_inst, A write address: 0, B  read address: 0
blk_mem_gen_v8_4_4 collision detected at time: 1181640625, Instance: ADC_SiTCP_RAW_TB.uut_RAW.mem_generate[13].ADC_MEM_0.inst.native_mem_module.blk_mem_gen_v8_4_4_inst, A write address: 0, B  read address: 0
blk_mem_gen_v8_4_4 collision detected at time: 1181640625, Instance: ADC_SiTCP_RAW_TB.uut_RAW.mem_generate[14].ADC_MEM_0.inst.native_mem_module.blk_mem_gen_v8_4_4_inst, A write address: 0, B  read address: 0
blk_mem_gen_v8_4_4 collision detected at time: 1181640625, Instance: ADC_SiTCP_RAW_TB.uut_RAW.mem_generate[15].ADC_MEM_0.inst.native_mem_module.blk_mem_gen_v8_4_4_inst, A write address: 0, B  read address: 0
blk_mem_gen_v8_4_4 collision detected at time: 1181640625, Instance: ADC_SiTCP_RAW_TB.uut_RAW.mem_generate[16].ADC_MEM_0.inst.native_mem_module.blk_mem_gen_v8_4_4_inst, A write address: 0, B  read address: 0
blk_mem_gen_v8_4_4 collision detected at time: 1181640625, Instance: ADC_SiTCP_RAW_TB.uut_RAW.mem_generate[17].ADC_MEM_0.inst.native_mem_module.blk_mem_gen_v8_4_4_inst, A write address: 0, B  read address: 0
blk_mem_gen_v8_4_4 collision detected at time: 1181640625, Instance: ADC_SiTCP_RAW_TB.uut_RAW.mem_generate[18].ADC_MEM_0.inst.native_mem_module.blk_mem_gen_v8_4_4_inst, A write address: 0, B  read address: 0
blk_mem_gen_v8_4_4 collision detected at time: 1181640625, Instance: ADC_SiTCP_RAW_TB.uut_RAW.mem_generate[19].ADC_MEM_0.inst.native_mem_module.blk_mem_gen_v8_4_4_inst, A write address: 0, B  read address: 0
blk_mem_gen_v8_4_4 collision detected at time: 1181640625, Instance: ADC_SiTCP_RAW_TB.uut_RAW.mem_generate[20].ADC_MEM_0.inst.native_mem_module.blk_mem_gen_v8_4_4_inst, A write address: 0, B  read address: 0
blk_mem_gen_v8_4_4 collision detected at time: 1181640625, Instance: ADC_SiTCP_RAW_TB.uut_RAW.mem_generate[21].ADC_MEM_0.inst.native_mem_module.blk_mem_gen_v8_4_4_inst, A write address: 0, B  read address: 0
blk_mem_gen_v8_4_4 collision detected at time: 1181640625, Instance: ADC_SiTCP_RAW_TB.uut_RAW.mem_generate[22].ADC_MEM_0.inst.native_mem_module.blk_mem_gen_v8_4_4_inst, A write address: 0, B  read address: 0
blk_mem_gen_v8_4_4 collision detected at time: 1181640625, Instance: ADC_SiTCP_RAW_TB.uut_RAW.mem_generate[23].ADC_MEM_0.inst.native_mem_module.blk_mem_gen_v8_4_4_inst, A write address: 0, B  read address: 0
blk_mem_gen_v8_4_4 collision detected at time: 1181640625, Instance: ADC_SiTCP_RAW_TB.uut_RAW.mem_generate[24].ADC_MEM_0.inst.native_mem_module.blk_mem_gen_v8_4_4_inst, A write address: 0, B  read address: 0
blk_mem_gen_v8_4_4 collision detected at time: 1181640625, Instance: ADC_SiTCP_RAW_TB.uut_RAW.mem_generate[25].ADC_MEM_0.inst.native_mem_module.blk_mem_gen_v8_4_4_inst, A write address: 0, B  read address: 0
blk_mem_gen_v8_4_4 collision detected at time: 1181640625, Instance: ADC_SiTCP_RAW_TB.uut_RAW.mem_generate[26].ADC_MEM_0.inst.native_mem_module.blk_mem_gen_v8_4_4_inst, A write address: 0, B  read address: 0
blk_mem_gen_v8_4_4 collision detected at time: 1181640625, Instance: ADC_SiTCP_RAW_TB.uut_RAW.mem_generate[27].ADC_MEM_0.inst.native_mem_module.blk_mem_gen_v8_4_4_inst, A write address: 0, B  read address: 0
blk_mem_gen_v8_4_4 collision detected at time: 1181640625, Instance: ADC_SiTCP_RAW_TB.uut_RAW.mem_generate[28].ADC_MEM_0.inst.native_mem_module.blk_mem_gen_v8_4_4_inst, A write address: 0, B  read address: 0
blk_mem_gen_v8_4_4 collision detected at time: 1181640625, Instance: ADC_SiTCP_RAW_TB.uut_RAW.mem_generate[29].ADC_MEM_0.inst.native_mem_module.blk_mem_gen_v8_4_4_inst, A write address: 0, B  read address: 0
blk_mem_gen_v8_4_4 collision detected at time: 1181640625, Instance: ADC_SiTCP_RAW_TB.uut_RAW.mem_generate[30].ADC_MEM_0.inst.native_mem_module.blk_mem_gen_v8_4_4_inst, A write address: 0, B  read address: 0
blk_mem_gen_v8_4_4 collision detected at time: 1181640625, Instance: ADC_SiTCP_RAW_TB.uut_RAW.mem_generate[31].ADC_MEM_0.inst.native_mem_module.blk_mem_gen_v8_4_4_inst, A write address: 0, B  read address: 0
blk_mem_gen_v8_4_4 collision detected at time: 1181640625, Instance: ADC_SiTCP_RAW_TB.uut_RAW.mem_generate[32].ADC_MEM_0.inst.native_mem_module.blk_mem_gen_v8_4_4_inst, A write address: 0, B  read address: 0
blk_mem_gen_v8_4_4 collision detected at time: 1181640625, Instance: ADC_SiTCP_RAW_TB.uut_RAW.mem_generate[33].ADC_MEM_0.inst.native_mem_module.blk_mem_gen_v8_4_4_inst, A write address: 0, B  read address: 0
blk_mem_gen_v8_4_4 collision detected at time: 1181640625, Instance: ADC_SiTCP_RAW_TB.uut_RAW.mem_generate[34].ADC_MEM_0.inst.native_mem_module.blk_mem_gen_v8_4_4_inst, A write address: 0, B  read address: 0
blk_mem_gen_v8_4_4 collision detected at time: 1181640625, Instance: ADC_SiTCP_RAW_TB.uut_RAW.mem_generate[35].ADC_MEM_0.inst.native_mem_module.blk_mem_gen_v8_4_4_inst, A write address: 0, B  read address: 0
blk_mem_gen_v8_4_4 collision detected at time: 1772415625, Instance: ADC_SiTCP_RAW_TB.uut_RAW.mem_generate[0].ADC_MEM_0.inst.native_mem_module.blk_mem_gen_v8_4_4_inst, A write address: 0, B  read address: 0
blk_mem_gen_v8_4_4 collision detected at time: 1772415625, Instance: ADC_SiTCP_RAW_TB.uut_RAW.mem_generate[1].ADC_MEM_0.inst.native_mem_module.blk_mem_gen_v8_4_4_inst, A write address: 0, B  read address: 0
blk_mem_gen_v8_4_4 collision detected at time: 1772415625, Instance: ADC_SiTCP_RAW_TB.uut_RAW.mem_generate[2].ADC_MEM_0.inst.native_mem_module.blk_mem_gen_v8_4_4_inst, A write address: 0, B  read address: 0
blk_mem_gen_v8_4_4 collision detected at time: 1772415625, Instance: ADC_SiTCP_RAW_TB.uut_RAW.mem_generate[3].ADC_MEM_0.inst.native_mem_module.blk_mem_gen_v8_4_4_inst, A write address: 0, B  read address: 0
blk_mem_gen_v8_4_4 collision detected at time: 1772415625, Instance: ADC_SiTCP_RAW_TB.uut_RAW.mem_generate[4].ADC_MEM_0.inst.native_mem_module.blk_mem_gen_v8_4_4_inst, A write address: 0, B  read address: 0
blk_mem_gen_v8_4_4 collision detected at time: 1772415625, Instance: ADC_SiTCP_RAW_TB.uut_RAW.mem_generate[5].ADC_MEM_0.inst.native_mem_module.blk_mem_gen_v8_4_4_inst, A write address: 0, B  read address: 0
blk_mem_gen_v8_4_4 collision detected at time: 1772415625, Instance: ADC_SiTCP_RAW_TB.uut_RAW.mem_generate[6].ADC_MEM_0.inst.native_mem_module.blk_mem_gen_v8_4_4_inst, A write address: 0, B  read address: 0
blk_mem_gen_v8_4_4 collision detected at time: 1772415625, Instance: ADC_SiTCP_RAW_TB.uut_RAW.mem_generate[7].ADC_MEM_0.inst.native_mem_module.blk_mem_gen_v8_4_4_inst, A write address: 0, B  read address: 0
blk_mem_gen_v8_4_4 collision detected at time: 1772415625, Instance: ADC_SiTCP_RAW_TB.uut_RAW.mem_generate[8].ADC_MEM_0.inst.native_mem_module.blk_mem_gen_v8_4_4_inst, A write address: 0, B  read address: 0
blk_mem_gen_v8_4_4 collision detected at time: 1772415625, Instance: ADC_SiTCP_RAW_TB.uut_RAW.mem_generate[9].ADC_MEM_0.inst.native_mem_module.blk_mem_gen_v8_4_4_inst, A write address: 0, B  read address: 0
blk_mem_gen_v8_4_4 collision detected at time: 1772415625, Instance: ADC_SiTCP_RAW_TB.uut_RAW.mem_generate[10].ADC_MEM_0.inst.native_mem_module.blk_mem_gen_v8_4_4_inst, A write address: 0, B  read address: 0
blk_mem_gen_v8_4_4 collision detected at time: 1772415625, Instance: ADC_SiTCP_RAW_TB.uut_RAW.mem_generate[11].ADC_MEM_0.inst.native_mem_module.blk_mem_gen_v8_4_4_inst, A write address: 0, B  read address: 0
blk_mem_gen_v8_4_4 collision detected at time: 1772415625, Instance: ADC_SiTCP_RAW_TB.uut_RAW.mem_generate[12].ADC_MEM_0.inst.native_mem_module.blk_mem_gen_v8_4_4_inst, A write address: 0, B  read address: 0
blk_mem_gen_v8_4_4 collision detected at time: 1772415625, Instance: ADC_SiTCP_RAW_TB.uut_RAW.mem_generate[13].ADC_MEM_0.inst.native_mem_module.blk_mem_gen_v8_4_4_inst, A write address: 0, B  read address: 0
blk_mem_gen_v8_4_4 collision detected at time: 1772415625, Instance: ADC_SiTCP_RAW_TB.uut_RAW.mem_generate[14].ADC_MEM_0.inst.native_mem_module.blk_mem_gen_v8_4_4_inst, A write address: 0, B  read address: 0
blk_mem_gen_v8_4_4 collision detected at time: 1772415625, Instance: ADC_SiTCP_RAW_TB.uut_RAW.mem_generate[15].ADC_MEM_0.inst.native_mem_module.blk_mem_gen_v8_4_4_inst, A write address: 0, B  read address: 0
blk_mem_gen_v8_4_4 collision detected at time: 1772415625, Instance: ADC_SiTCP_RAW_TB.uut_RAW.mem_generate[16].ADC_MEM_0.inst.native_mem_module.blk_mem_gen_v8_4_4_inst, A write address: 0, B  read address: 0
blk_mem_gen_v8_4_4 collision detected at time: 1772415625, Instance: ADC_SiTCP_RAW_TB.uut_RAW.mem_generate[17].ADC_MEM_0.inst.native_mem_module.blk_mem_gen_v8_4_4_inst, A write address: 0, B  read address: 0
blk_mem_gen_v8_4_4 collision detected at time: 1772415625, Instance: ADC_SiTCP_RAW_TB.uut_RAW.mem_generate[18].ADC_MEM_0.inst.native_mem_module.blk_mem_gen_v8_4_4_inst, A write address: 0, B  read address: 0
blk_mem_gen_v8_4_4 collision detected at time: 1772415625, Instance: ADC_SiTCP_RAW_TB.uut_RAW.mem_generate[19].ADC_MEM_0.inst.native_mem_module.blk_mem_gen_v8_4_4_inst, A write address: 0, B  read address: 0
blk_mem_gen_v8_4_4 collision detected at time: 1772415625, Instance: ADC_SiTCP_RAW_TB.uut_RAW.mem_generate[20].ADC_MEM_0.inst.native_mem_module.blk_mem_gen_v8_4_4_inst, A write address: 0, B  read address: 0
blk_mem_gen_v8_4_4 collision detected at time: 1772415625, Instance: ADC_SiTCP_RAW_TB.uut_RAW.mem_generate[21].ADC_MEM_0.inst.native_mem_module.blk_mem_gen_v8_4_4_inst, A write address: 0, B  read address: 0
blk_mem_gen_v8_4_4 collision detected at time: 1772415625, Instance: ADC_SiTCP_RAW_TB.uut_RAW.mem_generate[22].ADC_MEM_0.inst.native_mem_module.blk_mem_gen_v8_4_4_inst, A write address: 0, B  read address: 0
blk_mem_gen_v8_4_4 collision detected at time: 1772415625, Instance: ADC_SiTCP_RAW_TB.uut_RAW.mem_generate[23].ADC_MEM_0.inst.native_mem_module.blk_mem_gen_v8_4_4_inst, A write address: 0, B  read address: 0
blk_mem_gen_v8_4_4 collision detected at time: 1772415625, Instance: ADC_SiTCP_RAW_TB.uut_RAW.mem_generate[24].ADC_MEM_0.inst.native_mem_module.blk_mem_gen_v8_4_4_inst, A write address: 0, B  read address: 0
blk_mem_gen_v8_4_4 collision detected at time: 1772415625, Instance: ADC_SiTCP_RAW_TB.uut_RAW.mem_generate[25].ADC_MEM_0.inst.native_mem_module.blk_mem_gen_v8_4_4_inst, A write address: 0, B  read address: 0
blk_mem_gen_v8_4_4 collision detected at time: 1772415625, Instance: ADC_SiTCP_RAW_TB.uut_RAW.mem_generate[26].ADC_MEM_0.inst.native_mem_module.blk_mem_gen_v8_4_4_inst, A write address: 0, B  read address: 0
blk_mem_gen_v8_4_4 collision detected at time: 1772415625, Instance: ADC_SiTCP_RAW_TB.uut_RAW.mem_generate[27].ADC_MEM_0.inst.native_mem_module.blk_mem_gen_v8_4_4_inst, A write address: 0, B  read address: 0
blk_mem_gen_v8_4_4 collision detected at time: 1772415625, Instance: ADC_SiTCP_RAW_TB.uut_RAW.mem_generate[28].ADC_MEM_0.inst.native_mem_module.blk_mem_gen_v8_4_4_inst, A write address: 0, B  read address: 0
blk_mem_gen_v8_4_4 collision detected at time: 1772415625, Instance: ADC_SiTCP_RAW_TB.uut_RAW.mem_generate[29].ADC_MEM_0.inst.native_mem_module.blk_mem_gen_v8_4_4_inst, A write address: 0, B  read address: 0
blk_mem_gen_v8_4_4 collision detected at time: 1772415625, Instance: ADC_SiTCP_RAW_TB.uut_RAW.mem_generate[30].ADC_MEM_0.inst.native_mem_module.blk_mem_gen_v8_4_4_inst, A write address: 0, B  read address: 0
blk_mem_gen_v8_4_4 collision detected at time: 1772415625, Instance: ADC_SiTCP_RAW_TB.uut_RAW.mem_generate[31].ADC_MEM_0.inst.native_mem_module.blk_mem_gen_v8_4_4_inst, A write address: 0, B  read address: 0
blk_mem_gen_v8_4_4 collision detected at time: 1772415625, Instance: ADC_SiTCP_RAW_TB.uut_RAW.mem_generate[32].ADC_MEM_0.inst.native_mem_module.blk_mem_gen_v8_4_4_inst, A write address: 0, B  read address: 0
blk_mem_gen_v8_4_4 collision detected at time: 1772415625, Instance: ADC_SiTCP_RAW_TB.uut_RAW.mem_generate[33].ADC_MEM_0.inst.native_mem_module.blk_mem_gen_v8_4_4_inst, A write address: 0, B  read address: 0
blk_mem_gen_v8_4_4 collision detected at time: 1772415625, Instance: ADC_SiTCP_RAW_TB.uut_RAW.mem_generate[34].ADC_MEM_0.inst.native_mem_module.blk_mem_gen_v8_4_4_inst, A write address: 0, B  read address: 0
blk_mem_gen_v8_4_4 collision detected at time: 1772415625, Instance: ADC_SiTCP_RAW_TB.uut_RAW.mem_generate[35].ADC_MEM_0.inst.native_mem_module.blk_mem_gen_v8_4_4_inst, A write address: 0, B  read address: 0
blk_mem_gen_v8_4_4 collision detected at time: 3941328125, Instance: ADC_SiTCP_RAW_TB.uut_RAW.mem_generate[0].ADC_MEM_0.inst.native_mem_module.blk_mem_gen_v8_4_4_inst, A write address: 0, B  read address: 0
blk_mem_gen_v8_4_4 collision detected at time: 3941328125, Instance: ADC_SiTCP_RAW_TB.uut_RAW.mem_generate[1].ADC_MEM_0.inst.native_mem_module.blk_mem_gen_v8_4_4_inst, A write address: 0, B  read address: 0
blk_mem_gen_v8_4_4 collision detected at time: 3941328125, Instance: ADC_SiTCP_RAW_TB.uut_RAW.mem_generate[2].ADC_MEM_0.inst.native_mem_module.blk_mem_gen_v8_4_4_inst, A write address: 0, B  read address: 0
blk_mem_gen_v8_4_4 collision detected at time: 3941328125, Instance: ADC_SiTCP_RAW_TB.uut_RAW.mem_generate[3].ADC_MEM_0.inst.native_mem_module.blk_mem_gen_v8_4_4_inst, A write address: 0, B  read address: 0
blk_mem_gen_v8_4_4 collision detected at time: 3941328125, Instance: ADC_SiTCP_RAW_TB.uut_RAW.mem_generate[4].ADC_MEM_0.inst.native_mem_module.blk_mem_gen_v8_4_4_inst, A write address: 0, B  read address: 0
blk_mem_gen_v8_4_4 collision detected at time: 3941328125, Instance: ADC_SiTCP_RAW_TB.uut_RAW.mem_generate[5].ADC_MEM_0.inst.native_mem_module.blk_mem_gen_v8_4_4_inst, A write address: 0, B  read address: 0
blk_mem_gen_v8_4_4 collision detected at time: 3941328125, Instance: ADC_SiTCP_RAW_TB.uut_RAW.mem_generate[6].ADC_MEM_0.inst.native_mem_module.blk_mem_gen_v8_4_4_inst, A write address: 0, B  read address: 0
blk_mem_gen_v8_4_4 collision detected at time: 3941328125, Instance: ADC_SiTCP_RAW_TB.uut_RAW.mem_generate[7].ADC_MEM_0.inst.native_mem_module.blk_mem_gen_v8_4_4_inst, A write address: 0, B  read address: 0
blk_mem_gen_v8_4_4 collision detected at time: 3941328125, Instance: ADC_SiTCP_RAW_TB.uut_RAW.mem_generate[8].ADC_MEM_0.inst.native_mem_module.blk_mem_gen_v8_4_4_inst, A write address: 0, B  read address: 0
blk_mem_gen_v8_4_4 collision detected at time: 3941328125, Instance: ADC_SiTCP_RAW_TB.uut_RAW.mem_generate[9].ADC_MEM_0.inst.native_mem_module.blk_mem_gen_v8_4_4_inst, A write address: 0, B  read address: 0
blk_mem_gen_v8_4_4 collision detected at time: 3941328125, Instance: ADC_SiTCP_RAW_TB.uut_RAW.mem_generate[10].ADC_MEM_0.inst.native_mem_module.blk_mem_gen_v8_4_4_inst, A write address: 0, B  read address: 0
blk_mem_gen_v8_4_4 collision detected at time: 3941328125, Instance: ADC_SiTCP_RAW_TB.uut_RAW.mem_generate[11].ADC_MEM_0.inst.native_mem_module.blk_mem_gen_v8_4_4_inst, A write address: 0, B  read address: 0
blk_mem_gen_v8_4_4 collision detected at time: 3941328125, Instance: ADC_SiTCP_RAW_TB.uut_RAW.mem_generate[12].ADC_MEM_0.inst.native_mem_module.blk_mem_gen_v8_4_4_inst, A write address: 0, B  read address: 0
blk_mem_gen_v8_4_4 collision detected at time: 3941328125, Instance: ADC_SiTCP_RAW_TB.uut_RAW.mem_generate[13].ADC_MEM_0.inst.native_mem_module.blk_mem_gen_v8_4_4_inst, A write address: 0, B  read address: 0
blk_mem_gen_v8_4_4 collision detected at time: 3941328125, Instance: ADC_SiTCP_RAW_TB.uut_RAW.mem_generate[14].ADC_MEM_0.inst.native_mem_module.blk_mem_gen_v8_4_4_inst, A write address: 0, B  read address: 0
blk_mem_gen_v8_4_4 collision detected at time: 3941328125, Instance: ADC_SiTCP_RAW_TB.uut_RAW.mem_generate[15].ADC_MEM_0.inst.native_mem_module.blk_mem_gen_v8_4_4_inst, A write address: 0, B  read address: 0
blk_mem_gen_v8_4_4 collision detected at time: 3941328125, Instance: ADC_SiTCP_RAW_TB.uut_RAW.mem_generate[16].ADC_MEM_0.inst.native_mem_module.blk_mem_gen_v8_4_4_inst, A write address: 0, B  read address: 0
blk_mem_gen_v8_4_4 collision detected at time: 3941328125, Instance: ADC_SiTCP_RAW_TB.uut_RAW.mem_generate[17].ADC_MEM_0.inst.native_mem_module.blk_mem_gen_v8_4_4_inst, A write address: 0, B  read address: 0
blk_mem_gen_v8_4_4 collision detected at time: 3941328125, Instance: ADC_SiTCP_RAW_TB.uut_RAW.mem_generate[18].ADC_MEM_0.inst.native_mem_module.blk_mem_gen_v8_4_4_inst, A write address: 0, B  read address: 0
blk_mem_gen_v8_4_4 collision detected at time: 3941328125, Instance: ADC_SiTCP_RAW_TB.uut_RAW.mem_generate[19].ADC_MEM_0.inst.native_mem_module.blk_mem_gen_v8_4_4_inst, A write address: 0, B  read address: 0
blk_mem_gen_v8_4_4 collision detected at time: 3941328125, Instance: ADC_SiTCP_RAW_TB.uut_RAW.mem_generate[20].ADC_MEM_0.inst.native_mem_module.blk_mem_gen_v8_4_4_inst, A write address: 0, B  read address: 0
blk_mem_gen_v8_4_4 collision detected at time: 3941328125, Instance: ADC_SiTCP_RAW_TB.uut_RAW.mem_generate[21].ADC_MEM_0.inst.native_mem_module.blk_mem_gen_v8_4_4_inst, A write address: 0, B  read address: 0
blk_mem_gen_v8_4_4 collision detected at time: 3941328125, Instance: ADC_SiTCP_RAW_TB.uut_RAW.mem_generate[22].ADC_MEM_0.inst.native_mem_module.blk_mem_gen_v8_4_4_inst, A write address: 0, B  read address: 0
blk_mem_gen_v8_4_4 collision detected at time: 3941328125, Instance: ADC_SiTCP_RAW_TB.uut_RAW.mem_generate[23].ADC_MEM_0.inst.native_mem_module.blk_mem_gen_v8_4_4_inst, A write address: 0, B  read address: 0
blk_mem_gen_v8_4_4 collision detected at time: 3941328125, Instance: ADC_SiTCP_RAW_TB.uut_RAW.mem_generate[24].ADC_MEM_0.inst.native_mem_module.blk_mem_gen_v8_4_4_inst, A write address: 0, B  read address: 0
blk_mem_gen_v8_4_4 collision detected at time: 3941328125, Instance: ADC_SiTCP_RAW_TB.uut_RAW.mem_generate[25].ADC_MEM_0.inst.native_mem_module.blk_mem_gen_v8_4_4_inst, A write address: 0, B  read address: 0
blk_mem_gen_v8_4_4 collision detected at time: 3941328125, Instance: ADC_SiTCP_RAW_TB.uut_RAW.mem_generate[26].ADC_MEM_0.inst.native_mem_module.blk_mem_gen_v8_4_4_inst, A write address: 0, B  read address: 0
blk_mem_gen_v8_4_4 collision detected at time: 3941328125, Instance: ADC_SiTCP_RAW_TB.uut_RAW.mem_generate[27].ADC_MEM_0.inst.native_mem_module.blk_mem_gen_v8_4_4_inst, A write address: 0, B  read address: 0
blk_mem_gen_v8_4_4 collision detected at time: 3941328125, Instance: ADC_SiTCP_RAW_TB.uut_RAW.mem_generate[28].ADC_MEM_0.inst.native_mem_module.blk_mem_gen_v8_4_4_inst, A write address: 0, B  read address: 0
blk_mem_gen_v8_4_4 collision detected at time: 3941328125, Instance: ADC_SiTCP_RAW_TB.uut_RAW.mem_generate[29].ADC_MEM_0.inst.native_mem_module.blk_mem_gen_v8_4_4_inst, A write address: 0, B  read address: 0
blk_mem_gen_v8_4_4 collision detected at time: 3941328125, Instance: ADC_SiTCP_RAW_TB.uut_RAW.mem_generate[30].ADC_MEM_0.inst.native_mem_module.blk_mem_gen_v8_4_4_inst, A write address: 0, B  read address: 0
blk_mem_gen_v8_4_4 collision detected at time: 3941328125, Instance: ADC_SiTCP_RAW_TB.uut_RAW.mem_generate[31].ADC_MEM_0.inst.native_mem_module.blk_mem_gen_v8_4_4_inst, A write address: 0, B  read address: 0
blk_mem_gen_v8_4_4 collision detected at time: 3941328125, Instance: ADC_SiTCP_RAW_TB.uut_RAW.mem_generate[32].ADC_MEM_0.inst.native_mem_module.blk_mem_gen_v8_4_4_inst, A write address: 0, B  read address: 0
blk_mem_gen_v8_4_4 collision detected at time: 3941328125, Instance: ADC_SiTCP_RAW_TB.uut_RAW.mem_generate[33].ADC_MEM_0.inst.native_mem_module.blk_mem_gen_v8_4_4_inst, A write address: 0, B  read address: 0
blk_mem_gen_v8_4_4 collision detected at time: 3941328125, Instance: ADC_SiTCP_RAW_TB.uut_RAW.mem_generate[34].ADC_MEM_0.inst.native_mem_module.blk_mem_gen_v8_4_4_inst, A write address: 0, B  read address: 0
blk_mem_gen_v8_4_4 collision detected at time: 3941328125, Instance: ADC_SiTCP_RAW_TB.uut_RAW.mem_generate[35].ADC_MEM_0.inst.native_mem_module.blk_mem_gen_v8_4_4_inst, A write address: 0, B  read address: 0
blk_mem_gen_v8_4_4 collision detected at time: 4532103125, Instance: ADC_SiTCP_RAW_TB.uut_RAW.mem_generate[0].ADC_MEM_0.inst.native_mem_module.blk_mem_gen_v8_4_4_inst, A write address: 0, B  read address: 0
blk_mem_gen_v8_4_4 collision detected at time: 4532103125, Instance: ADC_SiTCP_RAW_TB.uut_RAW.mem_generate[1].ADC_MEM_0.inst.native_mem_module.blk_mem_gen_v8_4_4_inst, A write address: 0, B  read address: 0
blk_mem_gen_v8_4_4 collision detected at time: 4532103125, Instance: ADC_SiTCP_RAW_TB.uut_RAW.mem_generate[2].ADC_MEM_0.inst.native_mem_module.blk_mem_gen_v8_4_4_inst, A write address: 0, B  read address: 0
blk_mem_gen_v8_4_4 collision detected at time: 4532103125, Instance: ADC_SiTCP_RAW_TB.uut_RAW.mem_generate[3].ADC_MEM_0.inst.native_mem_module.blk_mem_gen_v8_4_4_inst, A write address: 0, B  read address: 0
blk_mem_gen_v8_4_4 collision detected at time: 4532103125, Instance: ADC_SiTCP_RAW_TB.uut_RAW.mem_generate[4].ADC_MEM_0.inst.native_mem_module.blk_mem_gen_v8_4_4_inst, A write address: 0, B  read address: 0
blk_mem_gen_v8_4_4 collision detected at time: 4532103125, Instance: ADC_SiTCP_RAW_TB.uut_RAW.mem_generate[5].ADC_MEM_0.inst.native_mem_module.blk_mem_gen_v8_4_4_inst, A write address: 0, B  read address: 0
blk_mem_gen_v8_4_4 collision detected at time: 4532103125, Instance: ADC_SiTCP_RAW_TB.uut_RAW.mem_generate[6].ADC_MEM_0.inst.native_mem_module.blk_mem_gen_v8_4_4_inst, A write address: 0, B  read address: 0
blk_mem_gen_v8_4_4 collision detected at time: 4532103125, Instance: ADC_SiTCP_RAW_TB.uut_RAW.mem_generate[7].ADC_MEM_0.inst.native_mem_module.blk_mem_gen_v8_4_4_inst, A write address: 0, B  read address: 0
blk_mem_gen_v8_4_4 collision detected at time: 4532103125, Instance: ADC_SiTCP_RAW_TB.uut_RAW.mem_generate[8].ADC_MEM_0.inst.native_mem_module.blk_mem_gen_v8_4_4_inst, A write address: 0, B  read address: 0
blk_mem_gen_v8_4_4 collision detected at time: 4532103125, Instance: ADC_SiTCP_RAW_TB.uut_RAW.mem_generate[9].ADC_MEM_0.inst.native_mem_module.blk_mem_gen_v8_4_4_inst, A write address: 0, B  read address: 0
blk_mem_gen_v8_4_4 collision detected at time: 4532103125, Instance: ADC_SiTCP_RAW_TB.uut_RAW.mem_generate[10].ADC_MEM_0.inst.native_mem_module.blk_mem_gen_v8_4_4_inst, A write address: 0, B  read address: 0
blk_mem_gen_v8_4_4 collision detected at time: 4532103125, Instance: ADC_SiTCP_RAW_TB.uut_RAW.mem_generate[11].ADC_MEM_0.inst.native_mem_module.blk_mem_gen_v8_4_4_inst, A write address: 0, B  read address: 0
blk_mem_gen_v8_4_4 collision detected at time: 4532103125, Instance: ADC_SiTCP_RAW_TB.uut_RAW.mem_generate[12].ADC_MEM_0.inst.native_mem_module.blk_mem_gen_v8_4_4_inst, A write address: 0, B  read address: 0
blk_mem_gen_v8_4_4 collision detected at time: 4532103125, Instance: ADC_SiTCP_RAW_TB.uut_RAW.mem_generate[13].ADC_MEM_0.inst.native_mem_module.blk_mem_gen_v8_4_4_inst, A write address: 0, B  read address: 0
blk_mem_gen_v8_4_4 collision detected at time: 4532103125, Instance: ADC_SiTCP_RAW_TB.uut_RAW.mem_generate[14].ADC_MEM_0.inst.native_mem_module.blk_mem_gen_v8_4_4_inst, A write address: 0, B  read address: 0
blk_mem_gen_v8_4_4 collision detected at time: 4532103125, Instance: ADC_SiTCP_RAW_TB.uut_RAW.mem_generate[15].ADC_MEM_0.inst.native_mem_module.blk_mem_gen_v8_4_4_inst, A write address: 0, B  read address: 0
blk_mem_gen_v8_4_4 collision detected at time: 4532103125, Instance: ADC_SiTCP_RAW_TB.uut_RAW.mem_generate[16].ADC_MEM_0.inst.native_mem_module.blk_mem_gen_v8_4_4_inst, A write address: 0, B  read address: 0
blk_mem_gen_v8_4_4 collision detected at time: 4532103125, Instance: ADC_SiTCP_RAW_TB.uut_RAW.mem_generate[17].ADC_MEM_0.inst.native_mem_module.blk_mem_gen_v8_4_4_inst, A write address: 0, B  read address: 0
blk_mem_gen_v8_4_4 collision detected at time: 4532103125, Instance: ADC_SiTCP_RAW_TB.uut_RAW.mem_generate[18].ADC_MEM_0.inst.native_mem_module.blk_mem_gen_v8_4_4_inst, A write address: 0, B  read address: 0
blk_mem_gen_v8_4_4 collision detected at time: 4532103125, Instance: ADC_SiTCP_RAW_TB.uut_RAW.mem_generate[19].ADC_MEM_0.inst.native_mem_module.blk_mem_gen_v8_4_4_inst, A write address: 0, B  read address: 0
blk_mem_gen_v8_4_4 collision detected at time: 4532103125, Instance: ADC_SiTCP_RAW_TB.uut_RAW.mem_generate[20].ADC_MEM_0.inst.native_mem_module.blk_mem_gen_v8_4_4_inst, A write address: 0, B  read address: 0
blk_mem_gen_v8_4_4 collision detected at time: 4532103125, Instance: ADC_SiTCP_RAW_TB.uut_RAW.mem_generate[21].ADC_MEM_0.inst.native_mem_module.blk_mem_gen_v8_4_4_inst, A write address: 0, B  read address: 0
blk_mem_gen_v8_4_4 collision detected at time: 4532103125, Instance: ADC_SiTCP_RAW_TB.uut_RAW.mem_generate[22].ADC_MEM_0.inst.native_mem_module.blk_mem_gen_v8_4_4_inst, A write address: 0, B  read address: 0
blk_mem_gen_v8_4_4 collision detected at time: 4532103125, Instance: ADC_SiTCP_RAW_TB.uut_RAW.mem_generate[23].ADC_MEM_0.inst.native_mem_module.blk_mem_gen_v8_4_4_inst, A write address: 0, B  read address: 0
blk_mem_gen_v8_4_4 collision detected at time: 4532103125, Instance: ADC_SiTCP_RAW_TB.uut_RAW.mem_generate[24].ADC_MEM_0.inst.native_mem_module.blk_mem_gen_v8_4_4_inst, A write address: 0, B  read address: 0
blk_mem_gen_v8_4_4 collision detected at time: 4532103125, Instance: ADC_SiTCP_RAW_TB.uut_RAW.mem_generate[25].ADC_MEM_0.inst.native_mem_module.blk_mem_gen_v8_4_4_inst, A write address: 0, B  read address: 0
blk_mem_gen_v8_4_4 collision detected at time: 4532103125, Instance: ADC_SiTCP_RAW_TB.uut_RAW.mem_generate[26].ADC_MEM_0.inst.native_mem_module.blk_mem_gen_v8_4_4_inst, A write address: 0, B  read address: 0
blk_mem_gen_v8_4_4 collision detected at time: 4532103125, Instance: ADC_SiTCP_RAW_TB.uut_RAW.mem_generate[27].ADC_MEM_0.inst.native_mem_module.blk_mem_gen_v8_4_4_inst, A write address: 0, B  read address: 0
blk_mem_gen_v8_4_4 collision detected at time: 4532103125, Instance: ADC_SiTCP_RAW_TB.uut_RAW.mem_generate[28].ADC_MEM_0.inst.native_mem_module.blk_mem_gen_v8_4_4_inst, A write address: 0, B  read address: 0
blk_mem_gen_v8_4_4 collision detected at time: 4532103125, Instance: ADC_SiTCP_RAW_TB.uut_RAW.mem_generate[29].ADC_MEM_0.inst.native_mem_module.blk_mem_gen_v8_4_4_inst, A write address: 0, B  read address: 0
blk_mem_gen_v8_4_4 collision detected at time: 4532103125, Instance: ADC_SiTCP_RAW_TB.uut_RAW.mem_generate[30].ADC_MEM_0.inst.native_mem_module.blk_mem_gen_v8_4_4_inst, A write address: 0, B  read address: 0
blk_mem_gen_v8_4_4 collision detected at time: 4532103125, Instance: ADC_SiTCP_RAW_TB.uut_RAW.mem_generate[31].ADC_MEM_0.inst.native_mem_module.blk_mem_gen_v8_4_4_inst, A write address: 0, B  read address: 0
blk_mem_gen_v8_4_4 collision detected at time: 4532103125, Instance: ADC_SiTCP_RAW_TB.uut_RAW.mem_generate[32].ADC_MEM_0.inst.native_mem_module.blk_mem_gen_v8_4_4_inst, A write address: 0, B  read address: 0
blk_mem_gen_v8_4_4 collision detected at time: 4532103125, Instance: ADC_SiTCP_RAW_TB.uut_RAW.mem_generate[33].ADC_MEM_0.inst.native_mem_module.blk_mem_gen_v8_4_4_inst, A write address: 0, B  read address: 0
blk_mem_gen_v8_4_4 collision detected at time: 4532103125, Instance: ADC_SiTCP_RAW_TB.uut_RAW.mem_generate[34].ADC_MEM_0.inst.native_mem_module.blk_mem_gen_v8_4_4_inst, A write address: 0, B  read address: 0
blk_mem_gen_v8_4_4 collision detected at time: 4532103125, Instance: ADC_SiTCP_RAW_TB.uut_RAW.mem_generate[35].ADC_MEM_0.inst.native_mem_module.blk_mem_gen_v8_4_4_inst, A write address: 0, B  read address: 0
$finish called at time : 5372881250 ps : File "C:/Users/81802/Desktop/PAPILLON_FW/PAPILLON_v20231224/PAPILLON_v20231224.srcs/sim_1/imports/new/ADC_SiTCP_RAW_TB.v" Line 808
