Copyright 1986-2019 Xilinx, Inc. All Rights Reserved.
---------------------------------------------------------------------------------------------------------------------------------
| Tool Version : Vivado v.2019.2 (win64) Build 2708876 Wed Nov  6 21:40:23 MST 2019
| Date         : Wed Jan 26 17:18:27 2022
| Host         : DESKTOP-NG52DIC running 64-bit major release  (build 9200)
| Command      : report_drc -file ADC_SiTCP_V20_drc_routed.rpt -pb ADC_SiTCP_V20_drc_routed.pb -rpx ADC_SiTCP_V20_drc_routed.rpx
| Design       : ADC_SiTCP_V20
| Device       : xc7a100tfgg484-1
| Speed File   : -1
| Design State : Fully Routed
---------------------------------------------------------------------------------------------------------------------------------

Report DRC

Table of Contents
-----------------
1. REPORT SUMMARY
2. REPORT DETAILS

1. REPORT SUMMARY
-----------------
            Netlist: netlist
          Floorplan: design_1
      Design limits: <entire design considered>
           Ruledeck: default
             Max violations: <unlimited>
             Violations found: 19
+-----------+----------+-----------------------------------------------------+------------+
| Rule      | Severity | Description                                         | Violations |
+-----------+----------+-----------------------------------------------------+------------+
| CFGBVS-1  | Warning  | Missing CFGBVS and CONFIG_VOLTAGE Design Properties | 1          |
| PDRC-61   | Warning  | SLICEM_5lutO5_C5                                    | 1          |
| PDRC-63   | Warning  | SLICEM_5lutO5_A5                                    | 1          |
| REQP-1839 | Warning  | RAMB36 async control check                          | 13         |
| REQP-1840 | Warning  | RAMB18 async control check                          | 1          |
| RPBF-3    | Warning  | IO port buffering is incomplete                     | 1          |
| RTSTAT-10 | Warning  | No routable loads                                   | 1          |
+-----------+----------+-----------------------------------------------------+------------+

2. REPORT DETAILS
-----------------
CFGBVS-1#1 Warning
Missing CFGBVS and CONFIG_VOLTAGE Design Properties  
Neither the CFGBVS nor CONFIG_VOLTAGE voltage property is set in the current_design.  Configuration bank voltage select (CFGBVS) must be set to VCCO or GND, and CONFIG_VOLTAGE must be set to the correct configuration voltage, in order to determine the I/O voltage support for the pins in bank 0.  It is suggested to specify these either using the 'Edit Device Properties' function in the GUI or directly in the XDC file using the following syntax:

 set_property CFGBVS value1 [current_design]
 #where value1 is either VCCO or GND

 set_property CONFIG_VOLTAGE value2 [current_design]
 #where value2 is the voltage provided to configuration bank 0

Refer to the device configuration user guide for more information.
Related violations: <none>

PDRC-61#1 Warning
SLICEM_5lutO5_C5  
Dangling output pin O5 on site SLICE_X56Y81:C5LUT. For this programming the O5 output pin should have a signal.
Related violations: <none>

PDRC-63#1 Warning
SLICEM_5lutO5_A5  
Dangling output pin O5 on site SLICE_X56Y93:A5LUT. For this programming the O5 output pin should have a signal.
Related violations: <none>

REQP-1839#1 Warning
RAMB36 async control check  
The RAMB36E1 SiTCP/SiTCP/GMII/GMII_RXBUF/RX_BUF/Mram_RAM has an input control pin SiTCP/SiTCP/GMII/GMII_RXBUF/RX_BUF/Mram_RAM/ADDRBWRADDR[10] (net: SiTCP/SiTCP/GMII/GMII_RXBUF/rdAddr[7]) which is driven by a register (SiTCP/SiTCP/GMII/GMII_RXBUF/rdAddr_7) that has an active asychronous set or reset. This may cause corruption of the memory contents and/or read values when the set/reset is asserted and is not analyzed by the default static timing analysis. It is suggested to eliminate the use of a set/reset to registers driving this RAMB pin or else use a synchronous reset in which the assertion of the reset is timed by default.
Related violations: <none>

REQP-1839#2 Warning
RAMB36 async control check  
The RAMB36E1 SiTCP/SiTCP/GMII/GMII_RXBUF/RX_BUF/Mram_RAM has an input control pin SiTCP/SiTCP/GMII/GMII_RXBUF/RX_BUF/Mram_RAM/ADDRBWRADDR[11] (net: SiTCP/SiTCP/GMII/GMII_RXBUF/rdAddr[8]) which is driven by a register (SiTCP/SiTCP/GMII/GMII_RXBUF/rdAddr_8) that has an active asychronous set or reset. This may cause corruption of the memory contents and/or read values when the set/reset is asserted and is not analyzed by the default static timing analysis. It is suggested to eliminate the use of a set/reset to registers driving this RAMB pin or else use a synchronous reset in which the assertion of the reset is timed by default.
Related violations: <none>

REQP-1839#3 Warning
RAMB36 async control check  
The RAMB36E1 SiTCP/SiTCP/GMII/GMII_RXBUF/RX_BUF/Mram_RAM has an input control pin SiTCP/SiTCP/GMII/GMII_RXBUF/RX_BUF/Mram_RAM/ADDRBWRADDR[12] (net: SiTCP/SiTCP/GMII/GMII_RXBUF/rdAddr[9]) which is driven by a register (SiTCP/SiTCP/GMII/GMII_RXBUF/rdAddr_9) that has an active asychronous set or reset. This may cause corruption of the memory contents and/or read values when the set/reset is asserted and is not analyzed by the default static timing analysis. It is suggested to eliminate the use of a set/reset to registers driving this RAMB pin or else use a synchronous reset in which the assertion of the reset is timed by default.
Related violations: <none>

REQP-1839#4 Warning
RAMB36 async control check  
The RAMB36E1 SiTCP/SiTCP/GMII/GMII_RXBUF/RX_BUF/Mram_RAM has an input control pin SiTCP/SiTCP/GMII/GMII_RXBUF/RX_BUF/Mram_RAM/ADDRBWRADDR[13] (net: SiTCP/SiTCP/GMII/GMII_RXBUF/rdAddr[10]) which is driven by a register (SiTCP/SiTCP/GMII/GMII_RXBUF/rdAddr_10) that has an active asychronous set or reset. This may cause corruption of the memory contents and/or read values when the set/reset is asserted and is not analyzed by the default static timing analysis. It is suggested to eliminate the use of a set/reset to registers driving this RAMB pin or else use a synchronous reset in which the assertion of the reset is timed by default.
Related violations: <none>

REQP-1839#5 Warning
RAMB36 async control check  
The RAMB36E1 SiTCP/SiTCP/GMII/GMII_RXBUF/RX_BUF/Mram_RAM has an input control pin SiTCP/SiTCP/GMII/GMII_RXBUF/RX_BUF/Mram_RAM/ADDRBWRADDR[14] (net: SiTCP/SiTCP/GMII/GMII_RXBUF/rdAddr[11]) which is driven by a register (SiTCP/SiTCP/GMII/GMII_RXBUF/rdAddr_11) that has an active asychronous set or reset. This may cause corruption of the memory contents and/or read values when the set/reset is asserted and is not analyzed by the default static timing analysis. It is suggested to eliminate the use of a set/reset to registers driving this RAMB pin or else use a synchronous reset in which the assertion of the reset is timed by default.
Related violations: <none>

REQP-1839#6 Warning
RAMB36 async control check  
The RAMB36E1 SiTCP/SiTCP/GMII/GMII_RXBUF/RX_BUF/Mram_RAM has an input control pin SiTCP/SiTCP/GMII/GMII_RXBUF/RX_BUF/Mram_RAM/ADDRBWRADDR[3] (net: SiTCP/SiTCP/GMII/GMII_RXBUF/rdAddr[0]) which is driven by a register (SiTCP/SiTCP/GMII/GMII_RXBUF/rdAddr_0) that has an active asychronous set or reset. This may cause corruption of the memory contents and/or read values when the set/reset is asserted and is not analyzed by the default static timing analysis. It is suggested to eliminate the use of a set/reset to registers driving this RAMB pin or else use a synchronous reset in which the assertion of the reset is timed by default.
Related violations: <none>

REQP-1839#7 Warning
RAMB36 async control check  
The RAMB36E1 SiTCP/SiTCP/GMII/GMII_RXBUF/RX_BUF/Mram_RAM has an input control pin SiTCP/SiTCP/GMII/GMII_RXBUF/RX_BUF/Mram_RAM/ADDRBWRADDR[4] (net: SiTCP/SiTCP/GMII/GMII_RXBUF/rdAddr[1]) which is driven by a register (SiTCP/SiTCP/GMII/GMII_RXBUF/rdAddr_1) that has an active asychronous set or reset. This may cause corruption of the memory contents and/or read values when the set/reset is asserted and is not analyzed by the default static timing analysis. It is suggested to eliminate the use of a set/reset to registers driving this RAMB pin or else use a synchronous reset in which the assertion of the reset is timed by default.
Related violations: <none>

REQP-1839#8 Warning
RAMB36 async control check  
The RAMB36E1 SiTCP/SiTCP/GMII/GMII_RXBUF/RX_BUF/Mram_RAM has an input control pin SiTCP/SiTCP/GMII/GMII_RXBUF/RX_BUF/Mram_RAM/ADDRBWRADDR[5] (net: SiTCP/SiTCP/GMII/GMII_RXBUF/rdAddr[2]) which is driven by a register (SiTCP/SiTCP/GMII/GMII_RXBUF/rdAddr_2) that has an active asychronous set or reset. This may cause corruption of the memory contents and/or read values when the set/reset is asserted and is not analyzed by the default static timing analysis. It is suggested to eliminate the use of a set/reset to registers driving this RAMB pin or else use a synchronous reset in which the assertion of the reset is timed by default.
Related violations: <none>

REQP-1839#9 Warning
RAMB36 async control check  
The RAMB36E1 SiTCP/SiTCP/GMII/GMII_RXBUF/RX_BUF/Mram_RAM has an input control pin SiTCP/SiTCP/GMII/GMII_RXBUF/RX_BUF/Mram_RAM/ADDRBWRADDR[6] (net: SiTCP/SiTCP/GMII/GMII_RXBUF/rdAddr[3]) which is driven by a register (SiTCP/SiTCP/GMII/GMII_RXBUF/rdAddr_3) that has an active asychronous set or reset. This may cause corruption of the memory contents and/or read values when the set/reset is asserted and is not analyzed by the default static timing analysis. It is suggested to eliminate the use of a set/reset to registers driving this RAMB pin or else use a synchronous reset in which the assertion of the reset is timed by default.
Related violations: <none>

REQP-1839#10 Warning
RAMB36 async control check  
The RAMB36E1 SiTCP/SiTCP/GMII/GMII_RXBUF/RX_BUF/Mram_RAM has an input control pin SiTCP/SiTCP/GMII/GMII_RXBUF/RX_BUF/Mram_RAM/ADDRBWRADDR[7] (net: SiTCP/SiTCP/GMII/GMII_RXBUF/rdAddr[4]) which is driven by a register (SiTCP/SiTCP/GMII/GMII_RXBUF/rdAddr_4) that has an active asychronous set or reset. This may cause corruption of the memory contents and/or read values when the set/reset is asserted and is not analyzed by the default static timing analysis. It is suggested to eliminate the use of a set/reset to registers driving this RAMB pin or else use a synchronous reset in which the assertion of the reset is timed by default.
Related violations: <none>

REQP-1839#11 Warning
RAMB36 async control check  
The RAMB36E1 SiTCP/SiTCP/GMII/GMII_RXBUF/RX_BUF/Mram_RAM has an input control pin SiTCP/SiTCP/GMII/GMII_RXBUF/RX_BUF/Mram_RAM/ADDRBWRADDR[8] (net: SiTCP/SiTCP/GMII/GMII_RXBUF/rdAddr[5]) which is driven by a register (SiTCP/SiTCP/GMII/GMII_RXBUF/rdAddr_5) that has an active asychronous set or reset. This may cause corruption of the memory contents and/or read values when the set/reset is asserted and is not analyzed by the default static timing analysis. It is suggested to eliminate the use of a set/reset to registers driving this RAMB pin or else use a synchronous reset in which the assertion of the reset is timed by default.
Related violations: <none>

REQP-1839#12 Warning
RAMB36 async control check  
The RAMB36E1 SiTCP/SiTCP/GMII/GMII_RXBUF/RX_BUF/Mram_RAM has an input control pin SiTCP/SiTCP/GMII/GMII_RXBUF/RX_BUF/Mram_RAM/ADDRBWRADDR[9] (net: SiTCP/SiTCP/GMII/GMII_RXBUF/rdAddr[6]) which is driven by a register (SiTCP/SiTCP/GMII/GMII_RXBUF/rdAddr_6) that has an active asychronous set or reset. This may cause corruption of the memory contents and/or read values when the set/reset is asserted and is not analyzed by the default static timing analysis. It is suggested to eliminate the use of a set/reset to registers driving this RAMB pin or else use a synchronous reset in which the assertion of the reset is timed by default.
Related violations: <none>

REQP-1839#13 Warning
RAMB36 async control check  
The RAMB36E1 SiTCP/SiTCP/GMII/GMII_RXBUF/RX_BUF/Mram_RAM has an input control pin SiTCP/SiTCP/GMII/GMII_RXBUF/RX_BUF/Mram_RAM/ENBWREN (net: SiTCP/SiTCP/GMII/GMII_RXBUF/RX_BUF/Mram_RAM_ENBWREN_cooolgate_en_sig_3) which is driven by a register (SiTCP/SiTCP/BBT_SiTCP_RST/resetReq_1) that has an active asychronous set or reset. This may cause corruption of the memory contents and/or read values when the set/reset is asserted and is not analyzed by the default static timing analysis. It is suggested to eliminate the use of a set/reset to registers driving this RAMB pin or else use a synchronous reset in which the assertion of the reset is timed by default.
Related violations: <none>

REQP-1840#1 Warning
RAMB18 async control check  
The RAMB18E1 SiTCP/SiTCP/SiTCP/UDP/UDP_LOC/CMDBUF/Mram_RAM has an input control pin SiTCP/SiTCP/SiTCP/UDP/UDP_LOC/CMDBUF/Mram_RAM/ENBWREN (net: SiTCP/SiTCP/SiTCP/UDP/UDP_LOC/CMDBUF/Mram_RAM_ENBWREN_cooolgate_en_sig_4) which is driven by a register (SiTCP/SiTCP/BBT_SiTCP_RST/resetReq_0) that has an active asychronous set or reset. This may cause corruption of the memory contents and/or read values when the set/reset is asserted and is not analyzed by the default static timing analysis. It is suggested to eliminate the use of a set/reset to registers driving this RAMB pin or else use a synchronous reset in which the assertion of the reset is timed by default.
Related violations: <none>

RPBF-3#1 Warning
IO port buffering is incomplete  
Device port ETH_MDIO expects both input and output buffering but the buffers are incomplete.
Related violations: <none>

RTSTAT-10#1 Warning
No routable loads  
46 net(s) have no routable loads. The problem bus(es) and/or net(s) are dbg_hub/inst/BSCANID.u_xsdbm_id/CORE_XSDB.UUT_MASTER/U_ICON_INTERFACE/U_CMD6_RD/U_RD_FIFO/SUBCORE_FIFO.xsdbm_v3_0_0_rdfifo_inst/inst_fifo_gen/gconvfifo.rf/grf.rf/gntv_or_sync_fifo.gl0.rd/gr1.gr1_int.rfwft/aempty_fwft_i, dbg_hub/inst/BSCANID.u_xsdbm_id/CORE_XSDB.UUT_MASTER/U_ICON_INTERFACE/U_CMD7_CTL/ctl_reg[2:0], dbg_hub/inst/BSCANID.u_xsdbm_id/CORE_XSDB.UUT_MASTER/U_ICON_INTERFACE/U_CMD7_CTL/ctl_reg_en_2[1], dbg_hub/inst/BSCANID.u_xsdbm_id/CORE_XSDB.UUT_MASTER/U_ICON_INTERFACE/U_CMD1/ctl_reg_en_2[1], dbg_hub/inst/BSCANID.u_xsdbm_id/SWITCH_N_EXT_BSCAN.bscan_switch/m_bscan_capture[0], dbg_hub/inst/BSCANID.u_xsdbm_id/SWITCH_N_EXT_BSCAN.bscan_switch/m_bscan_drck[0], dbg_hub/inst/BSCANID.u_xsdbm_id/SWITCH_N_EXT_BSCAN.bscan_switch/m_bscan_runtest[0], dbg_hub/inst/BSCANID.u_xsdbm_id/CORE_XSDB.UUT_MASTER/U_ICON_INTERFACE/U_CMD6_WR/U_WR_FIFO/SUBCORE_FIFO.xsdbm_v3_0_0_wrfifo_inst/inst_fifo_gen/gconvfifo.rf/grf.rf/gntv_or_sync_fifo.gl0.wr/gwhf.whf/overflow, dbg_hub/inst/BSCANID.u_xsdbm_id/CORE_XSDB.UUT_MASTER/U_ICON_INTERFACE/U_CMD6_RD/U_RD_FIFO/SUBCORE_FIFO.xsdbm_v3_0_0_rdfifo_inst/inst_fifo_gen/gconvfifo.rf/grf.rf/gntv_or_sync_fifo.gl0.wr/gwhf.whf/overflow, dbg_hub/inst/BSCANID.u_xsdbm_id/CORE_XSDB.UUT_MASTER/U_ICON_INTERFACE/U_CMD6_RD/U_RD_FIFO/SUBCORE_FIFO.xsdbm_v3_0_0_rdfifo_inst/inst_fifo_gen/gconvfifo.rf/grf.rf/gntv_or_sync_fifo.gl0.rd/gras.rsts/ram_empty_i, ADC3_IF/eras_fifo/U0/inst_fifo_gen/gconvfifo.rf/grf.rf/gntv_or_sync_fifo.gl0.wr/gwas.wsts/ram_full_i, ADC1_IF/eras_fifo/U0/inst_fifo_gen/gconvfifo.rf/grf.rf/gntv_or_sync_fifo.gl0.wr/gwas.wsts/ram_full_i, ADC2_IF/eras_fifo/U0/inst_fifo_gen/gconvfifo.rf/grf.rf/gntv_or_sync_fifo.gl0.wr/gwas.wsts/ram_full_i, dbg_hub/inst/BSCANID.u_xsdbm_id/CORE_XSDB.UUT_MASTER/U_ICON_INTERFACE/U_CMD6_WR/U_WR_FIFO/SUBCORE_FIFO.xsdbm_v3_0_0_wrfifo_inst/inst_fifo_gen/gconvfifo.rf/grf.rf/gntv_or_sync_fifo.gl0.wr/gwas.wsts/ram_full_i, ADC3_IF/eras_fifo/U0/inst_fifo_gen/gconvfifo.rf/grf.rf/rstblk/rd_rst_reg[2:0] (the first 15 of 32 listed).
Related violations: <none>


