Copyright 1986-2019 Xilinx, Inc. All Rights Reserved.
-------------------------------------------------------------------------------------------------------------------------------------------------------------
| Tool Version     : Vivado v.2019.2 (win64) Build 2708876 Wed Nov  6 21:40:23 MST 2019
| Date             : Wed Jan 26 17:18:32 2022
| Host             : DESKTOP-NG52DIC running 64-bit major release  (build 9200)
| Command          : report_power -file ADC_SiTCP_V20_power_routed.rpt -pb ADC_SiTCP_V20_power_summary_routed.pb -rpx ADC_SiTCP_V20_power_routed.rpx
| Design           : ADC_SiTCP_V20
| Device           : xc7a100tfgg484-1
| Design State     : routed
| Grade            : commercial
| Process          : typical
| Characterization : Production
-------------------------------------------------------------------------------------------------------------------------------------------------------------

Power Report

Table of Contents
-----------------
1. Summary
1.1 On-Chip Components
1.2 Power Supply Summary
1.3 Confidence Level
2. Settings
2.1 Environment
2.2 Clock Constraints
3. Detailed Reports
3.1 By Hierarchy

1. Summary
----------

+--------------------------+--------------+
| Total On-Chip Power (W)  | 0.637        |
| Design Power Budget (W)  | Unspecified* |
| Power Budget Margin (W)  | NA           |
| Dynamic (W)              | 0.529        |
| Device Static (W)        | 0.108        |
| Effective TJA (C/W)      | 2.7          |
| Max Ambient (C)          | 83.3         |
| Junction Temperature (C) | 26.7         |
| Confidence Level         | Medium       |
| Setting File             | ---          |
| Simulation Activity File | ---          |
| Design Nets Matched      | NA           |
+--------------------------+--------------+
* Specify Design Power Budget using, set_operating_conditions -design_power_budget <value in Watts>


1.1 On-Chip Components
----------------------

+--------------------------+-----------+----------+-----------+-----------------+
| On-Chip                  | Power (W) | Used     | Available | Utilization (%) |
+--------------------------+-----------+----------+-----------+-----------------+
| Clocks                   |     0.053 |       18 |       --- |             --- |
| Slice Logic              |     0.012 |    11860 |       --- |             --- |
|   LUT as Logic           |     0.010 |     3853 |     63400 |            6.08 |
|   CARRY4                 |     0.001 |      251 |     15850 |            1.58 |
|   Register               |    <0.001 |     6337 |    126800 |            5.00 |
|   F7/F8 Muxes            |    <0.001 |      254 |     63400 |            0.40 |
|   LUT as Shift Register  |    <0.001 |      137 |     19000 |            0.72 |
|   LUT as Distributed RAM |    <0.001 |       32 |     19000 |            0.17 |
|   Others                 |     0.000 |      531 |       --- |             --- |
| Signals                  |     0.016 |     8047 |       --- |             --- |
| Block RAM                |     0.009 |      6.5 |       135 |            4.81 |
| MMCM                     |     0.219 |        2 |         6 |           33.33 |
| I/O                      |     0.220 |      107 |       285 |           37.54 |
| Static Power             |     0.108 |          |           |                 |
| Total                    |     0.637 |          |           |                 |
+--------------------------+-----------+----------+-----------+-----------------+


1.2 Power Supply Summary
------------------------

+-----------+-------------+-----------+-------------+------------+
| Source    | Voltage (V) | Total (A) | Dynamic (A) | Static (A) |
+-----------+-------------+-----------+-------------+------------+
| Vccint    |       1.000 |     0.114 |       0.099 |      0.016 |
| Vccaux    |       1.800 |     0.151 |       0.133 |      0.018 |
| Vcco33    |       3.300 |     0.008 |       0.004 |      0.004 |
| Vcco25    |       2.500 |     0.075 |       0.071 |      0.004 |
| Vcco18    |       1.800 |     0.000 |       0.000 |      0.000 |
| Vcco15    |       1.500 |     0.000 |       0.000 |      0.000 |
| Vcco135   |       1.350 |     0.000 |       0.000 |      0.000 |
| Vcco12    |       1.200 |     0.000 |       0.000 |      0.000 |
| Vccaux_io |       1.800 |     0.000 |       0.000 |      0.000 |
| Vccbram   |       1.000 |     0.001 |       0.001 |      0.000 |
| MGTAVcc   |       1.000 |     0.000 |       0.000 |      0.000 |
| MGTAVtt   |       1.200 |     0.000 |       0.000 |      0.000 |
| Vccadc    |       1.800 |     0.020 |       0.000 |      0.020 |
+-----------+-------------+-----------+-------------+------------+


1.3 Confidence Level
--------------------

+-----------------------------+------------+-------------------------------------------------------+------------------------------------------------------------------------------------------------------------+
| User Input Data             | Confidence | Details                                               | Action                                                                                                     |
+-----------------------------+------------+-------------------------------------------------------+------------------------------------------------------------------------------------------------------------+
| Design implementation state | High       | Design is routed                                      |                                                                                                            |
| Clock nodes activity        | High       | User specified more than 95% of clocks                |                                                                                                            |
| I/O nodes activity          | Medium     | More than 5% of inputs are missing user specification | Provide missing input activity with simulation results or by editing the "By Resource Type -> I/Os" view   |
| Internal nodes activity     | Medium     | User specified less than 25% of internal nodes        | Provide missing internal nodes activity with simulation results or by editing the "By Resource Type" views |
| Device models               | High       | Device models are Production                          |                                                                                                            |
|                             |            |                                                       |                                                                                                            |
| Overall confidence level    | Medium     |                                                       |                                                                                                            |
+-----------------------------+------------+-------------------------------------------------------+------------------------------------------------------------------------------------------------------------+


2. Settings
-----------

2.1 Environment
---------------

+-----------------------+--------------------------+
| Ambient Temp (C)      | 25.0                     |
| ThetaJA (C/W)         | 2.7                      |
| Airflow (LFM)         | 250                      |
| Heat Sink             | medium (Medium Profile)  |
| ThetaSA (C/W)         | 4.6                      |
| Board Selection       | medium (10"x10")         |
| # of Board Layers     | 12to15 (12 to 15 Layers) |
| Board Temperature (C) | 25.0                     |
+-----------------------+--------------------------+


2.2 Clock Constraints
---------------------

+--------------------------------------------------------------------------------------------+----------------------------------------------------------------------+-----------------+
| Clock                                                                                      | Domain                                                               | Constraint (ns) |
+--------------------------------------------------------------------------------------------+----------------------------------------------------------------------+-----------------+
| ADC_DCO_P[1]                                                                               | ADC_DCO_P[1]                                                         |             2.1 |
| ADC_DCO_P[2]                                                                               | ADC_DCO_P[2]                                                         |             2.1 |
| ADC_DCO_P[3]                                                                               | ADC_DCO_P[3]                                                         |             2.1 |
| CLK75mp                                                                                    | CLK75mp                                                              |            12.5 |
| CLK_DIV_OUT                                                                                | ADC1_IF/adc/inst/ADC_DCO_P[1]_0                                      |             6.2 |
| CLK_DIV_OUT_1                                                                              | ADC2_IF/adc/inst/ADC_DCO_P[2]_0                                      |             6.2 |
| CLK_DIV_OUT_2                                                                              | ADC3_IF/adc/inst/ADC_DCO_P[3]_0                                      |             6.2 |
| clk_out1_SYSCLK0                                                                           | SYSCLK0/inst/clk_out1_SYSCLK0                                        |             6.3 |
| clk_out1_SYSCLK2_1                                                                         | SYSCLK2/inst/clk_out1_SYSCLK2                                        |             5.0 |
| clk_out2_SYSCLK0                                                                           | SYSCLK0/inst/clk_out2_SYSCLK0                                        |             8.0 |
| clk_out2_SYSCLK2_1                                                                         | SYSCLK2/inst/clk_out2_SYSCLK2                                        |            12.5 |
| clk_out3_SYSCLK0                                                                           | SYSCLK0/inst/clk_out3                                                |            10.0 |
| clk_out3_SYSCLK0                                                                           | SYSCLK0/inst/clk_out3_SYSCLK0                                        |            10.0 |
| clkfbout_SYSCLK0                                                                           | SYSCLK0/inst/clkfbout_SYSCLK0                                        |            12.5 |
| clkfbout_SYSCLK2_1                                                                         | SYSCLK2/inst/clkfbout_SYSCLK2                                        |            10.0 |
| dbg_hub/inst/BSCANID.u_xsdbm_id/SWITCH_N_EXT_BSCAN.bscan_inst/SERIES7_BSCAN.bscan_inst/TCK | dbg_hub/inst/BSCANID.u_xsdbm_id/SWITCH_N_EXT_BSCAN.bscan_inst/tck_bs |            33.0 |
+--------------------------------------------------------------------------------------------+----------------------------------------------------------------------+-----------------+


3. Detailed Reports
-------------------

3.1 By Hierarchy
----------------

+--------------------------+-----------+
| Name                     | Power (W) |
+--------------------------+-----------+
| ADC_SiTCP_V20            |     0.529 |
|   ADC1_IF                |     0.018 |
|     adc                  |     0.016 |
|       inst               |     0.016 |
|     eras_fifo            |     0.002 |
|       U0                 |     0.002 |
|   ADC2_IF                |     0.018 |
|     adc                  |     0.016 |
|       inst               |     0.016 |
|     eras_fifo            |     0.001 |
|       U0                 |     0.001 |
|   ADC3_IF                |     0.018 |
|     adc                  |     0.016 |
|       inst               |     0.016 |
|     eras_fifo            |     0.002 |
|       U0                 |     0.002 |
|   LOC_REG                |     0.013 |
|   SYSCLK0                |     0.129 |
|     inst                 |     0.129 |
|   SYSCLK2                |     0.097 |
|     inst                 |     0.097 |
|   SiTCP                  |     0.044 |
|     SiTCP                |     0.043 |
|   dbg_hub                |     0.004 |
|     inst                 |     0.004 |
|       BSCANID.u_xsdbm_id |     0.004 |
|   u_ila_0                |     0.011 |
|     inst                 |     0.011 |
|       ila_core_inst      |     0.011 |
+--------------------------+-----------+


