
*** Running vivado
    with args -log ADC_SiTCP_V20.vdi -applog -m64 -product Vivado -messageDb vivado.pb -mode batch -source ADC_SiTCP_V20.tcl -notrace


****** Vivado v2019.2 (64-bit)
  **** SW Build 2708876 on Wed Nov  6 21:40:23 MST 2019
  **** IP Build 2700528 on Thu Nov  7 00:09:20 MST 2019
    ** Copyright 1986-2019 Xilinx, Inc. All Rights Reserved.

source ADC_SiTCP_V20.tcl -notrace
Command: link_design -top ADC_SiTCP_V20 -part xc7a100tfgg484-1
Design is defaulting to srcset: sources_1
Design is defaulting to constrset: constrs_1
INFO: [Device 21-403] Loading part xc7a100tfgg484-1
INFO: [Project 1-454] Reading design checkpoint 'c:/Users/81802/Desktop/PAPILLON_FW/PAPILLON_v3/PAPILLON_v3.srcs/sources_1/ip/SYSCLK0/SYSCLK0.dcp' for cell 'SYSCLK0'
INFO: [Project 1-454] Reading design checkpoint 'c:/Users/81802/Desktop/PAPILLON_FW/PAPILLON_v3/PAPILLON_v3.srcs/sources_1/ip/SYSCLK2/SYSCLK2.dcp' for cell 'SYSCLK2'
INFO: [Project 1-454] Reading design checkpoint 'c:/Users/81802/Desktop/PAPILLON_FW/PAPILLON_v3/PAPILLON_v3.srcs/sources_1/ip/fifo_generator_1/fifo_generator_1.dcp' for cell 'ADC1_IF/eras_fifo'
INFO: [Project 1-454] Reading design checkpoint 'c:/Users/81802/Desktop/PAPILLON_FW/PAPILLON_v3/PAPILLON_v3.srcs/sources_1/ip/mem_8_4K/mem_8_4K.dcp' for cell 'ADC_SiTCP_RAW/mem_generate[0].ADC_MEM_0'
Netlist sorting complete. Time (s): cpu = 00:00:00 ; elapsed = 00:00:00.256 . Memory (MB): peak = 781.176 ; gain = 0.000
INFO: [Netlist 29-17] Analyzing 755 Unisim elements for replacement
INFO: [Netlist 29-28] Unisim Transformation completed in 0 CPU seconds
INFO: [Project 1-479] Netlist was created with Vivado 2019.2
INFO: [Project 1-570] Preparing netlist for logic optimization
WARNING: [Opt 31-32] Removing redundant IBUF since it is not being driven by a top-level port. SYSCLK2/inst/clkin1_ibufg 
Resolution: The tool has removed redundant IBUF. To resolve this warning, check for redundant IBUF in the input design.
WARNING: [Constraints 18-550] Could not create 'IBUF_LOW_PWR' constraint because net 'SYSCLK2/clk_in1' is not directly connected to top level port. Synthesis is ignored for IBUF_LOW_PWR but preserved for implementation.
Parsing XDC File [c:/Users/81802/Desktop/PAPILLON_FW/PAPILLON_v3/PAPILLON_v3.srcs/sources_1/ip/SYSCLK0/SYSCLK0_board.xdc] for cell 'SYSCLK0/inst'
Finished Parsing XDC File [c:/Users/81802/Desktop/PAPILLON_FW/PAPILLON_v3/PAPILLON_v3.srcs/sources_1/ip/SYSCLK0/SYSCLK0_board.xdc] for cell 'SYSCLK0/inst'
Parsing XDC File [c:/Users/81802/Desktop/PAPILLON_FW/PAPILLON_v3/PAPILLON_v3.srcs/sources_1/ip/SYSCLK0/SYSCLK0.xdc] for cell 'SYSCLK0/inst'
INFO: [Timing 38-35] Done setting XDC timing constraints. [c:/Users/81802/Desktop/PAPILLON_FW/PAPILLON_v3/PAPILLON_v3.srcs/sources_1/ip/SYSCLK0/SYSCLK0.xdc:57]
INFO: [Timing 38-2] Deriving generated clocks [c:/Users/81802/Desktop/PAPILLON_FW/PAPILLON_v3/PAPILLON_v3.srcs/sources_1/ip/SYSCLK0/SYSCLK0.xdc:57]
get_clocks: Time (s): cpu = 00:00:07 ; elapsed = 00:00:07 . Memory (MB): peak = 1509.277 ; gain = 585.652
Finished Parsing XDC File [c:/Users/81802/Desktop/PAPILLON_FW/PAPILLON_v3/PAPILLON_v3.srcs/sources_1/ip/SYSCLK0/SYSCLK0.xdc] for cell 'SYSCLK0/inst'
Parsing XDC File [c:/Users/81802/Desktop/PAPILLON_FW/PAPILLON_v3/PAPILLON_v3.srcs/sources_1/ip/SYSCLK2/SYSCLK2_board.xdc] for cell 'SYSCLK2/inst'
Finished Parsing XDC File [c:/Users/81802/Desktop/PAPILLON_FW/PAPILLON_v3/PAPILLON_v3.srcs/sources_1/ip/SYSCLK2/SYSCLK2_board.xdc] for cell 'SYSCLK2/inst'
Parsing XDC File [c:/Users/81802/Desktop/PAPILLON_FW/PAPILLON_v3/PAPILLON_v3.srcs/sources_1/ip/SYSCLK2/SYSCLK2.xdc] for cell 'SYSCLK2/inst'
INFO: [Timing 38-2] Deriving generated clocks [c:/Users/81802/Desktop/PAPILLON_FW/PAPILLON_v3/PAPILLON_v3.srcs/sources_1/ip/SYSCLK2/SYSCLK2.xdc:57]
Finished Parsing XDC File [c:/Users/81802/Desktop/PAPILLON_FW/PAPILLON_v3/PAPILLON_v3.srcs/sources_1/ip/SYSCLK2/SYSCLK2.xdc] for cell 'SYSCLK2/inst'
Parsing XDC File [c:/Users/81802/Desktop/PAPILLON_FW/PAPILLON_v3/PAPILLON_v3.srcs/sources_1/ip/fifo_generator_1/fifo_generator_1.xdc] for cell 'ADC1_IF/eras_fifo/U0'
Finished Parsing XDC File [c:/Users/81802/Desktop/PAPILLON_FW/PAPILLON_v3/PAPILLON_v3.srcs/sources_1/ip/fifo_generator_1/fifo_generator_1.xdc] for cell 'ADC1_IF/eras_fifo/U0'
Parsing XDC File [c:/Users/81802/Desktop/PAPILLON_FW/PAPILLON_v3/PAPILLON_v3.srcs/sources_1/ip/fifo_generator_1/fifo_generator_1.xdc] for cell 'ADC2_IF/eras_fifo/U0'
Finished Parsing XDC File [c:/Users/81802/Desktop/PAPILLON_FW/PAPILLON_v3/PAPILLON_v3.srcs/sources_1/ip/fifo_generator_1/fifo_generator_1.xdc] for cell 'ADC2_IF/eras_fifo/U0'
Parsing XDC File [c:/Users/81802/Desktop/PAPILLON_FW/PAPILLON_v3/PAPILLON_v3.srcs/sources_1/ip/fifo_generator_1/fifo_generator_1.xdc] for cell 'ADC3_IF/eras_fifo/U0'
Finished Parsing XDC File [c:/Users/81802/Desktop/PAPILLON_FW/PAPILLON_v3/PAPILLON_v3.srcs/sources_1/ip/fifo_generator_1/fifo_generator_1.xdc] for cell 'ADC3_IF/eras_fifo/U0'
Parsing XDC File [C:/Users/81802/Desktop/PAPILLON_FW/PAPILLON_v3/PAPILLON_v3.srcs/constrs_1/imports/papillon_24ch/constrs_1.xdc]
Finished Parsing XDC File [C:/Users/81802/Desktop/PAPILLON_FW/PAPILLON_v3/PAPILLON_v3.srcs/constrs_1/imports/papillon_24ch/constrs_1.xdc]
Parsing XDC File [c:/Users/81802/Desktop/PAPILLON_FW/PAPILLON_v3/PAPILLON_v3.srcs/sources_1/ip/fifo_generator_1/fifo_generator_1_clocks.xdc] for cell 'ADC1_IF/eras_fifo/U0'
Finished Parsing XDC File [c:/Users/81802/Desktop/PAPILLON_FW/PAPILLON_v3/PAPILLON_v3.srcs/sources_1/ip/fifo_generator_1/fifo_generator_1_clocks.xdc] for cell 'ADC1_IF/eras_fifo/U0'
Parsing XDC File [c:/Users/81802/Desktop/PAPILLON_FW/PAPILLON_v3/PAPILLON_v3.srcs/sources_1/ip/fifo_generator_1/fifo_generator_1_clocks.xdc] for cell 'ADC2_IF/eras_fifo/U0'
Finished Parsing XDC File [c:/Users/81802/Desktop/PAPILLON_FW/PAPILLON_v3/PAPILLON_v3.srcs/sources_1/ip/fifo_generator_1/fifo_generator_1_clocks.xdc] for cell 'ADC2_IF/eras_fifo/U0'
Parsing XDC File [c:/Users/81802/Desktop/PAPILLON_FW/PAPILLON_v3/PAPILLON_v3.srcs/sources_1/ip/fifo_generator_1/fifo_generator_1_clocks.xdc] for cell 'ADC3_IF/eras_fifo/U0'
Finished Parsing XDC File [c:/Users/81802/Desktop/PAPILLON_FW/PAPILLON_v3/PAPILLON_v3.srcs/sources_1/ip/fifo_generator_1/fifo_generator_1_clocks.xdc] for cell 'ADC3_IF/eras_fifo/U0'
Sourcing Tcl File [C:/Xilinx/Vivado/2019.2/data/ip/xpm/xpm_cdc/tcl/xpm_cdc_async_rst.tcl] for cell 'ADC1_IF/eras_fifo/U0/inst_fifo_gen/gconvfifo.rf/grf.rf/rstblk/ngwrdrst.grst.g7serrst.gnsckt_wrst.gic_rst.rst_rd_reg2_inst'
Finished Sourcing Tcl File [C:/Xilinx/Vivado/2019.2/data/ip/xpm/xpm_cdc/tcl/xpm_cdc_async_rst.tcl] for cell 'ADC1_IF/eras_fifo/U0/inst_fifo_gen/gconvfifo.rf/grf.rf/rstblk/ngwrdrst.grst.g7serrst.gnsckt_wrst.gic_rst.rst_rd_reg2_inst'
Sourcing Tcl File [C:/Xilinx/Vivado/2019.2/data/ip/xpm/xpm_cdc/tcl/xpm_cdc_async_rst.tcl] for cell 'ADC2_IF/eras_fifo/U0/inst_fifo_gen/gconvfifo.rf/grf.rf/rstblk/ngwrdrst.grst.g7serrst.gnsckt_wrst.gic_rst.rst_rd_reg2_inst'
Finished Sourcing Tcl File [C:/Xilinx/Vivado/2019.2/data/ip/xpm/xpm_cdc/tcl/xpm_cdc_async_rst.tcl] for cell 'ADC2_IF/eras_fifo/U0/inst_fifo_gen/gconvfifo.rf/grf.rf/rstblk/ngwrdrst.grst.g7serrst.gnsckt_wrst.gic_rst.rst_rd_reg2_inst'
Sourcing Tcl File [C:/Xilinx/Vivado/2019.2/data/ip/xpm/xpm_cdc/tcl/xpm_cdc_async_rst.tcl] for cell 'ADC3_IF/eras_fifo/U0/inst_fifo_gen/gconvfifo.rf/grf.rf/rstblk/ngwrdrst.grst.g7serrst.gnsckt_wrst.gic_rst.rst_rd_reg2_inst'
Finished Sourcing Tcl File [C:/Xilinx/Vivado/2019.2/data/ip/xpm/xpm_cdc/tcl/xpm_cdc_async_rst.tcl] for cell 'ADC3_IF/eras_fifo/U0/inst_fifo_gen/gconvfifo.rf/grf.rf/rstblk/ngwrdrst.grst.g7serrst.gnsckt_wrst.gic_rst.rst_rd_reg2_inst'
Sourcing Tcl File [C:/Xilinx/Vivado/2019.2/data/ip/xpm/xpm_cdc/tcl/xpm_cdc_async_rst.tcl] for cell 'ADC1_IF/eras_fifo/U0/inst_fifo_gen/gconvfifo.rf/grf.rf/rstblk/ngwrdrst.grst.g7serrst.gnsckt_wrst.rst_wr_reg2_inst'
Finished Sourcing Tcl File [C:/Xilinx/Vivado/2019.2/data/ip/xpm/xpm_cdc/tcl/xpm_cdc_async_rst.tcl] for cell 'ADC1_IF/eras_fifo/U0/inst_fifo_gen/gconvfifo.rf/grf.rf/rstblk/ngwrdrst.grst.g7serrst.gnsckt_wrst.rst_wr_reg2_inst'
Sourcing Tcl File [C:/Xilinx/Vivado/2019.2/data/ip/xpm/xpm_cdc/tcl/xpm_cdc_async_rst.tcl] for cell 'ADC2_IF/eras_fifo/U0/inst_fifo_gen/gconvfifo.rf/grf.rf/rstblk/ngwrdrst.grst.g7serrst.gnsckt_wrst.rst_wr_reg2_inst'
Finished Sourcing Tcl File [C:/Xilinx/Vivado/2019.2/data/ip/xpm/xpm_cdc/tcl/xpm_cdc_async_rst.tcl] for cell 'ADC2_IF/eras_fifo/U0/inst_fifo_gen/gconvfifo.rf/grf.rf/rstblk/ngwrdrst.grst.g7serrst.gnsckt_wrst.rst_wr_reg2_inst'
Sourcing Tcl File [C:/Xilinx/Vivado/2019.2/data/ip/xpm/xpm_cdc/tcl/xpm_cdc_async_rst.tcl] for cell 'ADC3_IF/eras_fifo/U0/inst_fifo_gen/gconvfifo.rf/grf.rf/rstblk/ngwrdrst.grst.g7serrst.gnsckt_wrst.rst_wr_reg2_inst'
Finished Sourcing Tcl File [C:/Xilinx/Vivado/2019.2/data/ip/xpm/xpm_cdc/tcl/xpm_cdc_async_rst.tcl] for cell 'ADC3_IF/eras_fifo/U0/inst_fifo_gen/gconvfifo.rf/grf.rf/rstblk/ngwrdrst.grst.g7serrst.gnsckt_wrst.rst_wr_reg2_inst'
Sourcing Tcl File [C:/Xilinx/Vivado/2019.2/data/ip/xpm/xpm_cdc/tcl/xpm_cdc_gray.tcl] for cell 'ADC1_IF/eras_fifo/U0/inst_fifo_gen/gconvfifo.rf/grf.rf/gntv_or_sync_fifo.gcx.clkx/rd_pntr_cdc_inst'
Finished Sourcing Tcl File [C:/Xilinx/Vivado/2019.2/data/ip/xpm/xpm_cdc/tcl/xpm_cdc_gray.tcl] for cell 'ADC1_IF/eras_fifo/U0/inst_fifo_gen/gconvfifo.rf/grf.rf/gntv_or_sync_fifo.gcx.clkx/rd_pntr_cdc_inst'
Sourcing Tcl File [C:/Xilinx/Vivado/2019.2/data/ip/xpm/xpm_cdc/tcl/xpm_cdc_gray.tcl] for cell 'ADC2_IF/eras_fifo/U0/inst_fifo_gen/gconvfifo.rf/grf.rf/gntv_or_sync_fifo.gcx.clkx/rd_pntr_cdc_inst'
Finished Sourcing Tcl File [C:/Xilinx/Vivado/2019.2/data/ip/xpm/xpm_cdc/tcl/xpm_cdc_gray.tcl] for cell 'ADC2_IF/eras_fifo/U0/inst_fifo_gen/gconvfifo.rf/grf.rf/gntv_or_sync_fifo.gcx.clkx/rd_pntr_cdc_inst'
Sourcing Tcl File [C:/Xilinx/Vivado/2019.2/data/ip/xpm/xpm_cdc/tcl/xpm_cdc_gray.tcl] for cell 'ADC3_IF/eras_fifo/U0/inst_fifo_gen/gconvfifo.rf/grf.rf/gntv_or_sync_fifo.gcx.clkx/rd_pntr_cdc_inst'
Finished Sourcing Tcl File [C:/Xilinx/Vivado/2019.2/data/ip/xpm/xpm_cdc/tcl/xpm_cdc_gray.tcl] for cell 'ADC3_IF/eras_fifo/U0/inst_fifo_gen/gconvfifo.rf/grf.rf/gntv_or_sync_fifo.gcx.clkx/rd_pntr_cdc_inst'
Sourcing Tcl File [C:/Xilinx/Vivado/2019.2/data/ip/xpm/xpm_cdc/tcl/xpm_cdc_gray.tcl] for cell 'ADC1_IF/eras_fifo/U0/inst_fifo_gen/gconvfifo.rf/grf.rf/gntv_or_sync_fifo.gcx.clkx/wr_pntr_cdc_inst'
Finished Sourcing Tcl File [C:/Xilinx/Vivado/2019.2/data/ip/xpm/xpm_cdc/tcl/xpm_cdc_gray.tcl] for cell 'ADC1_IF/eras_fifo/U0/inst_fifo_gen/gconvfifo.rf/grf.rf/gntv_or_sync_fifo.gcx.clkx/wr_pntr_cdc_inst'
Sourcing Tcl File [C:/Xilinx/Vivado/2019.2/data/ip/xpm/xpm_cdc/tcl/xpm_cdc_gray.tcl] for cell 'ADC2_IF/eras_fifo/U0/inst_fifo_gen/gconvfifo.rf/grf.rf/gntv_or_sync_fifo.gcx.clkx/wr_pntr_cdc_inst'
Finished Sourcing Tcl File [C:/Xilinx/Vivado/2019.2/data/ip/xpm/xpm_cdc/tcl/xpm_cdc_gray.tcl] for cell 'ADC2_IF/eras_fifo/U0/inst_fifo_gen/gconvfifo.rf/grf.rf/gntv_or_sync_fifo.gcx.clkx/wr_pntr_cdc_inst'
Sourcing Tcl File [C:/Xilinx/Vivado/2019.2/data/ip/xpm/xpm_cdc/tcl/xpm_cdc_gray.tcl] for cell 'ADC3_IF/eras_fifo/U0/inst_fifo_gen/gconvfifo.rf/grf.rf/gntv_or_sync_fifo.gcx.clkx/wr_pntr_cdc_inst'
Finished Sourcing Tcl File [C:/Xilinx/Vivado/2019.2/data/ip/xpm/xpm_cdc/tcl/xpm_cdc_gray.tcl] for cell 'ADC3_IF/eras_fifo/U0/inst_fifo_gen/gconvfifo.rf/grf.rf/gntv_or_sync_fifo.gcx.clkx/wr_pntr_cdc_inst'
Sourcing Tcl File [C:/Xilinx/Vivado/2019.2/data/ip/xpm/xpm_cdc/tcl/xpm_cdc_single.tcl] for cell 'ADC1_IF/eras_fifo/U0/inst_fifo_gen/gconvfifo.rf/grf.rf/rstblk/ngwrdrst.grst.g7serrst.gnsckt_wrst.gic_rst.xpm_cdc_single_inst_rrst_wr'
Finished Sourcing Tcl File [C:/Xilinx/Vivado/2019.2/data/ip/xpm/xpm_cdc/tcl/xpm_cdc_single.tcl] for cell 'ADC1_IF/eras_fifo/U0/inst_fifo_gen/gconvfifo.rf/grf.rf/rstblk/ngwrdrst.grst.g7serrst.gnsckt_wrst.gic_rst.xpm_cdc_single_inst_rrst_wr'
Sourcing Tcl File [C:/Xilinx/Vivado/2019.2/data/ip/xpm/xpm_cdc/tcl/xpm_cdc_single.tcl] for cell 'ADC2_IF/eras_fifo/U0/inst_fifo_gen/gconvfifo.rf/grf.rf/rstblk/ngwrdrst.grst.g7serrst.gnsckt_wrst.gic_rst.xpm_cdc_single_inst_rrst_wr'
Finished Sourcing Tcl File [C:/Xilinx/Vivado/2019.2/data/ip/xpm/xpm_cdc/tcl/xpm_cdc_single.tcl] for cell 'ADC2_IF/eras_fifo/U0/inst_fifo_gen/gconvfifo.rf/grf.rf/rstblk/ngwrdrst.grst.g7serrst.gnsckt_wrst.gic_rst.xpm_cdc_single_inst_rrst_wr'
Sourcing Tcl File [C:/Xilinx/Vivado/2019.2/data/ip/xpm/xpm_cdc/tcl/xpm_cdc_single.tcl] for cell 'ADC3_IF/eras_fifo/U0/inst_fifo_gen/gconvfifo.rf/grf.rf/rstblk/ngwrdrst.grst.g7serrst.gnsckt_wrst.gic_rst.xpm_cdc_single_inst_rrst_wr'
Finished Sourcing Tcl File [C:/Xilinx/Vivado/2019.2/data/ip/xpm/xpm_cdc/tcl/xpm_cdc_single.tcl] for cell 'ADC3_IF/eras_fifo/U0/inst_fifo_gen/gconvfifo.rf/grf.rf/rstblk/ngwrdrst.grst.g7serrst.gnsckt_wrst.gic_rst.xpm_cdc_single_inst_rrst_wr'
Sourcing Tcl File [C:/Xilinx/Vivado/2019.2/data/ip/xpm/xpm_cdc/tcl/xpm_cdc_single.tcl] for cell 'ADC1_IF/eras_fifo/U0/inst_fifo_gen/gconvfifo.rf/grf.rf/rstblk/ngwrdrst.grst.g7serrst.gnsckt_wrst.gic_rst.xpm_cdc_single_inst_wrst_rd'
Finished Sourcing Tcl File [C:/Xilinx/Vivado/2019.2/data/ip/xpm/xpm_cdc/tcl/xpm_cdc_single.tcl] for cell 'ADC1_IF/eras_fifo/U0/inst_fifo_gen/gconvfifo.rf/grf.rf/rstblk/ngwrdrst.grst.g7serrst.gnsckt_wrst.gic_rst.xpm_cdc_single_inst_wrst_rd'
Sourcing Tcl File [C:/Xilinx/Vivado/2019.2/data/ip/xpm/xpm_cdc/tcl/xpm_cdc_single.tcl] for cell 'ADC2_IF/eras_fifo/U0/inst_fifo_gen/gconvfifo.rf/grf.rf/rstblk/ngwrdrst.grst.g7serrst.gnsckt_wrst.gic_rst.xpm_cdc_single_inst_wrst_rd'
Finished Sourcing Tcl File [C:/Xilinx/Vivado/2019.2/data/ip/xpm/xpm_cdc/tcl/xpm_cdc_single.tcl] for cell 'ADC2_IF/eras_fifo/U0/inst_fifo_gen/gconvfifo.rf/grf.rf/rstblk/ngwrdrst.grst.g7serrst.gnsckt_wrst.gic_rst.xpm_cdc_single_inst_wrst_rd'
Sourcing Tcl File [C:/Xilinx/Vivado/2019.2/data/ip/xpm/xpm_cdc/tcl/xpm_cdc_single.tcl] for cell 'ADC3_IF/eras_fifo/U0/inst_fifo_gen/gconvfifo.rf/grf.rf/rstblk/ngwrdrst.grst.g7serrst.gnsckt_wrst.gic_rst.xpm_cdc_single_inst_wrst_rd'
Finished Sourcing Tcl File [C:/Xilinx/Vivado/2019.2/data/ip/xpm/xpm_cdc/tcl/xpm_cdc_single.tcl] for cell 'ADC3_IF/eras_fifo/U0/inst_fifo_gen/gconvfifo.rf/grf.rf/rstblk/ngwrdrst.grst.g7serrst.gnsckt_wrst.gic_rst.xpm_cdc_single_inst_wrst_rd'
INFO: [Opt 31-138] Pushed 0 inverter(s) to 0 load pin(s).
Netlist sorting complete. Time (s): cpu = 00:00:00 ; elapsed = 00:00:00.005 . Memory (MB): peak = 1513.223 ; gain = 0.000
INFO: [Project 1-111] Unisim Transformation Summary:
  A total of 15 instances were transformed.
  IOBUF => IOBUF (IBUF, OBUFT): 3 instances
  OBUFDS => OBUFDS: 4 instances
  RAM32X1S => RAM32X1S (RAMS32): 8 instances

14 Infos, 2 Warnings, 0 Critical Warnings and 0 Errors encountered.
link_design completed successfully
link_design: Time (s): cpu = 00:00:14 ; elapsed = 00:00:14 . Memory (MB): peak = 1513.223 ; gain = 1055.039
Command: opt_design
Attempting to get a license for feature 'Implementation' and/or device 'xc7a100t'
INFO: [Common 17-349] Got license for feature 'Implementation' and/or device 'xc7a100t'
Running DRC as a precondition to command opt_design

Starting DRC Task
INFO: [DRC 23-27] Running DRC with 2 threads
WARNING: [DRC RPBF-3] IO port buffering is incomplete: Device port ETH_MDIO expects both input and output buffering but the buffers are incomplete.
INFO: [Project 1-461] DRC finished with 0 Errors, 1 Warnings
INFO: [Project 1-462] Please refer to the DRC report (report_drc) for more information.

Time (s): cpu = 00:00:01 ; elapsed = 00:00:00.622 . Memory (MB): peak = 1513.223 ; gain = 0.000

Starting Cache Timing Information Task
INFO: [Timing 38-35] Done setting XDC timing constraints.
Ending Cache Timing Information Task | Checksum: ee360fa3

Time (s): cpu = 00:00:00 ; elapsed = 00:00:00.345 . Memory (MB): peak = 1513.223 ; gain = 0.000

Starting Logic Optimization Task

Phase 1 Generate And Synthesize Debug Cores
INFO: [Chipscope 16-329] Generating Script for core instance : dbg_hub 
INFO: [IP_Flow 19-3806] Processing IP xilinx.com:ip:xsdbm:3.0 for cell dbg_hub_CV.
INFO: [Chipscope 16-329] Generating Script for core instance : u_ila_0 
INFO: [IP_Flow 19-3806] Processing IP xilinx.com:ip:ila:6.2 for cell u_ila_0_CV.
INFO: [Chipscope 16-220] Re-using generated and synthesized IP, "xilinx.com:ip:xsdbm:3.0", from Vivado IP cache entry "dfddd7f38efb7ae9".
INFO: [Chipscope 16-220] Re-using generated and synthesized IP, "xilinx.com:ip:ila:6.2", from Vivado IP cache entry "64c86f41250d162a".
Netlist sorting complete. Time (s): cpu = 00:00:01 ; elapsed = 00:00:00.049 . Memory (MB): peak = 1720.445 ; gain = 0.000
Phase 1 Generate And Synthesize Debug Cores | Checksum: f4c4894b

Time (s): cpu = 00:00:03 ; elapsed = 00:00:16 . Memory (MB): peak = 1720.445 ; gain = 58.512

Phase 2 Retarget
INFO: [Opt 31-138] Pushed 2 inverter(s) to 6 load pin(s).
INFO: [Opt 31-49] Retargeted 0 cell(s).
Phase 2 Retarget | Checksum: 1627dbd8b

Time (s): cpu = 00:00:03 ; elapsed = 00:00:17 . Memory (MB): peak = 1720.445 ; gain = 58.512
INFO: [Opt 31-389] Phase Retarget created 157 cells and removed 454 cells
INFO: [Opt 31-1021] In phase Retarget, 83 netlist objects are constrained preventing optimization. Please run opt_design with -debug_log to get more detail. 

Phase 3 Constant propagation
INFO: [Opt 31-138] Pushed 0 inverter(s) to 0 load pin(s).
Phase 3 Constant propagation | Checksum: 1c4a71072

Time (s): cpu = 00:00:04 ; elapsed = 00:00:17 . Memory (MB): peak = 1720.445 ; gain = 58.512
INFO: [Opt 31-389] Phase Constant propagation created 66 cells and removed 1418 cells
INFO: [Opt 31-1021] In phase Constant propagation, 65 netlist objects are constrained preventing optimization. Please run opt_design with -debug_log to get more detail. 

Phase 4 Sweep
INFO: [Opt 31-120] Instance ADC_SiTCP_RING (ADC_SiTCP_RING) has been optimized to an empty box cell during sweep but it has constraints that prevent its removal. Empty box cells do not impact the implementation flow but they have no functional relevance.
Resolution: If this is not expected, please check for DONT_TOUCH properties or timing constraint set on the empty box cell or on nets connected to the cell. If found, remove the relevant DONT_TOUCH property or timing constraint and re-run opt_design.
INFO: [Opt 31-120] Instance ADC_SiTCP_RAW (ADC_SiTCP_RAW) has been optimized to an empty box cell during sweep but it has constraints that prevent its removal. Empty box cells do not impact the implementation flow but they have no functional relevance.
Resolution: If this is not expected, please check for DONT_TOUCH properties or timing constraint set on the empty box cell or on nets connected to the cell. If found, remove the relevant DONT_TOUCH property or timing constraint and re-run opt_design.
Phase 4 Sweep | Checksum: 1f23b0496

Time (s): cpu = 00:00:07 ; elapsed = 00:00:20 . Memory (MB): peak = 1720.445 ; gain = 58.512
INFO: [Opt 31-389] Phase Sweep created 50 cells and removed 2450 cells
INFO: [Opt 31-1021] In phase Sweep, 911 netlist objects are constrained preventing optimization. Please run opt_design with -debug_log to get more detail. 

Phase 5 BUFG optimization
INFO: [Opt 31-1112] Starts optimizing BUFG(s) with a common MMCM/DPLL/XPLL driver.
INFO: [Opt 31-1112] Starts optimizing BUFG(s) with a common driver.
INFO: [Opt 31-1092] Phase BUFG optimization transformed 0 BUFG(s) to MBUFG(s).
Phase 5 BUFG optimization | Checksum: 1f23b0496

Time (s): cpu = 00:00:07 ; elapsed = 00:00:20 . Memory (MB): peak = 1720.445 ; gain = 58.512
INFO: [Opt 31-662] Phase BUFG optimization created 0 cells of which 0 are BUFGs and removed 0 cells.

Phase 6 Shift Register Optimization
INFO: [Opt 31-1064] SRL Remap converted 0 SRLs to 0 registers and converted 0 registers of register chains to 0 SRLs
Phase 6 Shift Register Optimization | Checksum: 1f23b0496

Time (s): cpu = 00:00:07 ; elapsed = 00:00:20 . Memory (MB): peak = 1720.445 ; gain = 58.512
INFO: [Opt 31-389] Phase Shift Register Optimization created 0 cells and removed 0 cells

Phase 7 Post Processing Netlist
Phase 7 Post Processing Netlist | Checksum: 1a91aaa7a

Time (s): cpu = 00:00:07 ; elapsed = 00:00:20 . Memory (MB): peak = 1720.445 ; gain = 58.512
INFO: [Opt 31-389] Phase Post Processing Netlist created 0 cells and removed 0 cells
INFO: [Opt 31-1021] In phase Post Processing Netlist, 82 netlist objects are constrained preventing optimization. Please run opt_design with -debug_log to get more detail. 
Opt_design Change Summary
=========================


-------------------------------------------------------------------------------------------------------------------------
|  Phase                        |  #Cells created  |  #Cells Removed  |  #Constrained objects preventing optimizations  |
-------------------------------------------------------------------------------------------------------------------------
|  Retarget                     |             157  |             454  |                                             83  |
|  Constant propagation         |              66  |            1418  |                                             65  |
|  Sweep                        |              50  |            2450  |                                            911  |
|  BUFG optimization            |               0  |               0  |                                              0  |
|  Shift Register Optimization  |               0  |               0  |                                              0  |
|  Post Processing Netlist      |               0  |               0  |                                             82  |
-------------------------------------------------------------------------------------------------------------------------



Starting Connectivity Check Task

Time (s): cpu = 00:00:00 ; elapsed = 00:00:00.013 . Memory (MB): peak = 1720.445 ; gain = 0.000
Ending Logic Optimization Task | Checksum: 263bf2998

Time (s): cpu = 00:00:07 ; elapsed = 00:00:21 . Memory (MB): peak = 1720.445 ; gain = 58.512

Starting Power Optimization Task
INFO: [Pwropt 34-132] Skipping clock gating for clocks with a period < 2.00 ns.
INFO: [Timing 38-35] Done setting XDC timing constraints.
INFO: [Pwropt 34-9] Applying IDT optimizations ...
INFO: [Pwropt 34-10] Applying ODC optimizations ...
INFO: [Physopt 32-619] Estimated Timing Summary | WNS=-0.190 | TNS=-1.049 |
Running Vector-less Activity Propagation...

Finished Running Vector-less Activity Propagation


Starting PowerOpt Patch Enables Task
INFO: [Pwropt 34-162] WRITE_MODE attribute of 0 BRAM(s) out of a total of 8 has been updated to save power. Run report_power_opt to get a complete listing of the BRAMs updated.
INFO: [Pwropt 34-201] Structural ODC has moved 7 WE to EN ports
Number of BRAM Ports augmented: 1 newly gated: 18 Total Ports: 16
Number of Flops added for Enable Generation: 1

Ending PowerOpt Patch Enables Task | Checksum: 1daa3a931

Time (s): cpu = 00:00:00 ; elapsed = 00:00:00.052 . Memory (MB): peak = 1953.063 ; gain = 0.000
Ending Power Optimization Task | Checksum: 1daa3a931

Time (s): cpu = 00:00:04 ; elapsed = 00:00:02 . Memory (MB): peak = 1953.063 ; gain = 232.617

Starting Final Cleanup Task

Starting Logic Optimization Task
INFO: [Timing 38-35] Done setting XDC timing constraints.
INFO: [Opt 31-1112] Starts optimizing BUFG(s) with a common MMCM/DPLL/XPLL driver.
INFO: [Opt 31-1112] Starts optimizing BUFG(s) with a common driver.
INFO: [Opt 31-1092] Phase BUFG optimization transformed 0 BUFG(s) to MBUFG(s).
Ending Logic Optimization Task | Checksum: 194b56608

Time (s): cpu = 00:00:01 ; elapsed = 00:00:00.771 . Memory (MB): peak = 1953.063 ; gain = 0.000
Ending Final Cleanup Task | Checksum: 194b56608

Time (s): cpu = 00:00:03 ; elapsed = 00:00:02 . Memory (MB): peak = 1953.063 ; gain = 0.000

Starting Netlist Obfuscation Task
Netlist sorting complete. Time (s): cpu = 00:00:00 ; elapsed = 00:00:00.002 . Memory (MB): peak = 1953.063 ; gain = 0.000
Ending Netlist Obfuscation Task | Checksum: 194b56608

Time (s): cpu = 00:00:00 ; elapsed = 00:00:00.003 . Memory (MB): peak = 1953.063 ; gain = 0.000
INFO: [Common 17-83] Releasing license: Implementation
62 Infos, 3 Warnings, 0 Critical Warnings and 0 Errors encountered.
opt_design completed successfully
opt_design: Time (s): cpu = 00:00:17 ; elapsed = 00:00:28 . Memory (MB): peak = 1953.063 ; gain = 439.840
INFO: [Timing 38-35] Done setting XDC timing constraints.
Netlist sorting complete. Time (s): cpu = 00:00:00 ; elapsed = 00:00:00.003 . Memory (MB): peak = 1953.063 ; gain = 0.000
INFO: [Timing 38-480] Writing timing data to binary archive.
Writing placer database...
Writing XDEF routing.
Writing XDEF routing logical nets.
Writing XDEF routing special nets.
Write XDEF Complete: Time (s): cpu = 00:00:01 ; elapsed = 00:00:00.033 . Memory (MB): peak = 1953.063 ; gain = 0.000
INFO: [Common 17-1381] The checkpoint 'C:/Users/81802/Desktop/PAPILLON_FW/PAPILLON_v3/PAPILLON_v3.runs/impl_1/ADC_SiTCP_V20_opt.dcp' has been generated.
INFO: [runtcl-4] Executing : report_drc -file ADC_SiTCP_V20_drc_opted.rpt -pb ADC_SiTCP_V20_drc_opted.pb -rpx ADC_SiTCP_V20_drc_opted.rpx
Command: report_drc -file ADC_SiTCP_V20_drc_opted.rpt -pb ADC_SiTCP_V20_drc_opted.pb -rpx ADC_SiTCP_V20_drc_opted.rpx
INFO: [IP_Flow 19-1839] IP Catalog is up to date.
INFO: [DRC 23-27] Running DRC with 2 threads
INFO: [Coretcl 2-168] The results of DRC are in file C:/Users/81802/Desktop/PAPILLON_FW/PAPILLON_v3/PAPILLON_v3.runs/impl_1/ADC_SiTCP_V20_drc_opted.rpt.
report_drc completed successfully
INFO: [Chipscope 16-240] Debug cores have already been implemented
Command: place_design
Attempting to get a license for feature 'Implementation' and/or device 'xc7a100t'
INFO: [Common 17-349] Got license for feature 'Implementation' and/or device 'xc7a100t'
INFO: [DRC 23-27] Running DRC with 2 threads
INFO: [Vivado_Tcl 4-198] DRC finished with 0 Errors
INFO: [Vivado_Tcl 4-199] Please refer to the DRC report (report_drc) for more information.
Running DRC as a precondition to command place_design
INFO: [DRC 23-27] Running DRC with 2 threads
WARNING: [DRC REQP-1839] RAMB36 async control check: The RAMB36E1 SiTCP/SiTCP/GMII/GMII_RXBUF/RX_BUF/Mram_RAM has an input control pin SiTCP/SiTCP/GMII/GMII_RXBUF/RX_BUF/Mram_RAM/ADDRBWRADDR[10] (net: SiTCP/SiTCP/GMII/GMII_RXBUF/rdAddr[7]) which is driven by a register (SiTCP/SiTCP/GMII/GMII_RXBUF/rdAddr_7) that has an active asychronous set or reset. This may cause corruption of the memory contents and/or read values when the set/reset is asserted and is not analyzed by the default static timing analysis. It is suggested to eliminate the use of a set/reset to registers driving this RAMB pin or else use a synchronous reset in which the assertion of the reset is timed by default.
WARNING: [DRC REQP-1839] RAMB36 async control check: The RAMB36E1 SiTCP/SiTCP/GMII/GMII_RXBUF/RX_BUF/Mram_RAM has an input control pin SiTCP/SiTCP/GMII/GMII_RXBUF/RX_BUF/Mram_RAM/ADDRBWRADDR[11] (net: SiTCP/SiTCP/GMII/GMII_RXBUF/rdAddr[8]) which is driven by a register (SiTCP/SiTCP/GMII/GMII_RXBUF/rdAddr_8) that has an active asychronous set or reset. This may cause corruption of the memory contents and/or read values when the set/reset is asserted and is not analyzed by the default static timing analysis. It is suggested to eliminate the use of a set/reset to registers driving this RAMB pin or else use a synchronous reset in which the assertion of the reset is timed by default.
WARNING: [DRC REQP-1839] RAMB36 async control check: The RAMB36E1 SiTCP/SiTCP/GMII/GMII_RXBUF/RX_BUF/Mram_RAM has an input control pin SiTCP/SiTCP/GMII/GMII_RXBUF/RX_BUF/Mram_RAM/ADDRBWRADDR[12] (net: SiTCP/SiTCP/GMII/GMII_RXBUF/rdAddr[9]) which is driven by a register (SiTCP/SiTCP/GMII/GMII_RXBUF/rdAddr_9) that has an active asychronous set or reset. This may cause corruption of the memory contents and/or read values when the set/reset is asserted and is not analyzed by the default static timing analysis. It is suggested to eliminate the use of a set/reset to registers driving this RAMB pin or else use a synchronous reset in which the assertion of the reset is timed by default.
WARNING: [DRC REQP-1839] RAMB36 async control check: The RAMB36E1 SiTCP/SiTCP/GMII/GMII_RXBUF/RX_BUF/Mram_RAM has an input control pin SiTCP/SiTCP/GMII/GMII_RXBUF/RX_BUF/Mram_RAM/ADDRBWRADDR[13] (net: SiTCP/SiTCP/GMII/GMII_RXBUF/rdAddr[10]) which is driven by a register (SiTCP/SiTCP/GMII/GMII_RXBUF/rdAddr_10) that has an active asychronous set or reset. This may cause corruption of the memory contents and/or read values when the set/reset is asserted and is not analyzed by the default static timing analysis. It is suggested to eliminate the use of a set/reset to registers driving this RAMB pin or else use a synchronous reset in which the assertion of the reset is timed by default.
WARNING: [DRC REQP-1839] RAMB36 async control check: The RAMB36E1 SiTCP/SiTCP/GMII/GMII_RXBUF/RX_BUF/Mram_RAM has an input control pin SiTCP/SiTCP/GMII/GMII_RXBUF/RX_BUF/Mram_RAM/ADDRBWRADDR[14] (net: SiTCP/SiTCP/GMII/GMII_RXBUF/rdAddr[11]) which is driven by a register (SiTCP/SiTCP/GMII/GMII_RXBUF/rdAddr_11) that has an active asychronous set or reset. This may cause corruption of the memory contents and/or read values when the set/reset is asserted and is not analyzed by the default static timing analysis. It is suggested to eliminate the use of a set/reset to registers driving this RAMB pin or else use a synchronous reset in which the assertion of the reset is timed by default.
WARNING: [DRC REQP-1839] RAMB36 async control check: The RAMB36E1 SiTCP/SiTCP/GMII/GMII_RXBUF/RX_BUF/Mram_RAM has an input control pin SiTCP/SiTCP/GMII/GMII_RXBUF/RX_BUF/Mram_RAM/ADDRBWRADDR[3] (net: SiTCP/SiTCP/GMII/GMII_RXBUF/rdAddr[0]) which is driven by a register (SiTCP/SiTCP/GMII/GMII_RXBUF/rdAddr_0) that has an active asychronous set or reset. This may cause corruption of the memory contents and/or read values when the set/reset is asserted and is not analyzed by the default static timing analysis. It is suggested to eliminate the use of a set/reset to registers driving this RAMB pin or else use a synchronous reset in which the assertion of the reset is timed by default.
WARNING: [DRC REQP-1839] RAMB36 async control check: The RAMB36E1 SiTCP/SiTCP/GMII/GMII_RXBUF/RX_BUF/Mram_RAM has an input control pin SiTCP/SiTCP/GMII/GMII_RXBUF/RX_BUF/Mram_RAM/ADDRBWRADDR[4] (net: SiTCP/SiTCP/GMII/GMII_RXBUF/rdAddr[1]) which is driven by a register (SiTCP/SiTCP/GMII/GMII_RXBUF/rdAddr_1) that has an active asychronous set or reset. This may cause corruption of the memory contents and/or read values when the set/reset is asserted and is not analyzed by the default static timing analysis. It is suggested to eliminate the use of a set/reset to registers driving this RAMB pin or else use a synchronous reset in which the assertion of the reset is timed by default.
WARNING: [DRC REQP-1839] RAMB36 async control check: The RAMB36E1 SiTCP/SiTCP/GMII/GMII_RXBUF/RX_BUF/Mram_RAM has an input control pin SiTCP/SiTCP/GMII/GMII_RXBUF/RX_BUF/Mram_RAM/ADDRBWRADDR[5] (net: SiTCP/SiTCP/GMII/GMII_RXBUF/rdAddr[2]) which is driven by a register (SiTCP/SiTCP/GMII/GMII_RXBUF/rdAddr_2) that has an active asychronous set or reset. This may cause corruption of the memory contents and/or read values when the set/reset is asserted and is not analyzed by the default static timing analysis. It is suggested to eliminate the use of a set/reset to registers driving this RAMB pin or else use a synchronous reset in which the assertion of the reset is timed by default.
WARNING: [DRC REQP-1839] RAMB36 async control check: The RAMB36E1 SiTCP/SiTCP/GMII/GMII_RXBUF/RX_BUF/Mram_RAM has an input control pin SiTCP/SiTCP/GMII/GMII_RXBUF/RX_BUF/Mram_RAM/ADDRBWRADDR[6] (net: SiTCP/SiTCP/GMII/GMII_RXBUF/rdAddr[3]) which is driven by a register (SiTCP/SiTCP/GMII/GMII_RXBUF/rdAddr_3) that has an active asychronous set or reset. This may cause corruption of the memory contents and/or read values when the set/reset is asserted and is not analyzed by the default static timing analysis. It is suggested to eliminate the use of a set/reset to registers driving this RAMB pin or else use a synchronous reset in which the assertion of the reset is timed by default.
WARNING: [DRC REQP-1839] RAMB36 async control check: The RAMB36E1 SiTCP/SiTCP/GMII/GMII_RXBUF/RX_BUF/Mram_RAM has an input control pin SiTCP/SiTCP/GMII/GMII_RXBUF/RX_BUF/Mram_RAM/ADDRBWRADDR[7] (net: SiTCP/SiTCP/GMII/GMII_RXBUF/rdAddr[4]) which is driven by a register (SiTCP/SiTCP/GMII/GMII_RXBUF/rdAddr_4) that has an active asychronous set or reset. This may cause corruption of the memory contents and/or read values when the set/reset is asserted and is not analyzed by the default static timing analysis. It is suggested to eliminate the use of a set/reset to registers driving this RAMB pin or else use a synchronous reset in which the assertion of the reset is timed by default.
WARNING: [DRC REQP-1839] RAMB36 async control check: The RAMB36E1 SiTCP/SiTCP/GMII/GMII_RXBUF/RX_BUF/Mram_RAM has an input control pin SiTCP/SiTCP/GMII/GMII_RXBUF/RX_BUF/Mram_RAM/ADDRBWRADDR[8] (net: SiTCP/SiTCP/GMII/GMII_RXBUF/rdAddr[5]) which is driven by a register (SiTCP/SiTCP/GMII/GMII_RXBUF/rdAddr_5) that has an active asychronous set or reset. This may cause corruption of the memory contents and/or read values when the set/reset is asserted and is not analyzed by the default static timing analysis. It is suggested to eliminate the use of a set/reset to registers driving this RAMB pin or else use a synchronous reset in which the assertion of the reset is timed by default.
WARNING: [DRC REQP-1839] RAMB36 async control check: The RAMB36E1 SiTCP/SiTCP/GMII/GMII_RXBUF/RX_BUF/Mram_RAM has an input control pin SiTCP/SiTCP/GMII/GMII_RXBUF/RX_BUF/Mram_RAM/ADDRBWRADDR[9] (net: SiTCP/SiTCP/GMII/GMII_RXBUF/rdAddr[6]) which is driven by a register (SiTCP/SiTCP/GMII/GMII_RXBUF/rdAddr_6) that has an active asychronous set or reset. This may cause corruption of the memory contents and/or read values when the set/reset is asserted and is not analyzed by the default static timing analysis. It is suggested to eliminate the use of a set/reset to registers driving this RAMB pin or else use a synchronous reset in which the assertion of the reset is timed by default.
WARNING: [DRC REQP-1839] RAMB36 async control check: The RAMB36E1 SiTCP/SiTCP/GMII/GMII_RXBUF/RX_BUF/Mram_RAM has an input control pin SiTCP/SiTCP/GMII/GMII_RXBUF/RX_BUF/Mram_RAM/ENBWREN (net: SiTCP/SiTCP/GMII/GMII_RXBUF/RX_BUF/Mram_RAM_ENBWREN_cooolgate_en_sig_3) which is driven by a register (SiTCP/SiTCP/BBT_SiTCP_RST/resetReq_1) that has an active asychronous set or reset. This may cause corruption of the memory contents and/or read values when the set/reset is asserted and is not analyzed by the default static timing analysis. It is suggested to eliminate the use of a set/reset to registers driving this RAMB pin or else use a synchronous reset in which the assertion of the reset is timed by default.
WARNING: [DRC REQP-1840] RAMB18 async control check: The RAMB18E1 SiTCP/SiTCP/SiTCP/UDP/UDP_LOC/CMDBUF/Mram_RAM has an input control pin SiTCP/SiTCP/SiTCP/UDP/UDP_LOC/CMDBUF/Mram_RAM/ENBWREN (net: SiTCP/SiTCP/SiTCP/UDP/UDP_LOC/CMDBUF/Mram_RAM_ENBWREN_cooolgate_en_sig_4) which is driven by a register (SiTCP/SiTCP/BBT_SiTCP_RST/resetReq_0) that has an active asychronous set or reset. This may cause corruption of the memory contents and/or read values when the set/reset is asserted and is not analyzed by the default static timing analysis. It is suggested to eliminate the use of a set/reset to registers driving this RAMB pin or else use a synchronous reset in which the assertion of the reset is timed by default.
WARNING: [DRC RPBF-3] IO port buffering is incomplete: Device port ETH_MDIO expects both input and output buffering but the buffers are incomplete.
INFO: [Vivado_Tcl 4-198] DRC finished with 0 Errors, 15 Warnings
INFO: [Vivado_Tcl 4-199] Please refer to the DRC report (report_drc) for more information.

Starting Placer Task
INFO: [Place 30-611] Multithreading enabled for place_design using a maximum of 2 CPUs

Phase 1 Placer Initialization

Phase 1.1 Placer Initialization Netlist Sorting
Netlist sorting complete. Time (s): cpu = 00:00:00 ; elapsed = 00:00:00.003 . Memory (MB): peak = 1953.063 ; gain = 0.000
Phase 1.1 Placer Initialization Netlist Sorting | Checksum: 18a57749a

Time (s): cpu = 00:00:00 ; elapsed = 00:00:00.008 . Memory (MB): peak = 1953.063 ; gain = 0.000
Netlist sorting complete. Time (s): cpu = 00:00:00 ; elapsed = 00:00:00.003 . Memory (MB): peak = 1953.063 ; gain = 0.000

Phase 1.2 IO Placement/ Clock Placement/ Build Placer Device
CRITICAL WARNING: [Place 30-1113] Failed to connect the net s 2018472136n replicating the IDELAYCTRL s'Undefined'ue to DONT_TOUCH or MARK_DEBUG constraints.  The IDELAYCTRL has been replicated but the RST pin has been left unconnected on all replicated instances. The design may not function properly in hardware.
Resolution: Check your design constraints. If you intend on keeping the DONT_TOUCH or MARK_DEBUG constraint, manually replicate and LOC your IDELAYCTRL instances.
CRITICAL WARNING: [Place 30-1113] Failed to connect the net s 2018472136n replicating the IDELAYCTRL s'Undefined'ue to DONT_TOUCH or MARK_DEBUG constraints.  The IDELAYCTRL has been replicated but the RST pin has been left unconnected on all replicated instances. The design may not function properly in hardware.
Resolution: Check your design constraints. If you intend on keeping the DONT_TOUCH or MARK_DEBUG constraint, manually replicate and LOC your IDELAYCTRL instances.
Phase 1.2 IO Placement/ Clock Placement/ Build Placer Device | Checksum: acfd1a97

Time (s): cpu = 00:00:02 ; elapsed = 00:00:01 . Memory (MB): peak = 1953.063 ; gain = 0.000

Phase 1.3 Build Placer Netlist Model
Phase 1.3 Build Placer Netlist Model | Checksum: df53c5df

Time (s): cpu = 00:00:04 ; elapsed = 00:00:03 . Memory (MB): peak = 1953.063 ; gain = 0.000

Phase 1.4 Constrain Clocks/Macros
Phase 1.4 Constrain Clocks/Macros | Checksum: df53c5df

Time (s): cpu = 00:00:04 ; elapsed = 00:00:03 . Memory (MB): peak = 1953.063 ; gain = 0.000
Phase 1 Placer Initialization | Checksum: df53c5df

Time (s): cpu = 00:00:04 ; elapsed = 00:00:03 . Memory (MB): peak = 1953.063 ; gain = 0.000

Phase 2 Global Placement

Phase 2.1 Floorplanning
Phase 2.1 Floorplanning | Checksum: b708663b

Time (s): cpu = 00:00:05 ; elapsed = 00:00:03 . Memory (MB): peak = 1953.063 ; gain = 0.000

Phase 2.2 Global Placement Core

Phase 2.2.1 Physical Synthesis In Placer
INFO: [Physopt 32-1018] Found 282 candidate LUT instances to create LUTNM shape
INFO: [Physopt 32-775] End 1 Pass. Optimized 124 nets or cells. Created 1 new cell, deleted 123 existing cells and moved 0 existing cell
INFO: [Physopt 32-65] No nets found for high-fanout optimization.
INFO: [Physopt 32-232] Optimized 0 net. Created 0 new instance.
INFO: [Physopt 32-775] End 1 Pass. Optimized 0 net or cell. Created 0 new cell, deleted 0 existing cell and moved 0 existing cell
INFO: [Physopt 32-456] No candidate cells for DSP register optimization found in the design.
INFO: [Physopt 32-775] End 2 Pass. Optimized 0 net or cell. Created 0 new cell, deleted 0 existing cell and moved 0 existing cell
INFO: [Physopt 32-775] End 1 Pass. Optimized 0 net or cell. Created 0 new cell, deleted 0 existing cell and moved 0 existing cell
INFO: [Physopt 32-677] No candidate cells for Shift Register optimization found in the design
INFO: [Physopt 32-775] End 1 Pass. Optimized 0 net or cell. Created 0 new cell, deleted 0 existing cell and moved 0 existing cell
INFO: [Physopt 32-526] No candidate cells for BRAM register optimization found in the design
INFO: [Physopt 32-775] End 1 Pass. Optimized 0 net or cell. Created 0 new cell, deleted 0 existing cell and moved 0 existing cell
INFO: [Physopt 32-949] No candidate nets found for HD net replication
INFO: [Physopt 32-775] End 1 Pass. Optimized 0 net or cell. Created 0 new cell, deleted 0 existing cell and moved 0 existing cell
Netlist sorting complete. Time (s): cpu = 00:00:00 ; elapsed = 00:00:00.005 . Memory (MB): peak = 1953.063 ; gain = 0.000

Summary of Physical Synthesis Optimizations
============================================


-----------------------------------------------------------------------------------------------------------------------------------------------------------
|  Optimization                                     |  Added Cells  |  Removed Cells  |  Optimized Cells/Nets  |  Dont Touch  |  Iterations  |  Elapsed   |
-----------------------------------------------------------------------------------------------------------------------------------------------------------
|  LUT Combining                                    |            1  |            123  |                   124  |           0  |           1  |  00:00:00  |
|  Very High Fanout                                 |            0  |              0  |                     0  |           0  |           1  |  00:00:00  |
|  DSP Register                                     |            0  |              0  |                     0  |           0  |           1  |  00:00:00  |
|  Shift Register to Pipeline                       |            0  |              0  |                     0  |           0  |           1  |  00:00:00  |
|  Shift Register                                   |            0  |              0  |                     0  |           0  |           1  |  00:00:00  |
|  BRAM Register                                    |            0  |              0  |                     0  |           0  |           1  |  00:00:00  |
|  Dynamic/Static Region Interface Net Replication  |            0  |              0  |                     0  |           0  |           1  |  00:00:00  |
|  Total                                            |            1  |            123  |                   124  |           0  |           7  |  00:00:00  |
-----------------------------------------------------------------------------------------------------------------------------------------------------------


Phase 2.2.1 Physical Synthesis In Placer | Checksum: 1c128f968

Time (s): cpu = 00:00:13 ; elapsed = 00:00:07 . Memory (MB): peak = 1953.063 ; gain = 0.000
Phase 2.2 Global Placement Core | Checksum: 1adf7b18b

Time (s): cpu = 00:00:13 ; elapsed = 00:00:07 . Memory (MB): peak = 1953.063 ; gain = 0.000
Phase 2 Global Placement | Checksum: 1adf7b18b

Time (s): cpu = 00:00:13 ; elapsed = 00:00:07 . Memory (MB): peak = 1953.063 ; gain = 0.000

Phase 3 Detail Placement

Phase 3.1 Commit Multi Column Macros
Phase 3.1 Commit Multi Column Macros | Checksum: 21c97ea02

Time (s): cpu = 00:00:14 ; elapsed = 00:00:07 . Memory (MB): peak = 1953.063 ; gain = 0.000

Phase 3.2 Commit Most Macros & LUTRAMs
Phase 3.2 Commit Most Macros & LUTRAMs | Checksum: 19ad70218

Time (s): cpu = 00:00:14 ; elapsed = 00:00:08 . Memory (MB): peak = 1953.063 ; gain = 0.000

Phase 3.3 Area Swap Optimization
Phase 3.3 Area Swap Optimization | Checksum: 18fe66640

Time (s): cpu = 00:00:14 ; elapsed = 00:00:08 . Memory (MB): peak = 1953.063 ; gain = 0.000

Phase 3.4 Pipeline Register Optimization
Phase 3.4 Pipeline Register Optimization | Checksum: 1fcb655fb

Time (s): cpu = 00:00:14 ; elapsed = 00:00:08 . Memory (MB): peak = 1953.063 ; gain = 0.000

Phase 3.5 Fast Optimization
Phase 3.5 Fast Optimization | Checksum: 198198084

Time (s): cpu = 00:00:15 ; elapsed = 00:00:09 . Memory (MB): peak = 1953.063 ; gain = 0.000

Phase 3.6 Small Shape Detail Placement
Phase 3.6 Small Shape Detail Placement | Checksum: 108a883d4

Time (s): cpu = 00:00:17 ; elapsed = 00:00:11 . Memory (MB): peak = 1953.063 ; gain = 0.000

Phase 3.7 Re-assign LUT pins
Phase 3.7 Re-assign LUT pins | Checksum: c855a6ce

Time (s): cpu = 00:00:18 ; elapsed = 00:00:11 . Memory (MB): peak = 1953.063 ; gain = 0.000

Phase 3.8 Pipeline Register Optimization
Phase 3.8 Pipeline Register Optimization | Checksum: c81ecec7

Time (s): cpu = 00:00:18 ; elapsed = 00:00:11 . Memory (MB): peak = 1953.063 ; gain = 0.000

Phase 3.9 Fast Optimization
Phase 3.9 Fast Optimization | Checksum: 224365544

Time (s): cpu = 00:00:19 ; elapsed = 00:00:12 . Memory (MB): peak = 1953.063 ; gain = 0.000
Phase 3 Detail Placement | Checksum: 224365544

Time (s): cpu = 00:00:19 ; elapsed = 00:00:12 . Memory (MB): peak = 1953.063 ; gain = 0.000

Phase 4 Post Placement Optimization and Clean-Up

Phase 4.1 Post Commit Optimization
INFO: [Timing 38-35] Done setting XDC timing constraints.

Phase 4.1.1 Post Placement Optimization
Post Placement Optimization Initialization | Checksum: 19d8c213e

Phase 4.1.1.1 BUFG Insertion
INFO: [Place 46-33] Processed net SiTCP/SiTCP/BBT_SiTCP_RST/resetReq[1], BUFG insertion was skipped due to placement/routing conflicts.
INFO: [Place 46-56] BUFG insertion identified 1 candidate nets. Inserted BUFG: 0, Replicated BUFG Driver: 0, Skipped due to Placement/Routing Conflicts: 1, Skipped due to Timing Degradation: 0, Skipped due to Illegal Netlist: 0.
Phase 4.1.1.1 BUFG Insertion | Checksum: 19d8c213e

Time (s): cpu = 00:00:21 ; elapsed = 00:00:13 . Memory (MB): peak = 1953.063 ; gain = 0.000
INFO: [Place 30-746] Post Placement Timing Summary WNS=0.348. For the most accurate timing information please run report_timing.
Phase 4.1.1 Post Placement Optimization | Checksum: 19e92e61e

Time (s): cpu = 00:00:23 ; elapsed = 00:00:15 . Memory (MB): peak = 1953.063 ; gain = 0.000
Phase 4.1 Post Commit Optimization | Checksum: 19e92e61e

Time (s): cpu = 00:00:23 ; elapsed = 00:00:15 . Memory (MB): peak = 1953.063 ; gain = 0.000

Phase 4.2 Post Placement Cleanup
Phase 4.2 Post Placement Cleanup | Checksum: 19e92e61e

Time (s): cpu = 00:00:23 ; elapsed = 00:00:15 . Memory (MB): peak = 1953.063 ; gain = 0.000

Phase 4.3 Placer Reporting
Phase 4.3 Placer Reporting | Checksum: 19e92e61e

Time (s): cpu = 00:00:23 ; elapsed = 00:00:15 . Memory (MB): peak = 1953.063 ; gain = 0.000

Phase 4.4 Final Placement Cleanup
Netlist sorting complete. Time (s): cpu = 00:00:00 ; elapsed = 00:00:00.011 . Memory (MB): peak = 1953.063 ; gain = 0.000
Phase 4.4 Final Placement Cleanup | Checksum: 15baab881

Time (s): cpu = 00:00:23 ; elapsed = 00:00:15 . Memory (MB): peak = 1953.063 ; gain = 0.000
Phase 4 Post Placement Optimization and Clean-Up | Checksum: 15baab881

Time (s): cpu = 00:00:23 ; elapsed = 00:00:15 . Memory (MB): peak = 1953.063 ; gain = 0.000
Ending Placer Task | Checksum: f6acb462

Time (s): cpu = 00:00:23 ; elapsed = 00:00:15 . Memory (MB): peak = 1953.063 ; gain = 0.000
INFO: [Common 17-83] Releasing license: Implementation
97 Infos, 18 Warnings, 2 Critical Warnings and 0 Errors encountered.
place_design completed successfully
place_design: Time (s): cpu = 00:00:24 ; elapsed = 00:00:16 . Memory (MB): peak = 1953.063 ; gain = 0.000
Netlist sorting complete. Time (s): cpu = 00:00:00 ; elapsed = 00:00:00.003 . Memory (MB): peak = 1953.063 ; gain = 0.000
INFO: [Timing 38-480] Writing timing data to binary archive.
Writing placer database...
Writing XDEF routing.
Writing XDEF routing logical nets.
Writing XDEF routing special nets.
Write XDEF Complete: Time (s): cpu = 00:00:02 ; elapsed = 00:00:00.512 . Memory (MB): peak = 1953.063 ; gain = 0.000
INFO: [Common 17-1381] The checkpoint 'C:/Users/81802/Desktop/PAPILLON_FW/PAPILLON_v3/PAPILLON_v3.runs/impl_1/ADC_SiTCP_V20_placed.dcp' has been generated.
INFO: [runtcl-4] Executing : report_io -file ADC_SiTCP_V20_io_placed.rpt
report_io: Time (s): cpu = 00:00:00 ; elapsed = 00:00:00.091 . Memory (MB): peak = 1953.063 ; gain = 0.000
INFO: [runtcl-4] Executing : report_utilization -file ADC_SiTCP_V20_utilization_placed.rpt -pb ADC_SiTCP_V20_utilization_placed.pb
INFO: [runtcl-4] Executing : report_control_sets -verbose -file ADC_SiTCP_V20_control_sets_placed.rpt
report_control_sets: Time (s): cpu = 00:00:00 ; elapsed = 00:00:00.026 . Memory (MB): peak = 1953.063 ; gain = 0.000
Command: phys_opt_design
Attempting to get a license for feature 'Implementation' and/or device 'xc7a100t'
INFO: [Common 17-349] Got license for feature 'Implementation' and/or device 'xc7a100t'
INFO: [Vivado_Tcl 4-383] Design worst setup slack (WNS) is greater than or equal to 0.250 ns. Skipping all physical synthesis optimizations.
INFO: [Vivado_Tcl 4-232] No setup violation found. The netlist was not modified.
INFO: [Common 17-83] Releasing license: Implementation
106 Infos, 18 Warnings, 2 Critical Warnings and 0 Errors encountered.
phys_opt_design completed successfully
Netlist sorting complete. Time (s): cpu = 00:00:00 ; elapsed = 00:00:00.003 . Memory (MB): peak = 1953.063 ; gain = 0.000
INFO: [Timing 38-480] Writing timing data to binary archive.
Writing placer database...
Writing XDEF routing.
Writing XDEF routing logical nets.
Writing XDEF routing special nets.
Write XDEF Complete: Time (s): cpu = 00:00:01 ; elapsed = 00:00:00.518 . Memory (MB): peak = 1953.063 ; gain = 0.000
INFO: [Common 17-1381] The checkpoint 'C:/Users/81802/Desktop/PAPILLON_FW/PAPILLON_v3/PAPILLON_v3.runs/impl_1/ADC_SiTCP_V20_physopt.dcp' has been generated.
Command: route_design
Attempting to get a license for feature 'Implementation' and/or device 'xc7a100t'
INFO: [Common 17-349] Got license for feature 'Implementation' and/or device 'xc7a100t'
Running DRC as a precondition to command route_design
INFO: [DRC 23-27] Running DRC with 2 threads
INFO: [Vivado_Tcl 4-198] DRC finished with 0 Errors
INFO: [Vivado_Tcl 4-199] Please refer to the DRC report (report_drc) for more information.


Starting Routing Task
INFO: [Route 35-254] Multithreading enabled for route_design using a maximum of 2 CPUs
Checksum: PlaceDB: a38f28a9 ConstDB: 0 ShapeSum: 531d8bb9 RouteDB: 0

Phase 1 Build RT Design
Phase 1 Build RT Design | Checksum: 19a56a531

Time (s): cpu = 00:00:22 ; elapsed = 00:00:19 . Memory (MB): peak = 1964.203 ; gain = 11.141
Post Restoration Checksum: NetGraph: fa862ddb NumContArr: 9fd07756 Constraints: 0 Timing: 0

Phase 2 Router Initialization

Phase 2.1 Create Timer
Phase 2.1 Create Timer | Checksum: 19a56a531

Time (s): cpu = 00:00:22 ; elapsed = 00:00:19 . Memory (MB): peak = 1964.223 ; gain = 11.160

Phase 2.2 Fix Topology Constraints
Phase 2.2 Fix Topology Constraints | Checksum: 19a56a531

Time (s): cpu = 00:00:22 ; elapsed = 00:00:19 . Memory (MB): peak = 1970.879 ; gain = 17.816

Phase 2.3 Pre Route Cleanup
Phase 2.3 Pre Route Cleanup | Checksum: 19a56a531

Time (s): cpu = 00:00:22 ; elapsed = 00:00:19 . Memory (MB): peak = 1970.879 ; gain = 17.816
 Number of Nodes with overlaps = 0

Phase 2.4 Update Timing
Phase 2.4 Update Timing | Checksum: 261f6aeb5

Time (s): cpu = 00:00:24 ; elapsed = 00:00:21 . Memory (MB): peak = 2001.254 ; gain = 48.191
INFO: [Route 35-416] Intermediate Timing Summary | WNS=0.388  | TNS=0.000  | WHS=-1.597 | THS=-159.138|


Phase 2.5 Update Timing for Bus Skew

Phase 2.5.1 Update Timing
Phase 2.5.1 Update Timing | Checksum: 1f6c3d62c

Time (s): cpu = 00:00:26 ; elapsed = 00:00:22 . Memory (MB): peak = 2001.254 ; gain = 48.191
INFO: [Route 35-416] Intermediate Timing Summary | WNS=0.388  | TNS=0.000  | WHS=N/A    | THS=N/A    |

Phase 2.5 Update Timing for Bus Skew | Checksum: 2056983cc

Time (s): cpu = 00:00:26 ; elapsed = 00:00:22 . Memory (MB): peak = 2009.270 ; gain = 56.207
Phase 2 Router Initialization | Checksum: 265e01980

Time (s): cpu = 00:00:26 ; elapsed = 00:00:22 . Memory (MB): peak = 2009.270 ; gain = 56.207

Router Utilization Summary
  Global Vertical Routing Utilization    = 0 %
  Global Horizontal Routing Utilization  = 0 %
  Routable Net Status*
  *Does not include unroutable nets such as driverless and loadless.
  Run report_route_status for detailed report.
  Number of Failed Nets               = 8055
    (Failed Nets is the sum of unrouted and partially routed nets)
  Number of Unrouted Nets             = 8055
  Number of Partially Routed Nets     = 0
  Number of Node Overlaps             = 0


Phase 3 Initial Routing
Phase 3 Initial Routing | Checksum: 2694a4d79

Time (s): cpu = 00:00:28 ; elapsed = 00:00:23 . Memory (MB): peak = 2009.270 ; gain = 56.207
INFO: [Route 35-580] Design has 9 pins with tight setup and hold constraints.

The top 5 pins with tight setup and hold constraints:

+--------------------------+--------------------------+----------------------------------------------------------------------------------------------------------+
|       Launch Clock       |      Capture Clock       |                                                 Pin                                                      |
+--------------------------+--------------------------+----------------------------------------------------------------------------------------------------------+
|         clk_out1_SYSCLK0 |            CLK_DIV_OUT_2 |                                                                                   ADC3_IF/en_rst_reg[0]/D|
|         clk_out1_SYSCLK0 |            CLK_DIV_OUT_1 |                                                                                  ADC2_IF/DIV_RST_reg[0]/D|
|         clk_out1_SYSCLK0 |              CLK_DIV_OUT |                                                                  ADC1_IF/adc/inst/pins[0].idelaye2_bus/LD|
|         clk_out1_SYSCLK0 |              CLK_DIV_OUT |                                                                                   ADC1_IF/en_rst_reg[0]/D|
|         clk_out1_SYSCLK0 |            CLK_DIV_OUT_1 |                                                                  ADC2_IF/adc/inst/pins[0].idelaye2_bus/LD|
+--------------------------+--------------------------+----------------------------------------------------------------------------------------------------------+

File with complete list of pins: tight_setup_hold_pins.txt


Phase 4 Rip-up And Reroute

Phase 4.1 Global Iteration 0
 Number of Nodes with overlaps = 765
 Number of Nodes with overlaps = 138
 Number of Nodes with overlaps = 47
 Number of Nodes with overlaps = 15
 Number of Nodes with overlaps = 7
 Number of Nodes with overlaps = 3
 Number of Nodes with overlaps = 1
 Number of Nodes with overlaps = 0
INFO: [Route 35-416] Intermediate Timing Summary | WNS=0.334  | TNS=0.000  | WHS=N/A    | THS=N/A    |

Phase 4.1 Global Iteration 0 | Checksum: 1bd3f87e7

Time (s): cpu = 00:00:33 ; elapsed = 00:00:26 . Memory (MB): peak = 2009.270 ; gain = 56.207

Phase 4.2 Global Iteration 1
 Number of Nodes with overlaps = 0
INFO: [Route 35-416] Intermediate Timing Summary | WNS=0.334  | TNS=0.000  | WHS=N/A    | THS=N/A    |

Phase 4.2 Global Iteration 1 | Checksum: 150ab5171

Time (s): cpu = 00:00:33 ; elapsed = 00:00:26 . Memory (MB): peak = 2009.270 ; gain = 56.207
Phase 4 Rip-up And Reroute | Checksum: 150ab5171

Time (s): cpu = 00:00:33 ; elapsed = 00:00:26 . Memory (MB): peak = 2009.270 ; gain = 56.207

Phase 5 Delay and Skew Optimization

Phase 5.1 Delay CleanUp
Phase 5.1 Delay CleanUp | Checksum: 150ab5171

Time (s): cpu = 00:00:33 ; elapsed = 00:00:26 . Memory (MB): peak = 2009.270 ; gain = 56.207

Phase 5.2 Clock Skew Optimization
Phase 5.2 Clock Skew Optimization | Checksum: 150ab5171

Time (s): cpu = 00:00:33 ; elapsed = 00:00:26 . Memory (MB): peak = 2009.270 ; gain = 56.207
Phase 5 Delay and Skew Optimization | Checksum: 150ab5171

Time (s): cpu = 00:00:33 ; elapsed = 00:00:26 . Memory (MB): peak = 2009.270 ; gain = 56.207

Phase 6 Post Hold Fix

Phase 6.1 Hold Fix Iter

Phase 6.1.1 Update Timing
Phase 6.1.1 Update Timing | Checksum: 180a4ca41

Time (s): cpu = 00:00:33 ; elapsed = 00:00:27 . Memory (MB): peak = 2009.270 ; gain = 56.207
INFO: [Route 35-416] Intermediate Timing Summary | WNS=0.334  | TNS=0.000  | WHS=-0.787 | THS=-7.270 |


Phase 6.1.2 Lut RouteThru Assignment for hold
Phase 6.1.2 Lut RouteThru Assignment for hold | Checksum: dc3b75d0

Time (s): cpu = 00:00:34 ; elapsed = 00:00:27 . Memory (MB): peak = 2030.672 ; gain = 77.609
Phase 6.1 Hold Fix Iter | Checksum: dc3b75d0

Time (s): cpu = 00:00:34 ; elapsed = 00:00:27 . Memory (MB): peak = 2030.672 ; gain = 77.609
Phase 6 Post Hold Fix | Checksum: db102b05

Time (s): cpu = 00:00:34 ; elapsed = 00:00:27 . Memory (MB): peak = 2030.672 ; gain = 77.609

Phase 7 Route finalize

Router Utilization Summary
  Global Vertical Routing Utilization    = 1.56004 %
  Global Horizontal Routing Utilization  = 2.24034 %
  Routable Net Status*
  *Does not include unroutable nets such as driverless and loadless.
  Run report_route_status for detailed report.
  Number of Failed Nets               = 0
    (Failed Nets is the sum of unrouted and partially routed nets)
  Number of Unrouted Nets             = 0
  Number of Partially Routed Nets     = 0
  Number of Node Overlaps             = 0

Phase 7 Route finalize | Checksum: 1ad33da32

Time (s): cpu = 00:00:34 ; elapsed = 00:00:27 . Memory (MB): peak = 2030.672 ; gain = 77.609

Phase 8 Verifying routed nets

 Verification completed successfully
Phase 8 Verifying routed nets | Checksum: 1ad33da32

Time (s): cpu = 00:00:34 ; elapsed = 00:00:27 . Memory (MB): peak = 2030.672 ; gain = 77.609

Phase 9 Depositing Routes
Phase 9 Depositing Routes | Checksum: 1afeb9fa0

Time (s): cpu = 00:00:35 ; elapsed = 00:00:28 . Memory (MB): peak = 2030.672 ; gain = 77.609

Phase 10 Post Router Timing

Phase 10.1 Update Timing
Phase 10.1 Update Timing | Checksum: 19c441a6f

Time (s): cpu = 00:00:35 ; elapsed = 00:00:28 . Memory (MB): peak = 2030.672 ; gain = 77.609
INFO: [Route 35-57] Estimated Timing Summary | WNS=0.334  | TNS=0.000  | WHS=-0.054 | THS=-3.667 |

WARNING: [Route 35-328] Router estimated timing not met.
Resolution: For a complete and accurate timing signoff, report_timing_summary must be run after route_design. Alternatively, route_design can be run with the -timing_summary option to enable a complete timing signoff at the end of route_design.
Phase 10 Post Router Timing | Checksum: 19c441a6f

Time (s): cpu = 00:00:35 ; elapsed = 00:00:28 . Memory (MB): peak = 2030.672 ; gain = 77.609
INFO: [Route 35-16] Router Completed Successfully

Time (s): cpu = 00:00:35 ; elapsed = 00:00:28 . Memory (MB): peak = 2030.672 ; gain = 77.609

Routing Is Done.
INFO: [Common 17-83] Releasing license: Implementation
122 Infos, 19 Warnings, 2 Critical Warnings and 0 Errors encountered.
route_design completed successfully
route_design: Time (s): cpu = 00:00:37 ; elapsed = 00:00:29 . Memory (MB): peak = 2030.672 ; gain = 77.609
Netlist sorting complete. Time (s): cpu = 00:00:00 ; elapsed = 00:00:00.003 . Memory (MB): peak = 2030.672 ; gain = 0.000
INFO: [Timing 38-480] Writing timing data to binary archive.
Writing placer database...
Writing XDEF routing.
Writing XDEF routing logical nets.
Writing XDEF routing special nets.
Write XDEF Complete: Time (s): cpu = 00:00:01 ; elapsed = 00:00:00.636 . Memory (MB): peak = 2030.672 ; gain = 0.000
INFO: [Common 17-1381] The checkpoint 'C:/Users/81802/Desktop/PAPILLON_FW/PAPILLON_v3/PAPILLON_v3.runs/impl_1/ADC_SiTCP_V20_routed.dcp' has been generated.
INFO: [runtcl-4] Executing : report_drc -file ADC_SiTCP_V20_drc_routed.rpt -pb ADC_SiTCP_V20_drc_routed.pb -rpx ADC_SiTCP_V20_drc_routed.rpx
Command: report_drc -file ADC_SiTCP_V20_drc_routed.rpt -pb ADC_SiTCP_V20_drc_routed.pb -rpx ADC_SiTCP_V20_drc_routed.rpx
INFO: [IP_Flow 19-1839] IP Catalog is up to date.
INFO: [DRC 23-27] Running DRC with 2 threads
INFO: [Coretcl 2-168] The results of DRC are in file C:/Users/81802/Desktop/PAPILLON_FW/PAPILLON_v3/PAPILLON_v3.runs/impl_1/ADC_SiTCP_V20_drc_routed.rpt.
report_drc completed successfully
INFO: [runtcl-4] Executing : report_methodology -file ADC_SiTCP_V20_methodology_drc_routed.rpt -pb ADC_SiTCP_V20_methodology_drc_routed.pb -rpx ADC_SiTCP_V20_methodology_drc_routed.rpx
Command: report_methodology -file ADC_SiTCP_V20_methodology_drc_routed.rpt -pb ADC_SiTCP_V20_methodology_drc_routed.pb -rpx ADC_SiTCP_V20_methodology_drc_routed.rpx
INFO: [Timing 38-35] Done setting XDC timing constraints.
INFO: [DRC 23-133] Running Methodology with 2 threads
INFO: [Coretcl 2-1520] The results of Report Methodology are in file C:/Users/81802/Desktop/PAPILLON_FW/PAPILLON_v3/PAPILLON_v3.runs/impl_1/ADC_SiTCP_V20_methodology_drc_routed.rpt.
report_methodology completed successfully
INFO: [runtcl-4] Executing : report_power -file ADC_SiTCP_V20_power_routed.rpt -pb ADC_SiTCP_V20_power_summary_routed.pb -rpx ADC_SiTCP_V20_power_routed.rpx
Command: report_power -file ADC_SiTCP_V20_power_routed.rpt -pb ADC_SiTCP_V20_power_summary_routed.pb -rpx ADC_SiTCP_V20_power_routed.rpx
INFO: [Timing 38-35] Done setting XDC timing constraints.
Running Vector-less Activity Propagation...

Finished Running Vector-less Activity Propagation
WARNING: [Power 33-332] Found switching activity that implies high-fanout reset nets being asserted for excessive periods of time which may result in inaccurate power analysis.
Resolution: To review and fix problems, please run Power Constraints Advisor in the GUI from Tools > Power Constraints Advisor or run report_power with the -advisory option to generate a text report.
134 Infos, 20 Warnings, 2 Critical Warnings and 0 Errors encountered.
report_power completed successfully
INFO: [runtcl-4] Executing : report_route_status -file ADC_SiTCP_V20_route_status.rpt -pb ADC_SiTCP_V20_route_status.pb
INFO: [runtcl-4] Executing : report_timing_summary -max_paths 10 -file ADC_SiTCP_V20_timing_summary_routed.rpt -pb ADC_SiTCP_V20_timing_summary_routed.pb -rpx ADC_SiTCP_V20_timing_summary_routed.rpx -warn_on_violation 
INFO: [Timing 38-91] UpdateTimingParams: Speed grade: -1, Delay Type: min_max.
INFO: [Timing 38-191] Multithreading enabled for timing update using a maximum of 2 CPUs
WARNING: [Timing 38-436] There are set_bus_skew constraint(s) in this design. Please run report_bus_skew to ensure that bus skew requirements are met.
INFO: [runtcl-4] Executing : report_incremental_reuse -file ADC_SiTCP_V20_incremental_reuse_routed.rpt
INFO: [Vivado_Tcl 4-1062] Incremental flow is disabled. No incremental reuse Info to report.
INFO: [runtcl-4] Executing : report_clock_utilization -file ADC_SiTCP_V20_clock_utilization_routed.rpt
INFO: [runtcl-4] Executing : report_bus_skew -warn_on_violation -file ADC_SiTCP_V20_bus_skew_routed.rpt -pb ADC_SiTCP_V20_bus_skew_routed.pb -rpx ADC_SiTCP_V20_bus_skew_routed.rpx
INFO: [Timing 38-91] UpdateTimingParams: Speed grade: -1, Delay Type: min_max.
INFO: [Timing 38-191] Multithreading enabled for timing update using a maximum of 2 CPUs
INFO: [Common 17-206] Exiting Vivado at Wed Jan 26 17:18:33 2022...
