#-----------------------------------------------------------
# Vivado v2019.2 (64-bit)
# SW Build 2708876 on Wed Nov  6 21:40:23 MST 2019
# IP Build 2700528 on Thu Nov  7 00:09:20 MST 2019
# Start of session at: Thu Apr 13 09:57:14 2023
# Process ID: 3704
# Current directory: C:/Users/81802/Desktop/PAPILLON_FW/PAPILLON_v2023
# Command line: vivado.exe -gui_launcher_event rodinguilauncherevent11464 C:\Users\81802\Desktop\PAPILLON_FW\PAPILLON_v2023\PAPILLON_v2023.xpr
# Log file: C:/Users/81802/Desktop/PAPILLON_FW/PAPILLON_v2023/vivado.log
# Journal file: C:/Users/81802/Desktop/PAPILLON_FW/PAPILLON_v2023\vivado.jou
#-----------------------------------------------------------
start_gui
open_project C:/Users/81802/Desktop/PAPILLON_FW/PAPILLON_v2023/PAPILLON_v2023.xpr
Scanning sources...
Finished scanning sources
INFO: [IP_Flow 19-234] Refreshing IP repositories
INFO: [IP_Flow 19-1704] No user IP repositories specified
INFO: [IP_Flow 19-2313] Loaded Vivado IP repository 'C:/Xilinx/Vivado/2019.2/data/ip'.
open_project: Time (s): cpu = 00:00:11 ; elapsed = 00:00:06 . Memory (MB): peak = 952.633 ; gain = 250.219
update_compile_order -fileset sources_1
save_project_as PAPILLON_v20230412 C:/Users/81802/Desktop/PAPILLON_FW/PAPILLON_v20230412 -force
save_project_as: Time (s): cpu = 00:00:05 ; elapsed = 00:00:06 . Memory (MB): peak = 1482.742 ; gain = 8.121
exit
INFO: [Common 17-206] Exiting Vivado at Thu Apr 13 10:04:41 2023...
