Copyright 1986-2019 Xilinx, Inc. All Rights Reserved.
------------------------------------------------------------------------------------------------------------------------------------------------------------------------
| Tool Version : Vivado v.2019.2 (win64) Build 2708876 Wed Nov  6 21:40:23 MST 2019
| Date         : Tue Jul 26 13:10:39 2022
| Host         : DESKTOP-NG52DIC running 64-bit major release  (build 9200)
| Command      : report_bus_skew -warn_on_violation -file ADC_SiTCP_V20_bus_skew_routed.rpt -pb ADC_SiTCP_V20_bus_skew_routed.pb -rpx ADC_SiTCP_V20_bus_skew_routed.rpx
| Design       : ADC_SiTCP_V20
| Device       : 7a100t-fgg484
| Speed File   : -1  PRODUCTION 1.23 2018-06-13
------------------------------------------------------------------------------------------------------------------------------------------------------------------------

Bus Skew Report

Table of Contents
-----------------
1. Bus Skew Report Summary
2. Bus Skew Report Per Constraint

1. Bus Skew Report Summary
--------------------------

Id  Position  From                            To                              Corner  Requirement(ns)  Actual(ns)  Slack(ns)
--  --------  ------------------------------  ------------------------------  ------  ---------------  ----------  ---------
1   24        [get_cells [list {ADC1_IF/eras_fifo/U0/inst_fifo_gen/gconvfifo.rf/grf.rf/gntv_or_sync_fifo.gcx.clkx/rd_pntr_cdc_inst/src_gray_ff_reg[0]} {ADC1_IF/eras_fifo/U0/inst_fifo_gen/gconvfifo.rf/grf.rf/gntv_or_sync_fifo.gcx.clkx/rd_pntr_cdc_inst/src_gray_ff_reg[1]} {ADC1_IF/eras_fifo/U0/inst_fifo_gen/gconvfifo.rf/grf.rf/gntv_or_sync_fifo.gcx.clkx/rd_pntr_cdc_inst/src_gray_ff_reg[2]} {ADC1_IF/eras_fifo/U0/inst_fifo_gen/gconvfifo.rf/grf.rf/gntv_or_sync_fifo.gcx.clkx/rd_pntr_cdc_inst/src_gray_ff_reg[3]}]]
                                              [get_cells [list {ADC1_IF/eras_fifo/U0/inst_fifo_gen/gconvfifo.rf/grf.rf/gntv_or_sync_fifo.gcx.clkx/rd_pntr_cdc_inst/dest_graysync_ff_reg[0][0]} {ADC1_IF/eras_fifo/U0/inst_fifo_gen/gconvfifo.rf/grf.rf/gntv_or_sync_fifo.gcx.clkx/rd_pntr_cdc_inst/dest_graysync_ff_reg[0][1]} {ADC1_IF/eras_fifo/U0/inst_fifo_gen/gconvfifo.rf/grf.rf/gntv_or_sync_fifo.gcx.clkx/rd_pntr_cdc_inst/dest_graysync_ff_reg[0][2]} {ADC1_IF/eras_fifo/U0/inst_fifo_gen/gconvfifo.rf/grf.rf/gntv_or_sync_fifo.gcx.clkx/rd_pntr_cdc_inst/dest_graysync_ff_reg[0][3]}]]
                                                                              Slow              6.249       0.980      5.269
2   26        [get_cells [list {ADC2_IF/eras_fifo/U0/inst_fifo_gen/gconvfifo.rf/grf.rf/gntv_or_sync_fifo.gcx.clkx/rd_pntr_cdc_inst/src_gray_ff_reg[0]} {ADC2_IF/eras_fifo/U0/inst_fifo_gen/gconvfifo.rf/grf.rf/gntv_or_sync_fifo.gcx.clkx/rd_pntr_cdc_inst/src_gray_ff_reg[1]} {ADC2_IF/eras_fifo/U0/inst_fifo_gen/gconvfifo.rf/grf.rf/gntv_or_sync_fifo.gcx.clkx/rd_pntr_cdc_inst/src_gray_ff_reg[2]} {ADC2_IF/eras_fifo/U0/inst_fifo_gen/gconvfifo.rf/grf.rf/gntv_or_sync_fifo.gcx.clkx/rd_pntr_cdc_inst/src_gray_ff_reg[3]}]]
                                              [get_cells [list {ADC2_IF/eras_fifo/U0/inst_fifo_gen/gconvfifo.rf/grf.rf/gntv_or_sync_fifo.gcx.clkx/rd_pntr_cdc_inst/dest_graysync_ff_reg[0][0]} {ADC2_IF/eras_fifo/U0/inst_fifo_gen/gconvfifo.rf/grf.rf/gntv_or_sync_fifo.gcx.clkx/rd_pntr_cdc_inst/dest_graysync_ff_reg[0][1]} {ADC2_IF/eras_fifo/U0/inst_fifo_gen/gconvfifo.rf/grf.rf/gntv_or_sync_fifo.gcx.clkx/rd_pntr_cdc_inst/dest_graysync_ff_reg[0][2]} {ADC2_IF/eras_fifo/U0/inst_fifo_gen/gconvfifo.rf/grf.rf/gntv_or_sync_fifo.gcx.clkx/rd_pntr_cdc_inst/dest_graysync_ff_reg[0][3]}]]
                                                                              Slow              6.249       0.866      5.383
3   28        [get_cells [list {ADC3_IF/eras_fifo/U0/inst_fifo_gen/gconvfifo.rf/grf.rf/gntv_or_sync_fifo.gcx.clkx/rd_pntr_cdc_inst/src_gray_ff_reg[0]} {ADC3_IF/eras_fifo/U0/inst_fifo_gen/gconvfifo.rf/grf.rf/gntv_or_sync_fifo.gcx.clkx/rd_pntr_cdc_inst/src_gray_ff_reg[1]} {ADC3_IF/eras_fifo/U0/inst_fifo_gen/gconvfifo.rf/grf.rf/gntv_or_sync_fifo.gcx.clkx/rd_pntr_cdc_inst/src_gray_ff_reg[2]} {ADC3_IF/eras_fifo/U0/inst_fifo_gen/gconvfifo.rf/grf.rf/gntv_or_sync_fifo.gcx.clkx/rd_pntr_cdc_inst/src_gray_ff_reg[3]}]]
                                              [get_cells [list {ADC3_IF/eras_fifo/U0/inst_fifo_gen/gconvfifo.rf/grf.rf/gntv_or_sync_fifo.gcx.clkx/rd_pntr_cdc_inst/dest_graysync_ff_reg[0][0]} {ADC3_IF/eras_fifo/U0/inst_fifo_gen/gconvfifo.rf/grf.rf/gntv_or_sync_fifo.gcx.clkx/rd_pntr_cdc_inst/dest_graysync_ff_reg[0][1]} {ADC3_IF/eras_fifo/U0/inst_fifo_gen/gconvfifo.rf/grf.rf/gntv_or_sync_fifo.gcx.clkx/rd_pntr_cdc_inst/dest_graysync_ff_reg[0][2]} {ADC3_IF/eras_fifo/U0/inst_fifo_gen/gconvfifo.rf/grf.rf/gntv_or_sync_fifo.gcx.clkx/rd_pntr_cdc_inst/dest_graysync_ff_reg[0][3]}]]
                                                                              Slow              6.249       0.889      5.360
4   30        [get_cells [list {ADC1_IF/eras_fifo/U0/inst_fifo_gen/gconvfifo.rf/grf.rf/gntv_or_sync_fifo.gcx.clkx/wr_pntr_cdc_inst/src_gray_ff_reg[0]} {ADC1_IF/eras_fifo/U0/inst_fifo_gen/gconvfifo.rf/grf.rf/gntv_or_sync_fifo.gcx.clkx/wr_pntr_cdc_inst/src_gray_ff_reg[1]} {ADC1_IF/eras_fifo/U0/inst_fifo_gen/gconvfifo.rf/grf.rf/gntv_or_sync_fifo.gcx.clkx/wr_pntr_cdc_inst/src_gray_ff_reg[2]} {ADC1_IF/eras_fifo/U0/inst_fifo_gen/gconvfifo.rf/grf.rf/gntv_or_sync_fifo.gcx.clkx/wr_pntr_cdc_inst/src_gray_ff_reg[3]}]]
                                              [get_cells [list {ADC1_IF/eras_fifo/U0/inst_fifo_gen/gconvfifo.rf/grf.rf/gntv_or_sync_fifo.gcx.clkx/wr_pntr_cdc_inst/dest_graysync_ff_reg[0][0]} {ADC1_IF/eras_fifo/U0/inst_fifo_gen/gconvfifo.rf/grf.rf/gntv_or_sync_fifo.gcx.clkx/wr_pntr_cdc_inst/dest_graysync_ff_reg[0][1]} {ADC1_IF/eras_fifo/U0/inst_fifo_gen/gconvfifo.rf/grf.rf/gntv_or_sync_fifo.gcx.clkx/wr_pntr_cdc_inst/dest_graysync_ff_reg[0][2]} {ADC1_IF/eras_fifo/U0/inst_fifo_gen/gconvfifo.rf/grf.rf/gntv_or_sync_fifo.gcx.clkx/wr_pntr_cdc_inst/dest_graysync_ff_reg[0][3]}]]
                                                                              Slow              6.249       0.993      5.256
5   32        [get_cells [list {ADC2_IF/eras_fifo/U0/inst_fifo_gen/gconvfifo.rf/grf.rf/gntv_or_sync_fifo.gcx.clkx/wr_pntr_cdc_inst/src_gray_ff_reg[0]} {ADC2_IF/eras_fifo/U0/inst_fifo_gen/gconvfifo.rf/grf.rf/gntv_or_sync_fifo.gcx.clkx/wr_pntr_cdc_inst/src_gray_ff_reg[1]} {ADC2_IF/eras_fifo/U0/inst_fifo_gen/gconvfifo.rf/grf.rf/gntv_or_sync_fifo.gcx.clkx/wr_pntr_cdc_inst/src_gray_ff_reg[2]} {ADC2_IF/eras_fifo/U0/inst_fifo_gen/gconvfifo.rf/grf.rf/gntv_or_sync_fifo.gcx.clkx/wr_pntr_cdc_inst/src_gray_ff_reg[3]}]]
                                              [get_cells [list {ADC2_IF/eras_fifo/U0/inst_fifo_gen/gconvfifo.rf/grf.rf/gntv_or_sync_fifo.gcx.clkx/wr_pntr_cdc_inst/dest_graysync_ff_reg[0][0]} {ADC2_IF/eras_fifo/U0/inst_fifo_gen/gconvfifo.rf/grf.rf/gntv_or_sync_fifo.gcx.clkx/wr_pntr_cdc_inst/dest_graysync_ff_reg[0][1]} {ADC2_IF/eras_fifo/U0/inst_fifo_gen/gconvfifo.rf/grf.rf/gntv_or_sync_fifo.gcx.clkx/wr_pntr_cdc_inst/dest_graysync_ff_reg[0][2]} {ADC2_IF/eras_fifo/U0/inst_fifo_gen/gconvfifo.rf/grf.rf/gntv_or_sync_fifo.gcx.clkx/wr_pntr_cdc_inst/dest_graysync_ff_reg[0][3]}]]
                                                                              Slow              6.249       0.812      5.437
6   34        [get_cells [list {ADC3_IF/eras_fifo/U0/inst_fifo_gen/gconvfifo.rf/grf.rf/gntv_or_sync_fifo.gcx.clkx/wr_pntr_cdc_inst/src_gray_ff_reg[0]} {ADC3_IF/eras_fifo/U0/inst_fifo_gen/gconvfifo.rf/grf.rf/gntv_or_sync_fifo.gcx.clkx/wr_pntr_cdc_inst/src_gray_ff_reg[1]} {ADC3_IF/eras_fifo/U0/inst_fifo_gen/gconvfifo.rf/grf.rf/gntv_or_sync_fifo.gcx.clkx/wr_pntr_cdc_inst/src_gray_ff_reg[2]} {ADC3_IF/eras_fifo/U0/inst_fifo_gen/gconvfifo.rf/grf.rf/gntv_or_sync_fifo.gcx.clkx/wr_pntr_cdc_inst/src_gray_ff_reg[3]}]]
                                              [get_cells [list {ADC3_IF/eras_fifo/U0/inst_fifo_gen/gconvfifo.rf/grf.rf/gntv_or_sync_fifo.gcx.clkx/wr_pntr_cdc_inst/dest_graysync_ff_reg[0][0]} {ADC3_IF/eras_fifo/U0/inst_fifo_gen/gconvfifo.rf/grf.rf/gntv_or_sync_fifo.gcx.clkx/wr_pntr_cdc_inst/dest_graysync_ff_reg[0][1]} {ADC3_IF/eras_fifo/U0/inst_fifo_gen/gconvfifo.rf/grf.rf/gntv_or_sync_fifo.gcx.clkx/wr_pntr_cdc_inst/dest_graysync_ff_reg[0][2]} {ADC3_IF/eras_fifo/U0/inst_fifo_gen/gconvfifo.rf/grf.rf/gntv_or_sync_fifo.gcx.clkx/wr_pntr_cdc_inst/dest_graysync_ff_reg[0][3]}]]
                                                                              Slow              6.249       0.827      5.422


2. Bus Skew Report Per Constraint
---------------------------------

Id: 1
set_bus_skew -from [get_cells [list {ADC1_IF/eras_fifo/U0/inst_fifo_gen/gconvfifo.rf/grf.rf/gntv_or_sync_fifo.gcx.clkx/rd_pntr_cdc_inst/src_gray_ff_reg[0]} {ADC1_IF/eras_fifo/U0/inst_fifo_gen/gconvfifo.rf/grf.rf/gntv_or_sync_fifo.gcx.clkx/rd_pntr_cdc_inst/src_gray_ff_reg[1]} {ADC1_IF/eras_fifo/U0/inst_fifo_gen/gconvfifo.rf/grf.rf/gntv_or_sync_fifo.gcx.clkx/rd_pntr_cdc_inst/src_gray_ff_reg[2]} {ADC1_IF/eras_fifo/U0/inst_fifo_gen/gconvfifo.rf/grf.rf/gntv_or_sync_fifo.gcx.clkx/rd_pntr_cdc_inst/src_gray_ff_reg[3]}]] -to [get_cells [list {ADC1_IF/eras_fifo/U0/inst_fifo_gen/gconvfifo.rf/grf.rf/gntv_or_sync_fifo.gcx.clkx/rd_pntr_cdc_inst/dest_graysync_ff_reg[0][0]} {ADC1_IF/eras_fifo/U0/inst_fifo_gen/gconvfifo.rf/grf.rf/gntv_or_sync_fifo.gcx.clkx/rd_pntr_cdc_inst/dest_graysync_ff_reg[0][1]} {ADC1_IF/eras_fifo/U0/inst_fifo_gen/gconvfifo.rf/grf.rf/gntv_or_sync_fifo.gcx.clkx/rd_pntr_cdc_inst/dest_graysync_ff_reg[0][2]} {ADC1_IF/eras_fifo/U0/inst_fifo_gen/gconvfifo.rf/grf.rf/gntv_or_sync_fifo.gcx.clkx/rd_pntr_cdc_inst/dest_graysync_ff_reg[0][3]}]] 6.249
Requirement: 6.249ns
Endpoints: 4

From Clock            To Clock              Endpoint Pin                    Reference Pin                   Corner  Actual(ns)  Slack(ns)
--------------------  --------------------  ------------------------------  ------------------------------  ------  ----------  ---------
clk_out1_SYSCLK0      CLK_DIV_OUT           ADC1_IF/eras_fifo/U0/inst_fifo_gen/gconvfifo.rf/grf.rf/gntv_or_sync_fifo.gcx.clkx/rd_pntr_cdc_inst/dest_graysync_ff_reg[0][1]/D
                                                                            ADC1_IF/eras_fifo/U0/inst_fifo_gen/gconvfifo.rf/grf.rf/gntv_or_sync_fifo.gcx.clkx/rd_pntr_cdc_inst/dest_graysync_ff_reg[0][2]/D
                                                                                                            Slow         0.980      5.269


Slack (MET) :             5.269ns  (requirement - actual skew)
  Endpoint Source:        ADC1_IF/eras_fifo/U0/inst_fifo_gen/gconvfifo.rf/grf.rf/gntv_or_sync_fifo.gcx.clkx/rd_pntr_cdc_inst/src_gray_ff_reg[1]/C
                            (rising edge-triggered cell FDRE clocked by clk_out1_SYSCLK0)
  Endpoint Destination:   ADC1_IF/eras_fifo/U0/inst_fifo_gen/gconvfifo.rf/grf.rf/gntv_or_sync_fifo.gcx.clkx/rd_pntr_cdc_inst/dest_graysync_ff_reg[0][1]/D
                            (rising edge-triggered cell FDRE clocked by CLK_DIV_OUT)
  Reference Source:       ADC1_IF/eras_fifo/U0/inst_fifo_gen/gconvfifo.rf/grf.rf/gntv_or_sync_fifo.gcx.clkx/rd_pntr_cdc_inst/src_gray_ff_reg[2]/C
                            (rising edge-triggered cell FDRE clocked by clk_out1_SYSCLK0)
  Reference Destination:  ADC1_IF/eras_fifo/U0/inst_fifo_gen/gconvfifo.rf/grf.rf/gntv_or_sync_fifo.gcx.clkx/rd_pntr_cdc_inst/dest_graysync_ff_reg[0][2]/D
                            (rising edge-triggered cell FDRE clocked by CLK_DIV_OUT)
  Path Type:              Bus Skew (Max at Slow Process Corner)
  Requirement:            6.249ns
  Endpoint Relative Delay:   -3.018ns
  Reference Relative Delay:  -4.556ns
  Relative CRPR:              0.730ns
  Uncertainty:                0.172ns
  Actual Bus Skew:            0.980ns  (Endpoint Relative Delay - Reference Relative Delay - Relative CRPR + Uncertainty)

Endpoint path:
    Location             Delay type                Incr(ns)  Path(ns)    Netlist Resource(s)
  -------------------------------------------------------------------    -------------------
                         (clock clk_out1_SYSCLK0 rise edge)
                                                      0.000     0.000 r  
    K4                                                0.000     0.000 r  CLK75mp (IN)
                         net (fo=0)                   0.000     0.000    SYSCLK0/inst/clk_in1_p
    K4                   IBUFDS (Prop_ibufds_I_O)     0.953     0.953 r  SYSCLK0/inst/clkin1_ibufgds/O
                         net (fo=1, routed)           1.233     2.186    SYSCLK0/inst/clk_in1_SYSCLK0
    MMCME2_ADV_X1Y2      MMCME2_ADV (Prop_mmcme2_adv_CLKIN1_CLKOUT0)
                                                     -7.070    -4.885 r  SYSCLK0/inst/mmcm_adv_inst/CLKOUT0
                         net (fo=1, routed)           1.719    -3.165    SYSCLK0/inst/clk_out1_SYSCLK0
    BUFGCTRL_X0Y18       BUFG (Prop_bufg_I_O)         0.096    -3.069 r  SYSCLK0/inst/clkout1_buf/O
                         net (fo=31772, routed)       1.802    -1.267    ADC1_IF/eras_fifo/U0/inst_fifo_gen/gconvfifo.rf/grf.rf/gntv_or_sync_fifo.gcx.clkx/rd_pntr_cdc_inst/src_clk
    SLICE_X8Y23          FDRE                                         r  ADC1_IF/eras_fifo/U0/inst_fifo_gen/gconvfifo.rf/grf.rf/gntv_or_sync_fifo.gcx.clkx/rd_pntr_cdc_inst/src_gray_ff_reg[1]/C
  -------------------------------------------------------------------    -------------------
    SLICE_X8Y23          FDRE (Prop_fdre_C_Q)         0.478    -0.789 r  ADC1_IF/eras_fifo/U0/inst_fifo_gen/gconvfifo.rf/grf.rf/gntv_or_sync_fifo.gcx.clkx/rd_pntr_cdc_inst/src_gray_ff_reg[1]/Q
                         net (fo=1, routed)           0.649    -0.140    ADC1_IF/eras_fifo/U0/inst_fifo_gen/gconvfifo.rf/grf.rf/gntv_or_sync_fifo.gcx.clkx/rd_pntr_cdc_inst/async_path[1]
    SLICE_X9Y23          FDRE                                         r  ADC1_IF/eras_fifo/U0/inst_fifo_gen/gconvfifo.rf/grf.rf/gntv_or_sync_fifo.gcx.clkx/rd_pntr_cdc_inst/dest_graysync_ff_reg[0][1]/D
  -------------------------------------------------------------------    -------------------

                         (clock CLK_DIV_OUT rise edge)
                                                      0.000     0.000 r  
    V13                                               0.000     0.000 r  ADC_DCO_P[1] (IN)
                         net (fo=0)                   0.000     0.000    ADC1_IF/adc/inst/ADC_DCO_P[0]
    V13                  IBUFDS (Prop_ibufds_I_O)     0.946     0.946 r  ADC1_IF/adc/inst/ibufds_clk_inst/O
                         net (fo=2, routed)           0.459     1.405    ADC1_IF/adc/inst/clk_in_int
    BUFR_X0Y1            BUFR (Prop_bufr_I_O)         0.919     2.324 r  ADC1_IF/adc/inst/clkout_buf_inst/O
                         net (fo=185, routed)         0.819     3.143    ADC1_IF/eras_fifo/U0/inst_fifo_gen/gconvfifo.rf/grf.rf/gntv_or_sync_fifo.gcx.clkx/rd_pntr_cdc_inst/dest_clk
    SLICE_X9Y23          FDRE                                         r  ADC1_IF/eras_fifo/U0/inst_fifo_gen/gconvfifo.rf/grf.rf/gntv_or_sync_fifo.gcx.clkx/rd_pntr_cdc_inst/dest_graysync_ff_reg[0][1]/C
                         clock pessimism              0.000     3.143    
    SLICE_X9Y23          FDRE (Setup_fdre_C_D)       -0.266     2.877    ADC1_IF/eras_fifo/U0/inst_fifo_gen/gconvfifo.rf/grf.rf/gntv_or_sync_fifo.gcx.clkx/rd_pntr_cdc_inst/dest_graysync_ff_reg[0][1]
  -------------------------------------------------------------------
                         data arrival                          -0.140    
                         clock arrival                          2.877    
  -------------------------------------------------------------------
                         relative delay                        -3.018    

Reference path:
    Location             Delay type                Incr(ns)  Path(ns)    Netlist Resource(s)
  -------------------------------------------------------------------    -------------------
                         (clock clk_out1_SYSCLK0 rise edge)
                                                      0.000     0.000 r  
    K4                                                0.000     0.000 r  CLK75mp (IN)
                         net (fo=0)                   0.000     0.000    SYSCLK0/inst/clk_in1_p
    K4                   IBUFDS (Prop_ibufds_I_O)     0.909     0.909 r  SYSCLK0/inst/clkin1_ibufgds/O
                         net (fo=1, routed)           1.162     2.071    SYSCLK0/inst/clk_in1_SYSCLK0
    MMCME2_ADV_X1Y2      MMCME2_ADV (Prop_mmcme2_adv_CLKIN1_CLKOUT0)
                                                     -7.324    -5.253 r  SYSCLK0/inst/mmcm_adv_inst/CLKOUT0
                         net (fo=1, routed)           1.639    -3.614    SYSCLK0/inst/clk_out1_SYSCLK0
    BUFGCTRL_X0Y18       BUFG (Prop_bufg_I_O)         0.091    -3.523 r  SYSCLK0/inst/clkout1_buf/O
                         net (fo=31772, routed)       1.678    -1.845    ADC1_IF/eras_fifo/U0/inst_fifo_gen/gconvfifo.rf/grf.rf/gntv_or_sync_fifo.gcx.clkx/rd_pntr_cdc_inst/src_clk
    SLICE_X10Y23         FDRE                                         r  ADC1_IF/eras_fifo/U0/inst_fifo_gen/gconvfifo.rf/grf.rf/gntv_or_sync_fifo.gcx.clkx/rd_pntr_cdc_inst/src_gray_ff_reg[2]/C
  -------------------------------------------------------------------    -------------------
    SLICE_X10Y23         FDRE (Prop_fdre_C_Q)         0.418    -1.427 r  ADC1_IF/eras_fifo/U0/inst_fifo_gen/gconvfifo.rf/grf.rf/gntv_or_sync_fifo.gcx.clkx/rd_pntr_cdc_inst/src_gray_ff_reg[2]/Q
                         net (fo=1, routed)           0.374    -1.053    ADC1_IF/eras_fifo/U0/inst_fifo_gen/gconvfifo.rf/grf.rf/gntv_or_sync_fifo.gcx.clkx/rd_pntr_cdc_inst/async_path[2]
    SLICE_X9Y23          FDRE                                         r  ADC1_IF/eras_fifo/U0/inst_fifo_gen/gconvfifo.rf/grf.rf/gntv_or_sync_fifo.gcx.clkx/rd_pntr_cdc_inst/dest_graysync_ff_reg[0][2]/D
  -------------------------------------------------------------------    -------------------

                         (clock CLK_DIV_OUT rise edge)
                                                      0.000     0.000 r  
    V13                                               0.000     0.000 r  ADC_DCO_P[1] (IN)
                         net (fo=0)                   0.000     0.000    ADC1_IF/adc/inst/ADC_DCO_P[0]
    V13                  IBUFDS (Prop_ibufds_I_O)     0.990     0.990 r  ADC1_IF/adc/inst/ibufds_clk_inst/O
                         net (fo=2, routed)           0.500     1.490    ADC1_IF/adc/inst/clk_in_int
    BUFR_X0Y1            BUFR (Prop_bufr_I_O)         0.983     2.473 r  ADC1_IF/adc/inst/clkout_buf_inst/O
                         net (fo=185, routed)         0.859     3.332    ADC1_IF/eras_fifo/U0/inst_fifo_gen/gconvfifo.rf/grf.rf/gntv_or_sync_fifo.gcx.clkx/rd_pntr_cdc_inst/dest_clk
    SLICE_X9Y23          FDRE                                         r  ADC1_IF/eras_fifo/U0/inst_fifo_gen/gconvfifo.rf/grf.rf/gntv_or_sync_fifo.gcx.clkx/rd_pntr_cdc_inst/dest_graysync_ff_reg[0][2]/C
                         clock pessimism              0.000     3.332    
    SLICE_X9Y23          FDRE (Hold_fdre_C_D)         0.170     3.502    ADC1_IF/eras_fifo/U0/inst_fifo_gen/gconvfifo.rf/grf.rf/gntv_or_sync_fifo.gcx.clkx/rd_pntr_cdc_inst/dest_graysync_ff_reg[0][2]
  -------------------------------------------------------------------
                         data arrival                          -1.053    
                         clock arrival                          3.502    
  -------------------------------------------------------------------
                         relative delay                        -4.556    



Id: 2
set_bus_skew -from [get_cells [list {ADC2_IF/eras_fifo/U0/inst_fifo_gen/gconvfifo.rf/grf.rf/gntv_or_sync_fifo.gcx.clkx/rd_pntr_cdc_inst/src_gray_ff_reg[0]} {ADC2_IF/eras_fifo/U0/inst_fifo_gen/gconvfifo.rf/grf.rf/gntv_or_sync_fifo.gcx.clkx/rd_pntr_cdc_inst/src_gray_ff_reg[1]} {ADC2_IF/eras_fifo/U0/inst_fifo_gen/gconvfifo.rf/grf.rf/gntv_or_sync_fifo.gcx.clkx/rd_pntr_cdc_inst/src_gray_ff_reg[2]} {ADC2_IF/eras_fifo/U0/inst_fifo_gen/gconvfifo.rf/grf.rf/gntv_or_sync_fifo.gcx.clkx/rd_pntr_cdc_inst/src_gray_ff_reg[3]}]] -to [get_cells [list {ADC2_IF/eras_fifo/U0/inst_fifo_gen/gconvfifo.rf/grf.rf/gntv_or_sync_fifo.gcx.clkx/rd_pntr_cdc_inst/dest_graysync_ff_reg[0][0]} {ADC2_IF/eras_fifo/U0/inst_fifo_gen/gconvfifo.rf/grf.rf/gntv_or_sync_fifo.gcx.clkx/rd_pntr_cdc_inst/dest_graysync_ff_reg[0][1]} {ADC2_IF/eras_fifo/U0/inst_fifo_gen/gconvfifo.rf/grf.rf/gntv_or_sync_fifo.gcx.clkx/rd_pntr_cdc_inst/dest_graysync_ff_reg[0][2]} {ADC2_IF/eras_fifo/U0/inst_fifo_gen/gconvfifo.rf/grf.rf/gntv_or_sync_fifo.gcx.clkx/rd_pntr_cdc_inst/dest_graysync_ff_reg[0][3]}]] 6.249
Requirement: 6.249ns
Endpoints: 4

From Clock            To Clock              Endpoint Pin                    Reference Pin                   Corner  Actual(ns)  Slack(ns)
--------------------  --------------------  ------------------------------  ------------------------------  ------  ----------  ---------
clk_out1_SYSCLK0      CLK_DIV_OUT_1         ADC2_IF/eras_fifo/U0/inst_fifo_gen/gconvfifo.rf/grf.rf/gntv_or_sync_fifo.gcx.clkx/rd_pntr_cdc_inst/dest_graysync_ff_reg[0][1]/D
                                                                            ADC2_IF/eras_fifo/U0/inst_fifo_gen/gconvfifo.rf/grf.rf/gntv_or_sync_fifo.gcx.clkx/rd_pntr_cdc_inst/dest_graysync_ff_reg[0][2]/D
                                                                                                            Slow         0.866      5.383


Slack (MET) :             5.383ns  (requirement - actual skew)
  Endpoint Source:        ADC2_IF/eras_fifo/U0/inst_fifo_gen/gconvfifo.rf/grf.rf/gntv_or_sync_fifo.gcx.clkx/rd_pntr_cdc_inst/src_gray_ff_reg[1]/C
                            (rising edge-triggered cell FDRE clocked by clk_out1_SYSCLK0)
  Endpoint Destination:   ADC2_IF/eras_fifo/U0/inst_fifo_gen/gconvfifo.rf/grf.rf/gntv_or_sync_fifo.gcx.clkx/rd_pntr_cdc_inst/dest_graysync_ff_reg[0][1]/D
                            (rising edge-triggered cell FDRE clocked by CLK_DIV_OUT_1)
  Reference Source:       ADC2_IF/eras_fifo/U0/inst_fifo_gen/gconvfifo.rf/grf.rf/gntv_or_sync_fifo.gcx.clkx/rd_pntr_cdc_inst/src_gray_ff_reg[2]/C
                            (rising edge-triggered cell FDRE clocked by clk_out1_SYSCLK0)
  Reference Destination:  ADC2_IF/eras_fifo/U0/inst_fifo_gen/gconvfifo.rf/grf.rf/gntv_or_sync_fifo.gcx.clkx/rd_pntr_cdc_inst/dest_graysync_ff_reg[0][2]/D
                            (rising edge-triggered cell FDRE clocked by CLK_DIV_OUT_1)
  Path Type:              Bus Skew (Max at Slow Process Corner)
  Requirement:            6.249ns
  Endpoint Relative Delay:   -3.319ns
  Reference Relative Delay:  -4.754ns
  Relative CRPR:              0.742ns
  Uncertainty:                0.172ns
  Actual Bus Skew:            0.866ns  (Endpoint Relative Delay - Reference Relative Delay - Relative CRPR + Uncertainty)

Endpoint path:
    Location             Delay type                Incr(ns)  Path(ns)    Netlist Resource(s)
  -------------------------------------------------------------------    -------------------
                         (clock clk_out1_SYSCLK0 rise edge)
                                                      0.000     0.000 r  
    K4                                                0.000     0.000 r  CLK75mp (IN)
                         net (fo=0)                   0.000     0.000    SYSCLK0/inst/clk_in1_p
    K4                   IBUFDS (Prop_ibufds_I_O)     0.953     0.953 r  SYSCLK0/inst/clkin1_ibufgds/O
                         net (fo=1, routed)           1.233     2.186    SYSCLK0/inst/clk_in1_SYSCLK0
    MMCME2_ADV_X1Y2      MMCME2_ADV (Prop_mmcme2_adv_CLKIN1_CLKOUT0)
                                                     -7.070    -4.885 r  SYSCLK0/inst/mmcm_adv_inst/CLKOUT0
                         net (fo=1, routed)           1.719    -3.165    SYSCLK0/inst/clk_out1_SYSCLK0
    BUFGCTRL_X0Y18       BUFG (Prop_bufg_I_O)         0.096    -3.069 r  SYSCLK0/inst/clkout1_buf/O
                         net (fo=31772, routed)       1.631    -1.438    ADC2_IF/eras_fifo/U0/inst_fifo_gen/gconvfifo.rf/grf.rf/gntv_or_sync_fifo.gcx.clkx/rd_pntr_cdc_inst/src_clk
    SLICE_X66Y59         FDRE                                         r  ADC2_IF/eras_fifo/U0/inst_fifo_gen/gconvfifo.rf/grf.rf/gntv_or_sync_fifo.gcx.clkx/rd_pntr_cdc_inst/src_gray_ff_reg[1]/C
  -------------------------------------------------------------------    -------------------
    SLICE_X66Y59         FDRE (Prop_fdre_C_Q)         0.478    -0.960 r  ADC2_IF/eras_fifo/U0/inst_fifo_gen/gconvfifo.rf/grf.rf/gntv_or_sync_fifo.gcx.clkx/rd_pntr_cdc_inst/src_gray_ff_reg[1]/Q
                         net (fo=1, routed)           0.609    -0.351    ADC2_IF/eras_fifo/U0/inst_fifo_gen/gconvfifo.rf/grf.rf/gntv_or_sync_fifo.gcx.clkx/rd_pntr_cdc_inst/async_path[1]
    SLICE_X66Y60         FDRE                                         r  ADC2_IF/eras_fifo/U0/inst_fifo_gen/gconvfifo.rf/grf.rf/gntv_or_sync_fifo.gcx.clkx/rd_pntr_cdc_inst/dest_graysync_ff_reg[0][1]/D
  -------------------------------------------------------------------    -------------------

                         (clock CLK_DIV_OUT_1 rise edge)
                                                      0.000     0.000 r  
    V4                                                0.000     0.000 r  ADC_DCO_P[2] (IN)
                         net (fo=0)                   0.000     0.000    ADC2_IF/adc/inst/ADC_DCO_P[0]
    V4                   IBUFDS (Prop_ibufds_I_O)     0.959     0.959 r  ADC2_IF/adc/inst/ibufds_clk_inst/O
                         net (fo=2, routed)           0.459     1.418    ADC2_IF/adc/inst/clk_in_int
    BUFR_X1Y5            BUFR (Prop_bufr_I_O)         0.919     2.337 r  ADC2_IF/adc/inst/clkout_buf_inst/O
                         net (fo=185, routed)         0.849     3.186    ADC2_IF/eras_fifo/U0/inst_fifo_gen/gconvfifo.rf/grf.rf/gntv_or_sync_fifo.gcx.clkx/rd_pntr_cdc_inst/dest_clk
    SLICE_X66Y60         FDRE                                         r  ADC2_IF/eras_fifo/U0/inst_fifo_gen/gconvfifo.rf/grf.rf/gntv_or_sync_fifo.gcx.clkx/rd_pntr_cdc_inst/dest_graysync_ff_reg[0][1]/C
                         clock pessimism              0.000     3.186    
    SLICE_X66Y60         FDRE (Setup_fdre_C_D)       -0.218     2.968    ADC2_IF/eras_fifo/U0/inst_fifo_gen/gconvfifo.rf/grf.rf/gntv_or_sync_fifo.gcx.clkx/rd_pntr_cdc_inst/dest_graysync_ff_reg[0][1]
  -------------------------------------------------------------------
                         data arrival                          -0.351    
                         clock arrival                          2.968    
  -------------------------------------------------------------------
                         relative delay                        -3.319    

Reference path:
    Location             Delay type                Incr(ns)  Path(ns)    Netlist Resource(s)
  -------------------------------------------------------------------    -------------------
                         (clock clk_out1_SYSCLK0 rise edge)
                                                      0.000     0.000 r  
    K4                                                0.000     0.000 r  CLK75mp (IN)
                         net (fo=0)                   0.000     0.000    SYSCLK0/inst/clk_in1_p
    K4                   IBUFDS (Prop_ibufds_I_O)     0.909     0.909 r  SYSCLK0/inst/clkin1_ibufgds/O
                         net (fo=1, routed)           1.162     2.071    SYSCLK0/inst/clk_in1_SYSCLK0
    MMCME2_ADV_X1Y2      MMCME2_ADV (Prop_mmcme2_adv_CLKIN1_CLKOUT0)
                                                     -7.324    -5.253 r  SYSCLK0/inst/mmcm_adv_inst/CLKOUT0
                         net (fo=1, routed)           1.639    -3.614    SYSCLK0/inst/clk_out1_SYSCLK0
    BUFGCTRL_X0Y18       BUFG (Prop_bufg_I_O)         0.091    -3.523 r  SYSCLK0/inst/clkout1_buf/O
                         net (fo=31772, routed)       1.510    -2.012    ADC2_IF/eras_fifo/U0/inst_fifo_gen/gconvfifo.rf/grf.rf/gntv_or_sync_fifo.gcx.clkx/rd_pntr_cdc_inst/src_clk
    SLICE_X66Y59         FDRE                                         r  ADC2_IF/eras_fifo/U0/inst_fifo_gen/gconvfifo.rf/grf.rf/gntv_or_sync_fifo.gcx.clkx/rd_pntr_cdc_inst/src_gray_ff_reg[2]/C
  -------------------------------------------------------------------    -------------------
    SLICE_X66Y59         FDRE (Prop_fdre_C_Q)         0.418    -1.594 r  ADC2_IF/eras_fifo/U0/inst_fifo_gen/gconvfifo.rf/grf.rf/gntv_or_sync_fifo.gcx.clkx/rd_pntr_cdc_inst/src_gray_ff_reg[2]/Q
                         net (fo=1, routed)           0.387    -1.207    ADC2_IF/eras_fifo/U0/inst_fifo_gen/gconvfifo.rf/grf.rf/gntv_or_sync_fifo.gcx.clkx/rd_pntr_cdc_inst/async_path[2]
    SLICE_X65Y59         FDRE                                         r  ADC2_IF/eras_fifo/U0/inst_fifo_gen/gconvfifo.rf/grf.rf/gntv_or_sync_fifo.gcx.clkx/rd_pntr_cdc_inst/dest_graysync_ff_reg[0][2]/D
  -------------------------------------------------------------------    -------------------

                         (clock CLK_DIV_OUT_1 rise edge)
                                                      0.000     0.000 r  
    V4                                                0.000     0.000 r  ADC_DCO_P[2] (IN)
                         net (fo=0)                   0.000     0.000    ADC2_IF/adc/inst/ADC_DCO_P[0]
    V4                   IBUFDS (Prop_ibufds_I_O)     1.003     1.003 r  ADC2_IF/adc/inst/ibufds_clk_inst/O
                         net (fo=2, routed)           0.500     1.503    ADC2_IF/adc/inst/clk_in_int
    BUFR_X1Y5            BUFR (Prop_bufr_I_O)         0.983     2.486 r  ADC2_IF/adc/inst/clkout_buf_inst/O
                         net (fo=185, routed)         0.892     3.378    ADC2_IF/eras_fifo/U0/inst_fifo_gen/gconvfifo.rf/grf.rf/gntv_or_sync_fifo.gcx.clkx/rd_pntr_cdc_inst/dest_clk
    SLICE_X65Y59         FDRE                                         r  ADC2_IF/eras_fifo/U0/inst_fifo_gen/gconvfifo.rf/grf.rf/gntv_or_sync_fifo.gcx.clkx/rd_pntr_cdc_inst/dest_graysync_ff_reg[0][2]/C
                         clock pessimism              0.000     3.378    
    SLICE_X65Y59         FDRE (Hold_fdre_C_D)         0.169     3.547    ADC2_IF/eras_fifo/U0/inst_fifo_gen/gconvfifo.rf/grf.rf/gntv_or_sync_fifo.gcx.clkx/rd_pntr_cdc_inst/dest_graysync_ff_reg[0][2]
  -------------------------------------------------------------------
                         data arrival                          -1.207    
                         clock arrival                          3.547    
  -------------------------------------------------------------------
                         relative delay                        -4.754    



Id: 3
set_bus_skew -from [get_cells [list {ADC3_IF/eras_fifo/U0/inst_fifo_gen/gconvfifo.rf/grf.rf/gntv_or_sync_fifo.gcx.clkx/rd_pntr_cdc_inst/src_gray_ff_reg[0]} {ADC3_IF/eras_fifo/U0/inst_fifo_gen/gconvfifo.rf/grf.rf/gntv_or_sync_fifo.gcx.clkx/rd_pntr_cdc_inst/src_gray_ff_reg[1]} {ADC3_IF/eras_fifo/U0/inst_fifo_gen/gconvfifo.rf/grf.rf/gntv_or_sync_fifo.gcx.clkx/rd_pntr_cdc_inst/src_gray_ff_reg[2]} {ADC3_IF/eras_fifo/U0/inst_fifo_gen/gconvfifo.rf/grf.rf/gntv_or_sync_fifo.gcx.clkx/rd_pntr_cdc_inst/src_gray_ff_reg[3]}]] -to [get_cells [list {ADC3_IF/eras_fifo/U0/inst_fifo_gen/gconvfifo.rf/grf.rf/gntv_or_sync_fifo.gcx.clkx/rd_pntr_cdc_inst/dest_graysync_ff_reg[0][0]} {ADC3_IF/eras_fifo/U0/inst_fifo_gen/gconvfifo.rf/grf.rf/gntv_or_sync_fifo.gcx.clkx/rd_pntr_cdc_inst/dest_graysync_ff_reg[0][1]} {ADC3_IF/eras_fifo/U0/inst_fifo_gen/gconvfifo.rf/grf.rf/gntv_or_sync_fifo.gcx.clkx/rd_pntr_cdc_inst/dest_graysync_ff_reg[0][2]} {ADC3_IF/eras_fifo/U0/inst_fifo_gen/gconvfifo.rf/grf.rf/gntv_or_sync_fifo.gcx.clkx/rd_pntr_cdc_inst/dest_graysync_ff_reg[0][3]}]] 6.249
Requirement: 6.249ns
Endpoints: 4

From Clock            To Clock              Endpoint Pin                    Reference Pin                   Corner  Actual(ns)  Slack(ns)
--------------------  --------------------  ------------------------------  ------------------------------  ------  ----------  ---------
clk_out1_SYSCLK0      CLK_DIV_OUT_2         ADC3_IF/eras_fifo/U0/inst_fifo_gen/gconvfifo.rf/grf.rf/gntv_or_sync_fifo.gcx.clkx/rd_pntr_cdc_inst/dest_graysync_ff_reg[0][3]/D
                                                                            ADC3_IF/eras_fifo/U0/inst_fifo_gen/gconvfifo.rf/grf.rf/gntv_or_sync_fifo.gcx.clkx/rd_pntr_cdc_inst/dest_graysync_ff_reg[0][0]/D
                                                                                                            Slow         0.889      5.360


Slack (MET) :             5.360ns  (requirement - actual skew)
  Endpoint Source:        ADC3_IF/eras_fifo/U0/inst_fifo_gen/gconvfifo.rf/grf.rf/gntv_or_sync_fifo.gcx.clkx/rd_pntr_cdc_inst/src_gray_ff_reg[3]/C
                            (rising edge-triggered cell FDRE clocked by clk_out1_SYSCLK0)
  Endpoint Destination:   ADC3_IF/eras_fifo/U0/inst_fifo_gen/gconvfifo.rf/grf.rf/gntv_or_sync_fifo.gcx.clkx/rd_pntr_cdc_inst/dest_graysync_ff_reg[0][3]/D
                            (rising edge-triggered cell FDRE clocked by CLK_DIV_OUT_2)
  Reference Source:       ADC3_IF/eras_fifo/U0/inst_fifo_gen/gconvfifo.rf/grf.rf/gntv_or_sync_fifo.gcx.clkx/rd_pntr_cdc_inst/src_gray_ff_reg[0]/C
                            (rising edge-triggered cell FDRE clocked by clk_out1_SYSCLK0)
  Reference Destination:  ADC3_IF/eras_fifo/U0/inst_fifo_gen/gconvfifo.rf/grf.rf/gntv_or_sync_fifo.gcx.clkx/rd_pntr_cdc_inst/dest_graysync_ff_reg[0][0]/D
                            (rising edge-triggered cell FDRE clocked by CLK_DIV_OUT_2)
  Path Type:              Bus Skew (Max at Slow Process Corner)
  Requirement:            6.249ns
  Endpoint Relative Delay:   -3.450ns
  Reference Relative Delay:  -4.768ns
  Relative CRPR:              0.602ns
  Uncertainty:                0.172ns
  Actual Bus Skew:            0.889ns  (Endpoint Relative Delay - Reference Relative Delay - Relative CRPR + Uncertainty)

Endpoint path:
    Location             Delay type                Incr(ns)  Path(ns)    Netlist Resource(s)
  -------------------------------------------------------------------    -------------------
                         (clock clk_out1_SYSCLK0 rise edge)
                                                      0.000     0.000 r  
    K4                                                0.000     0.000 r  CLK75mp (IN)
                         net (fo=0)                   0.000     0.000    SYSCLK0/inst/clk_in1_p
    K4                   IBUFDS (Prop_ibufds_I_O)     0.953     0.953 r  SYSCLK0/inst/clkin1_ibufgds/O
                         net (fo=1, routed)           1.233     2.186    SYSCLK0/inst/clk_in1_SYSCLK0
    MMCME2_ADV_X1Y2      MMCME2_ADV (Prop_mmcme2_adv_CLKIN1_CLKOUT0)
                                                     -7.070    -4.885 r  SYSCLK0/inst/mmcm_adv_inst/CLKOUT0
                         net (fo=1, routed)           1.719    -3.165    SYSCLK0/inst/clk_out1_SYSCLK0
    BUFGCTRL_X0Y18       BUFG (Prop_bufg_I_O)         0.096    -3.069 r  SYSCLK0/inst/clkout1_buf/O
                         net (fo=31772, routed)       1.634    -1.435    ADC3_IF/eras_fifo/U0/inst_fifo_gen/gconvfifo.rf/grf.rf/gntv_or_sync_fifo.gcx.clkx/rd_pntr_cdc_inst/src_clk
    SLICE_X69Y99         FDRE                                         r  ADC3_IF/eras_fifo/U0/inst_fifo_gen/gconvfifo.rf/grf.rf/gntv_or_sync_fifo.gcx.clkx/rd_pntr_cdc_inst/src_gray_ff_reg[3]/C
  -------------------------------------------------------------------    -------------------
    SLICE_X69Y99         FDRE (Prop_fdre_C_Q)         0.456    -0.979 r  ADC3_IF/eras_fifo/U0/inst_fifo_gen/gconvfifo.rf/grf.rf/gntv_or_sync_fifo.gcx.clkx/rd_pntr_cdc_inst/src_gray_ff_reg[3]/Q
                         net (fo=1, routed)           0.576    -0.403    ADC3_IF/eras_fifo/U0/inst_fifo_gen/gconvfifo.rf/grf.rf/gntv_or_sync_fifo.gcx.clkx/rd_pntr_cdc_inst/async_path[3]
    SLICE_X69Y100        FDRE                                         r  ADC3_IF/eras_fifo/U0/inst_fifo_gen/gconvfifo.rf/grf.rf/gntv_or_sync_fifo.gcx.clkx/rd_pntr_cdc_inst/dest_graysync_ff_reg[0][3]/D
  -------------------------------------------------------------------    -------------------

                         (clock CLK_DIV_OUT_2 rise edge)
                                                      0.000     0.000 r  
    H4                                                0.000     0.000 r  ADC_DCO_P[3] (IN)
                         net (fo=0)                   0.000     0.000    ADC3_IF/adc/inst/ADC_DCO_P[0]
    H4                   IBUFDS (Prop_ibufds_I_O)     0.911     0.911 r  ADC3_IF/adc/inst/ibufds_clk_inst/O
                         net (fo=2, routed)           0.459     1.370    ADC3_IF/adc/inst/clk_in_int
    BUFR_X1Y9            BUFR (Prop_bufr_I_O)         0.919     2.289 r  ADC3_IF/adc/inst/clkout_buf_inst/O
                         net (fo=185, routed)         0.851     3.140    ADC3_IF/eras_fifo/U0/inst_fifo_gen/gconvfifo.rf/grf.rf/gntv_or_sync_fifo.gcx.clkx/rd_pntr_cdc_inst/dest_clk
    SLICE_X69Y100        FDRE                                         r  ADC3_IF/eras_fifo/U0/inst_fifo_gen/gconvfifo.rf/grf.rf/gntv_or_sync_fifo.gcx.clkx/rd_pntr_cdc_inst/dest_graysync_ff_reg[0][3]/C
                         clock pessimism              0.000     3.140    
    SLICE_X69Y100        FDRE (Setup_fdre_C_D)       -0.093     3.047    ADC3_IF/eras_fifo/U0/inst_fifo_gen/gconvfifo.rf/grf.rf/gntv_or_sync_fifo.gcx.clkx/rd_pntr_cdc_inst/dest_graysync_ff_reg[0][3]
  -------------------------------------------------------------------
                         data arrival                          -0.403    
                         clock arrival                          3.047    
  -------------------------------------------------------------------
                         relative delay                        -3.450    

Reference path:
    Location             Delay type                Incr(ns)  Path(ns)    Netlist Resource(s)
  -------------------------------------------------------------------    -------------------
                         (clock clk_out1_SYSCLK0 rise edge)
                                                      0.000     0.000 r  
    K4                                                0.000     0.000 r  CLK75mp (IN)
                         net (fo=0)                   0.000     0.000    SYSCLK0/inst/clk_in1_p
    K4                   IBUFDS (Prop_ibufds_I_O)     0.909     0.909 r  SYSCLK0/inst/clkin1_ibufgds/O
                         net (fo=1, routed)           1.162     2.071    SYSCLK0/inst/clk_in1_SYSCLK0
    MMCME2_ADV_X1Y2      MMCME2_ADV (Prop_mmcme2_adv_CLKIN1_CLKOUT0)
                                                     -7.324    -5.253 r  SYSCLK0/inst/mmcm_adv_inst/CLKOUT0
                         net (fo=1, routed)           1.639    -3.614    SYSCLK0/inst/clk_out1_SYSCLK0
    BUFGCTRL_X0Y18       BUFG (Prop_bufg_I_O)         0.091    -3.523 r  SYSCLK0/inst/clkout1_buf/O
                         net (fo=31772, routed)       1.497    -2.026    ADC3_IF/eras_fifo/U0/inst_fifo_gen/gconvfifo.rf/grf.rf/gntv_or_sync_fifo.gcx.clkx/rd_pntr_cdc_inst/src_clk
    SLICE_X68Y100        FDRE                                         r  ADC3_IF/eras_fifo/U0/inst_fifo_gen/gconvfifo.rf/grf.rf/gntv_or_sync_fifo.gcx.clkx/rd_pntr_cdc_inst/src_gray_ff_reg[0]/C
  -------------------------------------------------------------------    -------------------
    SLICE_X68Y100        FDRE (Prop_fdre_C_Q)         0.367    -1.659 r  ADC3_IF/eras_fifo/U0/inst_fifo_gen/gconvfifo.rf/grf.rf/gntv_or_sync_fifo.gcx.clkx/rd_pntr_cdc_inst/src_gray_ff_reg[0]/Q
                         net (fo=1, routed)           0.393    -1.266    ADC3_IF/eras_fifo/U0/inst_fifo_gen/gconvfifo.rf/grf.rf/gntv_or_sync_fifo.gcx.clkx/rd_pntr_cdc_inst/async_path[0]
    SLICE_X67Y101        FDRE                                         r  ADC3_IF/eras_fifo/U0/inst_fifo_gen/gconvfifo.rf/grf.rf/gntv_or_sync_fifo.gcx.clkx/rd_pntr_cdc_inst/dest_graysync_ff_reg[0][0]/D
  -------------------------------------------------------------------    -------------------

                         (clock CLK_DIV_OUT_2 rise edge)
                                                      0.000     0.000 r  
    H4                                                0.000     0.000 r  ADC_DCO_P[3] (IN)
                         net (fo=0)                   0.000     0.000    ADC3_IF/adc/inst/ADC_DCO_P[0]
    H4                   IBUFDS (Prop_ibufds_I_O)     0.955     0.955 r  ADC3_IF/adc/inst/ibufds_clk_inst/O
                         net (fo=2, routed)           0.500     1.455    ADC3_IF/adc/inst/clk_in_int
    BUFR_X1Y9            BUFR (Prop_bufr_I_O)         0.983     2.438 r  ADC3_IF/adc/inst/clkout_buf_inst/O
                         net (fo=185, routed)         0.895     3.333    ADC3_IF/eras_fifo/U0/inst_fifo_gen/gconvfifo.rf/grf.rf/gntv_or_sync_fifo.gcx.clkx/rd_pntr_cdc_inst/dest_clk
    SLICE_X67Y101        FDRE                                         r  ADC3_IF/eras_fifo/U0/inst_fifo_gen/gconvfifo.rf/grf.rf/gntv_or_sync_fifo.gcx.clkx/rd_pntr_cdc_inst/dest_graysync_ff_reg[0][0]/C
                         clock pessimism              0.000     3.333    
    SLICE_X67Y101        FDRE (Hold_fdre_C_D)         0.169     3.502    ADC3_IF/eras_fifo/U0/inst_fifo_gen/gconvfifo.rf/grf.rf/gntv_or_sync_fifo.gcx.clkx/rd_pntr_cdc_inst/dest_graysync_ff_reg[0][0]
  -------------------------------------------------------------------
                         data arrival                          -1.266    
                         clock arrival                          3.502    
  -------------------------------------------------------------------
                         relative delay                        -4.768    



Id: 4
set_bus_skew -from [get_cells [list {ADC1_IF/eras_fifo/U0/inst_fifo_gen/gconvfifo.rf/grf.rf/gntv_or_sync_fifo.gcx.clkx/wr_pntr_cdc_inst/src_gray_ff_reg[0]} {ADC1_IF/eras_fifo/U0/inst_fifo_gen/gconvfifo.rf/grf.rf/gntv_or_sync_fifo.gcx.clkx/wr_pntr_cdc_inst/src_gray_ff_reg[1]} {ADC1_IF/eras_fifo/U0/inst_fifo_gen/gconvfifo.rf/grf.rf/gntv_or_sync_fifo.gcx.clkx/wr_pntr_cdc_inst/src_gray_ff_reg[2]} {ADC1_IF/eras_fifo/U0/inst_fifo_gen/gconvfifo.rf/grf.rf/gntv_or_sync_fifo.gcx.clkx/wr_pntr_cdc_inst/src_gray_ff_reg[3]}]] -to [get_cells [list {ADC1_IF/eras_fifo/U0/inst_fifo_gen/gconvfifo.rf/grf.rf/gntv_or_sync_fifo.gcx.clkx/wr_pntr_cdc_inst/dest_graysync_ff_reg[0][0]} {ADC1_IF/eras_fifo/U0/inst_fifo_gen/gconvfifo.rf/grf.rf/gntv_or_sync_fifo.gcx.clkx/wr_pntr_cdc_inst/dest_graysync_ff_reg[0][1]} {ADC1_IF/eras_fifo/U0/inst_fifo_gen/gconvfifo.rf/grf.rf/gntv_or_sync_fifo.gcx.clkx/wr_pntr_cdc_inst/dest_graysync_ff_reg[0][2]} {ADC1_IF/eras_fifo/U0/inst_fifo_gen/gconvfifo.rf/grf.rf/gntv_or_sync_fifo.gcx.clkx/wr_pntr_cdc_inst/dest_graysync_ff_reg[0][3]}]] 6.249
Requirement: 6.249ns
Endpoints: 4

From Clock            To Clock              Endpoint Pin                    Reference Pin                   Corner  Actual(ns)  Slack(ns)
--------------------  --------------------  ------------------------------  ------------------------------  ------  ----------  ---------
CLK_DIV_OUT           clk_out1_SYSCLK0      ADC1_IF/eras_fifo/U0/inst_fifo_gen/gconvfifo.rf/grf.rf/gntv_or_sync_fifo.gcx.clkx/wr_pntr_cdc_inst/dest_graysync_ff_reg[0][3]/D
                                                                            ADC1_IF/eras_fifo/U0/inst_fifo_gen/gconvfifo.rf/grf.rf/gntv_or_sync_fifo.gcx.clkx/wr_pntr_cdc_inst/dest_graysync_ff_reg[0][2]/D
                                                                                                            Slow         0.993      5.256


Slack (MET) :             5.256ns  (requirement - actual skew)
  Endpoint Source:        ADC1_IF/eras_fifo/U0/inst_fifo_gen/gconvfifo.rf/grf.rf/gntv_or_sync_fifo.gcx.clkx/wr_pntr_cdc_inst/src_gray_ff_reg[3]/C
                            (rising edge-triggered cell FDRE clocked by CLK_DIV_OUT)
  Endpoint Destination:   ADC1_IF/eras_fifo/U0/inst_fifo_gen/gconvfifo.rf/grf.rf/gntv_or_sync_fifo.gcx.clkx/wr_pntr_cdc_inst/dest_graysync_ff_reg[0][3]/D
                            (rising edge-triggered cell FDRE clocked by clk_out1_SYSCLK0)
  Reference Source:       ADC1_IF/eras_fifo/U0/inst_fifo_gen/gconvfifo.rf/grf.rf/gntv_or_sync_fifo.gcx.clkx/wr_pntr_cdc_inst/src_gray_ff_reg[2]/C
                            (rising edge-triggered cell FDRE clocked by CLK_DIV_OUT)
  Reference Destination:  ADC1_IF/eras_fifo/U0/inst_fifo_gen/gconvfifo.rf/grf.rf/gntv_or_sync_fifo.gcx.clkx/wr_pntr_cdc_inst/dest_graysync_ff_reg[0][2]/D
                            (rising edge-triggered cell FDRE clocked by clk_out1_SYSCLK0)
  Path Type:              Bus Skew (Max at Slow Process Corner)
  Requirement:            6.249ns
  Endpoint Relative Delay:    6.563ns
  Reference Relative Delay:   5.053ns
  Relative CRPR:              0.690ns
  Uncertainty:                0.172ns
  Actual Bus Skew:            0.993ns  (Endpoint Relative Delay - Reference Relative Delay - Relative CRPR + Uncertainty)

Endpoint path:
    Location             Delay type                Incr(ns)  Path(ns)    Netlist Resource(s)
  -------------------------------------------------------------------    -------------------
                         (clock CLK_DIV_OUT rise edge)
                                                      0.000     0.000 r  
    V13                                               0.000     0.000 r  ADC_DCO_P[1] (IN)
                         net (fo=0)                   0.000     0.000    ADC1_IF/adc/inst/ADC_DCO_P[0]
    V13                  IBUFDS (Prop_ibufds_I_O)     0.990     0.990 r  ADC1_IF/adc/inst/ibufds_clk_inst/O
                         net (fo=2, routed)           0.500     1.490    ADC1_IF/adc/inst/clk_in_int
    BUFR_X0Y1            BUFR (Prop_bufr_I_O)         0.983     2.473 r  ADC1_IF/adc/inst/clkout_buf_inst/O
                         net (fo=185, routed)         0.861     3.334    ADC1_IF/eras_fifo/U0/inst_fifo_gen/gconvfifo.rf/grf.rf/gntv_or_sync_fifo.gcx.clkx/wr_pntr_cdc_inst/src_clk
    SLICE_X10Y26         FDRE                                         r  ADC1_IF/eras_fifo/U0/inst_fifo_gen/gconvfifo.rf/grf.rf/gntv_or_sync_fifo.gcx.clkx/wr_pntr_cdc_inst/src_gray_ff_reg[3]/C
  -------------------------------------------------------------------    -------------------
    SLICE_X10Y26         FDRE (Prop_fdre_C_Q)         0.478     3.812 r  ADC1_IF/eras_fifo/U0/inst_fifo_gen/gconvfifo.rf/grf.rf/gntv_or_sync_fifo.gcx.clkx/wr_pntr_cdc_inst/src_gray_ff_reg[3]/Q
                         net (fo=1, routed)           0.639     4.451    ADC1_IF/eras_fifo/U0/inst_fifo_gen/gconvfifo.rf/grf.rf/gntv_or_sync_fifo.gcx.clkx/wr_pntr_cdc_inst/async_path[3]
    SLICE_X11Y25         FDRE                                         r  ADC1_IF/eras_fifo/U0/inst_fifo_gen/gconvfifo.rf/grf.rf/gntv_or_sync_fifo.gcx.clkx/wr_pntr_cdc_inst/dest_graysync_ff_reg[0][3]/D
  -------------------------------------------------------------------    -------------------

                         (clock clk_out1_SYSCLK0 rise edge)
                                                      0.000     0.000 r  
    K4                                                0.000     0.000 r  CLK75mp (IN)
                         net (fo=0)                   0.000     0.000    SYSCLK0/inst/clk_in1_p
    K4                   IBUFDS (Prop_ibufds_I_O)     0.909     0.909 r  SYSCLK0/inst/clkin1_ibufgds/O
                         net (fo=1, routed)           1.162     2.071    SYSCLK0/inst/clk_in1_SYSCLK0
    MMCME2_ADV_X1Y2      MMCME2_ADV (Prop_mmcme2_adv_CLKIN1_CLKOUT0)
                                                     -7.324    -5.253 r  SYSCLK0/inst/mmcm_adv_inst/CLKOUT0
                         net (fo=1, routed)           1.639    -3.614    SYSCLK0/inst/clk_out1_SYSCLK0
    BUFGCTRL_X0Y18       BUFG (Prop_bufg_I_O)         0.091    -3.523 r  SYSCLK0/inst/clkout1_buf/O
                         net (fo=31772, routed)       1.676    -1.847    ADC1_IF/eras_fifo/U0/inst_fifo_gen/gconvfifo.rf/grf.rf/gntv_or_sync_fifo.gcx.clkx/wr_pntr_cdc_inst/dest_clk
    SLICE_X11Y25         FDRE                                         r  ADC1_IF/eras_fifo/U0/inst_fifo_gen/gconvfifo.rf/grf.rf/gntv_or_sync_fifo.gcx.clkx/wr_pntr_cdc_inst/dest_graysync_ff_reg[0][3]/C
                         clock pessimism              0.000    -1.847    
    SLICE_X11Y25         FDRE (Setup_fdre_C_D)       -0.265    -2.112    ADC1_IF/eras_fifo/U0/inst_fifo_gen/gconvfifo.rf/grf.rf/gntv_or_sync_fifo.gcx.clkx/wr_pntr_cdc_inst/dest_graysync_ff_reg[0][3]
  -------------------------------------------------------------------
                         data arrival                           4.451    
                         clock arrival                         -2.112    
  -------------------------------------------------------------------
                         relative delay                         6.563    

Reference path:
    Location             Delay type                Incr(ns)  Path(ns)    Netlist Resource(s)
  -------------------------------------------------------------------    -------------------
                         (clock CLK_DIV_OUT rise edge)
                                                      0.000     0.000 r  
    V13                                               0.000     0.000 r  ADC_DCO_P[1] (IN)
                         net (fo=0)                   0.000     0.000    ADC1_IF/adc/inst/ADC_DCO_P[0]
    V13                  IBUFDS (Prop_ibufds_I_O)     0.946     0.946 r  ADC1_IF/adc/inst/ibufds_clk_inst/O
                         net (fo=2, routed)           0.459     1.405    ADC1_IF/adc/inst/clk_in_int
    BUFR_X0Y1            BUFR (Prop_bufr_I_O)         0.919     2.324 r  ADC1_IF/adc/inst/clkout_buf_inst/O
                         net (fo=185, routed)         0.817     3.141    ADC1_IF/eras_fifo/U0/inst_fifo_gen/gconvfifo.rf/grf.rf/gntv_or_sync_fifo.gcx.clkx/wr_pntr_cdc_inst/src_clk
    SLICE_X8Y24          FDRE                                         r  ADC1_IF/eras_fifo/U0/inst_fifo_gen/gconvfifo.rf/grf.rf/gntv_or_sync_fifo.gcx.clkx/wr_pntr_cdc_inst/src_gray_ff_reg[2]/C
  -------------------------------------------------------------------    -------------------
    SLICE_X8Y24          FDRE (Prop_fdre_C_Q)         0.418     3.559 r  ADC1_IF/eras_fifo/U0/inst_fifo_gen/gconvfifo.rf/grf.rf/gntv_or_sync_fifo.gcx.clkx/wr_pntr_cdc_inst/src_gray_ff_reg[2]/Q
                         net (fo=1, routed)           0.399     3.959    ADC1_IF/eras_fifo/U0/inst_fifo_gen/gconvfifo.rf/grf.rf/gntv_or_sync_fifo.gcx.clkx/wr_pntr_cdc_inst/async_path[2]
    SLICE_X9Y28          FDRE                                         r  ADC1_IF/eras_fifo/U0/inst_fifo_gen/gconvfifo.rf/grf.rf/gntv_or_sync_fifo.gcx.clkx/wr_pntr_cdc_inst/dest_graysync_ff_reg[0][2]/D
  -------------------------------------------------------------------    -------------------

                         (clock clk_out1_SYSCLK0 rise edge)
                                                      0.000     0.000 r  
    K4                                                0.000     0.000 r  CLK75mp (IN)
                         net (fo=0)                   0.000     0.000    SYSCLK0/inst/clk_in1_p
    K4                   IBUFDS (Prop_ibufds_I_O)     0.953     0.953 r  SYSCLK0/inst/clkin1_ibufgds/O
                         net (fo=1, routed)           1.233     2.186    SYSCLK0/inst/clk_in1_SYSCLK0
    MMCME2_ADV_X1Y2      MMCME2_ADV (Prop_mmcme2_adv_CLKIN1_CLKOUT0)
                                                     -7.070    -4.885 r  SYSCLK0/inst/mmcm_adv_inst/CLKOUT0
                         net (fo=1, routed)           1.719    -3.165    SYSCLK0/inst/clk_out1_SYSCLK0
    BUFGCTRL_X0Y18       BUFG (Prop_bufg_I_O)         0.096    -3.069 r  SYSCLK0/inst/clkout1_buf/O
                         net (fo=31772, routed)       1.806    -1.263    ADC1_IF/eras_fifo/U0/inst_fifo_gen/gconvfifo.rf/grf.rf/gntv_or_sync_fifo.gcx.clkx/wr_pntr_cdc_inst/dest_clk
    SLICE_X9Y28          FDRE                                         r  ADC1_IF/eras_fifo/U0/inst_fifo_gen/gconvfifo.rf/grf.rf/gntv_or_sync_fifo.gcx.clkx/wr_pntr_cdc_inst/dest_graysync_ff_reg[0][2]/C
                         clock pessimism              0.000    -1.263    
    SLICE_X9Y28          FDRE (Hold_fdre_C_D)         0.169    -1.094    ADC1_IF/eras_fifo/U0/inst_fifo_gen/gconvfifo.rf/grf.rf/gntv_or_sync_fifo.gcx.clkx/wr_pntr_cdc_inst/dest_graysync_ff_reg[0][2]
  -------------------------------------------------------------------
                         data arrival                           3.959    
                         clock arrival                         -1.094    
  -------------------------------------------------------------------
                         relative delay                         5.053    



Id: 5
set_bus_skew -from [get_cells [list {ADC2_IF/eras_fifo/U0/inst_fifo_gen/gconvfifo.rf/grf.rf/gntv_or_sync_fifo.gcx.clkx/wr_pntr_cdc_inst/src_gray_ff_reg[0]} {ADC2_IF/eras_fifo/U0/inst_fifo_gen/gconvfifo.rf/grf.rf/gntv_or_sync_fifo.gcx.clkx/wr_pntr_cdc_inst/src_gray_ff_reg[1]} {ADC2_IF/eras_fifo/U0/inst_fifo_gen/gconvfifo.rf/grf.rf/gntv_or_sync_fifo.gcx.clkx/wr_pntr_cdc_inst/src_gray_ff_reg[2]} {ADC2_IF/eras_fifo/U0/inst_fifo_gen/gconvfifo.rf/grf.rf/gntv_or_sync_fifo.gcx.clkx/wr_pntr_cdc_inst/src_gray_ff_reg[3]}]] -to [get_cells [list {ADC2_IF/eras_fifo/U0/inst_fifo_gen/gconvfifo.rf/grf.rf/gntv_or_sync_fifo.gcx.clkx/wr_pntr_cdc_inst/dest_graysync_ff_reg[0][0]} {ADC2_IF/eras_fifo/U0/inst_fifo_gen/gconvfifo.rf/grf.rf/gntv_or_sync_fifo.gcx.clkx/wr_pntr_cdc_inst/dest_graysync_ff_reg[0][1]} {ADC2_IF/eras_fifo/U0/inst_fifo_gen/gconvfifo.rf/grf.rf/gntv_or_sync_fifo.gcx.clkx/wr_pntr_cdc_inst/dest_graysync_ff_reg[0][2]} {ADC2_IF/eras_fifo/U0/inst_fifo_gen/gconvfifo.rf/grf.rf/gntv_or_sync_fifo.gcx.clkx/wr_pntr_cdc_inst/dest_graysync_ff_reg[0][3]}]] 6.249
Requirement: 6.249ns
Endpoints: 4

From Clock            To Clock              Endpoint Pin                    Reference Pin                   Corner  Actual(ns)  Slack(ns)
--------------------  --------------------  ------------------------------  ------------------------------  ------  ----------  ---------
CLK_DIV_OUT_1         clk_out1_SYSCLK0      ADC2_IF/eras_fifo/U0/inst_fifo_gen/gconvfifo.rf/grf.rf/gntv_or_sync_fifo.gcx.clkx/wr_pntr_cdc_inst/dest_graysync_ff_reg[0][2]/D
                                                                            ADC2_IF/eras_fifo/U0/inst_fifo_gen/gconvfifo.rf/grf.rf/gntv_or_sync_fifo.gcx.clkx/wr_pntr_cdc_inst/dest_graysync_ff_reg[0][0]/D
                                                                                                            Slow         0.812      5.437


Slack (MET) :             5.437ns  (requirement - actual skew)
  Endpoint Source:        ADC2_IF/eras_fifo/U0/inst_fifo_gen/gconvfifo.rf/grf.rf/gntv_or_sync_fifo.gcx.clkx/wr_pntr_cdc_inst/src_gray_ff_reg[2]/C
                            (rising edge-triggered cell FDRE clocked by CLK_DIV_OUT_1)
  Endpoint Destination:   ADC2_IF/eras_fifo/U0/inst_fifo_gen/gconvfifo.rf/grf.rf/gntv_or_sync_fifo.gcx.clkx/wr_pntr_cdc_inst/dest_graysync_ff_reg[0][2]/D
                            (rising edge-triggered cell FDRE clocked by clk_out1_SYSCLK0)
  Reference Source:       ADC2_IF/eras_fifo/U0/inst_fifo_gen/gconvfifo.rf/grf.rf/gntv_or_sync_fifo.gcx.clkx/wr_pntr_cdc_inst/src_gray_ff_reg[0]/C
                            (rising edge-triggered cell FDRE clocked by CLK_DIV_OUT_1)
  Reference Destination:  ADC2_IF/eras_fifo/U0/inst_fifo_gen/gconvfifo.rf/grf.rf/gntv_or_sync_fifo.gcx.clkx/wr_pntr_cdc_inst/dest_graysync_ff_reg[0][0]/D
                            (rising edge-triggered cell FDRE clocked by clk_out1_SYSCLK0)
  Path Type:              Bus Skew (Max at Slow Process Corner)
  Requirement:            6.249ns
  Endpoint Relative Delay:    6.549ns
  Reference Relative Delay:   5.228ns
  Relative CRPR:              0.682ns
  Uncertainty:                0.172ns
  Actual Bus Skew:            0.812ns  (Endpoint Relative Delay - Reference Relative Delay - Relative CRPR + Uncertainty)

Endpoint path:
    Location             Delay type                Incr(ns)  Path(ns)    Netlist Resource(s)
  -------------------------------------------------------------------    -------------------
                         (clock CLK_DIV_OUT_1 rise edge)
                                                      0.000     0.000 r  
    V4                                                0.000     0.000 r  ADC_DCO_P[2] (IN)
                         net (fo=0)                   0.000     0.000    ADC2_IF/adc/inst/ADC_DCO_P[0]
    V4                   IBUFDS (Prop_ibufds_I_O)     1.003     1.003 r  ADC2_IF/adc/inst/ibufds_clk_inst/O
                         net (fo=2, routed)           0.500     1.503    ADC2_IF/adc/inst/clk_in_int
    BUFR_X1Y5            BUFR (Prop_bufr_I_O)         0.983     2.486 r  ADC2_IF/adc/inst/clkout_buf_inst/O
                         net (fo=185, routed)         0.893     3.379    ADC2_IF/eras_fifo/U0/inst_fifo_gen/gconvfifo.rf/grf.rf/gntv_or_sync_fifo.gcx.clkx/wr_pntr_cdc_inst/src_clk
    SLICE_X66Y58         FDRE                                         r  ADC2_IF/eras_fifo/U0/inst_fifo_gen/gconvfifo.rf/grf.rf/gntv_or_sync_fifo.gcx.clkx/wr_pntr_cdc_inst/src_gray_ff_reg[2]/C
  -------------------------------------------------------------------    -------------------
    SLICE_X66Y58         FDRE (Prop_fdre_C_Q)         0.518     3.897 r  ADC2_IF/eras_fifo/U0/inst_fifo_gen/gconvfifo.rf/grf.rf/gntv_or_sync_fifo.gcx.clkx/wr_pntr_cdc_inst/src_gray_ff_reg[2]/Q
                         net (fo=1, routed)           0.593     4.491    ADC2_IF/eras_fifo/U0/inst_fifo_gen/gconvfifo.rf/grf.rf/gntv_or_sync_fifo.gcx.clkx/wr_pntr_cdc_inst/async_path[2]
    SLICE_X66Y57         FDRE                                         r  ADC2_IF/eras_fifo/U0/inst_fifo_gen/gconvfifo.rf/grf.rf/gntv_or_sync_fifo.gcx.clkx/wr_pntr_cdc_inst/dest_graysync_ff_reg[0][2]/D
  -------------------------------------------------------------------    -------------------

                         (clock clk_out1_SYSCLK0 rise edge)
                                                      0.000     0.000 r  
    K4                                                0.000     0.000 r  CLK75mp (IN)
                         net (fo=0)                   0.000     0.000    SYSCLK0/inst/clk_in1_p
    K4                   IBUFDS (Prop_ibufds_I_O)     0.909     0.909 r  SYSCLK0/inst/clkin1_ibufgds/O
                         net (fo=1, routed)           1.162     2.071    SYSCLK0/inst/clk_in1_SYSCLK0
    MMCME2_ADV_X1Y2      MMCME2_ADV (Prop_mmcme2_adv_CLKIN1_CLKOUT0)
                                                     -7.324    -5.253 r  SYSCLK0/inst/mmcm_adv_inst/CLKOUT0
                         net (fo=1, routed)           1.639    -3.614    SYSCLK0/inst/clk_out1_SYSCLK0
    BUFGCTRL_X0Y18       BUFG (Prop_bufg_I_O)         0.091    -3.523 r  SYSCLK0/inst/clkout1_buf/O
                         net (fo=31772, routed)       1.511    -2.011    ADC2_IF/eras_fifo/U0/inst_fifo_gen/gconvfifo.rf/grf.rf/gntv_or_sync_fifo.gcx.clkx/wr_pntr_cdc_inst/dest_clk
    SLICE_X66Y57         FDRE                                         r  ADC2_IF/eras_fifo/U0/inst_fifo_gen/gconvfifo.rf/grf.rf/gntv_or_sync_fifo.gcx.clkx/wr_pntr_cdc_inst/dest_graysync_ff_reg[0][2]/C
                         clock pessimism              0.000    -2.011    
    SLICE_X66Y57         FDRE (Setup_fdre_C_D)       -0.047    -2.058    ADC2_IF/eras_fifo/U0/inst_fifo_gen/gconvfifo.rf/grf.rf/gntv_or_sync_fifo.gcx.clkx/wr_pntr_cdc_inst/dest_graysync_ff_reg[0][2]
  -------------------------------------------------------------------
                         data arrival                           4.491    
                         clock arrival                         -2.058    
  -------------------------------------------------------------------
                         relative delay                         6.549    

Reference path:
    Location             Delay type                Incr(ns)  Path(ns)    Netlist Resource(s)
  -------------------------------------------------------------------    -------------------
                         (clock CLK_DIV_OUT_1 rise edge)
                                                      0.000     0.000 r  
    V4                                                0.000     0.000 r  ADC_DCO_P[2] (IN)
                         net (fo=0)                   0.000     0.000    ADC2_IF/adc/inst/ADC_DCO_P[0]
    V4                   IBUFDS (Prop_ibufds_I_O)     0.959     0.959 r  ADC2_IF/adc/inst/ibufds_clk_inst/O
                         net (fo=2, routed)           0.459     1.418    ADC2_IF/adc/inst/clk_in_int
    BUFR_X1Y5            BUFR (Prop_bufr_I_O)         0.919     2.337 r  ADC2_IF/adc/inst/clkout_buf_inst/O
                         net (fo=185, routed)         0.849     3.186    ADC2_IF/eras_fifo/U0/inst_fifo_gen/gconvfifo.rf/grf.rf/gntv_or_sync_fifo.gcx.clkx/wr_pntr_cdc_inst/src_clk
    SLICE_X68Y58         FDRE                                         r  ADC2_IF/eras_fifo/U0/inst_fifo_gen/gconvfifo.rf/grf.rf/gntv_or_sync_fifo.gcx.clkx/wr_pntr_cdc_inst/src_gray_ff_reg[0]/C
  -------------------------------------------------------------------    -------------------
    SLICE_X68Y58         FDRE (Prop_fdre_C_Q)         0.367     3.553 r  ADC2_IF/eras_fifo/U0/inst_fifo_gen/gconvfifo.rf/grf.rf/gntv_or_sync_fifo.gcx.clkx/wr_pntr_cdc_inst/src_gray_ff_reg[0]/Q
                         net (fo=1, routed)           0.407     3.960    ADC2_IF/eras_fifo/U0/inst_fifo_gen/gconvfifo.rf/grf.rf/gntv_or_sync_fifo.gcx.clkx/wr_pntr_cdc_inst/async_path[0]
    SLICE_X68Y57         FDRE                                         r  ADC2_IF/eras_fifo/U0/inst_fifo_gen/gconvfifo.rf/grf.rf/gntv_or_sync_fifo.gcx.clkx/wr_pntr_cdc_inst/dest_graysync_ff_reg[0][0]/D
  -------------------------------------------------------------------    -------------------

                         (clock clk_out1_SYSCLK0 rise edge)
                                                      0.000     0.000 r  
    K4                                                0.000     0.000 r  CLK75mp (IN)
                         net (fo=0)                   0.000     0.000    SYSCLK0/inst/clk_in1_p
    K4                   IBUFDS (Prop_ibufds_I_O)     0.953     0.953 r  SYSCLK0/inst/clkin1_ibufgds/O
                         net (fo=1, routed)           1.233     2.186    SYSCLK0/inst/clk_in1_SYSCLK0
    MMCME2_ADV_X1Y2      MMCME2_ADV (Prop_mmcme2_adv_CLKIN1_CLKOUT0)
                                                     -7.070    -4.885 r  SYSCLK0/inst/mmcm_adv_inst/CLKOUT0
                         net (fo=1, routed)           1.719    -3.165    SYSCLK0/inst/clk_out1_SYSCLK0
    BUFGCTRL_X0Y18       BUFG (Prop_bufg_I_O)         0.096    -3.069 r  SYSCLK0/inst/clkout1_buf/O
                         net (fo=31772, routed)       1.632    -1.437    ADC2_IF/eras_fifo/U0/inst_fifo_gen/gconvfifo.rf/grf.rf/gntv_or_sync_fifo.gcx.clkx/wr_pntr_cdc_inst/dest_clk
    SLICE_X68Y57         FDRE                                         r  ADC2_IF/eras_fifo/U0/inst_fifo_gen/gconvfifo.rf/grf.rf/gntv_or_sync_fifo.gcx.clkx/wr_pntr_cdc_inst/dest_graysync_ff_reg[0][0]/C
                         clock pessimism              0.000    -1.437    
    SLICE_X68Y57         FDRE (Hold_fdre_C_D)         0.169    -1.268    ADC2_IF/eras_fifo/U0/inst_fifo_gen/gconvfifo.rf/grf.rf/gntv_or_sync_fifo.gcx.clkx/wr_pntr_cdc_inst/dest_graysync_ff_reg[0][0]
  -------------------------------------------------------------------
                         data arrival                           3.960    
                         clock arrival                         -1.268    
  -------------------------------------------------------------------
                         relative delay                         5.228    



Id: 6
set_bus_skew -from [get_cells [list {ADC3_IF/eras_fifo/U0/inst_fifo_gen/gconvfifo.rf/grf.rf/gntv_or_sync_fifo.gcx.clkx/wr_pntr_cdc_inst/src_gray_ff_reg[0]} {ADC3_IF/eras_fifo/U0/inst_fifo_gen/gconvfifo.rf/grf.rf/gntv_or_sync_fifo.gcx.clkx/wr_pntr_cdc_inst/src_gray_ff_reg[1]} {ADC3_IF/eras_fifo/U0/inst_fifo_gen/gconvfifo.rf/grf.rf/gntv_or_sync_fifo.gcx.clkx/wr_pntr_cdc_inst/src_gray_ff_reg[2]} {ADC3_IF/eras_fifo/U0/inst_fifo_gen/gconvfifo.rf/grf.rf/gntv_or_sync_fifo.gcx.clkx/wr_pntr_cdc_inst/src_gray_ff_reg[3]}]] -to [get_cells [list {ADC3_IF/eras_fifo/U0/inst_fifo_gen/gconvfifo.rf/grf.rf/gntv_or_sync_fifo.gcx.clkx/wr_pntr_cdc_inst/dest_graysync_ff_reg[0][0]} {ADC3_IF/eras_fifo/U0/inst_fifo_gen/gconvfifo.rf/grf.rf/gntv_or_sync_fifo.gcx.clkx/wr_pntr_cdc_inst/dest_graysync_ff_reg[0][1]} {ADC3_IF/eras_fifo/U0/inst_fifo_gen/gconvfifo.rf/grf.rf/gntv_or_sync_fifo.gcx.clkx/wr_pntr_cdc_inst/dest_graysync_ff_reg[0][2]} {ADC3_IF/eras_fifo/U0/inst_fifo_gen/gconvfifo.rf/grf.rf/gntv_or_sync_fifo.gcx.clkx/wr_pntr_cdc_inst/dest_graysync_ff_reg[0][3]}]] 6.249
Requirement: 6.249ns
Endpoints: 4

From Clock            To Clock              Endpoint Pin                    Reference Pin                   Corner  Actual(ns)  Slack(ns)
--------------------  --------------------  ------------------------------  ------------------------------  ------  ----------  ---------
CLK_DIV_OUT_2         clk_out1_SYSCLK0      ADC3_IF/eras_fifo/U0/inst_fifo_gen/gconvfifo.rf/grf.rf/gntv_or_sync_fifo.gcx.clkx/wr_pntr_cdc_inst/dest_graysync_ff_reg[0][1]/D
                                                                            ADC3_IF/eras_fifo/U0/inst_fifo_gen/gconvfifo.rf/grf.rf/gntv_or_sync_fifo.gcx.clkx/wr_pntr_cdc_inst/dest_graysync_ff_reg[0][2]/D
                                                                                                            Slow         0.827      5.422


Slack (MET) :             5.422ns  (requirement - actual skew)
  Endpoint Source:        ADC3_IF/eras_fifo/U0/inst_fifo_gen/gconvfifo.rf/grf.rf/gntv_or_sync_fifo.gcx.clkx/wr_pntr_cdc_inst/src_gray_ff_reg[1]/C
                            (rising edge-triggered cell FDRE clocked by CLK_DIV_OUT_2)
  Endpoint Destination:   ADC3_IF/eras_fifo/U0/inst_fifo_gen/gconvfifo.rf/grf.rf/gntv_or_sync_fifo.gcx.clkx/wr_pntr_cdc_inst/dest_graysync_ff_reg[0][1]/D
                            (rising edge-triggered cell FDRE clocked by clk_out1_SYSCLK0)
  Reference Source:       ADC3_IF/eras_fifo/U0/inst_fifo_gen/gconvfifo.rf/grf.rf/gntv_or_sync_fifo.gcx.clkx/wr_pntr_cdc_inst/src_gray_ff_reg[2]/C
                            (rising edge-triggered cell FDRE clocked by CLK_DIV_OUT_2)
  Reference Destination:  ADC3_IF/eras_fifo/U0/inst_fifo_gen/gconvfifo.rf/grf.rf/gntv_or_sync_fifo.gcx.clkx/wr_pntr_cdc_inst/dest_graysync_ff_reg[0][2]/D
                            (rising edge-triggered cell FDRE clocked by clk_out1_SYSCLK0)
  Path Type:              Bus Skew (Max at Slow Process Corner)
  Requirement:            6.249ns
  Endpoint Relative Delay:    6.652ns
  Reference Relative Delay:   5.316ns
  Relative CRPR:              0.681ns
  Uncertainty:                0.172ns
  Actual Bus Skew:            0.827ns  (Endpoint Relative Delay - Reference Relative Delay - Relative CRPR + Uncertainty)

Endpoint path:
    Location             Delay type                Incr(ns)  Path(ns)    Netlist Resource(s)
  -------------------------------------------------------------------    -------------------
                         (clock CLK_DIV_OUT_2 rise edge)
                                                      0.000     0.000 r  
    H4                                                0.000     0.000 r  ADC_DCO_P[3] (IN)
                         net (fo=0)                   0.000     0.000    ADC3_IF/adc/inst/ADC_DCO_P[0]
    H4                   IBUFDS (Prop_ibufds_I_O)     0.955     0.955 r  ADC3_IF/adc/inst/ibufds_clk_inst/O
                         net (fo=2, routed)           0.500     1.455    ADC3_IF/adc/inst/clk_in_int
    BUFR_X1Y9            BUFR (Prop_bufr_I_O)         0.983     2.438 r  ADC3_IF/adc/inst/clkout_buf_inst/O
                         net (fo=185, routed)         0.896     3.334    ADC3_IF/eras_fifo/U0/inst_fifo_gen/gconvfifo.rf/grf.rf/gntv_or_sync_fifo.gcx.clkx/wr_pntr_cdc_inst/src_clk
    SLICE_X62Y102        FDRE                                         r  ADC3_IF/eras_fifo/U0/inst_fifo_gen/gconvfifo.rf/grf.rf/gntv_or_sync_fifo.gcx.clkx/wr_pntr_cdc_inst/src_gray_ff_reg[1]/C
  -------------------------------------------------------------------    -------------------
    SLICE_X62Y102        FDRE (Prop_fdre_C_Q)         0.478     3.812 r  ADC3_IF/eras_fifo/U0/inst_fifo_gen/gconvfifo.rf/grf.rf/gntv_or_sync_fifo.gcx.clkx/wr_pntr_cdc_inst/src_gray_ff_reg[1]/Q
                         net (fo=1, routed)           0.599     4.411    ADC3_IF/eras_fifo/U0/inst_fifo_gen/gconvfifo.rf/grf.rf/gntv_or_sync_fifo.gcx.clkx/wr_pntr_cdc_inst/async_path[1]
    SLICE_X62Y100        FDRE                                         r  ADC3_IF/eras_fifo/U0/inst_fifo_gen/gconvfifo.rf/grf.rf/gntv_or_sync_fifo.gcx.clkx/wr_pntr_cdc_inst/dest_graysync_ff_reg[0][1]/D
  -------------------------------------------------------------------    -------------------

                         (clock clk_out1_SYSCLK0 rise edge)
                                                      0.000     0.000 r  
    K4                                                0.000     0.000 r  CLK75mp (IN)
                         net (fo=0)                   0.000     0.000    SYSCLK0/inst/clk_in1_p
    K4                   IBUFDS (Prop_ibufds_I_O)     0.909     0.909 r  SYSCLK0/inst/clkin1_ibufgds/O
                         net (fo=1, routed)           1.162     2.071    SYSCLK0/inst/clk_in1_SYSCLK0
    MMCME2_ADV_X1Y2      MMCME2_ADV (Prop_mmcme2_adv_CLKIN1_CLKOUT0)
                                                     -7.324    -5.253 r  SYSCLK0/inst/mmcm_adv_inst/CLKOUT0
                         net (fo=1, routed)           1.639    -3.614    SYSCLK0/inst/clk_out1_SYSCLK0
    BUFGCTRL_X0Y18       BUFG (Prop_bufg_I_O)         0.091    -3.523 r  SYSCLK0/inst/clkout1_buf/O
                         net (fo=31772, routed)       1.496    -2.027    ADC3_IF/eras_fifo/U0/inst_fifo_gen/gconvfifo.rf/grf.rf/gntv_or_sync_fifo.gcx.clkx/wr_pntr_cdc_inst/dest_clk
    SLICE_X62Y100        FDRE                                         r  ADC3_IF/eras_fifo/U0/inst_fifo_gen/gconvfifo.rf/grf.rf/gntv_or_sync_fifo.gcx.clkx/wr_pntr_cdc_inst/dest_graysync_ff_reg[0][1]/C
                         clock pessimism              0.000    -2.027    
    SLICE_X62Y100        FDRE (Setup_fdre_C_D)       -0.214    -2.241    ADC3_IF/eras_fifo/U0/inst_fifo_gen/gconvfifo.rf/grf.rf/gntv_or_sync_fifo.gcx.clkx/wr_pntr_cdc_inst/dest_graysync_ff_reg[0][1]
  -------------------------------------------------------------------
                         data arrival                           4.411    
                         clock arrival                         -2.241    
  -------------------------------------------------------------------
                         relative delay                         6.652    

Reference path:
    Location             Delay type                Incr(ns)  Path(ns)    Netlist Resource(s)
  -------------------------------------------------------------------    -------------------
                         (clock CLK_DIV_OUT_2 rise edge)
                                                      0.000     0.000 r  
    H4                                                0.000     0.000 r  ADC_DCO_P[3] (IN)
                         net (fo=0)                   0.000     0.000    ADC3_IF/adc/inst/ADC_DCO_P[0]
    H4                   IBUFDS (Prop_ibufds_I_O)     0.911     0.911 r  ADC3_IF/adc/inst/ibufds_clk_inst/O
                         net (fo=2, routed)           0.459     1.370    ADC3_IF/adc/inst/clk_in_int
    BUFR_X1Y9            BUFR (Prop_bufr_I_O)         0.919     2.289 r  ADC3_IF/adc/inst/clkout_buf_inst/O
                         net (fo=185, routed)         0.852     3.141    ADC3_IF/eras_fifo/U0/inst_fifo_gen/gconvfifo.rf/grf.rf/gntv_or_sync_fifo.gcx.clkx/wr_pntr_cdc_inst/src_clk
    SLICE_X65Y102        FDRE                                         r  ADC3_IF/eras_fifo/U0/inst_fifo_gen/gconvfifo.rf/grf.rf/gntv_or_sync_fifo.gcx.clkx/wr_pntr_cdc_inst/src_gray_ff_reg[2]/C
  -------------------------------------------------------------------    -------------------
    SLICE_X65Y102        FDRE (Prop_fdre_C_Q)         0.367     3.508 r  ADC3_IF/eras_fifo/U0/inst_fifo_gen/gconvfifo.rf/grf.rf/gntv_or_sync_fifo.gcx.clkx/wr_pntr_cdc_inst/src_gray_ff_reg[2]/Q
                         net (fo=1, routed)           0.526     4.034    ADC3_IF/eras_fifo/U0/inst_fifo_gen/gconvfifo.rf/grf.rf/gntv_or_sync_fifo.gcx.clkx/wr_pntr_cdc_inst/async_path[2]
    SLICE_X64Y100        FDRE                                         r  ADC3_IF/eras_fifo/U0/inst_fifo_gen/gconvfifo.rf/grf.rf/gntv_or_sync_fifo.gcx.clkx/wr_pntr_cdc_inst/dest_graysync_ff_reg[0][2]/D
  -------------------------------------------------------------------    -------------------

                         (clock clk_out1_SYSCLK0 rise edge)
                                                      0.000     0.000 r  
    K4                                                0.000     0.000 r  CLK75mp (IN)
                         net (fo=0)                   0.000     0.000    SYSCLK0/inst/clk_in1_p
    K4                   IBUFDS (Prop_ibufds_I_O)     0.953     0.953 r  SYSCLK0/inst/clkin1_ibufgds/O
                         net (fo=1, routed)           1.233     2.186    SYSCLK0/inst/clk_in1_SYSCLK0
    MMCME2_ADV_X1Y2      MMCME2_ADV (Prop_mmcme2_adv_CLKIN1_CLKOUT0)
                                                     -7.070    -4.885 r  SYSCLK0/inst/mmcm_adv_inst/CLKOUT0
                         net (fo=1, routed)           1.719    -3.165    SYSCLK0/inst/clk_out1_SYSCLK0
    BUFGCTRL_X0Y18       BUFG (Prop_bufg_I_O)         0.096    -3.069 r  SYSCLK0/inst/clkout1_buf/O
                         net (fo=31772, routed)       1.618    -1.451    ADC3_IF/eras_fifo/U0/inst_fifo_gen/gconvfifo.rf/grf.rf/gntv_or_sync_fifo.gcx.clkx/wr_pntr_cdc_inst/dest_clk
    SLICE_X64Y100        FDRE                                         r  ADC3_IF/eras_fifo/U0/inst_fifo_gen/gconvfifo.rf/grf.rf/gntv_or_sync_fifo.gcx.clkx/wr_pntr_cdc_inst/dest_graysync_ff_reg[0][2]/C
                         clock pessimism              0.000    -1.451    
    SLICE_X64Y100        FDRE (Hold_fdre_C_D)         0.169    -1.282    ADC3_IF/eras_fifo/U0/inst_fifo_gen/gconvfifo.rf/grf.rf/gntv_or_sync_fifo.gcx.clkx/wr_pntr_cdc_inst/dest_graysync_ff_reg[0][2]
  -------------------------------------------------------------------
                         data arrival                           4.034    
                         clock arrival                         -1.282    
  -------------------------------------------------------------------
                         relative delay                         5.316    



