Vivado Simulator 2019.2
Time resolution is 1 ps
Memory Collision Error on RAMB36E1 : ADC_SiTCP_RAW_TB.uut.mem_generate[0].ADC_MEM_0.U0.inst_blk_mem_gen.gnbram.gnativebmg.native_blk_mem_gen.valid.cstr.ramloop[0].ram.r.prim_noinit.ram.DEVICE_7SERIES.NO_BMM_INFO.SDP.SIMPLE_PRIM36.ram.gen_tdp.INT_RAMB_TDP.chk_for_col_msg at simulation time 115.625 ns.
A read was performed on address 8007 (hex) of port B while a write was requested to the same address on port A.  The write will be successful however the read value on port B is unknown until the next CLKB cycle.
Memory Collision Error on RAMB36E1 : ADC_SiTCP_RAW_TB.uut.mem_generate[1].ADC_MEM_0.U0.inst_blk_mem_gen.gnbram.gnativebmg.native_blk_mem_gen.valid.cstr.ramloop[0].ram.r.prim_noinit.ram.DEVICE_7SERIES.NO_BMM_INFO.SDP.SIMPLE_PRIM36.ram.gen_tdp.INT_RAMB_TDP.chk_for_col_msg at simulation time 115.625 ns.
A read was performed on address 8007 (hex) of port B while a write was requested to the same address on port A.  The write will be successful however the read value on port B is unknown until the next CLKB cycle.
Memory Collision Error on RAMB36E1 : ADC_SiTCP_RAW_TB.uut.mem_generate[2].ADC_MEM_0.U0.inst_blk_mem_gen.gnbram.gnativebmg.native_blk_mem_gen.valid.cstr.ramloop[0].ram.r.prim_noinit.ram.DEVICE_7SERIES.NO_BMM_INFO.SDP.SIMPLE_PRIM36.ram.gen_tdp.INT_RAMB_TDP.chk_for_col_msg at simulation time 115.625 ns.
A read was performed on address 8007 (hex) of port B while a write was requested to the same address on port A.  The write will be successful however the read value on port B is unknown until the next CLKB cycle.
Memory Collision Error on RAMB36E1 : ADC_SiTCP_RAW_TB.uut.mem_generate[3].ADC_MEM_0.U0.inst_blk_mem_gen.gnbram.gnativebmg.native_blk_mem_gen.valid.cstr.ramloop[0].ram.r.prim_noinit.ram.DEVICE_7SERIES.NO_BMM_INFO.SDP.SIMPLE_PRIM36.ram.gen_tdp.INT_RAMB_TDP.chk_for_col_msg at simulation time 115.625 ns.
A read was performed on address 8007 (hex) of port B while a write was requested to the same address on port A.  The write will be successful however the read value on port B is unknown until the next CLKB cycle.
Memory Collision Error on RAMB36E1 : ADC_SiTCP_RAW_TB.uut.mem_generate[4].ADC_MEM_0.U0.inst_blk_mem_gen.gnbram.gnativebmg.native_blk_mem_gen.valid.cstr.ramloop[0].ram.r.prim_noinit.ram.DEVICE_7SERIES.NO_BMM_INFO.SDP.SIMPLE_PRIM36.ram.gen_tdp.INT_RAMB_TDP.chk_for_col_msg at simulation time 115.625 ns.
A read was performed on address 8007 (hex) of port B while a write was requested to the same address on port A.  The write will be successful however the read value on port B is unknown until the next CLKB cycle.
Memory Collision Error on RAMB36E1 : ADC_SiTCP_RAW_TB.uut.mem_generate[5].ADC_MEM_0.U0.inst_blk_mem_gen.gnbram.gnativebmg.native_blk_mem_gen.valid.cstr.ramloop[0].ram.r.prim_noinit.ram.DEVICE_7SERIES.NO_BMM_INFO.SDP.SIMPLE_PRIM36.ram.gen_tdp.INT_RAMB_TDP.chk_for_col_msg at simulation time 115.625 ns.
A read was performed on address 8007 (hex) of port B while a write was requested to the same address on port A.  The write will be successful however the read value on port B is unknown until the next CLKB cycle.
Memory Collision Error on RAMB36E1 : ADC_SiTCP_RAW_TB.uut.mem_generate[6].ADC_MEM_0.U0.inst_blk_mem_gen.gnbram.gnativebmg.native_blk_mem_gen.valid.cstr.ramloop[0].ram.r.prim_noinit.ram.DEVICE_7SERIES.NO_BMM_INFO.SDP.SIMPLE_PRIM36.ram.gen_tdp.INT_RAMB_TDP.chk_for_col_msg at simulation time 115.625 ns.
A read was performed on address 8007 (hex) of port B while a write was requested to the same address on port A.  The write will be successful however the read value on port B is unknown until the next CLKB cycle.
Memory Collision Error on RAMB36E1 : ADC_SiTCP_RAW_TB.uut.mem_generate[7].ADC_MEM_0.U0.inst_blk_mem_gen.gnbram.gnativebmg.native_blk_mem_gen.valid.cstr.ramloop[0].ram.r.prim_noinit.ram.DEVICE_7SERIES.NO_BMM_INFO.SDP.SIMPLE_PRIM36.ram.gen_tdp.INT_RAMB_TDP.chk_for_col_msg at simulation time 115.625 ns.
A read was performed on address 8007 (hex) of port B while a write was requested to the same address on port A.  The write will be successful however the read value on port B is unknown until the next CLKB cycle.
Memory Collision Error on RAMB36E1 : ADC_SiTCP_RAW_TB.uut.mem_generate[8].ADC_MEM_0.U0.inst_blk_mem_gen.gnbram.gnativebmg.native_blk_mem_gen.valid.cstr.ramloop[0].ram.r.prim_noinit.ram.DEVICE_7SERIES.NO_BMM_INFO.SDP.SIMPLE_PRIM36.ram.gen_tdp.INT_RAMB_TDP.chk_for_col_msg at simulation time 115.625 ns.
A read was performed on address 8007 (hex) of port B while a write was requested to the same address on port A.  The write will be successful however the read value on port B is unknown until the next CLKB cycle.
Memory Collision Error on RAMB36E1 : ADC_SiTCP_RAW_TB.uut.mem_generate[9].ADC_MEM_0.U0.inst_blk_mem_gen.gnbram.gnativebmg.native_blk_mem_gen.valid.cstr.ramloop[0].ram.r.prim_noinit.ram.DEVICE_7SERIES.NO_BMM_INFO.SDP.SIMPLE_PRIM36.ram.gen_tdp.INT_RAMB_TDP.chk_for_col_msg at simulation time 115.625 ns.
A read was performed on address 8007 (hex) of port B while a write was requested to the same address on port A.  The write will be successful however the read value on port B is unknown until the next CLKB cycle.
Memory Collision Error on RAMB36E1 : ADC_SiTCP_RAW_TB.uut.mem_generate[10].ADC_MEM_0.U0.inst_blk_mem_gen.gnbram.gnativebmg.native_blk_mem_gen.valid.cstr.ramloop[0].ram.r.prim_noinit.ram.DEVICE_7SERIES.NO_BMM_INFO.SDP.SIMPLE_PRIM36.ram.gen_tdp.INT_RAMB_TDP.chk_for_col_msg at simulation time 115.625 ns.
A read was performed on address 8007 (hex) of port B while a write was requested to the same address on port A.  The write will be successful however the read value on port B is unknown until the next CLKB cycle.
Memory Collision Error on RAMB36E1 : ADC_SiTCP_RAW_TB.uut.mem_generate[11].ADC_MEM_0.U0.inst_blk_mem_gen.gnbram.gnativebmg.native_blk_mem_gen.valid.cstr.ramloop[0].ram.r.prim_noinit.ram.DEVICE_7SERIES.NO_BMM_INFO.SDP.SIMPLE_PRIM36.ram.gen_tdp.INT_RAMB_TDP.chk_for_col_msg at simulation time 115.625 ns.
A read was performed on address 8007 (hex) of port B while a write was requested to the same address on port A.  The write will be successful however the read value on port B is unknown until the next CLKB cycle.
Memory Collision Error on RAMB36E1 : ADC_SiTCP_RAW_TB.uut.mem_generate[12].ADC_MEM_0.U0.inst_blk_mem_gen.gnbram.gnativebmg.native_blk_mem_gen.valid.cstr.ramloop[0].ram.r.prim_noinit.ram.DEVICE_7SERIES.NO_BMM_INFO.SDP.SIMPLE_PRIM36.ram.gen_tdp.INT_RAMB_TDP.chk_for_col_msg at simulation time 115.625 ns.
A read was performed on address 8007 (hex) of port B while a write was requested to the same address on port A.  The write will be successful however the read value on port B is unknown until the next CLKB cycle.
Memory Collision Error on RAMB36E1 : ADC_SiTCP_RAW_TB.uut.mem_generate[13].ADC_MEM_0.U0.inst_blk_mem_gen.gnbram.gnativebmg.native_blk_mem_gen.valid.cstr.ramloop[0].ram.r.prim_noinit.ram.DEVICE_7SERIES.NO_BMM_INFO.SDP.SIMPLE_PRIM36.ram.gen_tdp.INT_RAMB_TDP.chk_for_col_msg at simulation time 115.625 ns.
A read was performed on address 8007 (hex) of port B while a write was requested to the same address on port A.  The write will be successful however the read value on port B is unknown until the next CLKB cycle.
Memory Collision Error on RAMB36E1 : ADC_SiTCP_RAW_TB.uut.mem_generate[14].ADC_MEM_0.U0.inst_blk_mem_gen.gnbram.gnativebmg.native_blk_mem_gen.valid.cstr.ramloop[0].ram.r.prim_noinit.ram.DEVICE_7SERIES.NO_BMM_INFO.SDP.SIMPLE_PRIM36.ram.gen_tdp.INT_RAMB_TDP.chk_for_col_msg at simulation time 115.625 ns.
A read was performed on address 8007 (hex) of port B while a write was requested to the same address on port A.  The write will be successful however the read value on port B is unknown until the next CLKB cycle.
Memory Collision Error on RAMB36E1 : ADC_SiTCP_RAW_TB.uut.mem_generate[15].ADC_MEM_0.U0.inst_blk_mem_gen.gnbram.gnativebmg.native_blk_mem_gen.valid.cstr.ramloop[0].ram.r.prim_noinit.ram.DEVICE_7SERIES.NO_BMM_INFO.SDP.SIMPLE_PRIM36.ram.gen_tdp.INT_RAMB_TDP.chk_for_col_msg at simulation time 115.625 ns.
A read was performed on address 8007 (hex) of port B while a write was requested to the same address on port A.  The write will be successful however the read value on port B is unknown until the next CLKB cycle.
Memory Collision Error on RAMB36E1 : ADC_SiTCP_RAW_TB.uut.mem_generate[16].ADC_MEM_0.U0.inst_blk_mem_gen.gnbram.gnativebmg.native_blk_mem_gen.valid.cstr.ramloop[0].ram.r.prim_noinit.ram.DEVICE_7SERIES.NO_BMM_INFO.SDP.SIMPLE_PRIM36.ram.gen_tdp.INT_RAMB_TDP.chk_for_col_msg at simulation time 115.625 ns.
A read was performed on address 8007 (hex) of port B while a write was requested to the same address on port A.  The write will be successful however the read value on port B is unknown until the next CLKB cycle.
Memory Collision Error on RAMB36E1 : ADC_SiTCP_RAW_TB.uut.mem_generate[17].ADC_MEM_0.U0.inst_blk_mem_gen.gnbram.gnativebmg.native_blk_mem_gen.valid.cstr.ramloop[0].ram.r.prim_noinit.ram.DEVICE_7SERIES.NO_BMM_INFO.SDP.SIMPLE_PRIM36.ram.gen_tdp.INT_RAMB_TDP.chk_for_col_msg at simulation time 115.625 ns.
A read was performed on address 8007 (hex) of port B while a write was requested to the same address on port A.  The write will be successful however the read value on port B is unknown until the next CLKB cycle.
Memory Collision Error on RAMB36E1 : ADC_SiTCP_RAW_TB.uut.mem_generate[18].ADC_MEM_0.U0.inst_blk_mem_gen.gnbram.gnativebmg.native_blk_mem_gen.valid.cstr.ramloop[0].ram.r.prim_noinit.ram.DEVICE_7SERIES.NO_BMM_INFO.SDP.SIMPLE_PRIM36.ram.gen_tdp.INT_RAMB_TDP.chk_for_col_msg at simulation time 115.625 ns.
A read was performed on address 8007 (hex) of port B while a write was requested to the same address on port A.  The write will be successful however the read value on port B is unknown until the next CLKB cycle.
Memory Collision Error on RAMB36E1 : ADC_SiTCP_RAW_TB.uut.mem_generate[19].ADC_MEM_0.U0.inst_blk_mem_gen.gnbram.gnativebmg.native_blk_mem_gen.valid.cstr.ramloop[0].ram.r.prim_noinit.ram.DEVICE_7SERIES.NO_BMM_INFO.SDP.SIMPLE_PRIM36.ram.gen_tdp.INT_RAMB_TDP.chk_for_col_msg at simulation time 115.625 ns.
A read was performed on address 8007 (hex) of port B while a write was requested to the same address on port A.  The write will be successful however the read value on port B is unknown until the next CLKB cycle.
Memory Collision Error on RAMB36E1 : ADC_SiTCP_RAW_TB.uut.mem_generate[20].ADC_MEM_0.U0.inst_blk_mem_gen.gnbram.gnativebmg.native_blk_mem_gen.valid.cstr.ramloop[0].ram.r.prim_noinit.ram.DEVICE_7SERIES.NO_BMM_INFO.SDP.SIMPLE_PRIM36.ram.gen_tdp.INT_RAMB_TDP.chk_for_col_msg at simulation time 115.625 ns.
A read was performed on address 8007 (hex) of port B while a write was requested to the same address on port A.  The write will be successful however the read value on port B is unknown until the next CLKB cycle.
Memory Collision Error on RAMB36E1 : ADC_SiTCP_RAW_TB.uut.mem_generate[21].ADC_MEM_0.U0.inst_blk_mem_gen.gnbram.gnativebmg.native_blk_mem_gen.valid.cstr.ramloop[0].ram.r.prim_noinit.ram.DEVICE_7SERIES.NO_BMM_INFO.SDP.SIMPLE_PRIM36.ram.gen_tdp.INT_RAMB_TDP.chk_for_col_msg at simulation time 115.625 ns.
A read was performed on address 8007 (hex) of port B while a write was requested to the same address on port A.  The write will be successful however the read value on port B is unknown until the next CLKB cycle.
Memory Collision Error on RAMB36E1 : ADC_SiTCP_RAW_TB.uut.mem_generate[22].ADC_MEM_0.U0.inst_blk_mem_gen.gnbram.gnativebmg.native_blk_mem_gen.valid.cstr.ramloop[0].ram.r.prim_noinit.ram.DEVICE_7SERIES.NO_BMM_INFO.SDP.SIMPLE_PRIM36.ram.gen_tdp.INT_RAMB_TDP.chk_for_col_msg at simulation time 115.625 ns.
A read was performed on address 8007 (hex) of port B while a write was requested to the same address on port A.  The write will be successful however the read value on port B is unknown until the next CLKB cycle.
Memory Collision Error on RAMB36E1 : ADC_SiTCP_RAW_TB.uut.mem_generate[23].ADC_MEM_0.U0.inst_blk_mem_gen.gnbram.gnativebmg.native_blk_mem_gen.valid.cstr.ramloop[0].ram.r.prim_noinit.ram.DEVICE_7SERIES.NO_BMM_INFO.SDP.SIMPLE_PRIM36.ram.gen_tdp.INT_RAMB_TDP.chk_for_col_msg at simulation time 115.625 ns.
A read was performed on address 8007 (hex) of port B while a write was requested to the same address on port A.  The write will be successful however the read value on port B is unknown until the next CLKB cycle.
Memory Collision Error on RAMB36E1 : ADC_SiTCP_RAW_TB.uut.mem_generate[24].ADC_MEM_0.U0.inst_blk_mem_gen.gnbram.gnativebmg.native_blk_mem_gen.valid.cstr.ramloop[0].ram.r.prim_noinit.ram.DEVICE_7SERIES.NO_BMM_INFO.SDP.SIMPLE_PRIM36.ram.gen_tdp.INT_RAMB_TDP.chk_for_col_msg at simulation time 115.625 ns.
A read was performed on address 8007 (hex) of port B while a write was requested to the same address on port A.  The write will be successful however the read value on port B is unknown until the next CLKB cycle.
Memory Collision Error on RAMB36E1 : ADC_SiTCP_RAW_TB.uut.mem_generate[25].ADC_MEM_0.U0.inst_blk_mem_gen.gnbram.gnativebmg.native_blk_mem_gen.valid.cstr.ramloop[0].ram.r.prim_noinit.ram.DEVICE_7SERIES.NO_BMM_INFO.SDP.SIMPLE_PRIM36.ram.gen_tdp.INT_RAMB_TDP.chk_for_col_msg at simulation time 115.625 ns.
A read was performed on address 8007 (hex) of port B while a write was requested to the same address on port A.  The write will be successful however the read value on port B is unknown until the next CLKB cycle.
Memory Collision Error on RAMB36E1 : ADC_SiTCP_RAW_TB.uut.mem_generate[26].ADC_MEM_0.U0.inst_blk_mem_gen.gnbram.gnativebmg.native_blk_mem_gen.valid.cstr.ramloop[0].ram.r.prim_noinit.ram.DEVICE_7SERIES.NO_BMM_INFO.SDP.SIMPLE_PRIM36.ram.gen_tdp.INT_RAMB_TDP.chk_for_col_msg at simulation time 115.625 ns.
A read was performed on address 8007 (hex) of port B while a write was requested to the same address on port A.  The write will be successful however the read value on port B is unknown until the next CLKB cycle.
Memory Collision Error on RAMB36E1 : ADC_SiTCP_RAW_TB.uut.mem_generate[27].ADC_MEM_0.U0.inst_blk_mem_gen.gnbram.gnativebmg.native_blk_mem_gen.valid.cstr.ramloop[0].ram.r.prim_noinit.ram.DEVICE_7SERIES.NO_BMM_INFO.SDP.SIMPLE_PRIM36.ram.gen_tdp.INT_RAMB_TDP.chk_for_col_msg at simulation time 115.625 ns.
A read was performed on address 8007 (hex) of port B while a write was requested to the same address on port A.  The write will be successful however the read value on port B is unknown until the next CLKB cycle.
Memory Collision Error on RAMB36E1 : ADC_SiTCP_RAW_TB.uut.mem_generate[28].ADC_MEM_0.U0.inst_blk_mem_gen.gnbram.gnativebmg.native_blk_mem_gen.valid.cstr.ramloop[0].ram.r.prim_noinit.ram.DEVICE_7SERIES.NO_BMM_INFO.SDP.SIMPLE_PRIM36.ram.gen_tdp.INT_RAMB_TDP.chk_for_col_msg at simulation time 115.625 ns.
A read was performed on address 8007 (hex) of port B while a write was requested to the same address on port A.  The write will be successful however the read value on port B is unknown until the next CLKB cycle.
Memory Collision Error on RAMB36E1 : ADC_SiTCP_RAW_TB.uut.mem_generate[29].ADC_MEM_0.U0.inst_blk_mem_gen.gnbram.gnativebmg.native_blk_mem_gen.valid.cstr.ramloop[0].ram.r.prim_noinit.ram.DEVICE_7SERIES.NO_BMM_INFO.SDP.SIMPLE_PRIM36.ram.gen_tdp.INT_RAMB_TDP.chk_for_col_msg at simulation time 115.625 ns.
A read was performed on address 8007 (hex) of port B while a write was requested to the same address on port A.  The write will be successful however the read value on port B is unknown until the next CLKB cycle.
Memory Collision Error on RAMB36E1 : ADC_SiTCP_RAW_TB.uut.mem_generate[30].ADC_MEM_0.U0.inst_blk_mem_gen.gnbram.gnativebmg.native_blk_mem_gen.valid.cstr.ramloop[0].ram.r.prim_noinit.ram.DEVICE_7SERIES.NO_BMM_INFO.SDP.SIMPLE_PRIM36.ram.gen_tdp.INT_RAMB_TDP.chk_for_col_msg at simulation time 115.625 ns.
A read was performed on address 8007 (hex) of port B while a write was requested to the same address on port A.  The write will be successful however the read value on port B is unknown until the next CLKB cycle.
Memory Collision Error on RAMB36E1 : ADC_SiTCP_RAW_TB.uut.mem_generate[31].ADC_MEM_0.U0.inst_blk_mem_gen.gnbram.gnativebmg.native_blk_mem_gen.valid.cstr.ramloop[0].ram.r.prim_noinit.ram.DEVICE_7SERIES.NO_BMM_INFO.SDP.SIMPLE_PRIM36.ram.gen_tdp.INT_RAMB_TDP.chk_for_col_msg at simulation time 115.625 ns.
A read was performed on address 8007 (hex) of port B while a write was requested to the same address on port A.  The write will be successful however the read value on port B is unknown until the next CLKB cycle.
Memory Collision Error on RAMB36E1 : ADC_SiTCP_RAW_TB.uut.mem_generate[32].ADC_MEM_0.U0.inst_blk_mem_gen.gnbram.gnativebmg.native_blk_mem_gen.valid.cstr.ramloop[0].ram.r.prim_noinit.ram.DEVICE_7SERIES.NO_BMM_INFO.SDP.SIMPLE_PRIM36.ram.gen_tdp.INT_RAMB_TDP.chk_for_col_msg at simulation time 115.625 ns.
A read was performed on address 8007 (hex) of port B while a write was requested to the same address on port A.  The write will be successful however the read value on port B is unknown until the next CLKB cycle.
Memory Collision Error on RAMB36E1 : ADC_SiTCP_RAW_TB.uut.mem_generate[33].ADC_MEM_0.U0.inst_blk_mem_gen.gnbram.gnativebmg.native_blk_mem_gen.valid.cstr.ramloop[0].ram.r.prim_noinit.ram.DEVICE_7SERIES.NO_BMM_INFO.SDP.SIMPLE_PRIM36.ram.gen_tdp.INT_RAMB_TDP.chk_for_col_msg at simulation time 115.625 ns.
A read was performed on address 8007 (hex) of port B while a write was requested to the same address on port A.  The write will be successful however the read value on port B is unknown until the next CLKB cycle.
Memory Collision Error on RAMB36E1 : ADC_SiTCP_RAW_TB.uut.mem_generate[34].ADC_MEM_0.U0.inst_blk_mem_gen.gnbram.gnativebmg.native_blk_mem_gen.valid.cstr.ramloop[0].ram.r.prim_noinit.ram.DEVICE_7SERIES.NO_BMM_INFO.SDP.SIMPLE_PRIM36.ram.gen_tdp.INT_RAMB_TDP.chk_for_col_msg at simulation time 115.625 ns.
A read was performed on address 8007 (hex) of port B while a write was requested to the same address on port A.  The write will be successful however the read value on port B is unknown until the next CLKB cycle.
Memory Collision Error on RAMB36E1 : ADC_SiTCP_RAW_TB.uut.mem_generate[35].ADC_MEM_0.U0.inst_blk_mem_gen.gnbram.gnativebmg.native_blk_mem_gen.valid.cstr.ramloop[0].ram.r.prim_noinit.ram.DEVICE_7SERIES.NO_BMM_INFO.SDP.SIMPLE_PRIM36.ram.gen_tdp.INT_RAMB_TDP.chk_for_col_msg at simulation time 115.625 ns.
A read was performed on address 8007 (hex) of port B while a write was requested to the same address on port A.  The write will be successful however the read value on port B is unknown until the next CLKB cycle.
Memory Collision Error on RAMB36E1 : ADC_SiTCP_RAW_TB.uut.mem_generate[0].ADC_MEM_0.U0.inst_blk_mem_gen.gnbram.gnativebmg.native_blk_mem_gen.valid.cstr.ramloop[0].ram.r.prim_noinit.ram.DEVICE_7SERIES.NO_BMM_INFO.SDP.SIMPLE_PRIM36.ram.gen_tdp.INT_RAMB_TDP.chk_for_col_msg at simulation time 51315.625 ns.
A read was performed on address 8007 (hex) of port B while a write was requested to the same address on port A.  The write will be successful however the read value on port B is unknown until the next CLKB cycle.
Memory Collision Error on RAMB36E1 : ADC_SiTCP_RAW_TB.uut.mem_generate[1].ADC_MEM_0.U0.inst_blk_mem_gen.gnbram.gnativebmg.native_blk_mem_gen.valid.cstr.ramloop[0].ram.r.prim_noinit.ram.DEVICE_7SERIES.NO_BMM_INFO.SDP.SIMPLE_PRIM36.ram.gen_tdp.INT_RAMB_TDP.chk_for_col_msg at simulation time 51315.625 ns.
A read was performed on address 8007 (hex) of port B while a write was requested to the same address on port A.  The write will be successful however the read value on port B is unknown until the next CLKB cycle.
Memory Collision Error on RAMB36E1 : ADC_SiTCP_RAW_TB.uut.mem_generate[2].ADC_MEM_0.U0.inst_blk_mem_gen.gnbram.gnativebmg.native_blk_mem_gen.valid.cstr.ramloop[0].ram.r.prim_noinit.ram.DEVICE_7SERIES.NO_BMM_INFO.SDP.SIMPLE_PRIM36.ram.gen_tdp.INT_RAMB_TDP.chk_for_col_msg at simulation time 51315.625 ns.
A read was performed on address 8007 (hex) of port B while a write was requested to the same address on port A.  The write will be successful however the read value on port B is unknown until the next CLKB cycle.
Memory Collision Error on RAMB36E1 : ADC_SiTCP_RAW_TB.uut.mem_generate[3].ADC_MEM_0.U0.inst_blk_mem_gen.gnbram.gnativebmg.native_blk_mem_gen.valid.cstr.ramloop[0].ram.r.prim_noinit.ram.DEVICE_7SERIES.NO_BMM_INFO.SDP.SIMPLE_PRIM36.ram.gen_tdp.INT_RAMB_TDP.chk_for_col_msg at simulation time 51315.625 ns.
A read was performed on address 8007 (hex) of port B while a write was requested to the same address on port A.  The write will be successful however the read value on port B is unknown until the next CLKB cycle.
Memory Collision Error on RAMB36E1 : ADC_SiTCP_RAW_TB.uut.mem_generate[4].ADC_MEM_0.U0.inst_blk_mem_gen.gnbram.gnativebmg.native_blk_mem_gen.valid.cstr.ramloop[0].ram.r.prim_noinit.ram.DEVICE_7SERIES.NO_BMM_INFO.SDP.SIMPLE_PRIM36.ram.gen_tdp.INT_RAMB_TDP.chk_for_col_msg at simulation time 51315.625 ns.
A read was performed on address 8007 (hex) of port B while a write was requested to the same address on port A.  The write will be successful however the read value on port B is unknown until the next CLKB cycle.
Memory Collision Error on RAMB36E1 : ADC_SiTCP_RAW_TB.uut.mem_generate[5].ADC_MEM_0.U0.inst_blk_mem_gen.gnbram.gnativebmg.native_blk_mem_gen.valid.cstr.ramloop[0].ram.r.prim_noinit.ram.DEVICE_7SERIES.NO_BMM_INFO.SDP.SIMPLE_PRIM36.ram.gen_tdp.INT_RAMB_TDP.chk_for_col_msg at simulation time 51315.625 ns.
A read was performed on address 8007 (hex) of port B while a write was requested to the same address on port A.  The write will be successful however the read value on port B is unknown until the next CLKB cycle.
Memory Collision Error on RAMB36E1 : ADC_SiTCP_RAW_TB.uut.mem_generate[6].ADC_MEM_0.U0.inst_blk_mem_gen.gnbram.gnativebmg.native_blk_mem_gen.valid.cstr.ramloop[0].ram.r.prim_noinit.ram.DEVICE_7SERIES.NO_BMM_INFO.SDP.SIMPLE_PRIM36.ram.gen_tdp.INT_RAMB_TDP.chk_for_col_msg at simulation time 51315.625 ns.
A read was performed on address 8007 (hex) of port B while a write was requested to the same address on port A.  The write will be successful however the read value on port B is unknown until the next CLKB cycle.
Memory Collision Error on RAMB36E1 : ADC_SiTCP_RAW_TB.uut.mem_generate[7].ADC_MEM_0.U0.inst_blk_mem_gen.gnbram.gnativebmg.native_blk_mem_gen.valid.cstr.ramloop[0].ram.r.prim_noinit.ram.DEVICE_7SERIES.NO_BMM_INFO.SDP.SIMPLE_PRIM36.ram.gen_tdp.INT_RAMB_TDP.chk_for_col_msg at simulation time 51315.625 ns.
A read was performed on address 8007 (hex) of port B while a write was requested to the same address on port A.  The write will be successful however the read value on port B is unknown until the next CLKB cycle.
Memory Collision Error on RAMB36E1 : ADC_SiTCP_RAW_TB.uut.mem_generate[8].ADC_MEM_0.U0.inst_blk_mem_gen.gnbram.gnativebmg.native_blk_mem_gen.valid.cstr.ramloop[0].ram.r.prim_noinit.ram.DEVICE_7SERIES.NO_BMM_INFO.SDP.SIMPLE_PRIM36.ram.gen_tdp.INT_RAMB_TDP.chk_for_col_msg at simulation time 51315.625 ns.
A read was performed on address 8007 (hex) of port B while a write was requested to the same address on port A.  The write will be successful however the read value on port B is unknown until the next CLKB cycle.
Memory Collision Error on RAMB36E1 : ADC_SiTCP_RAW_TB.uut.mem_generate[9].ADC_MEM_0.U0.inst_blk_mem_gen.gnbram.gnativebmg.native_blk_mem_gen.valid.cstr.ramloop[0].ram.r.prim_noinit.ram.DEVICE_7SERIES.NO_BMM_INFO.SDP.SIMPLE_PRIM36.ram.gen_tdp.INT_RAMB_TDP.chk_for_col_msg at simulation time 51315.625 ns.
A read was performed on address 8007 (hex) of port B while a write was requested to the same address on port A.  The write will be successful however the read value on port B is unknown until the next CLKB cycle.
Memory Collision Error on RAMB36E1 : ADC_SiTCP_RAW_TB.uut.mem_generate[10].ADC_MEM_0.U0.inst_blk_mem_gen.gnbram.gnativebmg.native_blk_mem_gen.valid.cstr.ramloop[0].ram.r.prim_noinit.ram.DEVICE_7SERIES.NO_BMM_INFO.SDP.SIMPLE_PRIM36.ram.gen_tdp.INT_RAMB_TDP.chk_for_col_msg at simulation time 51315.625 ns.
A read was performed on address 8007 (hex) of port B while a write was requested to the same address on port A.  The write will be successful however the read value on port B is unknown until the next CLKB cycle.
Memory Collision Error on RAMB36E1 : ADC_SiTCP_RAW_TB.uut.mem_generate[11].ADC_MEM_0.U0.inst_blk_mem_gen.gnbram.gnativebmg.native_blk_mem_gen.valid.cstr.ramloop[0].ram.r.prim_noinit.ram.DEVICE_7SERIES.NO_BMM_INFO.SDP.SIMPLE_PRIM36.ram.gen_tdp.INT_RAMB_TDP.chk_for_col_msg at simulation time 51315.625 ns.
A read was performed on address 8007 (hex) of port B while a write was requested to the same address on port A.  The write will be successful however the read value on port B is unknown until the next CLKB cycle.
Memory Collision Error on RAMB36E1 : ADC_SiTCP_RAW_TB.uut.mem_generate[12].ADC_MEM_0.U0.inst_blk_mem_gen.gnbram.gnativebmg.native_blk_mem_gen.valid.cstr.ramloop[0].ram.r.prim_noinit.ram.DEVICE_7SERIES.NO_BMM_INFO.SDP.SIMPLE_PRIM36.ram.gen_tdp.INT_RAMB_TDP.chk_for_col_msg at simulation time 51315.625 ns.
A read was performed on address 8007 (hex) of port B while a write was requested to the same address on port A.  The write will be successful however the read value on port B is unknown until the next CLKB cycle.
Memory Collision Error on RAMB36E1 : ADC_SiTCP_RAW_TB.uut.mem_generate[13].ADC_MEM_0.U0.inst_blk_mem_gen.gnbram.gnativebmg.native_blk_mem_gen.valid.cstr.ramloop[0].ram.r.prim_noinit.ram.DEVICE_7SERIES.NO_BMM_INFO.SDP.SIMPLE_PRIM36.ram.gen_tdp.INT_RAMB_TDP.chk_for_col_msg at simulation time 51315.625 ns.
A read was performed on address 8007 (hex) of port B while a write was requested to the same address on port A.  The write will be successful however the read value on port B is unknown until the next CLKB cycle.
Memory Collision Error on RAMB36E1 : ADC_SiTCP_RAW_TB.uut.mem_generate[14].ADC_MEM_0.U0.inst_blk_mem_gen.gnbram.gnativebmg.native_blk_mem_gen.valid.cstr.ramloop[0].ram.r.prim_noinit.ram.DEVICE_7SERIES.NO_BMM_INFO.SDP.SIMPLE_PRIM36.ram.gen_tdp.INT_RAMB_TDP.chk_for_col_msg at simulation time 51315.625 ns.
A read was performed on address 8007 (hex) of port B while a write was requested to the same address on port A.  The write will be successful however the read value on port B is unknown until the next CLKB cycle.
Memory Collision Error on RAMB36E1 : ADC_SiTCP_RAW_TB.uut.mem_generate[15].ADC_MEM_0.U0.inst_blk_mem_gen.gnbram.gnativebmg.native_blk_mem_gen.valid.cstr.ramloop[0].ram.r.prim_noinit.ram.DEVICE_7SERIES.NO_BMM_INFO.SDP.SIMPLE_PRIM36.ram.gen_tdp.INT_RAMB_TDP.chk_for_col_msg at simulation time 51315.625 ns.
A read was performed on address 8007 (hex) of port B while a write was requested to the same address on port A.  The write will be successful however the read value on port B is unknown until the next CLKB cycle.
Memory Collision Error on RAMB36E1 : ADC_SiTCP_RAW_TB.uut.mem_generate[16].ADC_MEM_0.U0.inst_blk_mem_gen.gnbram.gnativebmg.native_blk_mem_gen.valid.cstr.ramloop[0].ram.r.prim_noinit.ram.DEVICE_7SERIES.NO_BMM_INFO.SDP.SIMPLE_PRIM36.ram.gen_tdp.INT_RAMB_TDP.chk_for_col_msg at simulation time 51315.625 ns.
A read was performed on address 8007 (hex) of port B while a write was requested to the same address on port A.  The write will be successful however the read value on port B is unknown until the next CLKB cycle.
Memory Collision Error on RAMB36E1 : ADC_SiTCP_RAW_TB.uut.mem_generate[17].ADC_MEM_0.U0.inst_blk_mem_gen.gnbram.gnativebmg.native_blk_mem_gen.valid.cstr.ramloop[0].ram.r.prim_noinit.ram.DEVICE_7SERIES.NO_BMM_INFO.SDP.SIMPLE_PRIM36.ram.gen_tdp.INT_RAMB_TDP.chk_for_col_msg at simulation time 51315.625 ns.
A read was performed on address 8007 (hex) of port B while a write was requested to the same address on port A.  The write will be successful however the read value on port B is unknown until the next CLKB cycle.
Memory Collision Error on RAMB36E1 : ADC_SiTCP_RAW_TB.uut.mem_generate[18].ADC_MEM_0.U0.inst_blk_mem_gen.gnbram.gnativebmg.native_blk_mem_gen.valid.cstr.ramloop[0].ram.r.prim_noinit.ram.DEVICE_7SERIES.NO_BMM_INFO.SDP.SIMPLE_PRIM36.ram.gen_tdp.INT_RAMB_TDP.chk_for_col_msg at simulation time 51315.625 ns.
A read was performed on address 8007 (hex) of port B while a write was requested to the same address on port A.  The write will be successful however the read value on port B is unknown until the next CLKB cycle.
Memory Collision Error on RAMB36E1 : ADC_SiTCP_RAW_TB.uut.mem_generate[19].ADC_MEM_0.U0.inst_blk_mem_gen.gnbram.gnativebmg.native_blk_mem_gen.valid.cstr.ramloop[0].ram.r.prim_noinit.ram.DEVICE_7SERIES.NO_BMM_INFO.SDP.SIMPLE_PRIM36.ram.gen_tdp.INT_RAMB_TDP.chk_for_col_msg at simulation time 51315.625 ns.
A read was performed on address 8007 (hex) of port B while a write was requested to the same address on port A.  The write will be successful however the read value on port B is unknown until the next CLKB cycle.
Memory Collision Error on RAMB36E1 : ADC_SiTCP_RAW_TB.uut.mem_generate[20].ADC_MEM_0.U0.inst_blk_mem_gen.gnbram.gnativebmg.native_blk_mem_gen.valid.cstr.ramloop[0].ram.r.prim_noinit.ram.DEVICE_7SERIES.NO_BMM_INFO.SDP.SIMPLE_PRIM36.ram.gen_tdp.INT_RAMB_TDP.chk_for_col_msg at simulation time 51315.625 ns.
A read was performed on address 8007 (hex) of port B while a write was requested to the same address on port A.  The write will be successful however the read value on port B is unknown until the next CLKB cycle.
Memory Collision Error on RAMB36E1 : ADC_SiTCP_RAW_TB.uut.mem_generate[21].ADC_MEM_0.U0.inst_blk_mem_gen.gnbram.gnativebmg.native_blk_mem_gen.valid.cstr.ramloop[0].ram.r.prim_noinit.ram.DEVICE_7SERIES.NO_BMM_INFO.SDP.SIMPLE_PRIM36.ram.gen_tdp.INT_RAMB_TDP.chk_for_col_msg at simulation time 51315.625 ns.
A read was performed on address 8007 (hex) of port B while a write was requested to the same address on port A.  The write will be successful however the read value on port B is unknown until the next CLKB cycle.
Memory Collision Error on RAMB36E1 : ADC_SiTCP_RAW_TB.uut.mem_generate[22].ADC_MEM_0.U0.inst_blk_mem_gen.gnbram.gnativebmg.native_blk_mem_gen.valid.cstr.ramloop[0].ram.r.prim_noinit.ram.DEVICE_7SERIES.NO_BMM_INFO.SDP.SIMPLE_PRIM36.ram.gen_tdp.INT_RAMB_TDP.chk_for_col_msg at simulation time 51315.625 ns.
A read was performed on address 8007 (hex) of port B while a write was requested to the same address on port A.  The write will be successful however the read value on port B is unknown until the next CLKB cycle.
Memory Collision Error on RAMB36E1 : ADC_SiTCP_RAW_TB.uut.mem_generate[23].ADC_MEM_0.U0.inst_blk_mem_gen.gnbram.gnativebmg.native_blk_mem_gen.valid.cstr.ramloop[0].ram.r.prim_noinit.ram.DEVICE_7SERIES.NO_BMM_INFO.SDP.SIMPLE_PRIM36.ram.gen_tdp.INT_RAMB_TDP.chk_for_col_msg at simulation time 51315.625 ns.
A read was performed on address 8007 (hex) of port B while a write was requested to the same address on port A.  The write will be successful however the read value on port B is unknown until the next CLKB cycle.
Memory Collision Error on RAMB36E1 : ADC_SiTCP_RAW_TB.uut.mem_generate[24].ADC_MEM_0.U0.inst_blk_mem_gen.gnbram.gnativebmg.native_blk_mem_gen.valid.cstr.ramloop[0].ram.r.prim_noinit.ram.DEVICE_7SERIES.NO_BMM_INFO.SDP.SIMPLE_PRIM36.ram.gen_tdp.INT_RAMB_TDP.chk_for_col_msg at simulation time 51315.625 ns.
A read was performed on address 8007 (hex) of port B while a write was requested to the same address on port A.  The write will be successful however the read value on port B is unknown until the next CLKB cycle.
Memory Collision Error on RAMB36E1 : ADC_SiTCP_RAW_TB.uut.mem_generate[25].ADC_MEM_0.U0.inst_blk_mem_gen.gnbram.gnativebmg.native_blk_mem_gen.valid.cstr.ramloop[0].ram.r.prim_noinit.ram.DEVICE_7SERIES.NO_BMM_INFO.SDP.SIMPLE_PRIM36.ram.gen_tdp.INT_RAMB_TDP.chk_for_col_msg at simulation time 51315.625 ns.
A read was performed on address 8007 (hex) of port B while a write was requested to the same address on port A.  The write will be successful however the read value on port B is unknown until the next CLKB cycle.
Memory Collision Error on RAMB36E1 : ADC_SiTCP_RAW_TB.uut.mem_generate[26].ADC_MEM_0.U0.inst_blk_mem_gen.gnbram.gnativebmg.native_blk_mem_gen.valid.cstr.ramloop[0].ram.r.prim_noinit.ram.DEVICE_7SERIES.NO_BMM_INFO.SDP.SIMPLE_PRIM36.ram.gen_tdp.INT_RAMB_TDP.chk_for_col_msg at simulation time 51315.625 ns.
A read was performed on address 8007 (hex) of port B while a write was requested to the same address on port A.  The write will be successful however the read value on port B is unknown until the next CLKB cycle.
Memory Collision Error on RAMB36E1 : ADC_SiTCP_RAW_TB.uut.mem_generate[27].ADC_MEM_0.U0.inst_blk_mem_gen.gnbram.gnativebmg.native_blk_mem_gen.valid.cstr.ramloop[0].ram.r.prim_noinit.ram.DEVICE_7SERIES.NO_BMM_INFO.SDP.SIMPLE_PRIM36.ram.gen_tdp.INT_RAMB_TDP.chk_for_col_msg at simulation time 51315.625 ns.
A read was performed on address 8007 (hex) of port B while a write was requested to the same address on port A.  The write will be successful however the read value on port B is unknown until the next CLKB cycle.
Memory Collision Error on RAMB36E1 : ADC_SiTCP_RAW_TB.uut.mem_generate[28].ADC_MEM_0.U0.inst_blk_mem_gen.gnbram.gnativebmg.native_blk_mem_gen.valid.cstr.ramloop[0].ram.r.prim_noinit.ram.DEVICE_7SERIES.NO_BMM_INFO.SDP.SIMPLE_PRIM36.ram.gen_tdp.INT_RAMB_TDP.chk_for_col_msg at simulation time 51315.625 ns.
A read was performed on address 8007 (hex) of port B while a write was requested to the same address on port A.  The write will be successful however the read value on port B is unknown until the next CLKB cycle.
Memory Collision Error on RAMB36E1 : ADC_SiTCP_RAW_TB.uut.mem_generate[29].ADC_MEM_0.U0.inst_blk_mem_gen.gnbram.gnativebmg.native_blk_mem_gen.valid.cstr.ramloop[0].ram.r.prim_noinit.ram.DEVICE_7SERIES.NO_BMM_INFO.SDP.SIMPLE_PRIM36.ram.gen_tdp.INT_RAMB_TDP.chk_for_col_msg at simulation time 51315.625 ns.
A read was performed on address 8007 (hex) of port B while a write was requested to the same address on port A.  The write will be successful however the read value on port B is unknown until the next CLKB cycle.
Memory Collision Error on RAMB36E1 : ADC_SiTCP_RAW_TB.uut.mem_generate[30].ADC_MEM_0.U0.inst_blk_mem_gen.gnbram.gnativebmg.native_blk_mem_gen.valid.cstr.ramloop[0].ram.r.prim_noinit.ram.DEVICE_7SERIES.NO_BMM_INFO.SDP.SIMPLE_PRIM36.ram.gen_tdp.INT_RAMB_TDP.chk_for_col_msg at simulation time 51315.625 ns.
A read was performed on address 8007 (hex) of port B while a write was requested to the same address on port A.  The write will be successful however the read value on port B is unknown until the next CLKB cycle.
Memory Collision Error on RAMB36E1 : ADC_SiTCP_RAW_TB.uut.mem_generate[31].ADC_MEM_0.U0.inst_blk_mem_gen.gnbram.gnativebmg.native_blk_mem_gen.valid.cstr.ramloop[0].ram.r.prim_noinit.ram.DEVICE_7SERIES.NO_BMM_INFO.SDP.SIMPLE_PRIM36.ram.gen_tdp.INT_RAMB_TDP.chk_for_col_msg at simulation time 51315.625 ns.
A read was performed on address 8007 (hex) of port B while a write was requested to the same address on port A.  The write will be successful however the read value on port B is unknown until the next CLKB cycle.
Memory Collision Error on RAMB36E1 : ADC_SiTCP_RAW_TB.uut.mem_generate[32].ADC_MEM_0.U0.inst_blk_mem_gen.gnbram.gnativebmg.native_blk_mem_gen.valid.cstr.ramloop[0].ram.r.prim_noinit.ram.DEVICE_7SERIES.NO_BMM_INFO.SDP.SIMPLE_PRIM36.ram.gen_tdp.INT_RAMB_TDP.chk_for_col_msg at simulation time 51315.625 ns.
A read was performed on address 8007 (hex) of port B while a write was requested to the same address on port A.  The write will be successful however the read value on port B is unknown until the next CLKB cycle.
Memory Collision Error on RAMB36E1 : ADC_SiTCP_RAW_TB.uut.mem_generate[33].ADC_MEM_0.U0.inst_blk_mem_gen.gnbram.gnativebmg.native_blk_mem_gen.valid.cstr.ramloop[0].ram.r.prim_noinit.ram.DEVICE_7SERIES.NO_BMM_INFO.SDP.SIMPLE_PRIM36.ram.gen_tdp.INT_RAMB_TDP.chk_for_col_msg at simulation time 51315.625 ns.
A read was performed on address 8007 (hex) of port B while a write was requested to the same address on port A.  The write will be successful however the read value on port B is unknown until the next CLKB cycle.
Memory Collision Error on RAMB36E1 : ADC_SiTCP_RAW_TB.uut.mem_generate[34].ADC_MEM_0.U0.inst_blk_mem_gen.gnbram.gnativebmg.native_blk_mem_gen.valid.cstr.ramloop[0].ram.r.prim_noinit.ram.DEVICE_7SERIES.NO_BMM_INFO.SDP.SIMPLE_PRIM36.ram.gen_tdp.INT_RAMB_TDP.chk_for_col_msg at simulation time 51315.625 ns.
A read was performed on address 8007 (hex) of port B while a write was requested to the same address on port A.  The write will be successful however the read value on port B is unknown until the next CLKB cycle.
Memory Collision Error on RAMB36E1 : ADC_SiTCP_RAW_TB.uut.mem_generate[35].ADC_MEM_0.U0.inst_blk_mem_gen.gnbram.gnativebmg.native_blk_mem_gen.valid.cstr.ramloop[0].ram.r.prim_noinit.ram.DEVICE_7SERIES.NO_BMM_INFO.SDP.SIMPLE_PRIM36.ram.gen_tdp.INT_RAMB_TDP.chk_for_col_msg at simulation time 51315.625 ns.
A read was performed on address 8007 (hex) of port B while a write was requested to the same address on port A.  The write will be successful however the read value on port B is unknown until the next CLKB cycle.
Memory Collision Error on RAMB36E1 : ADC_SiTCP_RAW_TB.uut.mem_generate[0].ADC_MEM_0.U0.inst_blk_mem_gen.gnbram.gnativebmg.native_blk_mem_gen.valid.cstr.ramloop[0].ram.r.prim_noinit.ram.DEVICE_7SERIES.NO_BMM_INFO.SDP.SIMPLE_PRIM36.ram.gen_tdp.INT_RAMB_TDP.chk_for_col_msg at simulation time 102515.625 ns.
A read was performed on address 8007 (hex) of port B while a write was requested to the same address on port A.  The write will be successful however the read value on port B is unknown until the next CLKB cycle.
Memory Collision Error on RAMB36E1 : ADC_SiTCP_RAW_TB.uut.mem_generate[1].ADC_MEM_0.U0.inst_blk_mem_gen.gnbram.gnativebmg.native_blk_mem_gen.valid.cstr.ramloop[0].ram.r.prim_noinit.ram.DEVICE_7SERIES.NO_BMM_INFO.SDP.SIMPLE_PRIM36.ram.gen_tdp.INT_RAMB_TDP.chk_for_col_msg at simulation time 102515.625 ns.
A read was performed on address 8007 (hex) of port B while a write was requested to the same address on port A.  The write will be successful however the read value on port B is unknown until the next CLKB cycle.
Memory Collision Error on RAMB36E1 : ADC_SiTCP_RAW_TB.uut.mem_generate[2].ADC_MEM_0.U0.inst_blk_mem_gen.gnbram.gnativebmg.native_blk_mem_gen.valid.cstr.ramloop[0].ram.r.prim_noinit.ram.DEVICE_7SERIES.NO_BMM_INFO.SDP.SIMPLE_PRIM36.ram.gen_tdp.INT_RAMB_TDP.chk_for_col_msg at simulation time 102515.625 ns.
A read was performed on address 8007 (hex) of port B while a write was requested to the same address on port A.  The write will be successful however the read value on port B is unknown until the next CLKB cycle.
Memory Collision Error on RAMB36E1 : ADC_SiTCP_RAW_TB.uut.mem_generate[3].ADC_MEM_0.U0.inst_blk_mem_gen.gnbram.gnativebmg.native_blk_mem_gen.valid.cstr.ramloop[0].ram.r.prim_noinit.ram.DEVICE_7SERIES.NO_BMM_INFO.SDP.SIMPLE_PRIM36.ram.gen_tdp.INT_RAMB_TDP.chk_for_col_msg at simulation time 102515.625 ns.
A read was performed on address 8007 (hex) of port B while a write was requested to the same address on port A.  The write will be successful however the read value on port B is unknown until the next CLKB cycle.
Memory Collision Error on RAMB36E1 : ADC_SiTCP_RAW_TB.uut.mem_generate[4].ADC_MEM_0.U0.inst_blk_mem_gen.gnbram.gnativebmg.native_blk_mem_gen.valid.cstr.ramloop[0].ram.r.prim_noinit.ram.DEVICE_7SERIES.NO_BMM_INFO.SDP.SIMPLE_PRIM36.ram.gen_tdp.INT_RAMB_TDP.chk_for_col_msg at simulation time 102515.625 ns.
A read was performed on address 8007 (hex) of port B while a write was requested to the same address on port A.  The write will be successful however the read value on port B is unknown until the next CLKB cycle.
Memory Collision Error on RAMB36E1 : ADC_SiTCP_RAW_TB.uut.mem_generate[5].ADC_MEM_0.U0.inst_blk_mem_gen.gnbram.gnativebmg.native_blk_mem_gen.valid.cstr.ramloop[0].ram.r.prim_noinit.ram.DEVICE_7SERIES.NO_BMM_INFO.SDP.SIMPLE_PRIM36.ram.gen_tdp.INT_RAMB_TDP.chk_for_col_msg at simulation time 102515.625 ns.
A read was performed on address 8007 (hex) of port B while a write was requested to the same address on port A.  The write will be successful however the read value on port B is unknown until the next CLKB cycle.
Memory Collision Error on RAMB36E1 : ADC_SiTCP_RAW_TB.uut.mem_generate[6].ADC_MEM_0.U0.inst_blk_mem_gen.gnbram.gnativebmg.native_blk_mem_gen.valid.cstr.ramloop[0].ram.r.prim_noinit.ram.DEVICE_7SERIES.NO_BMM_INFO.SDP.SIMPLE_PRIM36.ram.gen_tdp.INT_RAMB_TDP.chk_for_col_msg at simulation time 102515.625 ns.
A read was performed on address 8007 (hex) of port B while a write was requested to the same address on port A.  The write will be successful however the read value on port B is unknown until the next CLKB cycle.
Memory Collision Error on RAMB36E1 : ADC_SiTCP_RAW_TB.uut.mem_generate[7].ADC_MEM_0.U0.inst_blk_mem_gen.gnbram.gnativebmg.native_blk_mem_gen.valid.cstr.ramloop[0].ram.r.prim_noinit.ram.DEVICE_7SERIES.NO_BMM_INFO.SDP.SIMPLE_PRIM36.ram.gen_tdp.INT_RAMB_TDP.chk_for_col_msg at simulation time 102515.625 ns.
A read was performed on address 8007 (hex) of port B while a write was requested to the same address on port A.  The write will be successful however the read value on port B is unknown until the next CLKB cycle.
Memory Collision Error on RAMB36E1 : ADC_SiTCP_RAW_TB.uut.mem_generate[8].ADC_MEM_0.U0.inst_blk_mem_gen.gnbram.gnativebmg.native_blk_mem_gen.valid.cstr.ramloop[0].ram.r.prim_noinit.ram.DEVICE_7SERIES.NO_BMM_INFO.SDP.SIMPLE_PRIM36.ram.gen_tdp.INT_RAMB_TDP.chk_for_col_msg at simulation time 102515.625 ns.
A read was performed on address 8007 (hex) of port B while a write was requested to the same address on port A.  The write will be successful however the read value on port B is unknown until the next CLKB cycle.
Memory Collision Error on RAMB36E1 : ADC_SiTCP_RAW_TB.uut.mem_generate[9].ADC_MEM_0.U0.inst_blk_mem_gen.gnbram.gnativebmg.native_blk_mem_gen.valid.cstr.ramloop[0].ram.r.prim_noinit.ram.DEVICE_7SERIES.NO_BMM_INFO.SDP.SIMPLE_PRIM36.ram.gen_tdp.INT_RAMB_TDP.chk_for_col_msg at simulation time 102515.625 ns.
A read was performed on address 8007 (hex) of port B while a write was requested to the same address on port A.  The write will be successful however the read value on port B is unknown until the next CLKB cycle.
Memory Collision Error on RAMB36E1 : ADC_SiTCP_RAW_TB.uut.mem_generate[10].ADC_MEM_0.U0.inst_blk_mem_gen.gnbram.gnativebmg.native_blk_mem_gen.valid.cstr.ramloop[0].ram.r.prim_noinit.ram.DEVICE_7SERIES.NO_BMM_INFO.SDP.SIMPLE_PRIM36.ram.gen_tdp.INT_RAMB_TDP.chk_for_col_msg at simulation time 102515.625 ns.
A read was performed on address 8007 (hex) of port B while a write was requested to the same address on port A.  The write will be successful however the read value on port B is unknown until the next CLKB cycle.
Memory Collision Error on RAMB36E1 : ADC_SiTCP_RAW_TB.uut.mem_generate[11].ADC_MEM_0.U0.inst_blk_mem_gen.gnbram.gnativebmg.native_blk_mem_gen.valid.cstr.ramloop[0].ram.r.prim_noinit.ram.DEVICE_7SERIES.NO_BMM_INFO.SDP.SIMPLE_PRIM36.ram.gen_tdp.INT_RAMB_TDP.chk_for_col_msg at simulation time 102515.625 ns.
A read was performed on address 8007 (hex) of port B while a write was requested to the same address on port A.  The write will be successful however the read value on port B is unknown until the next CLKB cycle.
Memory Collision Error on RAMB36E1 : ADC_SiTCP_RAW_TB.uut.mem_generate[12].ADC_MEM_0.U0.inst_blk_mem_gen.gnbram.gnativebmg.native_blk_mem_gen.valid.cstr.ramloop[0].ram.r.prim_noinit.ram.DEVICE_7SERIES.NO_BMM_INFO.SDP.SIMPLE_PRIM36.ram.gen_tdp.INT_RAMB_TDP.chk_for_col_msg at simulation time 102515.625 ns.
A read was performed on address 8007 (hex) of port B while a write was requested to the same address on port A.  The write will be successful however the read value on port B is unknown until the next CLKB cycle.
Memory Collision Error on RAMB36E1 : ADC_SiTCP_RAW_TB.uut.mem_generate[13].ADC_MEM_0.U0.inst_blk_mem_gen.gnbram.gnativebmg.native_blk_mem_gen.valid.cstr.ramloop[0].ram.r.prim_noinit.ram.DEVICE_7SERIES.NO_BMM_INFO.SDP.SIMPLE_PRIM36.ram.gen_tdp.INT_RAMB_TDP.chk_for_col_msg at simulation time 102515.625 ns.
A read was performed on address 8007 (hex) of port B while a write was requested to the same address on port A.  The write will be successful however the read value on port B is unknown until the next CLKB cycle.
Memory Collision Error on RAMB36E1 : ADC_SiTCP_RAW_TB.uut.mem_generate[14].ADC_MEM_0.U0.inst_blk_mem_gen.gnbram.gnativebmg.native_blk_mem_gen.valid.cstr.ramloop[0].ram.r.prim_noinit.ram.DEVICE_7SERIES.NO_BMM_INFO.SDP.SIMPLE_PRIM36.ram.gen_tdp.INT_RAMB_TDP.chk_for_col_msg at simulation time 102515.625 ns.
A read was performed on address 8007 (hex) of port B while a write was requested to the same address on port A.  The write will be successful however the read value on port B is unknown until the next CLKB cycle.
Memory Collision Error on RAMB36E1 : ADC_SiTCP_RAW_TB.uut.mem_generate[15].ADC_MEM_0.U0.inst_blk_mem_gen.gnbram.gnativebmg.native_blk_mem_gen.valid.cstr.ramloop[0].ram.r.prim_noinit.ram.DEVICE_7SERIES.NO_BMM_INFO.SDP.SIMPLE_PRIM36.ram.gen_tdp.INT_RAMB_TDP.chk_for_col_msg at simulation time 102515.625 ns.
A read was performed on address 8007 (hex) of port B while a write was requested to the same address on port A.  The write will be successful however the read value on port B is unknown until the next CLKB cycle.
Memory Collision Error on RAMB36E1 : ADC_SiTCP_RAW_TB.uut.mem_generate[16].ADC_MEM_0.U0.inst_blk_mem_gen.gnbram.gnativebmg.native_blk_mem_gen.valid.cstr.ramloop[0].ram.r.prim_noinit.ram.DEVICE_7SERIES.NO_BMM_INFO.SDP.SIMPLE_PRIM36.ram.gen_tdp.INT_RAMB_TDP.chk_for_col_msg at simulation time 102515.625 ns.
A read was performed on address 8007 (hex) of port B while a write was requested to the same address on port A.  The write will be successful however the read value on port B is unknown until the next CLKB cycle.
Memory Collision Error on RAMB36E1 : ADC_SiTCP_RAW_TB.uut.mem_generate[17].ADC_MEM_0.U0.inst_blk_mem_gen.gnbram.gnativebmg.native_blk_mem_gen.valid.cstr.ramloop[0].ram.r.prim_noinit.ram.DEVICE_7SERIES.NO_BMM_INFO.SDP.SIMPLE_PRIM36.ram.gen_tdp.INT_RAMB_TDP.chk_for_col_msg at simulation time 102515.625 ns.
A read was performed on address 8007 (hex) of port B while a write was requested to the same address on port A.  The write will be successful however the read value on port B is unknown until the next CLKB cycle.
Memory Collision Error on RAMB36E1 : ADC_SiTCP_RAW_TB.uut.mem_generate[18].ADC_MEM_0.U0.inst_blk_mem_gen.gnbram.gnativebmg.native_blk_mem_gen.valid.cstr.ramloop[0].ram.r.prim_noinit.ram.DEVICE_7SERIES.NO_BMM_INFO.SDP.SIMPLE_PRIM36.ram.gen_tdp.INT_RAMB_TDP.chk_for_col_msg at simulation time 102515.625 ns.
A read was performed on address 8007 (hex) of port B while a write was requested to the same address on port A.  The write will be successful however the read value on port B is unknown until the next CLKB cycle.
Memory Collision Error on RAMB36E1 : ADC_SiTCP_RAW_TB.uut.mem_generate[19].ADC_MEM_0.U0.inst_blk_mem_gen.gnbram.gnativebmg.native_blk_mem_gen.valid.cstr.ramloop[0].ram.r.prim_noinit.ram.DEVICE_7SERIES.NO_BMM_INFO.SDP.SIMPLE_PRIM36.ram.gen_tdp.INT_RAMB_TDP.chk_for_col_msg at simulation time 102515.625 ns.
A read was performed on address 8007 (hex) of port B while a write was requested to the same address on port A.  The write will be successful however the read value on port B is unknown until the next CLKB cycle.
Memory Collision Error on RAMB36E1 : ADC_SiTCP_RAW_TB.uut.mem_generate[20].ADC_MEM_0.U0.inst_blk_mem_gen.gnbram.gnativebmg.native_blk_mem_gen.valid.cstr.ramloop[0].ram.r.prim_noinit.ram.DEVICE_7SERIES.NO_BMM_INFO.SDP.SIMPLE_PRIM36.ram.gen_tdp.INT_RAMB_TDP.chk_for_col_msg at simulation time 102515.625 ns.
A read was performed on address 8007 (hex) of port B while a write was requested to the same address on port A.  The write will be successful however the read value on port B is unknown until the next CLKB cycle.
Memory Collision Error on RAMB36E1 : ADC_SiTCP_RAW_TB.uut.mem_generate[21].ADC_MEM_0.U0.inst_blk_mem_gen.gnbram.gnativebmg.native_blk_mem_gen.valid.cstr.ramloop[0].ram.r.prim_noinit.ram.DEVICE_7SERIES.NO_BMM_INFO.SDP.SIMPLE_PRIM36.ram.gen_tdp.INT_RAMB_TDP.chk_for_col_msg at simulation time 102515.625 ns.
A read was performed on address 8007 (hex) of port B while a write was requested to the same address on port A.  The write will be successful however the read value on port B is unknown until the next CLKB cycle.
Memory Collision Error on RAMB36E1 : ADC_SiTCP_RAW_TB.uut.mem_generate[22].ADC_MEM_0.U0.inst_blk_mem_gen.gnbram.gnativebmg.native_blk_mem_gen.valid.cstr.ramloop[0].ram.r.prim_noinit.ram.DEVICE_7SERIES.NO_BMM_INFO.SDP.SIMPLE_PRIM36.ram.gen_tdp.INT_RAMB_TDP.chk_for_col_msg at simulation time 102515.625 ns.
A read was performed on address 8007 (hex) of port B while a write was requested to the same address on port A.  The write will be successful however the read value on port B is unknown until the next CLKB cycle.
Memory Collision Error on RAMB36E1 : ADC_SiTCP_RAW_TB.uut.mem_generate[23].ADC_MEM_0.U0.inst_blk_mem_gen.gnbram.gnativebmg.native_blk_mem_gen.valid.cstr.ramloop[0].ram.r.prim_noinit.ram.DEVICE_7SERIES.NO_BMM_INFO.SDP.SIMPLE_PRIM36.ram.gen_tdp.INT_RAMB_TDP.chk_for_col_msg at simulation time 102515.625 ns.
A read was performed on address 8007 (hex) of port B while a write was requested to the same address on port A.  The write will be successful however the read value on port B is unknown until the next CLKB cycle.
Memory Collision Error on RAMB36E1 : ADC_SiTCP_RAW_TB.uut.mem_generate[24].ADC_MEM_0.U0.inst_blk_mem_gen.gnbram.gnativebmg.native_blk_mem_gen.valid.cstr.ramloop[0].ram.r.prim_noinit.ram.DEVICE_7SERIES.NO_BMM_INFO.SDP.SIMPLE_PRIM36.ram.gen_tdp.INT_RAMB_TDP.chk_for_col_msg at simulation time 102515.625 ns.
A read was performed on address 8007 (hex) of port B while a write was requested to the same address on port A.  The write will be successful however the read value on port B is unknown until the next CLKB cycle.
Memory Collision Error on RAMB36E1 : ADC_SiTCP_RAW_TB.uut.mem_generate[25].ADC_MEM_0.U0.inst_blk_mem_gen.gnbram.gnativebmg.native_blk_mem_gen.valid.cstr.ramloop[0].ram.r.prim_noinit.ram.DEVICE_7SERIES.NO_BMM_INFO.SDP.SIMPLE_PRIM36.ram.gen_tdp.INT_RAMB_TDP.chk_for_col_msg at simulation time 102515.625 ns.
A read was performed on address 8007 (hex) of port B while a write was requested to the same address on port A.  The write will be successful however the read value on port B is unknown until the next CLKB cycle.
Memory Collision Error on RAMB36E1 : ADC_SiTCP_RAW_TB.uut.mem_generate[26].ADC_MEM_0.U0.inst_blk_mem_gen.gnbram.gnativebmg.native_blk_mem_gen.valid.cstr.ramloop[0].ram.r.prim_noinit.ram.DEVICE_7SERIES.NO_BMM_INFO.SDP.SIMPLE_PRIM36.ram.gen_tdp.INT_RAMB_TDP.chk_for_col_msg at simulation time 102515.625 ns.
A read was performed on address 8007 (hex) of port B while a write was requested to the same address on port A.  The write will be successful however the read value on port B is unknown until the next CLKB cycle.
Memory Collision Error on RAMB36E1 : ADC_SiTCP_RAW_TB.uut.mem_generate[27].ADC_MEM_0.U0.inst_blk_mem_gen.gnbram.gnativebmg.native_blk_mem_gen.valid.cstr.ramloop[0].ram.r.prim_noinit.ram.DEVICE_7SERIES.NO_BMM_INFO.SDP.SIMPLE_PRIM36.ram.gen_tdp.INT_RAMB_TDP.chk_for_col_msg at simulation time 102515.625 ns.
A read was performed on address 8007 (hex) of port B while a write was requested to the same address on port A.  The write will be successful however the read value on port B is unknown until the next CLKB cycle.
Memory Collision Error on RAMB36E1 : ADC_SiTCP_RAW_TB.uut.mem_generate[28].ADC_MEM_0.U0.inst_blk_mem_gen.gnbram.gnativebmg.native_blk_mem_gen.valid.cstr.ramloop[0].ram.r.prim_noinit.ram.DEVICE_7SERIES.NO_BMM_INFO.SDP.SIMPLE_PRIM36.ram.gen_tdp.INT_RAMB_TDP.chk_for_col_msg at simulation time 102515.625 ns.
A read was performed on address 8007 (hex) of port B while a write was requested to the same address on port A.  The write will be successful however the read value on port B is unknown until the next CLKB cycle.
Memory Collision Error on RAMB36E1 : ADC_SiTCP_RAW_TB.uut.mem_generate[29].ADC_MEM_0.U0.inst_blk_mem_gen.gnbram.gnativebmg.native_blk_mem_gen.valid.cstr.ramloop[0].ram.r.prim_noinit.ram.DEVICE_7SERIES.NO_BMM_INFO.SDP.SIMPLE_PRIM36.ram.gen_tdp.INT_RAMB_TDP.chk_for_col_msg at simulation time 102515.625 ns.
A read was performed on address 8007 (hex) of port B while a write was requested to the same address on port A.  The write will be successful however the read value on port B is unknown until the next CLKB cycle.
Memory Collision Error on RAMB36E1 : ADC_SiTCP_RAW_TB.uut.mem_generate[30].ADC_MEM_0.U0.inst_blk_mem_gen.gnbram.gnativebmg.native_blk_mem_gen.valid.cstr.ramloop[0].ram.r.prim_noinit.ram.DEVICE_7SERIES.NO_BMM_INFO.SDP.SIMPLE_PRIM36.ram.gen_tdp.INT_RAMB_TDP.chk_for_col_msg at simulation time 102515.625 ns.
A read was performed on address 8007 (hex) of port B while a write was requested to the same address on port A.  The write will be successful however the read value on port B is unknown until the next CLKB cycle.
Memory Collision Error on RAMB36E1 : ADC_SiTCP_RAW_TB.uut.mem_generate[31].ADC_MEM_0.U0.inst_blk_mem_gen.gnbram.gnativebmg.native_blk_mem_gen.valid.cstr.ramloop[0].ram.r.prim_noinit.ram.DEVICE_7SERIES.NO_BMM_INFO.SDP.SIMPLE_PRIM36.ram.gen_tdp.INT_RAMB_TDP.chk_for_col_msg at simulation time 102515.625 ns.
A read was performed on address 8007 (hex) of port B while a write was requested to the same address on port A.  The write will be successful however the read value on port B is unknown until the next CLKB cycle.
Memory Collision Error on RAMB36E1 : ADC_SiTCP_RAW_TB.uut.mem_generate[32].ADC_MEM_0.U0.inst_blk_mem_gen.gnbram.gnativebmg.native_blk_mem_gen.valid.cstr.ramloop[0].ram.r.prim_noinit.ram.DEVICE_7SERIES.NO_BMM_INFO.SDP.SIMPLE_PRIM36.ram.gen_tdp.INT_RAMB_TDP.chk_for_col_msg at simulation time 102515.625 ns.
A read was performed on address 8007 (hex) of port B while a write was requested to the same address on port A.  The write will be successful however the read value on port B is unknown until the next CLKB cycle.
Memory Collision Error on RAMB36E1 : ADC_SiTCP_RAW_TB.uut.mem_generate[33].ADC_MEM_0.U0.inst_blk_mem_gen.gnbram.gnativebmg.native_blk_mem_gen.valid.cstr.ramloop[0].ram.r.prim_noinit.ram.DEVICE_7SERIES.NO_BMM_INFO.SDP.SIMPLE_PRIM36.ram.gen_tdp.INT_RAMB_TDP.chk_for_col_msg at simulation time 102515.625 ns.
A read was performed on address 8007 (hex) of port B while a write was requested to the same address on port A.  The write will be successful however the read value on port B is unknown until the next CLKB cycle.
Memory Collision Error on RAMB36E1 : ADC_SiTCP_RAW_TB.uut.mem_generate[34].ADC_MEM_0.U0.inst_blk_mem_gen.gnbram.gnativebmg.native_blk_mem_gen.valid.cstr.ramloop[0].ram.r.prim_noinit.ram.DEVICE_7SERIES.NO_BMM_INFO.SDP.SIMPLE_PRIM36.ram.gen_tdp.INT_RAMB_TDP.chk_for_col_msg at simulation time 102515.625 ns.
A read was performed on address 8007 (hex) of port B while a write was requested to the same address on port A.  The write will be successful however the read value on port B is unknown until the next CLKB cycle.
Memory Collision Error on RAMB36E1 : ADC_SiTCP_RAW_TB.uut.mem_generate[35].ADC_MEM_0.U0.inst_blk_mem_gen.gnbram.gnativebmg.native_blk_mem_gen.valid.cstr.ramloop[0].ram.r.prim_noinit.ram.DEVICE_7SERIES.NO_BMM_INFO.SDP.SIMPLE_PRIM36.ram.gen_tdp.INT_RAMB_TDP.chk_for_col_msg at simulation time 102515.625 ns.
A read was performed on address 8007 (hex) of port B while a write was requested to the same address on port A.  The write will be successful however the read value on port B is unknown until the next CLKB cycle.
Memory Collision Error on RAMB36E1 : ADC_SiTCP_RAW_TB.uut.mem_generate[0].ADC_MEM_0.U0.inst_blk_mem_gen.gnbram.gnativebmg.native_blk_mem_gen.valid.cstr.ramloop[0].ram.r.prim_noinit.ram.DEVICE_7SERIES.NO_BMM_INFO.SDP.SIMPLE_PRIM36.ram.gen_tdp.INT_RAMB_TDP.chk_for_col_msg at simulation time 153715.625 ns.
A read was performed on address 8007 (hex) of port B while a write was requested to the same address on port A.  The write will be successful however the read value on port B is unknown until the next CLKB cycle.
Memory Collision Error on RAMB36E1 : ADC_SiTCP_RAW_TB.uut.mem_generate[1].ADC_MEM_0.U0.inst_blk_mem_gen.gnbram.gnativebmg.native_blk_mem_gen.valid.cstr.ramloop[0].ram.r.prim_noinit.ram.DEVICE_7SERIES.NO_BMM_INFO.SDP.SIMPLE_PRIM36.ram.gen_tdp.INT_RAMB_TDP.chk_for_col_msg at simulation time 153715.625 ns.
A read was performed on address 8007 (hex) of port B while a write was requested to the same address on port A.  The write will be successful however the read value on port B is unknown until the next CLKB cycle.
Memory Collision Error on RAMB36E1 : ADC_SiTCP_RAW_TB.uut.mem_generate[2].ADC_MEM_0.U0.inst_blk_mem_gen.gnbram.gnativebmg.native_blk_mem_gen.valid.cstr.ramloop[0].ram.r.prim_noinit.ram.DEVICE_7SERIES.NO_BMM_INFO.SDP.SIMPLE_PRIM36.ram.gen_tdp.INT_RAMB_TDP.chk_for_col_msg at simulation time 153715.625 ns.
A read was performed on address 8007 (hex) of port B while a write was requested to the same address on port A.  The write will be successful however the read value on port B is unknown until the next CLKB cycle.
Memory Collision Error on RAMB36E1 : ADC_SiTCP_RAW_TB.uut.mem_generate[3].ADC_MEM_0.U0.inst_blk_mem_gen.gnbram.gnativebmg.native_blk_mem_gen.valid.cstr.ramloop[0].ram.r.prim_noinit.ram.DEVICE_7SERIES.NO_BMM_INFO.SDP.SIMPLE_PRIM36.ram.gen_tdp.INT_RAMB_TDP.chk_for_col_msg at simulation time 153715.625 ns.
A read was performed on address 8007 (hex) of port B while a write was requested to the same address on port A.  The write will be successful however the read value on port B is unknown until the next CLKB cycle.
Memory Collision Error on RAMB36E1 : ADC_SiTCP_RAW_TB.uut.mem_generate[4].ADC_MEM_0.U0.inst_blk_mem_gen.gnbram.gnativebmg.native_blk_mem_gen.valid.cstr.ramloop[0].ram.r.prim_noinit.ram.DEVICE_7SERIES.NO_BMM_INFO.SDP.SIMPLE_PRIM36.ram.gen_tdp.INT_RAMB_TDP.chk_for_col_msg at simulation time 153715.625 ns.
A read was performed on address 8007 (hex) of port B while a write was requested to the same address on port A.  The write will be successful however the read value on port B is unknown until the next CLKB cycle.
Memory Collision Error on RAMB36E1 : ADC_SiTCP_RAW_TB.uut.mem_generate[5].ADC_MEM_0.U0.inst_blk_mem_gen.gnbram.gnativebmg.native_blk_mem_gen.valid.cstr.ramloop[0].ram.r.prim_noinit.ram.DEVICE_7SERIES.NO_BMM_INFO.SDP.SIMPLE_PRIM36.ram.gen_tdp.INT_RAMB_TDP.chk_for_col_msg at simulation time 153715.625 ns.
A read was performed on address 8007 (hex) of port B while a write was requested to the same address on port A.  The write will be successful however the read value on port B is unknown until the next CLKB cycle.
Memory Collision Error on RAMB36E1 : ADC_SiTCP_RAW_TB.uut.mem_generate[6].ADC_MEM_0.U0.inst_blk_mem_gen.gnbram.gnativebmg.native_blk_mem_gen.valid.cstr.ramloop[0].ram.r.prim_noinit.ram.DEVICE_7SERIES.NO_BMM_INFO.SDP.SIMPLE_PRIM36.ram.gen_tdp.INT_RAMB_TDP.chk_for_col_msg at simulation time 153715.625 ns.
A read was performed on address 8007 (hex) of port B while a write was requested to the same address on port A.  The write will be successful however the read value on port B is unknown until the next CLKB cycle.
Memory Collision Error on RAMB36E1 : ADC_SiTCP_RAW_TB.uut.mem_generate[7].ADC_MEM_0.U0.inst_blk_mem_gen.gnbram.gnativebmg.native_blk_mem_gen.valid.cstr.ramloop[0].ram.r.prim_noinit.ram.DEVICE_7SERIES.NO_BMM_INFO.SDP.SIMPLE_PRIM36.ram.gen_tdp.INT_RAMB_TDP.chk_for_col_msg at simulation time 153715.625 ns.
A read was performed on address 8007 (hex) of port B while a write was requested to the same address on port A.  The write will be successful however the read value on port B is unknown until the next CLKB cycle.
Memory Collision Error on RAMB36E1 : ADC_SiTCP_RAW_TB.uut.mem_generate[8].ADC_MEM_0.U0.inst_blk_mem_gen.gnbram.gnativebmg.native_blk_mem_gen.valid.cstr.ramloop[0].ram.r.prim_noinit.ram.DEVICE_7SERIES.NO_BMM_INFO.SDP.SIMPLE_PRIM36.ram.gen_tdp.INT_RAMB_TDP.chk_for_col_msg at simulation time 153715.625 ns.
A read was performed on address 8007 (hex) of port B while a write was requested to the same address on port A.  The write will be successful however the read value on port B is unknown until the next CLKB cycle.
Memory Collision Error on RAMB36E1 : ADC_SiTCP_RAW_TB.uut.mem_generate[9].ADC_MEM_0.U0.inst_blk_mem_gen.gnbram.gnativebmg.native_blk_mem_gen.valid.cstr.ramloop[0].ram.r.prim_noinit.ram.DEVICE_7SERIES.NO_BMM_INFO.SDP.SIMPLE_PRIM36.ram.gen_tdp.INT_RAMB_TDP.chk_for_col_msg at simulation time 153715.625 ns.
A read was performed on address 8007 (hex) of port B while a write was requested to the same address on port A.  The write will be successful however the read value on port B is unknown until the next CLKB cycle.
Memory Collision Error on RAMB36E1 : ADC_SiTCP_RAW_TB.uut.mem_generate[10].ADC_MEM_0.U0.inst_blk_mem_gen.gnbram.gnativebmg.native_blk_mem_gen.valid.cstr.ramloop[0].ram.r.prim_noinit.ram.DEVICE_7SERIES.NO_BMM_INFO.SDP.SIMPLE_PRIM36.ram.gen_tdp.INT_RAMB_TDP.chk_for_col_msg at simulation time 153715.625 ns.
A read was performed on address 8007 (hex) of port B while a write was requested to the same address on port A.  The write will be successful however the read value on port B is unknown until the next CLKB cycle.
Memory Collision Error on RAMB36E1 : ADC_SiTCP_RAW_TB.uut.mem_generate[11].ADC_MEM_0.U0.inst_blk_mem_gen.gnbram.gnativebmg.native_blk_mem_gen.valid.cstr.ramloop[0].ram.r.prim_noinit.ram.DEVICE_7SERIES.NO_BMM_INFO.SDP.SIMPLE_PRIM36.ram.gen_tdp.INT_RAMB_TDP.chk_for_col_msg at simulation time 153715.625 ns.
A read was performed on address 8007 (hex) of port B while a write was requested to the same address on port A.  The write will be successful however the read value on port B is unknown until the next CLKB cycle.
Memory Collision Error on RAMB36E1 : ADC_SiTCP_RAW_TB.uut.mem_generate[12].ADC_MEM_0.U0.inst_blk_mem_gen.gnbram.gnativebmg.native_blk_mem_gen.valid.cstr.ramloop[0].ram.r.prim_noinit.ram.DEVICE_7SERIES.NO_BMM_INFO.SDP.SIMPLE_PRIM36.ram.gen_tdp.INT_RAMB_TDP.chk_for_col_msg at simulation time 153715.625 ns.
A read was performed on address 8007 (hex) of port B while a write was requested to the same address on port A.  The write will be successful however the read value on port B is unknown until the next CLKB cycle.
Memory Collision Error on RAMB36E1 : ADC_SiTCP_RAW_TB.uut.mem_generate[13].ADC_MEM_0.U0.inst_blk_mem_gen.gnbram.gnativebmg.native_blk_mem_gen.valid.cstr.ramloop[0].ram.r.prim_noinit.ram.DEVICE_7SERIES.NO_BMM_INFO.SDP.SIMPLE_PRIM36.ram.gen_tdp.INT_RAMB_TDP.chk_for_col_msg at simulation time 153715.625 ns.
A read was performed on address 8007 (hex) of port B while a write was requested to the same address on port A.  The write will be successful however the read value on port B is unknown until the next CLKB cycle.
Memory Collision Error on RAMB36E1 : ADC_SiTCP_RAW_TB.uut.mem_generate[14].ADC_MEM_0.U0.inst_blk_mem_gen.gnbram.gnativebmg.native_blk_mem_gen.valid.cstr.ramloop[0].ram.r.prim_noinit.ram.DEVICE_7SERIES.NO_BMM_INFO.SDP.SIMPLE_PRIM36.ram.gen_tdp.INT_RAMB_TDP.chk_for_col_msg at simulation time 153715.625 ns.
A read was performed on address 8007 (hex) of port B while a write was requested to the same address on port A.  The write will be successful however the read value on port B is unknown until the next CLKB cycle.
Memory Collision Error on RAMB36E1 : ADC_SiTCP_RAW_TB.uut.mem_generate[15].ADC_MEM_0.U0.inst_blk_mem_gen.gnbram.gnativebmg.native_blk_mem_gen.valid.cstr.ramloop[0].ram.r.prim_noinit.ram.DEVICE_7SERIES.NO_BMM_INFO.SDP.SIMPLE_PRIM36.ram.gen_tdp.INT_RAMB_TDP.chk_for_col_msg at simulation time 153715.625 ns.
A read was performed on address 8007 (hex) of port B while a write was requested to the same address on port A.  The write will be successful however the read value on port B is unknown until the next CLKB cycle.
Memory Collision Error on RAMB36E1 : ADC_SiTCP_RAW_TB.uut.mem_generate[16].ADC_MEM_0.U0.inst_blk_mem_gen.gnbram.gnativebmg.native_blk_mem_gen.valid.cstr.ramloop[0].ram.r.prim_noinit.ram.DEVICE_7SERIES.NO_BMM_INFO.SDP.SIMPLE_PRIM36.ram.gen_tdp.INT_RAMB_TDP.chk_for_col_msg at simulation time 153715.625 ns.
A read was performed on address 8007 (hex) of port B while a write was requested to the same address on port A.  The write will be successful however the read value on port B is unknown until the next CLKB cycle.
Memory Collision Error on RAMB36E1 : ADC_SiTCP_RAW_TB.uut.mem_generate[17].ADC_MEM_0.U0.inst_blk_mem_gen.gnbram.gnativebmg.native_blk_mem_gen.valid.cstr.ramloop[0].ram.r.prim_noinit.ram.DEVICE_7SERIES.NO_BMM_INFO.SDP.SIMPLE_PRIM36.ram.gen_tdp.INT_RAMB_TDP.chk_for_col_msg at simulation time 153715.625 ns.
A read was performed on address 8007 (hex) of port B while a write was requested to the same address on port A.  The write will be successful however the read value on port B is unknown until the next CLKB cycle.
Memory Collision Error on RAMB36E1 : ADC_SiTCP_RAW_TB.uut.mem_generate[18].ADC_MEM_0.U0.inst_blk_mem_gen.gnbram.gnativebmg.native_blk_mem_gen.valid.cstr.ramloop[0].ram.r.prim_noinit.ram.DEVICE_7SERIES.NO_BMM_INFO.SDP.SIMPLE_PRIM36.ram.gen_tdp.INT_RAMB_TDP.chk_for_col_msg at simulation time 153715.625 ns.
A read was performed on address 8007 (hex) of port B while a write was requested to the same address on port A.  The write will be successful however the read value on port B is unknown until the next CLKB cycle.
Memory Collision Error on RAMB36E1 : ADC_SiTCP_RAW_TB.uut.mem_generate[19].ADC_MEM_0.U0.inst_blk_mem_gen.gnbram.gnativebmg.native_blk_mem_gen.valid.cstr.ramloop[0].ram.r.prim_noinit.ram.DEVICE_7SERIES.NO_BMM_INFO.SDP.SIMPLE_PRIM36.ram.gen_tdp.INT_RAMB_TDP.chk_for_col_msg at simulation time 153715.625 ns.
A read was performed on address 8007 (hex) of port B while a write was requested to the same address on port A.  The write will be successful however the read value on port B is unknown until the next CLKB cycle.
Memory Collision Error on RAMB36E1 : ADC_SiTCP_RAW_TB.uut.mem_generate[20].ADC_MEM_0.U0.inst_blk_mem_gen.gnbram.gnativebmg.native_blk_mem_gen.valid.cstr.ramloop[0].ram.r.prim_noinit.ram.DEVICE_7SERIES.NO_BMM_INFO.SDP.SIMPLE_PRIM36.ram.gen_tdp.INT_RAMB_TDP.chk_for_col_msg at simulation time 153715.625 ns.
A read was performed on address 8007 (hex) of port B while a write was requested to the same address on port A.  The write will be successful however the read value on port B is unknown until the next CLKB cycle.
Memory Collision Error on RAMB36E1 : ADC_SiTCP_RAW_TB.uut.mem_generate[21].ADC_MEM_0.U0.inst_blk_mem_gen.gnbram.gnativebmg.native_blk_mem_gen.valid.cstr.ramloop[0].ram.r.prim_noinit.ram.DEVICE_7SERIES.NO_BMM_INFO.SDP.SIMPLE_PRIM36.ram.gen_tdp.INT_RAMB_TDP.chk_for_col_msg at simulation time 153715.625 ns.
A read was performed on address 8007 (hex) of port B while a write was requested to the same address on port A.  The write will be successful however the read value on port B is unknown until the next CLKB cycle.
Memory Collision Error on RAMB36E1 : ADC_SiTCP_RAW_TB.uut.mem_generate[22].ADC_MEM_0.U0.inst_blk_mem_gen.gnbram.gnativebmg.native_blk_mem_gen.valid.cstr.ramloop[0].ram.r.prim_noinit.ram.DEVICE_7SERIES.NO_BMM_INFO.SDP.SIMPLE_PRIM36.ram.gen_tdp.INT_RAMB_TDP.chk_for_col_msg at simulation time 153715.625 ns.
A read was performed on address 8007 (hex) of port B while a write was requested to the same address on port A.  The write will be successful however the read value on port B is unknown until the next CLKB cycle.
Memory Collision Error on RAMB36E1 : ADC_SiTCP_RAW_TB.uut.mem_generate[23].ADC_MEM_0.U0.inst_blk_mem_gen.gnbram.gnativebmg.native_blk_mem_gen.valid.cstr.ramloop[0].ram.r.prim_noinit.ram.DEVICE_7SERIES.NO_BMM_INFO.SDP.SIMPLE_PRIM36.ram.gen_tdp.INT_RAMB_TDP.chk_for_col_msg at simulation time 153715.625 ns.
A read was performed on address 8007 (hex) of port B while a write was requested to the same address on port A.  The write will be successful however the read value on port B is unknown until the next CLKB cycle.
Memory Collision Error on RAMB36E1 : ADC_SiTCP_RAW_TB.uut.mem_generate[24].ADC_MEM_0.U0.inst_blk_mem_gen.gnbram.gnativebmg.native_blk_mem_gen.valid.cstr.ramloop[0].ram.r.prim_noinit.ram.DEVICE_7SERIES.NO_BMM_INFO.SDP.SIMPLE_PRIM36.ram.gen_tdp.INT_RAMB_TDP.chk_for_col_msg at simulation time 153715.625 ns.
A read was performed on address 8007 (hex) of port B while a write was requested to the same address on port A.  The write will be successful however the read value on port B is unknown until the next CLKB cycle.
Memory Collision Error on RAMB36E1 : ADC_SiTCP_RAW_TB.uut.mem_generate[25].ADC_MEM_0.U0.inst_blk_mem_gen.gnbram.gnativebmg.native_blk_mem_gen.valid.cstr.ramloop[0].ram.r.prim_noinit.ram.DEVICE_7SERIES.NO_BMM_INFO.SDP.SIMPLE_PRIM36.ram.gen_tdp.INT_RAMB_TDP.chk_for_col_msg at simulation time 153715.625 ns.
A read was performed on address 8007 (hex) of port B while a write was requested to the same address on port A.  The write will be successful however the read value on port B is unknown until the next CLKB cycle.
Memory Collision Error on RAMB36E1 : ADC_SiTCP_RAW_TB.uut.mem_generate[26].ADC_MEM_0.U0.inst_blk_mem_gen.gnbram.gnativebmg.native_blk_mem_gen.valid.cstr.ramloop[0].ram.r.prim_noinit.ram.DEVICE_7SERIES.NO_BMM_INFO.SDP.SIMPLE_PRIM36.ram.gen_tdp.INT_RAMB_TDP.chk_for_col_msg at simulation time 153715.625 ns.
A read was performed on address 8007 (hex) of port B while a write was requested to the same address on port A.  The write will be successful however the read value on port B is unknown until the next CLKB cycle.
Memory Collision Error on RAMB36E1 : ADC_SiTCP_RAW_TB.uut.mem_generate[27].ADC_MEM_0.U0.inst_blk_mem_gen.gnbram.gnativebmg.native_blk_mem_gen.valid.cstr.ramloop[0].ram.r.prim_noinit.ram.DEVICE_7SERIES.NO_BMM_INFO.SDP.SIMPLE_PRIM36.ram.gen_tdp.INT_RAMB_TDP.chk_for_col_msg at simulation time 153715.625 ns.
A read was performed on address 8007 (hex) of port B while a write was requested to the same address on port A.  The write will be successful however the read value on port B is unknown until the next CLKB cycle.
Memory Collision Error on RAMB36E1 : ADC_SiTCP_RAW_TB.uut.mem_generate[28].ADC_MEM_0.U0.inst_blk_mem_gen.gnbram.gnativebmg.native_blk_mem_gen.valid.cstr.ramloop[0].ram.r.prim_noinit.ram.DEVICE_7SERIES.NO_BMM_INFO.SDP.SIMPLE_PRIM36.ram.gen_tdp.INT_RAMB_TDP.chk_for_col_msg at simulation time 153715.625 ns.
A read was performed on address 8007 (hex) of port B while a write was requested to the same address on port A.  The write will be successful however the read value on port B is unknown until the next CLKB cycle.
Memory Collision Error on RAMB36E1 : ADC_SiTCP_RAW_TB.uut.mem_generate[29].ADC_MEM_0.U0.inst_blk_mem_gen.gnbram.gnativebmg.native_blk_mem_gen.valid.cstr.ramloop[0].ram.r.prim_noinit.ram.DEVICE_7SERIES.NO_BMM_INFO.SDP.SIMPLE_PRIM36.ram.gen_tdp.INT_RAMB_TDP.chk_for_col_msg at simulation time 153715.625 ns.
A read was performed on address 8007 (hex) of port B while a write was requested to the same address on port A.  The write will be successful however the read value on port B is unknown until the next CLKB cycle.
Memory Collision Error on RAMB36E1 : ADC_SiTCP_RAW_TB.uut.mem_generate[30].ADC_MEM_0.U0.inst_blk_mem_gen.gnbram.gnativebmg.native_blk_mem_gen.valid.cstr.ramloop[0].ram.r.prim_noinit.ram.DEVICE_7SERIES.NO_BMM_INFO.SDP.SIMPLE_PRIM36.ram.gen_tdp.INT_RAMB_TDP.chk_for_col_msg at simulation time 153715.625 ns.
A read was performed on address 8007 (hex) of port B while a write was requested to the same address on port A.  The write will be successful however the read value on port B is unknown until the next CLKB cycle.
Memory Collision Error on RAMB36E1 : ADC_SiTCP_RAW_TB.uut.mem_generate[31].ADC_MEM_0.U0.inst_blk_mem_gen.gnbram.gnativebmg.native_blk_mem_gen.valid.cstr.ramloop[0].ram.r.prim_noinit.ram.DEVICE_7SERIES.NO_BMM_INFO.SDP.SIMPLE_PRIM36.ram.gen_tdp.INT_RAMB_TDP.chk_for_col_msg at simulation time 153715.625 ns.
A read was performed on address 8007 (hex) of port B while a write was requested to the same address on port A.  The write will be successful however the read value on port B is unknown until the next CLKB cycle.
Memory Collision Error on RAMB36E1 : ADC_SiTCP_RAW_TB.uut.mem_generate[32].ADC_MEM_0.U0.inst_blk_mem_gen.gnbram.gnativebmg.native_blk_mem_gen.valid.cstr.ramloop[0].ram.r.prim_noinit.ram.DEVICE_7SERIES.NO_BMM_INFO.SDP.SIMPLE_PRIM36.ram.gen_tdp.INT_RAMB_TDP.chk_for_col_msg at simulation time 153715.625 ns.
A read was performed on address 8007 (hex) of port B while a write was requested to the same address on port A.  The write will be successful however the read value on port B is unknown until the next CLKB cycle.
Memory Collision Error on RAMB36E1 : ADC_SiTCP_RAW_TB.uut.mem_generate[33].ADC_MEM_0.U0.inst_blk_mem_gen.gnbram.gnativebmg.native_blk_mem_gen.valid.cstr.ramloop[0].ram.r.prim_noinit.ram.DEVICE_7SERIES.NO_BMM_INFO.SDP.SIMPLE_PRIM36.ram.gen_tdp.INT_RAMB_TDP.chk_for_col_msg at simulation time 153715.625 ns.
A read was performed on address 8007 (hex) of port B while a write was requested to the same address on port A.  The write will be successful however the read value on port B is unknown until the next CLKB cycle.
Memory Collision Error on RAMB36E1 : ADC_SiTCP_RAW_TB.uut.mem_generate[34].ADC_MEM_0.U0.inst_blk_mem_gen.gnbram.gnativebmg.native_blk_mem_gen.valid.cstr.ramloop[0].ram.r.prim_noinit.ram.DEVICE_7SERIES.NO_BMM_INFO.SDP.SIMPLE_PRIM36.ram.gen_tdp.INT_RAMB_TDP.chk_for_col_msg at simulation time 153715.625 ns.
A read was performed on address 8007 (hex) of port B while a write was requested to the same address on port A.  The write will be successful however the read value on port B is unknown until the next CLKB cycle.
Memory Collision Error on RAMB36E1 : ADC_SiTCP_RAW_TB.uut.mem_generate[35].ADC_MEM_0.U0.inst_blk_mem_gen.gnbram.gnativebmg.native_blk_mem_gen.valid.cstr.ramloop[0].ram.r.prim_noinit.ram.DEVICE_7SERIES.NO_BMM_INFO.SDP.SIMPLE_PRIM36.ram.gen_tdp.INT_RAMB_TDP.chk_for_col_msg at simulation time 153715.625 ns.
A read was performed on address 8007 (hex) of port B while a write was requested to the same address on port A.  The write will be successful however the read value on port B is unknown until the next CLKB cycle.
Memory Collision Error on RAMB36E1 : ADC_SiTCP_RAW_TB.uut.mem_generate[0].ADC_MEM_0.U0.inst_blk_mem_gen.gnbram.gnativebmg.native_blk_mem_gen.valid.cstr.ramloop[0].ram.r.prim_noinit.ram.DEVICE_7SERIES.NO_BMM_INFO.SDP.SIMPLE_PRIM36.ram.gen_tdp.INT_RAMB_TDP.chk_for_col_msg at simulation time 205103.125 ns.
A read was performed on address 807f (hex) of port B while a write was requested to the same address on port A.  The write will be successful however the read value on port B is unknown until the next CLKB cycle.
Memory Collision Error on RAMB36E1 : ADC_SiTCP_RAW_TB.uut.mem_generate[1].ADC_MEM_0.U0.inst_blk_mem_gen.gnbram.gnativebmg.native_blk_mem_gen.valid.cstr.ramloop[0].ram.r.prim_noinit.ram.DEVICE_7SERIES.NO_BMM_INFO.SDP.SIMPLE_PRIM36.ram.gen_tdp.INT_RAMB_TDP.chk_for_col_msg at simulation time 205103.125 ns.
A read was performed on address 807f (hex) of port B while a write was requested to the same address on port A.  The write will be successful however the read value on port B is unknown until the next CLKB cycle.
Memory Collision Error on RAMB36E1 : ADC_SiTCP_RAW_TB.uut.mem_generate[2].ADC_MEM_0.U0.inst_blk_mem_gen.gnbram.gnativebmg.native_blk_mem_gen.valid.cstr.ramloop[0].ram.r.prim_noinit.ram.DEVICE_7SERIES.NO_BMM_INFO.SDP.SIMPLE_PRIM36.ram.gen_tdp.INT_RAMB_TDP.chk_for_col_msg at simulation time 205103.125 ns.
A read was performed on address 807f (hex) of port B while a write was requested to the same address on port A.  The write will be successful however the read value on port B is unknown until the next CLKB cycle.
Memory Collision Error on RAMB36E1 : ADC_SiTCP_RAW_TB.uut.mem_generate[3].ADC_MEM_0.U0.inst_blk_mem_gen.gnbram.gnativebmg.native_blk_mem_gen.valid.cstr.ramloop[0].ram.r.prim_noinit.ram.DEVICE_7SERIES.NO_BMM_INFO.SDP.SIMPLE_PRIM36.ram.gen_tdp.INT_RAMB_TDP.chk_for_col_msg at simulation time 205103.125 ns.
A read was performed on address 807f (hex) of port B while a write was requested to the same address on port A.  The write will be successful however the read value on port B is unknown until the next CLKB cycle.
Memory Collision Error on RAMB36E1 : ADC_SiTCP_RAW_TB.uut.mem_generate[4].ADC_MEM_0.U0.inst_blk_mem_gen.gnbram.gnativebmg.native_blk_mem_gen.valid.cstr.ramloop[0].ram.r.prim_noinit.ram.DEVICE_7SERIES.NO_BMM_INFO.SDP.SIMPLE_PRIM36.ram.gen_tdp.INT_RAMB_TDP.chk_for_col_msg at simulation time 205103.125 ns.
A read was performed on address 807f (hex) of port B while a write was requested to the same address on port A.  The write will be successful however the read value on port B is unknown until the next CLKB cycle.
Memory Collision Error on RAMB36E1 : ADC_SiTCP_RAW_TB.uut.mem_generate[5].ADC_MEM_0.U0.inst_blk_mem_gen.gnbram.gnativebmg.native_blk_mem_gen.valid.cstr.ramloop[0].ram.r.prim_noinit.ram.DEVICE_7SERIES.NO_BMM_INFO.SDP.SIMPLE_PRIM36.ram.gen_tdp.INT_RAMB_TDP.chk_for_col_msg at simulation time 205103.125 ns.
A read was performed on address 807f (hex) of port B while a write was requested to the same address on port A.  The write will be successful however the read value on port B is unknown until the next CLKB cycle.
Memory Collision Error on RAMB36E1 : ADC_SiTCP_RAW_TB.uut.mem_generate[6].ADC_MEM_0.U0.inst_blk_mem_gen.gnbram.gnativebmg.native_blk_mem_gen.valid.cstr.ramloop[0].ram.r.prim_noinit.ram.DEVICE_7SERIES.NO_BMM_INFO.SDP.SIMPLE_PRIM36.ram.gen_tdp.INT_RAMB_TDP.chk_for_col_msg at simulation time 205103.125 ns.
A read was performed on address 807f (hex) of port B while a write was requested to the same address on port A.  The write will be successful however the read value on port B is unknown until the next CLKB cycle.
Memory Collision Error on RAMB36E1 : ADC_SiTCP_RAW_TB.uut.mem_generate[7].ADC_MEM_0.U0.inst_blk_mem_gen.gnbram.gnativebmg.native_blk_mem_gen.valid.cstr.ramloop[0].ram.r.prim_noinit.ram.DEVICE_7SERIES.NO_BMM_INFO.SDP.SIMPLE_PRIM36.ram.gen_tdp.INT_RAMB_TDP.chk_for_col_msg at simulation time 205103.125 ns.
A read was performed on address 807f (hex) of port B while a write was requested to the same address on port A.  The write will be successful however the read value on port B is unknown until the next CLKB cycle.
Memory Collision Error on RAMB36E1 : ADC_SiTCP_RAW_TB.uut.mem_generate[8].ADC_MEM_0.U0.inst_blk_mem_gen.gnbram.gnativebmg.native_blk_mem_gen.valid.cstr.ramloop[0].ram.r.prim_noinit.ram.DEVICE_7SERIES.NO_BMM_INFO.SDP.SIMPLE_PRIM36.ram.gen_tdp.INT_RAMB_TDP.chk_for_col_msg at simulation time 205103.125 ns.
A read was performed on address 807f (hex) of port B while a write was requested to the same address on port A.  The write will be successful however the read value on port B is unknown until the next CLKB cycle.
Memory Collision Error on RAMB36E1 : ADC_SiTCP_RAW_TB.uut.mem_generate[9].ADC_MEM_0.U0.inst_blk_mem_gen.gnbram.gnativebmg.native_blk_mem_gen.valid.cstr.ramloop[0].ram.r.prim_noinit.ram.DEVICE_7SERIES.NO_BMM_INFO.SDP.SIMPLE_PRIM36.ram.gen_tdp.INT_RAMB_TDP.chk_for_col_msg at simulation time 205103.125 ns.
A read was performed on address 807f (hex) of port B while a write was requested to the same address on port A.  The write will be successful however the read value on port B is unknown until the next CLKB cycle.
Memory Collision Error on RAMB36E1 : ADC_SiTCP_RAW_TB.uut.mem_generate[10].ADC_MEM_0.U0.inst_blk_mem_gen.gnbram.gnativebmg.native_blk_mem_gen.valid.cstr.ramloop[0].ram.r.prim_noinit.ram.DEVICE_7SERIES.NO_BMM_INFO.SDP.SIMPLE_PRIM36.ram.gen_tdp.INT_RAMB_TDP.chk_for_col_msg at simulation time 205103.125 ns.
A read was performed on address 807f (hex) of port B while a write was requested to the same address on port A.  The write will be successful however the read value on port B is unknown until the next CLKB cycle.
Memory Collision Error on RAMB36E1 : ADC_SiTCP_RAW_TB.uut.mem_generate[11].ADC_MEM_0.U0.inst_blk_mem_gen.gnbram.gnativebmg.native_blk_mem_gen.valid.cstr.ramloop[0].ram.r.prim_noinit.ram.DEVICE_7SERIES.NO_BMM_INFO.SDP.SIMPLE_PRIM36.ram.gen_tdp.INT_RAMB_TDP.chk_for_col_msg at simulation time 205103.125 ns.
A read was performed on address 807f (hex) of port B while a write was requested to the same address on port A.  The write will be successful however the read value on port B is unknown until the next CLKB cycle.
Memory Collision Error on RAMB36E1 : ADC_SiTCP_RAW_TB.uut.mem_generate[12].ADC_MEM_0.U0.inst_blk_mem_gen.gnbram.gnativebmg.native_blk_mem_gen.valid.cstr.ramloop[0].ram.r.prim_noinit.ram.DEVICE_7SERIES.NO_BMM_INFO.SDP.SIMPLE_PRIM36.ram.gen_tdp.INT_RAMB_TDP.chk_for_col_msg at simulation time 205103.125 ns.
A read was performed on address 807f (hex) of port B while a write was requested to the same address on port A.  The write will be successful however the read value on port B is unknown until the next CLKB cycle.
Memory Collision Error on RAMB36E1 : ADC_SiTCP_RAW_TB.uut.mem_generate[13].ADC_MEM_0.U0.inst_blk_mem_gen.gnbram.gnativebmg.native_blk_mem_gen.valid.cstr.ramloop[0].ram.r.prim_noinit.ram.DEVICE_7SERIES.NO_BMM_INFO.SDP.SIMPLE_PRIM36.ram.gen_tdp.INT_RAMB_TDP.chk_for_col_msg at simulation time 205103.125 ns.
A read was performed on address 807f (hex) of port B while a write was requested to the same address on port A.  The write will be successful however the read value on port B is unknown until the next CLKB cycle.
Memory Collision Error on RAMB36E1 : ADC_SiTCP_RAW_TB.uut.mem_generate[14].ADC_MEM_0.U0.inst_blk_mem_gen.gnbram.gnativebmg.native_blk_mem_gen.valid.cstr.ramloop[0].ram.r.prim_noinit.ram.DEVICE_7SERIES.NO_BMM_INFO.SDP.SIMPLE_PRIM36.ram.gen_tdp.INT_RAMB_TDP.chk_for_col_msg at simulation time 205103.125 ns.
A read was performed on address 807f (hex) of port B while a write was requested to the same address on port A.  The write will be successful however the read value on port B is unknown until the next CLKB cycle.
Memory Collision Error on RAMB36E1 : ADC_SiTCP_RAW_TB.uut.mem_generate[15].ADC_MEM_0.U0.inst_blk_mem_gen.gnbram.gnativebmg.native_blk_mem_gen.valid.cstr.ramloop[0].ram.r.prim_noinit.ram.DEVICE_7SERIES.NO_BMM_INFO.SDP.SIMPLE_PRIM36.ram.gen_tdp.INT_RAMB_TDP.chk_for_col_msg at simulation time 205103.125 ns.
A read was performed on address 807f (hex) of port B while a write was requested to the same address on port A.  The write will be successful however the read value on port B is unknown until the next CLKB cycle.
Memory Collision Error on RAMB36E1 : ADC_SiTCP_RAW_TB.uut.mem_generate[16].ADC_MEM_0.U0.inst_blk_mem_gen.gnbram.gnativebmg.native_blk_mem_gen.valid.cstr.ramloop[0].ram.r.prim_noinit.ram.DEVICE_7SERIES.NO_BMM_INFO.SDP.SIMPLE_PRIM36.ram.gen_tdp.INT_RAMB_TDP.chk_for_col_msg at simulation time 205103.125 ns.
A read was performed on address 807f (hex) of port B while a write was requested to the same address on port A.  The write will be successful however the read value on port B is unknown until the next CLKB cycle.
Memory Collision Error on RAMB36E1 : ADC_SiTCP_RAW_TB.uut.mem_generate[17].ADC_MEM_0.U0.inst_blk_mem_gen.gnbram.gnativebmg.native_blk_mem_gen.valid.cstr.ramloop[0].ram.r.prim_noinit.ram.DEVICE_7SERIES.NO_BMM_INFO.SDP.SIMPLE_PRIM36.ram.gen_tdp.INT_RAMB_TDP.chk_for_col_msg at simulation time 205103.125 ns.
A read was performed on address 807f (hex) of port B while a write was requested to the same address on port A.  The write will be successful however the read value on port B is unknown until the next CLKB cycle.
Memory Collision Error on RAMB36E1 : ADC_SiTCP_RAW_TB.uut.mem_generate[18].ADC_MEM_0.U0.inst_blk_mem_gen.gnbram.gnativebmg.native_blk_mem_gen.valid.cstr.ramloop[0].ram.r.prim_noinit.ram.DEVICE_7SERIES.NO_BMM_INFO.SDP.SIMPLE_PRIM36.ram.gen_tdp.INT_RAMB_TDP.chk_for_col_msg at simulation time 205103.125 ns.
A read was performed on address 807f (hex) of port B while a write was requested to the same address on port A.  The write will be successful however the read value on port B is unknown until the next CLKB cycle.
Memory Collision Error on RAMB36E1 : ADC_SiTCP_RAW_TB.uut.mem_generate[19].ADC_MEM_0.U0.inst_blk_mem_gen.gnbram.gnativebmg.native_blk_mem_gen.valid.cstr.ramloop[0].ram.r.prim_noinit.ram.DEVICE_7SERIES.NO_BMM_INFO.SDP.SIMPLE_PRIM36.ram.gen_tdp.INT_RAMB_TDP.chk_for_col_msg at simulation time 205103.125 ns.
A read was performed on address 807f (hex) of port B while a write was requested to the same address on port A.  The write will be successful however the read value on port B is unknown until the next CLKB cycle.
Memory Collision Error on RAMB36E1 : ADC_SiTCP_RAW_TB.uut.mem_generate[20].ADC_MEM_0.U0.inst_blk_mem_gen.gnbram.gnativebmg.native_blk_mem_gen.valid.cstr.ramloop[0].ram.r.prim_noinit.ram.DEVICE_7SERIES.NO_BMM_INFO.SDP.SIMPLE_PRIM36.ram.gen_tdp.INT_RAMB_TDP.chk_for_col_msg at simulation time 205103.125 ns.
A read was performed on address 807f (hex) of port B while a write was requested to the same address on port A.  The write will be successful however the read value on port B is unknown until the next CLKB cycle.
Memory Collision Error on RAMB36E1 : ADC_SiTCP_RAW_TB.uut.mem_generate[21].ADC_MEM_0.U0.inst_blk_mem_gen.gnbram.gnativebmg.native_blk_mem_gen.valid.cstr.ramloop[0].ram.r.prim_noinit.ram.DEVICE_7SERIES.NO_BMM_INFO.SDP.SIMPLE_PRIM36.ram.gen_tdp.INT_RAMB_TDP.chk_for_col_msg at simulation time 205103.125 ns.
A read was performed on address 807f (hex) of port B while a write was requested to the same address on port A.  The write will be successful however the read value on port B is unknown until the next CLKB cycle.
Memory Collision Error on RAMB36E1 : ADC_SiTCP_RAW_TB.uut.mem_generate[22].ADC_MEM_0.U0.inst_blk_mem_gen.gnbram.gnativebmg.native_blk_mem_gen.valid.cstr.ramloop[0].ram.r.prim_noinit.ram.DEVICE_7SERIES.NO_BMM_INFO.SDP.SIMPLE_PRIM36.ram.gen_tdp.INT_RAMB_TDP.chk_for_col_msg at simulation time 205103.125 ns.
A read was performed on address 807f (hex) of port B while a write was requested to the same address on port A.  The write will be successful however the read value on port B is unknown until the next CLKB cycle.
Memory Collision Error on RAMB36E1 : ADC_SiTCP_RAW_TB.uut.mem_generate[23].ADC_MEM_0.U0.inst_blk_mem_gen.gnbram.gnativebmg.native_blk_mem_gen.valid.cstr.ramloop[0].ram.r.prim_noinit.ram.DEVICE_7SERIES.NO_BMM_INFO.SDP.SIMPLE_PRIM36.ram.gen_tdp.INT_RAMB_TDP.chk_for_col_msg at simulation time 205103.125 ns.
A read was performed on address 807f (hex) of port B while a write was requested to the same address on port A.  The write will be successful however the read value on port B is unknown until the next CLKB cycle.
Memory Collision Error on RAMB36E1 : ADC_SiTCP_RAW_TB.uut.mem_generate[24].ADC_MEM_0.U0.inst_blk_mem_gen.gnbram.gnativebmg.native_blk_mem_gen.valid.cstr.ramloop[0].ram.r.prim_noinit.ram.DEVICE_7SERIES.NO_BMM_INFO.SDP.SIMPLE_PRIM36.ram.gen_tdp.INT_RAMB_TDP.chk_for_col_msg at simulation time 205103.125 ns.
A read was performed on address 807f (hex) of port B while a write was requested to the same address on port A.  The write will be successful however the read value on port B is unknown until the next CLKB cycle.
Memory Collision Error on RAMB36E1 : ADC_SiTCP_RAW_TB.uut.mem_generate[25].ADC_MEM_0.U0.inst_blk_mem_gen.gnbram.gnativebmg.native_blk_mem_gen.valid.cstr.ramloop[0].ram.r.prim_noinit.ram.DEVICE_7SERIES.NO_BMM_INFO.SDP.SIMPLE_PRIM36.ram.gen_tdp.INT_RAMB_TDP.chk_for_col_msg at simulation time 205103.125 ns.
A read was performed on address 807f (hex) of port B while a write was requested to the same address on port A.  The write will be successful however the read value on port B is unknown until the next CLKB cycle.
Memory Collision Error on RAMB36E1 : ADC_SiTCP_RAW_TB.uut.mem_generate[26].ADC_MEM_0.U0.inst_blk_mem_gen.gnbram.gnativebmg.native_blk_mem_gen.valid.cstr.ramloop[0].ram.r.prim_noinit.ram.DEVICE_7SERIES.NO_BMM_INFO.SDP.SIMPLE_PRIM36.ram.gen_tdp.INT_RAMB_TDP.chk_for_col_msg at simulation time 205103.125 ns.
A read was performed on address 807f (hex) of port B while a write was requested to the same address on port A.  The write will be successful however the read value on port B is unknown until the next CLKB cycle.
Memory Collision Error on RAMB36E1 : ADC_SiTCP_RAW_TB.uut.mem_generate[27].ADC_MEM_0.U0.inst_blk_mem_gen.gnbram.gnativebmg.native_blk_mem_gen.valid.cstr.ramloop[0].ram.r.prim_noinit.ram.DEVICE_7SERIES.NO_BMM_INFO.SDP.SIMPLE_PRIM36.ram.gen_tdp.INT_RAMB_TDP.chk_for_col_msg at simulation time 205103.125 ns.
A read was performed on address 807f (hex) of port B while a write was requested to the same address on port A.  The write will be successful however the read value on port B is unknown until the next CLKB cycle.
Memory Collision Error on RAMB36E1 : ADC_SiTCP_RAW_TB.uut.mem_generate[28].ADC_MEM_0.U0.inst_blk_mem_gen.gnbram.gnativebmg.native_blk_mem_gen.valid.cstr.ramloop[0].ram.r.prim_noinit.ram.DEVICE_7SERIES.NO_BMM_INFO.SDP.SIMPLE_PRIM36.ram.gen_tdp.INT_RAMB_TDP.chk_for_col_msg at simulation time 205103.125 ns.
A read was performed on address 807f (hex) of port B while a write was requested to the same address on port A.  The write will be successful however the read value on port B is unknown until the next CLKB cycle.
Memory Collision Error on RAMB36E1 : ADC_SiTCP_RAW_TB.uut.mem_generate[29].ADC_MEM_0.U0.inst_blk_mem_gen.gnbram.gnativebmg.native_blk_mem_gen.valid.cstr.ramloop[0].ram.r.prim_noinit.ram.DEVICE_7SERIES.NO_BMM_INFO.SDP.SIMPLE_PRIM36.ram.gen_tdp.INT_RAMB_TDP.chk_for_col_msg at simulation time 205103.125 ns.
A read was performed on address 807f (hex) of port B while a write was requested to the same address on port A.  The write will be successful however the read value on port B is unknown until the next CLKB cycle.
Memory Collision Error on RAMB36E1 : ADC_SiTCP_RAW_TB.uut.mem_generate[30].ADC_MEM_0.U0.inst_blk_mem_gen.gnbram.gnativebmg.native_blk_mem_gen.valid.cstr.ramloop[0].ram.r.prim_noinit.ram.DEVICE_7SERIES.NO_BMM_INFO.SDP.SIMPLE_PRIM36.ram.gen_tdp.INT_RAMB_TDP.chk_for_col_msg at simulation time 205103.125 ns.
A read was performed on address 807f (hex) of port B while a write was requested to the same address on port A.  The write will be successful however the read value on port B is unknown until the next CLKB cycle.
Memory Collision Error on RAMB36E1 : ADC_SiTCP_RAW_TB.uut.mem_generate[31].ADC_MEM_0.U0.inst_blk_mem_gen.gnbram.gnativebmg.native_blk_mem_gen.valid.cstr.ramloop[0].ram.r.prim_noinit.ram.DEVICE_7SERIES.NO_BMM_INFO.SDP.SIMPLE_PRIM36.ram.gen_tdp.INT_RAMB_TDP.chk_for_col_msg at simulation time 205103.125 ns.
A read was performed on address 807f (hex) of port B while a write was requested to the same address on port A.  The write will be successful however the read value on port B is unknown until the next CLKB cycle.
Memory Collision Error on RAMB36E1 : ADC_SiTCP_RAW_TB.uut.mem_generate[32].ADC_MEM_0.U0.inst_blk_mem_gen.gnbram.gnativebmg.native_blk_mem_gen.valid.cstr.ramloop[0].ram.r.prim_noinit.ram.DEVICE_7SERIES.NO_BMM_INFO.SDP.SIMPLE_PRIM36.ram.gen_tdp.INT_RAMB_TDP.chk_for_col_msg at simulation time 205103.125 ns.
A read was performed on address 807f (hex) of port B while a write was requested to the same address on port A.  The write will be successful however the read value on port B is unknown until the next CLKB cycle.
Memory Collision Error on RAMB36E1 : ADC_SiTCP_RAW_TB.uut.mem_generate[33].ADC_MEM_0.U0.inst_blk_mem_gen.gnbram.gnativebmg.native_blk_mem_gen.valid.cstr.ramloop[0].ram.r.prim_noinit.ram.DEVICE_7SERIES.NO_BMM_INFO.SDP.SIMPLE_PRIM36.ram.gen_tdp.INT_RAMB_TDP.chk_for_col_msg at simulation time 205103.125 ns.
A read was performed on address 807f (hex) of port B while a write was requested to the same address on port A.  The write will be successful however the read value on port B is unknown until the next CLKB cycle.
Memory Collision Error on RAMB36E1 : ADC_SiTCP_RAW_TB.uut.mem_generate[34].ADC_MEM_0.U0.inst_blk_mem_gen.gnbram.gnativebmg.native_blk_mem_gen.valid.cstr.ramloop[0].ram.r.prim_noinit.ram.DEVICE_7SERIES.NO_BMM_INFO.SDP.SIMPLE_PRIM36.ram.gen_tdp.INT_RAMB_TDP.chk_for_col_msg at simulation time 205103.125 ns.
A read was performed on address 807f (hex) of port B while a write was requested to the same address on port A.  The write will be successful however the read value on port B is unknown until the next CLKB cycle.
Memory Collision Error on RAMB36E1 : ADC_SiTCP_RAW_TB.uut.mem_generate[35].ADC_MEM_0.U0.inst_blk_mem_gen.gnbram.gnativebmg.native_blk_mem_gen.valid.cstr.ramloop[0].ram.r.prim_noinit.ram.DEVICE_7SERIES.NO_BMM_INFO.SDP.SIMPLE_PRIM36.ram.gen_tdp.INT_RAMB_TDP.chk_for_col_msg at simulation time 205103.125 ns.
A read was performed on address 807f (hex) of port B while a write was requested to the same address on port A.  The write will be successful however the read value on port B is unknown until the next CLKB cycle.
