#-----------------------------------------------------------
# Vivado v2019.2 (64-bit)
# SW Build 2708876 on Wed Nov  6 21:40:23 MST 2019
# IP Build 2700528 on Thu Nov  7 00:09:20 MST 2019
# Start of session at: Tue Jul 12 16:03:46 2022
# Process ID: 7644
# Current directory: C:/Users/Tohoku/Desktop/PAPILLONFW/PAPILLON_vADCINT
# Command line: vivado.exe -gui_launcher_event rodinguilauncherevent2568 C:\Users\Tohoku\Desktop\PAPILLONFW\PAPILLON_vADCINT\PAPILLON_vADCINT.xpr
# Log file: C:/Users/Tohoku/Desktop/PAPILLONFW/PAPILLON_vADCINT/vivado.log
# Journal file: C:/Users/Tohoku/Desktop/PAPILLONFW/PAPILLON_vADCINT\vivado.jou
#-----------------------------------------------------------
start_gui
open_project C:/Users/Tohoku/Desktop/PAPILLONFW/PAPILLON_vADCINT/PAPILLON_vADCINT.xpr
INFO: [Project 1-313] Project file moved from 'C:/Users/81802/Desktop/PAPILLON_FW/PAPILLON_vADCINT' since last save.
CRITICAL WARNING: [Project 1-311] Could not find the file 'C:/Users/Tohoku/Desktop/PAPILLON_v4/ADC_SiTCP_RAW_TB_behav.wcfg', nor could it be found using path 'C:/Users/81802/Desktop/PAPILLON_v4/ADC_SiTCP_RAW_TB_behav.wcfg'.
Scanning sources...
Finished scanning sources
INFO: [IP_Flow 19-234] Refreshing IP repositories
INFO: [IP_Flow 19-1704] No user IP repositories specified
INFO: [IP_Flow 19-2313] Loaded Vivado IP repository 'C:/Xilinx/Vivado/2019.2/data/ip'.
open_project: Time (s): cpu = 00:00:18 ; elapsed = 00:00:18 . Memory (MB): peak = 911.191 ; gain = 303.594
update_compile_order -fileset sources_1
exit
INFO: [Common 17-206] Exiting Vivado at Tue Jul 12 16:11:19 2022...
