#-----------------------------------------------------------
# Vivado v2019.2 (64-bit)
# SW Build 2708876 on Wed Nov  6 21:40:23 MST 2019
# IP Build 2700528 on Thu Nov  7 00:09:20 MST 2019
# Start of session at: Tue Mar 14 18:03:01 2023
# Process ID: 8000
# Current directory: C:/Users/81802/Desktop/PAPILLON_FW/PAPILLON_v20230314
# Command line: vivado.exe -gui_launcher_event rodinguilauncherevent7212 C:\Users\81802\Desktop\PAPILLON_FW\PAPILLON_v20230314\PAPILLON_v20230314.xpr
# Log file: C:/Users/81802/Desktop/PAPILLON_FW/PAPILLON_v20230314/vivado.log
# Journal file: C:/Users/81802/Desktop/PAPILLON_FW/PAPILLON_v20230314\vivado.jou
#-----------------------------------------------------------
start_gui
open_project C:/Users/81802/Desktop/PAPILLON_FW/PAPILLON_v20230314/PAPILLON_v20230314.xpr
Scanning sources...
Finished scanning sources
INFO: [IP_Flow 19-234] Refreshing IP repositories
INFO: [IP_Flow 19-1704] No user IP repositories specified
INFO: [IP_Flow 19-2313] Loaded Vivado IP repository 'C:/Xilinx/Vivado/2019.2/data/ip'.
open_project: Time (s): cpu = 00:00:11 ; elapsed = 00:00:05 . Memory (MB): peak = 966.469 ; gain = 227.328
update_compile_order -fileset sources_1
reset_run synth_1
launch_runs synth_1 -jobs 12
[Tue Mar 14 18:37:21 2023] Launched synth_1...
Run output will be captured here: C:/Users/81802/Desktop/PAPILLON_FW/PAPILLON_v20230314/PAPILLON_v20230314.runs/synth_1/runme.log
launch_runs impl_1 -jobs 12
[Tue Mar 14 18:46:43 2023] Launched impl_1...
Run output will be captured here: C:/Users/81802/Desktop/PAPILLON_FW/PAPILLON_v20230314/PAPILLON_v20230314.runs/impl_1/runme.log
launch_runs impl_1 -to_step write_bitstream -jobs 12
[Tue Mar 14 18:51:45 2023] Launched impl_1...
Run output will be captured here: C:/Users/81802/Desktop/PAPILLON_FW/PAPILLON_v20230314/PAPILLON_v20230314.runs/impl_1/runme.log
open_hw_manager
connect_hw_server -allow_non_jtag
INFO: [Labtools 27-2285] Connecting to hw_server url TCP:localhost:3121
INFO: [Labtools 27-2222] Launching hw_server...
INFO: [Labtools 27-2221] Launch Output:

****** Xilinx hw_server v2019.2
  **** Build date : Nov  6 2019 at 22:12:23
    ** Copyright 1986-2019 Xilinx, Inc. All Rights Reserved.


INFO: [Labtools 27-3415] Connecting to cs_server url TCP:localhost:3042
INFO: [Labtools 27-3417] Launching cs_server...
INFO: [Labtools 27-2221] Launch Output:


****** Xilinx cs_server v2019.2.0
  **** Build date : Nov 07 2019-14:28:22
    ** Copyright 2017-2019 Xilinx, Inc. All Rights Reserved.



connect_hw_server: Time (s): cpu = 00:00:00 ; elapsed = 00:00:05 . Memory (MB): peak = 1473.156 ; gain = 0.000
open_hw_target
INFO: [Labtoolstcl 44-466] Opening hw_target localhost:3121/xilinx_tcf/Xilinx/000013b3e6d701
set_property PROGRAM.FILE {C:/Users/81802/Desktop/PAPILLON_FW/PAPILLON_v20230314/PAPILLON_v20230314.runs/impl_1/ADC_SiTCP_V20.bit} [get_hw_devices xc7a100t_0]
current_hw_device [get_hw_devices xc7a100t_0]
refresh_hw_device -update_hw_probes false [lindex [get_hw_devices xc7a100t_0] 0]
INFO: [Labtools 27-1434] Device xc7a100t (JTAG device index = 0) is programmed with a design that has no supported debug core(s) in it.
set_property PROBES.FILE {} [get_hw_devices xc7a100t_0]
set_property FULL_PROBES.FILE {} [get_hw_devices xc7a100t_0]
set_property PROGRAM.FILE {C:/Users/81802/Desktop/PAPILLON_FW/PAPILLON_v20230314/PAPILLON_v20230314.runs/impl_1/ADC_SiTCP_V20.bit} [get_hw_devices xc7a100t_0]
program_hw_devices [get_hw_devices xc7a100t_0]
INFO: [Labtools 27-3164] End of startup status: HIGH
program_hw_devices: Time (s): cpu = 00:00:11 ; elapsed = 00:00:11 . Memory (MB): peak = 2388.715 ; gain = 0.000
refresh_hw_device [lindex [get_hw_devices xc7a100t_0] 0]
INFO: [Labtools 27-1434] Device xc7a100t (JTAG device index = 0) is programmed with a design that has no supported debug core(s) in it.
close_hw_manager
create_bd_design "PAPILLON_block_design"
Wrote  : <C:\Users\81802\Desktop\PAPILLON_FW\PAPILLON_v20230314\PAPILLON_v20230314.srcs\sources_1\bd\PAPILLON_block_design\PAPILLON_block_design.bd> 
update_compile_order -fileset sources_1
open_bd_design {C:/Users/81802/Desktop/PAPILLON_FW/PAPILLON_v20230314/PAPILLON_v20230314.srcs/sources_1/bd/PAPILLON_block_design/PAPILLON_block_design.bd}
export_ip_user_files -of_objects  [get_files C:/Users/81802/Desktop/PAPILLON_FW/PAPILLON_v20230314/PAPILLON_v20230314.srcs/sources_1/bd/PAPILLON_block_design/PAPILLON_block_design.bd] -no_script -reset -force -quiet
remove_files  C:/Users/81802/Desktop/PAPILLON_FW/PAPILLON_v20230314/PAPILLON_v20230314.srcs/sources_1/bd/PAPILLON_block_design/PAPILLON_block_design.bd
Wrote  : <C:/Users/81802/Desktop/PAPILLON_FW/PAPILLON_v20230314/PAPILLON_v20230314.srcs/sources_1/bd/PAPILLON_block_design/ui/bd_6585b8a6.ui> 
remove_files  C:/Users/81802/Desktop/PAPILLON_FW/PAPILLON_v20230314/PAPILLON_v20230314.srcs/sources_1/bd/PAPILLON_block_design/PAPILLON_block_design.bd
WARNING: [Vivado 12-818] No files matched 'C:/Users/81802/Desktop/PAPILLON_FW/PAPILLON_v20230314/PAPILLON_v20230314.srcs/sources_1/bd/PAPILLON_block_design/PAPILLON_block_design.bd'
reset_run synth_1
launch_runs synth_1 -jobs 12
[Tue Mar 14 19:05:42 2023] Launched synth_1...
Run output will be captured here: C:/Users/81802/Desktop/PAPILLON_FW/PAPILLON_v20230314/PAPILLON_v20230314.runs/synth_1/runme.log
launch_runs impl_1 -jobs 12
[Tue Mar 14 19:07:20 2023] Launched impl_1...
Run output will be captured here: C:/Users/81802/Desktop/PAPILLON_FW/PAPILLON_v20230314/PAPILLON_v20230314.runs/impl_1/runme.log
reset_run impl_1 -prev_step 
open_run synth_1 -name synth_1
Design is defaulting to impl run constrset: constrs_1
Design is defaulting to synth run part: xc7a100tfgg484-1
INFO: [Device 21-403] Loading part xc7a100tfgg484-1
INFO: [Project 1-454] Reading design checkpoint 'c:/Users/81802/Desktop/PAPILLON_FW/PAPILLON_v20230314/PAPILLON_v20230314.srcs/sources_1/ip/SYSCLK0/SYSCLK0.dcp' for cell 'SYSCLK0'
INFO: [Project 1-454] Reading design checkpoint 'c:/Users/81802/Desktop/PAPILLON_FW/PAPILLON_v20230314/PAPILLON_v20230314.srcs/sources_1/ip/SYSCLK2/SYSCLK2.dcp' for cell 'SYSCLK2'
INFO: [Project 1-454] Reading design checkpoint 'c:/Users/81802/Desktop/PAPILLON_FW/PAPILLON_v20230314/PAPILLON_v20230314.srcs/sources_1/ip/fifo_generator_1/fifo_generator_1.dcp' for cell 'ADC1_IF/eras_fifo'
INFO: [Project 1-454] Reading design checkpoint 'c:/Users/81802/Desktop/PAPILLON_FW/PAPILLON_v20230314/PAPILLON_v20230314.srcs/sources_1/ip/mem_8_4K/mem_8_4K.dcp' for cell 'ADC_SiTCP_RAW/mem_generate[0].ADC_MEM_0'
INFO: [Project 1-454] Reading design checkpoint 'c:/Users/81802/Desktop/PAPILLON_FW/PAPILLON_v20230314/PAPILLON_v20230314.srcs/sources_1/ip/divider/divider.dcp' for cell 'ADC_SiTCP_RAW/ADC_INT/CalBeamPosition'
INFO: [Project 1-454] Reading design checkpoint 'c:/Users/81802/Desktop/PAPILLON_FW/PAPILLON_v20230314/PAPILLON_v20230314.srcs/sources_1/ip/cordic_0/cordic_0.dcp' for cell 'ADC_SiTCP_RAW/ADC_INT/CalBeamWidth'
INFO: [Project 1-454] Reading design checkpoint 'c:/Users/81802/Desktop/PAPILLON_FW/PAPILLON_v20230314/PAPILLON_v20230314.srcs/sources_1/ip/mult_gen_2/mult_gen_2.dcp' for cell 'ADC_SiTCP_RAW/ADC_INT/SquareBeamPosition'
INFO: [Project 1-454] Reading design checkpoint 'c:/Users/81802/Desktop/PAPILLON_FW/PAPILLON_v20230314/PAPILLON_v20230314.srcs/sources_1/ip/mult_gen_0/mult_gen_0.dcp' for cell 'ADC_SiTCP_RAW/ADC_INT/multiplier_0'
INFO: [Project 1-454] Reading design checkpoint 'c:/Users/81802/Desktop/PAPILLON_FW/PAPILLON_v20230314/PAPILLON_v20230314.srcs/sources_1/ip/mult_gen_1/mult_gen_1.dcp' for cell 'ADC_SiTCP_RAW/ADC_INT/multiplier_1'
Netlist sorting complete. Time (s): cpu = 00:00:01 ; elapsed = 00:00:02 . Memory (MB): peak = 2892.047 ; gain = 0.000
INFO: [Netlist 29-17] Analyzing 4136 Unisim elements for replacement
INFO: [Netlist 29-28] Unisim Transformation completed in 0 CPU seconds
INFO: [Project 1-479] Netlist was created with Vivado 2019.2
INFO: [Project 1-570] Preparing netlist for logic optimization
Parsing XDC File [c:/Users/81802/Desktop/PAPILLON_FW/PAPILLON_v20230314/PAPILLON_v20230314.srcs/sources_1/ip/SYSCLK0/SYSCLK0_board.xdc] for cell 'SYSCLK0/inst'
Finished Parsing XDC File [c:/Users/81802/Desktop/PAPILLON_FW/PAPILLON_v20230314/PAPILLON_v20230314.srcs/sources_1/ip/SYSCLK0/SYSCLK0_board.xdc] for cell 'SYSCLK0/inst'
Parsing XDC File [c:/Users/81802/Desktop/PAPILLON_FW/PAPILLON_v20230314/PAPILLON_v20230314.srcs/sources_1/ip/SYSCLK0/SYSCLK0.xdc] for cell 'SYSCLK0/inst'
INFO: [Timing 38-35] Done setting XDC timing constraints. [c:/Users/81802/Desktop/PAPILLON_FW/PAPILLON_v20230314/PAPILLON_v20230314.srcs/sources_1/ip/SYSCLK0/SYSCLK0.xdc:57]
INFO: [Timing 38-2] Deriving generated clocks [c:/Users/81802/Desktop/PAPILLON_FW/PAPILLON_v20230314/PAPILLON_v20230314.srcs/sources_1/ip/SYSCLK0/SYSCLK0.xdc:57]
get_clocks: Time (s): cpu = 00:00:10 ; elapsed = 00:00:08 . Memory (MB): peak = 3665.496 ; gain = 609.816
Finished Parsing XDC File [c:/Users/81802/Desktop/PAPILLON_FW/PAPILLON_v20230314/PAPILLON_v20230314.srcs/sources_1/ip/SYSCLK0/SYSCLK0.xdc] for cell 'SYSCLK0/inst'
Parsing XDC File [c:/Users/81802/Desktop/PAPILLON_FW/PAPILLON_v20230314/PAPILLON_v20230314.srcs/sources_1/ip/SYSCLK2/SYSCLK2_board.xdc] for cell 'SYSCLK2/inst'
Finished Parsing XDC File [c:/Users/81802/Desktop/PAPILLON_FW/PAPILLON_v20230314/PAPILLON_v20230314.srcs/sources_1/ip/SYSCLK2/SYSCLK2_board.xdc] for cell 'SYSCLK2/inst'
Parsing XDC File [c:/Users/81802/Desktop/PAPILLON_FW/PAPILLON_v20230314/PAPILLON_v20230314.srcs/sources_1/ip/SYSCLK2/SYSCLK2.xdc] for cell 'SYSCLK2/inst'
Finished Parsing XDC File [c:/Users/81802/Desktop/PAPILLON_FW/PAPILLON_v20230314/PAPILLON_v20230314.srcs/sources_1/ip/SYSCLK2/SYSCLK2.xdc] for cell 'SYSCLK2/inst'
Parsing XDC File [c:/Users/81802/Desktop/PAPILLON_FW/PAPILLON_v20230314/PAPILLON_v20230314.srcs/sources_1/ip/fifo_generator_1/fifo_generator_1.xdc] for cell 'ADC1_IF/eras_fifo/U0'
Finished Parsing XDC File [c:/Users/81802/Desktop/PAPILLON_FW/PAPILLON_v20230314/PAPILLON_v20230314.srcs/sources_1/ip/fifo_generator_1/fifo_generator_1.xdc] for cell 'ADC1_IF/eras_fifo/U0'
Parsing XDC File [c:/Users/81802/Desktop/PAPILLON_FW/PAPILLON_v20230314/PAPILLON_v20230314.srcs/sources_1/ip/fifo_generator_1/fifo_generator_1.xdc] for cell 'ADC2_IF/eras_fifo/U0'
Finished Parsing XDC File [c:/Users/81802/Desktop/PAPILLON_FW/PAPILLON_v20230314/PAPILLON_v20230314.srcs/sources_1/ip/fifo_generator_1/fifo_generator_1.xdc] for cell 'ADC2_IF/eras_fifo/U0'
Parsing XDC File [c:/Users/81802/Desktop/PAPILLON_FW/PAPILLON_v20230314/PAPILLON_v20230314.srcs/sources_1/ip/fifo_generator_1/fifo_generator_1.xdc] for cell 'ADC3_IF/eras_fifo/U0'
Finished Parsing XDC File [c:/Users/81802/Desktop/PAPILLON_FW/PAPILLON_v20230314/PAPILLON_v20230314.srcs/sources_1/ip/fifo_generator_1/fifo_generator_1.xdc] for cell 'ADC3_IF/eras_fifo/U0'
Parsing XDC File [C:/Users/81802/Desktop/PAPILLON_FW/PAPILLON_v20230314/PAPILLON_v20230314.srcs/constrs_1/imports/papillon_24ch/constrs_1.xdc]
Finished Parsing XDC File [C:/Users/81802/Desktop/PAPILLON_FW/PAPILLON_v20230314/PAPILLON_v20230314.srcs/constrs_1/imports/papillon_24ch/constrs_1.xdc]
Parsing XDC File [c:/Users/81802/Desktop/PAPILLON_FW/PAPILLON_v20230314/PAPILLON_v20230314.srcs/sources_1/ip/SYSCLK2/SYSCLK2_late.xdc] for cell 'SYSCLK2/inst'
Finished Parsing XDC File [c:/Users/81802/Desktop/PAPILLON_FW/PAPILLON_v20230314/PAPILLON_v20230314.srcs/sources_1/ip/SYSCLK2/SYSCLK2_late.xdc] for cell 'SYSCLK2/inst'
Parsing XDC File [c:/Users/81802/Desktop/PAPILLON_FW/PAPILLON_v20230314/PAPILLON_v20230314.srcs/sources_1/ip/fifo_generator_1/fifo_generator_1_clocks.xdc] for cell 'ADC1_IF/eras_fifo/U0'
Finished Parsing XDC File [c:/Users/81802/Desktop/PAPILLON_FW/PAPILLON_v20230314/PAPILLON_v20230314.srcs/sources_1/ip/fifo_generator_1/fifo_generator_1_clocks.xdc] for cell 'ADC1_IF/eras_fifo/U0'
Parsing XDC File [c:/Users/81802/Desktop/PAPILLON_FW/PAPILLON_v20230314/PAPILLON_v20230314.srcs/sources_1/ip/fifo_generator_1/fifo_generator_1_clocks.xdc] for cell 'ADC2_IF/eras_fifo/U0'
Finished Parsing XDC File [c:/Users/81802/Desktop/PAPILLON_FW/PAPILLON_v20230314/PAPILLON_v20230314.srcs/sources_1/ip/fifo_generator_1/fifo_generator_1_clocks.xdc] for cell 'ADC2_IF/eras_fifo/U0'
Parsing XDC File [c:/Users/81802/Desktop/PAPILLON_FW/PAPILLON_v20230314/PAPILLON_v20230314.srcs/sources_1/ip/fifo_generator_1/fifo_generator_1_clocks.xdc] for cell 'ADC3_IF/eras_fifo/U0'
Finished Parsing XDC File [c:/Users/81802/Desktop/PAPILLON_FW/PAPILLON_v20230314/PAPILLON_v20230314.srcs/sources_1/ip/fifo_generator_1/fifo_generator_1_clocks.xdc] for cell 'ADC3_IF/eras_fifo/U0'
Sourcing Tcl File [C:/Xilinx/Vivado/2019.2/data/ip/xpm/xpm_cdc/tcl/xpm_cdc_async_rst.tcl] for cell 'ADC1_IF/eras_fifo/U0/inst_fifo_gen/gconvfifo.rf/grf.rf/rstblk/ngwrdrst.grst.g7serrst.gnsckt_wrst.gic_rst.rst_rd_reg2_inst'
Finished Sourcing Tcl File [C:/Xilinx/Vivado/2019.2/data/ip/xpm/xpm_cdc/tcl/xpm_cdc_async_rst.tcl] for cell 'ADC1_IF/eras_fifo/U0/inst_fifo_gen/gconvfifo.rf/grf.rf/rstblk/ngwrdrst.grst.g7serrst.gnsckt_wrst.gic_rst.rst_rd_reg2_inst'
Sourcing Tcl File [C:/Xilinx/Vivado/2019.2/data/ip/xpm/xpm_cdc/tcl/xpm_cdc_async_rst.tcl] for cell 'ADC2_IF/eras_fifo/U0/inst_fifo_gen/gconvfifo.rf/grf.rf/rstblk/ngwrdrst.grst.g7serrst.gnsckt_wrst.gic_rst.rst_rd_reg2_inst'
Finished Sourcing Tcl File [C:/Xilinx/Vivado/2019.2/data/ip/xpm/xpm_cdc/tcl/xpm_cdc_async_rst.tcl] for cell 'ADC2_IF/eras_fifo/U0/inst_fifo_gen/gconvfifo.rf/grf.rf/rstblk/ngwrdrst.grst.g7serrst.gnsckt_wrst.gic_rst.rst_rd_reg2_inst'
Sourcing Tcl File [C:/Xilinx/Vivado/2019.2/data/ip/xpm/xpm_cdc/tcl/xpm_cdc_async_rst.tcl] for cell 'ADC3_IF/eras_fifo/U0/inst_fifo_gen/gconvfifo.rf/grf.rf/rstblk/ngwrdrst.grst.g7serrst.gnsckt_wrst.gic_rst.rst_rd_reg2_inst'
Finished Sourcing Tcl File [C:/Xilinx/Vivado/2019.2/data/ip/xpm/xpm_cdc/tcl/xpm_cdc_async_rst.tcl] for cell 'ADC3_IF/eras_fifo/U0/inst_fifo_gen/gconvfifo.rf/grf.rf/rstblk/ngwrdrst.grst.g7serrst.gnsckt_wrst.gic_rst.rst_rd_reg2_inst'
Sourcing Tcl File [C:/Xilinx/Vivado/2019.2/data/ip/xpm/xpm_cdc/tcl/xpm_cdc_async_rst.tcl] for cell 'ADC1_IF/eras_fifo/U0/inst_fifo_gen/gconvfifo.rf/grf.rf/rstblk/ngwrdrst.grst.g7serrst.gnsckt_wrst.rst_wr_reg2_inst'
Finished Sourcing Tcl File [C:/Xilinx/Vivado/2019.2/data/ip/xpm/xpm_cdc/tcl/xpm_cdc_async_rst.tcl] for cell 'ADC1_IF/eras_fifo/U0/inst_fifo_gen/gconvfifo.rf/grf.rf/rstblk/ngwrdrst.grst.g7serrst.gnsckt_wrst.rst_wr_reg2_inst'
Sourcing Tcl File [C:/Xilinx/Vivado/2019.2/data/ip/xpm/xpm_cdc/tcl/xpm_cdc_async_rst.tcl] for cell 'ADC2_IF/eras_fifo/U0/inst_fifo_gen/gconvfifo.rf/grf.rf/rstblk/ngwrdrst.grst.g7serrst.gnsckt_wrst.rst_wr_reg2_inst'
Finished Sourcing Tcl File [C:/Xilinx/Vivado/2019.2/data/ip/xpm/xpm_cdc/tcl/xpm_cdc_async_rst.tcl] for cell 'ADC2_IF/eras_fifo/U0/inst_fifo_gen/gconvfifo.rf/grf.rf/rstblk/ngwrdrst.grst.g7serrst.gnsckt_wrst.rst_wr_reg2_inst'
Sourcing Tcl File [C:/Xilinx/Vivado/2019.2/data/ip/xpm/xpm_cdc/tcl/xpm_cdc_async_rst.tcl] for cell 'ADC3_IF/eras_fifo/U0/inst_fifo_gen/gconvfifo.rf/grf.rf/rstblk/ngwrdrst.grst.g7serrst.gnsckt_wrst.rst_wr_reg2_inst'
Finished Sourcing Tcl File [C:/Xilinx/Vivado/2019.2/data/ip/xpm/xpm_cdc/tcl/xpm_cdc_async_rst.tcl] for cell 'ADC3_IF/eras_fifo/U0/inst_fifo_gen/gconvfifo.rf/grf.rf/rstblk/ngwrdrst.grst.g7serrst.gnsckt_wrst.rst_wr_reg2_inst'
Sourcing Tcl File [C:/Xilinx/Vivado/2019.2/data/ip/xpm/xpm_cdc/tcl/xpm_cdc_gray.tcl] for cell 'ADC1_IF/eras_fifo/U0/inst_fifo_gen/gconvfifo.rf/grf.rf/gntv_or_sync_fifo.gcx.clkx/rd_pntr_cdc_inst'
Finished Sourcing Tcl File [C:/Xilinx/Vivado/2019.2/data/ip/xpm/xpm_cdc/tcl/xpm_cdc_gray.tcl] for cell 'ADC1_IF/eras_fifo/U0/inst_fifo_gen/gconvfifo.rf/grf.rf/gntv_or_sync_fifo.gcx.clkx/rd_pntr_cdc_inst'
Sourcing Tcl File [C:/Xilinx/Vivado/2019.2/data/ip/xpm/xpm_cdc/tcl/xpm_cdc_gray.tcl] for cell 'ADC2_IF/eras_fifo/U0/inst_fifo_gen/gconvfifo.rf/grf.rf/gntv_or_sync_fifo.gcx.clkx/rd_pntr_cdc_inst'
Finished Sourcing Tcl File [C:/Xilinx/Vivado/2019.2/data/ip/xpm/xpm_cdc/tcl/xpm_cdc_gray.tcl] for cell 'ADC2_IF/eras_fifo/U0/inst_fifo_gen/gconvfifo.rf/grf.rf/gntv_or_sync_fifo.gcx.clkx/rd_pntr_cdc_inst'
Sourcing Tcl File [C:/Xilinx/Vivado/2019.2/data/ip/xpm/xpm_cdc/tcl/xpm_cdc_gray.tcl] for cell 'ADC3_IF/eras_fifo/U0/inst_fifo_gen/gconvfifo.rf/grf.rf/gntv_or_sync_fifo.gcx.clkx/rd_pntr_cdc_inst'
Finished Sourcing Tcl File [C:/Xilinx/Vivado/2019.2/data/ip/xpm/xpm_cdc/tcl/xpm_cdc_gray.tcl] for cell 'ADC3_IF/eras_fifo/U0/inst_fifo_gen/gconvfifo.rf/grf.rf/gntv_or_sync_fifo.gcx.clkx/rd_pntr_cdc_inst'
Sourcing Tcl File [C:/Xilinx/Vivado/2019.2/data/ip/xpm/xpm_cdc/tcl/xpm_cdc_gray.tcl] for cell 'ADC1_IF/eras_fifo/U0/inst_fifo_gen/gconvfifo.rf/grf.rf/gntv_or_sync_fifo.gcx.clkx/wr_pntr_cdc_inst'
Finished Sourcing Tcl File [C:/Xilinx/Vivado/2019.2/data/ip/xpm/xpm_cdc/tcl/xpm_cdc_gray.tcl] for cell 'ADC1_IF/eras_fifo/U0/inst_fifo_gen/gconvfifo.rf/grf.rf/gntv_or_sync_fifo.gcx.clkx/wr_pntr_cdc_inst'
Sourcing Tcl File [C:/Xilinx/Vivado/2019.2/data/ip/xpm/xpm_cdc/tcl/xpm_cdc_gray.tcl] for cell 'ADC2_IF/eras_fifo/U0/inst_fifo_gen/gconvfifo.rf/grf.rf/gntv_or_sync_fifo.gcx.clkx/wr_pntr_cdc_inst'
Finished Sourcing Tcl File [C:/Xilinx/Vivado/2019.2/data/ip/xpm/xpm_cdc/tcl/xpm_cdc_gray.tcl] for cell 'ADC2_IF/eras_fifo/U0/inst_fifo_gen/gconvfifo.rf/grf.rf/gntv_or_sync_fifo.gcx.clkx/wr_pntr_cdc_inst'
Sourcing Tcl File [C:/Xilinx/Vivado/2019.2/data/ip/xpm/xpm_cdc/tcl/xpm_cdc_gray.tcl] for cell 'ADC3_IF/eras_fifo/U0/inst_fifo_gen/gconvfifo.rf/grf.rf/gntv_or_sync_fifo.gcx.clkx/wr_pntr_cdc_inst'
Finished Sourcing Tcl File [C:/Xilinx/Vivado/2019.2/data/ip/xpm/xpm_cdc/tcl/xpm_cdc_gray.tcl] for cell 'ADC3_IF/eras_fifo/U0/inst_fifo_gen/gconvfifo.rf/grf.rf/gntv_or_sync_fifo.gcx.clkx/wr_pntr_cdc_inst'
Sourcing Tcl File [C:/Xilinx/Vivado/2019.2/data/ip/xpm/xpm_cdc/tcl/xpm_cdc_single.tcl] for cell 'ADC1_IF/eras_fifo/U0/inst_fifo_gen/gconvfifo.rf/grf.rf/rstblk/ngwrdrst.grst.g7serrst.gnsckt_wrst.gic_rst.xpm_cdc_single_inst_rrst_wr'
Finished Sourcing Tcl File [C:/Xilinx/Vivado/2019.2/data/ip/xpm/xpm_cdc/tcl/xpm_cdc_single.tcl] for cell 'ADC1_IF/eras_fifo/U0/inst_fifo_gen/gconvfifo.rf/grf.rf/rstblk/ngwrdrst.grst.g7serrst.gnsckt_wrst.gic_rst.xpm_cdc_single_inst_rrst_wr'
Sourcing Tcl File [C:/Xilinx/Vivado/2019.2/data/ip/xpm/xpm_cdc/tcl/xpm_cdc_single.tcl] for cell 'ADC2_IF/eras_fifo/U0/inst_fifo_gen/gconvfifo.rf/grf.rf/rstblk/ngwrdrst.grst.g7serrst.gnsckt_wrst.gic_rst.xpm_cdc_single_inst_rrst_wr'
Finished Sourcing Tcl File [C:/Xilinx/Vivado/2019.2/data/ip/xpm/xpm_cdc/tcl/xpm_cdc_single.tcl] for cell 'ADC2_IF/eras_fifo/U0/inst_fifo_gen/gconvfifo.rf/grf.rf/rstblk/ngwrdrst.grst.g7serrst.gnsckt_wrst.gic_rst.xpm_cdc_single_inst_rrst_wr'
Sourcing Tcl File [C:/Xilinx/Vivado/2019.2/data/ip/xpm/xpm_cdc/tcl/xpm_cdc_single.tcl] for cell 'ADC3_IF/eras_fifo/U0/inst_fifo_gen/gconvfifo.rf/grf.rf/rstblk/ngwrdrst.grst.g7serrst.gnsckt_wrst.gic_rst.xpm_cdc_single_inst_rrst_wr'
Finished Sourcing Tcl File [C:/Xilinx/Vivado/2019.2/data/ip/xpm/xpm_cdc/tcl/xpm_cdc_single.tcl] for cell 'ADC3_IF/eras_fifo/U0/inst_fifo_gen/gconvfifo.rf/grf.rf/rstblk/ngwrdrst.grst.g7serrst.gnsckt_wrst.gic_rst.xpm_cdc_single_inst_rrst_wr'
Sourcing Tcl File [C:/Xilinx/Vivado/2019.2/data/ip/xpm/xpm_cdc/tcl/xpm_cdc_single.tcl] for cell 'ADC1_IF/eras_fifo/U0/inst_fifo_gen/gconvfifo.rf/grf.rf/rstblk/ngwrdrst.grst.g7serrst.gnsckt_wrst.gic_rst.xpm_cdc_single_inst_wrst_rd'
Finished Sourcing Tcl File [C:/Xilinx/Vivado/2019.2/data/ip/xpm/xpm_cdc/tcl/xpm_cdc_single.tcl] for cell 'ADC1_IF/eras_fifo/U0/inst_fifo_gen/gconvfifo.rf/grf.rf/rstblk/ngwrdrst.grst.g7serrst.gnsckt_wrst.gic_rst.xpm_cdc_single_inst_wrst_rd'
Sourcing Tcl File [C:/Xilinx/Vivado/2019.2/data/ip/xpm/xpm_cdc/tcl/xpm_cdc_single.tcl] for cell 'ADC2_IF/eras_fifo/U0/inst_fifo_gen/gconvfifo.rf/grf.rf/rstblk/ngwrdrst.grst.g7serrst.gnsckt_wrst.gic_rst.xpm_cdc_single_inst_wrst_rd'
Finished Sourcing Tcl File [C:/Xilinx/Vivado/2019.2/data/ip/xpm/xpm_cdc/tcl/xpm_cdc_single.tcl] for cell 'ADC2_IF/eras_fifo/U0/inst_fifo_gen/gconvfifo.rf/grf.rf/rstblk/ngwrdrst.grst.g7serrst.gnsckt_wrst.gic_rst.xpm_cdc_single_inst_wrst_rd'
Sourcing Tcl File [C:/Xilinx/Vivado/2019.2/data/ip/xpm/xpm_cdc/tcl/xpm_cdc_single.tcl] for cell 'ADC3_IF/eras_fifo/U0/inst_fifo_gen/gconvfifo.rf/grf.rf/rstblk/ngwrdrst.grst.g7serrst.gnsckt_wrst.gic_rst.xpm_cdc_single_inst_wrst_rd'
Finished Sourcing Tcl File [C:/Xilinx/Vivado/2019.2/data/ip/xpm/xpm_cdc/tcl/xpm_cdc_single.tcl] for cell 'ADC3_IF/eras_fifo/U0/inst_fifo_gen/gconvfifo.rf/grf.rf/rstblk/ngwrdrst.grst.g7serrst.gnsckt_wrst.gic_rst.xpm_cdc_single_inst_wrst_rd'
INFO: [Opt 31-138] Pushed 0 inverter(s) to 0 load pin(s).
Netlist sorting complete. Time (s): cpu = 00:00:00 ; elapsed = 00:00:00.022 . Memory (MB): peak = 3665.496 ; gain = 0.000
INFO: [Project 1-111] Unisim Transformation Summary:
  A total of 15 instances were transformed.
  IOBUF => IOBUF (IBUF, OBUFT): 3 instances
  OBUFDS => OBUFDS: 4 instances
  RAM32X1S => RAM32X1S (RAMS32): 8 instances

open_run: Time (s): cpu = 00:00:35 ; elapsed = 00:00:30 . Memory (MB): peak = 3667.281 ; gain = 1201.547
create_debug_core u_ila_0 ila
set_property C_DATA_DEPTH 1024 [get_debug_cores u_ila_0]
set_property C_TRIGIN_EN false [get_debug_cores u_ila_0]
set_property C_TRIGOUT_EN false [get_debug_cores u_ila_0]
set_property C_ADV_TRIGGER false [get_debug_cores u_ila_0]
set_property C_INPUT_PIPE_STAGES 0 [get_debug_cores u_ila_0]
set_property C_EN_STRG_QUAL false [get_debug_cores u_ila_0]
set_property ALL_PROBE_SAME_MU true [get_debug_cores u_ila_0]
set_property ALL_PROBE_SAME_MU_CNT 1 [get_debug_cores u_ila_0]
connect_debug_port u_ila_0/clk [get_nets [list SYSCLK0/inst/clk_out1 ]]
set_property port_width 16 [get_debug_ports u_ila_0/probe0]
set_property PROBE_TYPE DATA_AND_TRIGGER [get_debug_ports u_ila_0/probe0]
connect_debug_port u_ila_0/probe0 [get_nets [list {LOC_REG/REG_THRESHOLD[0]} {LOC_REG/REG_THRESHOLD[1]} {LOC_REG/REG_THRESHOLD[2]} {LOC_REG/REG_THRESHOLD[3]} {LOC_REG/REG_THRESHOLD[4]} {LOC_REG/REG_THRESHOLD[5]} {LOC_REG/REG_THRESHOLD[6]} {LOC_REG/REG_THRESHOLD[7]} {LOC_REG/REG_THRESHOLD[8]} {LOC_REG/REG_THRESHOLD[9]} {LOC_REG/REG_THRESHOLD[10]} {LOC_REG/REG_THRESHOLD[11]} {LOC_REG/REG_THRESHOLD[12]} {LOC_REG/REG_THRESHOLD[13]} {LOC_REG/REG_THRESHOLD[14]} {LOC_REG/REG_THRESHOLD[15]} ]]
create_debug_port u_ila_0 probe
set_property port_width 24 [get_debug_ports u_ila_0/probe1]
set_property PROBE_TYPE DATA_AND_TRIGGER [get_debug_ports u_ila_0/probe1]
connect_debug_port u_ila_0/probe1 [get_nets [list {LOC_REG/REG_THRESHOLD_WIDTH[0]} {LOC_REG/REG_THRESHOLD_WIDTH[1]} {LOC_REG/REG_THRESHOLD_WIDTH[2]} {LOC_REG/REG_THRESHOLD_WIDTH[3]} {LOC_REG/REG_THRESHOLD_WIDTH[4]} {LOC_REG/REG_THRESHOLD_WIDTH[5]} {LOC_REG/REG_THRESHOLD_WIDTH[6]} {LOC_REG/REG_THRESHOLD_WIDTH[7]} {LOC_REG/REG_THRESHOLD_WIDTH[8]} {LOC_REG/REG_THRESHOLD_WIDTH[9]} {LOC_REG/REG_THRESHOLD_WIDTH[10]} {LOC_REG/REG_THRESHOLD_WIDTH[11]} {LOC_REG/REG_THRESHOLD_WIDTH[12]} {LOC_REG/REG_THRESHOLD_WIDTH[13]} {LOC_REG/REG_THRESHOLD_WIDTH[14]} {LOC_REG/REG_THRESHOLD_WIDTH[15]} {LOC_REG/REG_THRESHOLD_WIDTH[16]} {LOC_REG/REG_THRESHOLD_WIDTH[17]} {LOC_REG/REG_THRESHOLD_WIDTH[18]} {LOC_REG/REG_THRESHOLD_WIDTH[19]} {LOC_REG/REG_THRESHOLD_WIDTH[20]} {LOC_REG/REG_THRESHOLD_WIDTH[21]} {LOC_REG/REG_THRESHOLD_WIDTH[22]} {LOC_REG/REG_THRESHOLD_WIDTH[23]} ]]
refresh_design
INFO: [Project 1-454] Reading design checkpoint 'c:/Users/81802/Desktop/PAPILLON_FW/PAPILLON_v20230314/PAPILLON_v20230314.srcs/sources_1/ip/SYSCLK0/SYSCLK0.dcp' for cell 'SYSCLK0'
INFO: [Project 1-454] Reading design checkpoint 'c:/Users/81802/Desktop/PAPILLON_FW/PAPILLON_v20230314/PAPILLON_v20230314.srcs/sources_1/ip/SYSCLK2/SYSCLK2.dcp' for cell 'SYSCLK2'
INFO: [Project 1-454] Reading design checkpoint 'c:/Users/81802/Desktop/PAPILLON_FW/PAPILLON_v20230314/PAPILLON_v20230314.srcs/sources_1/ip/fifo_generator_1/fifo_generator_1.dcp' for cell 'ADC1_IF/eras_fifo'
INFO: [Project 1-454] Reading design checkpoint 'c:/Users/81802/Desktop/PAPILLON_FW/PAPILLON_v20230314/PAPILLON_v20230314.srcs/sources_1/ip/mem_8_4K/mem_8_4K.dcp' for cell 'ADC_SiTCP_RAW/mem_generate[0].ADC_MEM_0'
INFO: [Project 1-454] Reading design checkpoint 'c:/Users/81802/Desktop/PAPILLON_FW/PAPILLON_v20230314/PAPILLON_v20230314.srcs/sources_1/ip/divider/divider.dcp' for cell 'ADC_SiTCP_RAW/ADC_INT/CalBeamPosition'
INFO: [Project 1-454] Reading design checkpoint 'c:/Users/81802/Desktop/PAPILLON_FW/PAPILLON_v20230314/PAPILLON_v20230314.srcs/sources_1/ip/cordic_0/cordic_0.dcp' for cell 'ADC_SiTCP_RAW/ADC_INT/CalBeamWidth'
INFO: [Project 1-454] Reading design checkpoint 'c:/Users/81802/Desktop/PAPILLON_FW/PAPILLON_v20230314/PAPILLON_v20230314.srcs/sources_1/ip/mult_gen_2/mult_gen_2.dcp' for cell 'ADC_SiTCP_RAW/ADC_INT/SquareBeamPosition'
INFO: [Project 1-454] Reading design checkpoint 'c:/Users/81802/Desktop/PAPILLON_FW/PAPILLON_v20230314/PAPILLON_v20230314.srcs/sources_1/ip/mult_gen_0/mult_gen_0.dcp' for cell 'ADC_SiTCP_RAW/ADC_INT/multiplier_0'
INFO: [Project 1-454] Reading design checkpoint 'c:/Users/81802/Desktop/PAPILLON_FW/PAPILLON_v20230314/PAPILLON_v20230314.srcs/sources_1/ip/mult_gen_1/mult_gen_1.dcp' for cell 'ADC_SiTCP_RAW/ADC_INT/multiplier_1'
Netlist sorting complete. Time (s): cpu = 00:00:01 ; elapsed = 00:00:02 . Memory (MB): peak = 3822.055 ; gain = 0.000
INFO: [Netlist 29-17] Analyzing 4136 Unisim elements for replacement
INFO: [Netlist 29-28] Unisim Transformation completed in 0 CPU seconds
INFO: [Project 1-479] Netlist was created with Vivado 2019.2
INFO: [Project 1-570] Preparing netlist for logic optimization
Parsing XDC File [c:/Users/81802/Desktop/PAPILLON_FW/PAPILLON_v20230314/PAPILLON_v20230314.srcs/sources_1/ip/SYSCLK0/SYSCLK0_board.xdc] for cell 'SYSCLK0/inst'
Finished Parsing XDC File [c:/Users/81802/Desktop/PAPILLON_FW/PAPILLON_v20230314/PAPILLON_v20230314.srcs/sources_1/ip/SYSCLK0/SYSCLK0_board.xdc] for cell 'SYSCLK0/inst'
Parsing XDC File [c:/Users/81802/Desktop/PAPILLON_FW/PAPILLON_v20230314/PAPILLON_v20230314.srcs/sources_1/ip/SYSCLK0/SYSCLK0.xdc] for cell 'SYSCLK0/inst'
INFO: [Timing 38-35] Done setting XDC timing constraints. [c:/Users/81802/Desktop/PAPILLON_FW/PAPILLON_v20230314/PAPILLON_v20230314.srcs/sources_1/ip/SYSCLK0/SYSCLK0.xdc:57]
INFO: [Timing 38-2] Deriving generated clocks [c:/Users/81802/Desktop/PAPILLON_FW/PAPILLON_v20230314/PAPILLON_v20230314.srcs/sources_1/ip/SYSCLK0/SYSCLK0.xdc:57]
Finished Parsing XDC File [c:/Users/81802/Desktop/PAPILLON_FW/PAPILLON_v20230314/PAPILLON_v20230314.srcs/sources_1/ip/SYSCLK0/SYSCLK0.xdc] for cell 'SYSCLK0/inst'
Parsing XDC File [c:/Users/81802/Desktop/PAPILLON_FW/PAPILLON_v20230314/PAPILLON_v20230314.srcs/sources_1/ip/SYSCLK2/SYSCLK2_board.xdc] for cell 'SYSCLK2/inst'
Finished Parsing XDC File [c:/Users/81802/Desktop/PAPILLON_FW/PAPILLON_v20230314/PAPILLON_v20230314.srcs/sources_1/ip/SYSCLK2/SYSCLK2_board.xdc] for cell 'SYSCLK2/inst'
Parsing XDC File [c:/Users/81802/Desktop/PAPILLON_FW/PAPILLON_v20230314/PAPILLON_v20230314.srcs/sources_1/ip/SYSCLK2/SYSCLK2.xdc] for cell 'SYSCLK2/inst'
Finished Parsing XDC File [c:/Users/81802/Desktop/PAPILLON_FW/PAPILLON_v20230314/PAPILLON_v20230314.srcs/sources_1/ip/SYSCLK2/SYSCLK2.xdc] for cell 'SYSCLK2/inst'
Parsing XDC File [c:/Users/81802/Desktop/PAPILLON_FW/PAPILLON_v20230314/PAPILLON_v20230314.srcs/sources_1/ip/fifo_generator_1/fifo_generator_1.xdc] for cell 'ADC1_IF/eras_fifo/U0'
Finished Parsing XDC File [c:/Users/81802/Desktop/PAPILLON_FW/PAPILLON_v20230314/PAPILLON_v20230314.srcs/sources_1/ip/fifo_generator_1/fifo_generator_1.xdc] for cell 'ADC1_IF/eras_fifo/U0'
Parsing XDC File [c:/Users/81802/Desktop/PAPILLON_FW/PAPILLON_v20230314/PAPILLON_v20230314.srcs/sources_1/ip/fifo_generator_1/fifo_generator_1.xdc] for cell 'ADC2_IF/eras_fifo/U0'
Finished Parsing XDC File [c:/Users/81802/Desktop/PAPILLON_FW/PAPILLON_v20230314/PAPILLON_v20230314.srcs/sources_1/ip/fifo_generator_1/fifo_generator_1.xdc] for cell 'ADC2_IF/eras_fifo/U0'
Parsing XDC File [c:/Users/81802/Desktop/PAPILLON_FW/PAPILLON_v20230314/PAPILLON_v20230314.srcs/sources_1/ip/fifo_generator_1/fifo_generator_1.xdc] for cell 'ADC3_IF/eras_fifo/U0'
Finished Parsing XDC File [c:/Users/81802/Desktop/PAPILLON_FW/PAPILLON_v20230314/PAPILLON_v20230314.srcs/sources_1/ip/fifo_generator_1/fifo_generator_1.xdc] for cell 'ADC3_IF/eras_fifo/U0'
Parsing XDC File [C:/Users/81802/Desktop/PAPILLON_FW/PAPILLON_v20230314/PAPILLON_v20230314.srcs/constrs_1/imports/papillon_24ch/constrs_1.xdc]
Finished Parsing XDC File [C:/Users/81802/Desktop/PAPILLON_FW/PAPILLON_v20230314/PAPILLON_v20230314.srcs/constrs_1/imports/papillon_24ch/constrs_1.xdc]
Parsing XDC File [c:/Users/81802/Desktop/PAPILLON_FW/PAPILLON_v20230314/PAPILLON_v20230314.srcs/sources_1/ip/SYSCLK2/SYSCLK2_late.xdc] for cell 'SYSCLK2/inst'
Finished Parsing XDC File [c:/Users/81802/Desktop/PAPILLON_FW/PAPILLON_v20230314/PAPILLON_v20230314.srcs/sources_1/ip/SYSCLK2/SYSCLK2_late.xdc] for cell 'SYSCLK2/inst'
Parsing XDC File [c:/Users/81802/Desktop/PAPILLON_FW/PAPILLON_v20230314/PAPILLON_v20230314.srcs/sources_1/ip/fifo_generator_1/fifo_generator_1_clocks.xdc] for cell 'ADC1_IF/eras_fifo/U0'
Finished Parsing XDC File [c:/Users/81802/Desktop/PAPILLON_FW/PAPILLON_v20230314/PAPILLON_v20230314.srcs/sources_1/ip/fifo_generator_1/fifo_generator_1_clocks.xdc] for cell 'ADC1_IF/eras_fifo/U0'
Parsing XDC File [c:/Users/81802/Desktop/PAPILLON_FW/PAPILLON_v20230314/PAPILLON_v20230314.srcs/sources_1/ip/fifo_generator_1/fifo_generator_1_clocks.xdc] for cell 'ADC2_IF/eras_fifo/U0'
Finished Parsing XDC File [c:/Users/81802/Desktop/PAPILLON_FW/PAPILLON_v20230314/PAPILLON_v20230314.srcs/sources_1/ip/fifo_generator_1/fifo_generator_1_clocks.xdc] for cell 'ADC2_IF/eras_fifo/U0'
Parsing XDC File [c:/Users/81802/Desktop/PAPILLON_FW/PAPILLON_v20230314/PAPILLON_v20230314.srcs/sources_1/ip/fifo_generator_1/fifo_generator_1_clocks.xdc] for cell 'ADC3_IF/eras_fifo/U0'
Finished Parsing XDC File [c:/Users/81802/Desktop/PAPILLON_FW/PAPILLON_v20230314/PAPILLON_v20230314.srcs/sources_1/ip/fifo_generator_1/fifo_generator_1_clocks.xdc] for cell 'ADC3_IF/eras_fifo/U0'
Sourcing Tcl File [C:/Xilinx/Vivado/2019.2/data/ip/xpm/xpm_cdc/tcl/xpm_cdc_async_rst.tcl] for cell 'ADC1_IF/eras_fifo/U0/inst_fifo_gen/gconvfifo.rf/grf.rf/rstblk/ngwrdrst.grst.g7serrst.gnsckt_wrst.gic_rst.rst_rd_reg2_inst'
Finished Sourcing Tcl File [C:/Xilinx/Vivado/2019.2/data/ip/xpm/xpm_cdc/tcl/xpm_cdc_async_rst.tcl] for cell 'ADC1_IF/eras_fifo/U0/inst_fifo_gen/gconvfifo.rf/grf.rf/rstblk/ngwrdrst.grst.g7serrst.gnsckt_wrst.gic_rst.rst_rd_reg2_inst'
Sourcing Tcl File [C:/Xilinx/Vivado/2019.2/data/ip/xpm/xpm_cdc/tcl/xpm_cdc_async_rst.tcl] for cell 'ADC2_IF/eras_fifo/U0/inst_fifo_gen/gconvfifo.rf/grf.rf/rstblk/ngwrdrst.grst.g7serrst.gnsckt_wrst.gic_rst.rst_rd_reg2_inst'
Finished Sourcing Tcl File [C:/Xilinx/Vivado/2019.2/data/ip/xpm/xpm_cdc/tcl/xpm_cdc_async_rst.tcl] for cell 'ADC2_IF/eras_fifo/U0/inst_fifo_gen/gconvfifo.rf/grf.rf/rstblk/ngwrdrst.grst.g7serrst.gnsckt_wrst.gic_rst.rst_rd_reg2_inst'
Sourcing Tcl File [C:/Xilinx/Vivado/2019.2/data/ip/xpm/xpm_cdc/tcl/xpm_cdc_async_rst.tcl] for cell 'ADC3_IF/eras_fifo/U0/inst_fifo_gen/gconvfifo.rf/grf.rf/rstblk/ngwrdrst.grst.g7serrst.gnsckt_wrst.gic_rst.rst_rd_reg2_inst'
Finished Sourcing Tcl File [C:/Xilinx/Vivado/2019.2/data/ip/xpm/xpm_cdc/tcl/xpm_cdc_async_rst.tcl] for cell 'ADC3_IF/eras_fifo/U0/inst_fifo_gen/gconvfifo.rf/grf.rf/rstblk/ngwrdrst.grst.g7serrst.gnsckt_wrst.gic_rst.rst_rd_reg2_inst'
Sourcing Tcl File [C:/Xilinx/Vivado/2019.2/data/ip/xpm/xpm_cdc/tcl/xpm_cdc_async_rst.tcl] for cell 'ADC1_IF/eras_fifo/U0/inst_fifo_gen/gconvfifo.rf/grf.rf/rstblk/ngwrdrst.grst.g7serrst.gnsckt_wrst.rst_wr_reg2_inst'
Finished Sourcing Tcl File [C:/Xilinx/Vivado/2019.2/data/ip/xpm/xpm_cdc/tcl/xpm_cdc_async_rst.tcl] for cell 'ADC1_IF/eras_fifo/U0/inst_fifo_gen/gconvfifo.rf/grf.rf/rstblk/ngwrdrst.grst.g7serrst.gnsckt_wrst.rst_wr_reg2_inst'
Sourcing Tcl File [C:/Xilinx/Vivado/2019.2/data/ip/xpm/xpm_cdc/tcl/xpm_cdc_async_rst.tcl] for cell 'ADC2_IF/eras_fifo/U0/inst_fifo_gen/gconvfifo.rf/grf.rf/rstblk/ngwrdrst.grst.g7serrst.gnsckt_wrst.rst_wr_reg2_inst'
Finished Sourcing Tcl File [C:/Xilinx/Vivado/2019.2/data/ip/xpm/xpm_cdc/tcl/xpm_cdc_async_rst.tcl] for cell 'ADC2_IF/eras_fifo/U0/inst_fifo_gen/gconvfifo.rf/grf.rf/rstblk/ngwrdrst.grst.g7serrst.gnsckt_wrst.rst_wr_reg2_inst'
Sourcing Tcl File [C:/Xilinx/Vivado/2019.2/data/ip/xpm/xpm_cdc/tcl/xpm_cdc_async_rst.tcl] for cell 'ADC3_IF/eras_fifo/U0/inst_fifo_gen/gconvfifo.rf/grf.rf/rstblk/ngwrdrst.grst.g7serrst.gnsckt_wrst.rst_wr_reg2_inst'
Finished Sourcing Tcl File [C:/Xilinx/Vivado/2019.2/data/ip/xpm/xpm_cdc/tcl/xpm_cdc_async_rst.tcl] for cell 'ADC3_IF/eras_fifo/U0/inst_fifo_gen/gconvfifo.rf/grf.rf/rstblk/ngwrdrst.grst.g7serrst.gnsckt_wrst.rst_wr_reg2_inst'
Sourcing Tcl File [C:/Xilinx/Vivado/2019.2/data/ip/xpm/xpm_cdc/tcl/xpm_cdc_gray.tcl] for cell 'ADC1_IF/eras_fifo/U0/inst_fifo_gen/gconvfifo.rf/grf.rf/gntv_or_sync_fifo.gcx.clkx/rd_pntr_cdc_inst'
Finished Sourcing Tcl File [C:/Xilinx/Vivado/2019.2/data/ip/xpm/xpm_cdc/tcl/xpm_cdc_gray.tcl] for cell 'ADC1_IF/eras_fifo/U0/inst_fifo_gen/gconvfifo.rf/grf.rf/gntv_or_sync_fifo.gcx.clkx/rd_pntr_cdc_inst'
Sourcing Tcl File [C:/Xilinx/Vivado/2019.2/data/ip/xpm/xpm_cdc/tcl/xpm_cdc_gray.tcl] for cell 'ADC2_IF/eras_fifo/U0/inst_fifo_gen/gconvfifo.rf/grf.rf/gntv_or_sync_fifo.gcx.clkx/rd_pntr_cdc_inst'
Finished Sourcing Tcl File [C:/Xilinx/Vivado/2019.2/data/ip/xpm/xpm_cdc/tcl/xpm_cdc_gray.tcl] for cell 'ADC2_IF/eras_fifo/U0/inst_fifo_gen/gconvfifo.rf/grf.rf/gntv_or_sync_fifo.gcx.clkx/rd_pntr_cdc_inst'
Sourcing Tcl File [C:/Xilinx/Vivado/2019.2/data/ip/xpm/xpm_cdc/tcl/xpm_cdc_gray.tcl] for cell 'ADC3_IF/eras_fifo/U0/inst_fifo_gen/gconvfifo.rf/grf.rf/gntv_or_sync_fifo.gcx.clkx/rd_pntr_cdc_inst'
Finished Sourcing Tcl File [C:/Xilinx/Vivado/2019.2/data/ip/xpm/xpm_cdc/tcl/xpm_cdc_gray.tcl] for cell 'ADC3_IF/eras_fifo/U0/inst_fifo_gen/gconvfifo.rf/grf.rf/gntv_or_sync_fifo.gcx.clkx/rd_pntr_cdc_inst'
Sourcing Tcl File [C:/Xilinx/Vivado/2019.2/data/ip/xpm/xpm_cdc/tcl/xpm_cdc_gray.tcl] for cell 'ADC1_IF/eras_fifo/U0/inst_fifo_gen/gconvfifo.rf/grf.rf/gntv_or_sync_fifo.gcx.clkx/wr_pntr_cdc_inst'
Finished Sourcing Tcl File [C:/Xilinx/Vivado/2019.2/data/ip/xpm/xpm_cdc/tcl/xpm_cdc_gray.tcl] for cell 'ADC1_IF/eras_fifo/U0/inst_fifo_gen/gconvfifo.rf/grf.rf/gntv_or_sync_fifo.gcx.clkx/wr_pntr_cdc_inst'
Sourcing Tcl File [C:/Xilinx/Vivado/2019.2/data/ip/xpm/xpm_cdc/tcl/xpm_cdc_gray.tcl] for cell 'ADC2_IF/eras_fifo/U0/inst_fifo_gen/gconvfifo.rf/grf.rf/gntv_or_sync_fifo.gcx.clkx/wr_pntr_cdc_inst'
Finished Sourcing Tcl File [C:/Xilinx/Vivado/2019.2/data/ip/xpm/xpm_cdc/tcl/xpm_cdc_gray.tcl] for cell 'ADC2_IF/eras_fifo/U0/inst_fifo_gen/gconvfifo.rf/grf.rf/gntv_or_sync_fifo.gcx.clkx/wr_pntr_cdc_inst'
Sourcing Tcl File [C:/Xilinx/Vivado/2019.2/data/ip/xpm/xpm_cdc/tcl/xpm_cdc_gray.tcl] for cell 'ADC3_IF/eras_fifo/U0/inst_fifo_gen/gconvfifo.rf/grf.rf/gntv_or_sync_fifo.gcx.clkx/wr_pntr_cdc_inst'
Finished Sourcing Tcl File [C:/Xilinx/Vivado/2019.2/data/ip/xpm/xpm_cdc/tcl/xpm_cdc_gray.tcl] for cell 'ADC3_IF/eras_fifo/U0/inst_fifo_gen/gconvfifo.rf/grf.rf/gntv_or_sync_fifo.gcx.clkx/wr_pntr_cdc_inst'
Sourcing Tcl File [C:/Xilinx/Vivado/2019.2/data/ip/xpm/xpm_cdc/tcl/xpm_cdc_single.tcl] for cell 'ADC1_IF/eras_fifo/U0/inst_fifo_gen/gconvfifo.rf/grf.rf/rstblk/ngwrdrst.grst.g7serrst.gnsckt_wrst.gic_rst.xpm_cdc_single_inst_rrst_wr'
Finished Sourcing Tcl File [C:/Xilinx/Vivado/2019.2/data/ip/xpm/xpm_cdc/tcl/xpm_cdc_single.tcl] for cell 'ADC1_IF/eras_fifo/U0/inst_fifo_gen/gconvfifo.rf/grf.rf/rstblk/ngwrdrst.grst.g7serrst.gnsckt_wrst.gic_rst.xpm_cdc_single_inst_rrst_wr'
Sourcing Tcl File [C:/Xilinx/Vivado/2019.2/data/ip/xpm/xpm_cdc/tcl/xpm_cdc_single.tcl] for cell 'ADC2_IF/eras_fifo/U0/inst_fifo_gen/gconvfifo.rf/grf.rf/rstblk/ngwrdrst.grst.g7serrst.gnsckt_wrst.gic_rst.xpm_cdc_single_inst_rrst_wr'
Finished Sourcing Tcl File [C:/Xilinx/Vivado/2019.2/data/ip/xpm/xpm_cdc/tcl/xpm_cdc_single.tcl] for cell 'ADC2_IF/eras_fifo/U0/inst_fifo_gen/gconvfifo.rf/grf.rf/rstblk/ngwrdrst.grst.g7serrst.gnsckt_wrst.gic_rst.xpm_cdc_single_inst_rrst_wr'
Sourcing Tcl File [C:/Xilinx/Vivado/2019.2/data/ip/xpm/xpm_cdc/tcl/xpm_cdc_single.tcl] for cell 'ADC3_IF/eras_fifo/U0/inst_fifo_gen/gconvfifo.rf/grf.rf/rstblk/ngwrdrst.grst.g7serrst.gnsckt_wrst.gic_rst.xpm_cdc_single_inst_rrst_wr'
Finished Sourcing Tcl File [C:/Xilinx/Vivado/2019.2/data/ip/xpm/xpm_cdc/tcl/xpm_cdc_single.tcl] for cell 'ADC3_IF/eras_fifo/U0/inst_fifo_gen/gconvfifo.rf/grf.rf/rstblk/ngwrdrst.grst.g7serrst.gnsckt_wrst.gic_rst.xpm_cdc_single_inst_rrst_wr'
Sourcing Tcl File [C:/Xilinx/Vivado/2019.2/data/ip/xpm/xpm_cdc/tcl/xpm_cdc_single.tcl] for cell 'ADC1_IF/eras_fifo/U0/inst_fifo_gen/gconvfifo.rf/grf.rf/rstblk/ngwrdrst.grst.g7serrst.gnsckt_wrst.gic_rst.xpm_cdc_single_inst_wrst_rd'
Finished Sourcing Tcl File [C:/Xilinx/Vivado/2019.2/data/ip/xpm/xpm_cdc/tcl/xpm_cdc_single.tcl] for cell 'ADC1_IF/eras_fifo/U0/inst_fifo_gen/gconvfifo.rf/grf.rf/rstblk/ngwrdrst.grst.g7serrst.gnsckt_wrst.gic_rst.xpm_cdc_single_inst_wrst_rd'
Sourcing Tcl File [C:/Xilinx/Vivado/2019.2/data/ip/xpm/xpm_cdc/tcl/xpm_cdc_single.tcl] for cell 'ADC2_IF/eras_fifo/U0/inst_fifo_gen/gconvfifo.rf/grf.rf/rstblk/ngwrdrst.grst.g7serrst.gnsckt_wrst.gic_rst.xpm_cdc_single_inst_wrst_rd'
Finished Sourcing Tcl File [C:/Xilinx/Vivado/2019.2/data/ip/xpm/xpm_cdc/tcl/xpm_cdc_single.tcl] for cell 'ADC2_IF/eras_fifo/U0/inst_fifo_gen/gconvfifo.rf/grf.rf/rstblk/ngwrdrst.grst.g7serrst.gnsckt_wrst.gic_rst.xpm_cdc_single_inst_wrst_rd'
Sourcing Tcl File [C:/Xilinx/Vivado/2019.2/data/ip/xpm/xpm_cdc/tcl/xpm_cdc_single.tcl] for cell 'ADC3_IF/eras_fifo/U0/inst_fifo_gen/gconvfifo.rf/grf.rf/rstblk/ngwrdrst.grst.g7serrst.gnsckt_wrst.gic_rst.xpm_cdc_single_inst_wrst_rd'
Finished Sourcing Tcl File [C:/Xilinx/Vivado/2019.2/data/ip/xpm/xpm_cdc/tcl/xpm_cdc_single.tcl] for cell 'ADC3_IF/eras_fifo/U0/inst_fifo_gen/gconvfifo.rf/grf.rf/rstblk/ngwrdrst.grst.g7serrst.gnsckt_wrst.gic_rst.xpm_cdc_single_inst_wrst_rd'
INFO: [Opt 31-138] Pushed 0 inverter(s) to 0 load pin(s).
refresh_design: Time (s): cpu = 00:00:25 ; elapsed = 00:00:19 . Memory (MB): peak = 3919.086 ; gain = 228.621
reset_run synth_1
create_debug_core u_ila_0 ila
set_property C_DATA_DEPTH 1024 [get_debug_cores u_ila_0]
set_property C_TRIGIN_EN false [get_debug_cores u_ila_0]
set_property C_TRIGOUT_EN false [get_debug_cores u_ila_0]
set_property C_ADV_TRIGGER false [get_debug_cores u_ila_0]
set_property C_INPUT_PIPE_STAGES 0 [get_debug_cores u_ila_0]
set_property C_EN_STRG_QUAL false [get_debug_cores u_ila_0]
set_property ALL_PROBE_SAME_MU true [get_debug_cores u_ila_0]
set_property ALL_PROBE_SAME_MU_CNT 1 [get_debug_cores u_ila_0]
connect_debug_port u_ila_0/clk [get_nets [list SYSCLK0/inst/clk_out1 ]]
set_property port_width 24 [get_debug_ports u_ila_0/probe0]
set_property PROBE_TYPE DATA_AND_TRIGGER [get_debug_ports u_ila_0/probe0]
connect_debug_port u_ila_0/probe0 [get_nets [list {LOC_REG/REG_THRESHOLD_WIDTH[0]} {LOC_REG/REG_THRESHOLD_WIDTH[1]} {LOC_REG/REG_THRESHOLD_WIDTH[2]} {LOC_REG/REG_THRESHOLD_WIDTH[3]} {LOC_REG/REG_THRESHOLD_WIDTH[4]} {LOC_REG/REG_THRESHOLD_WIDTH[5]} {LOC_REG/REG_THRESHOLD_WIDTH[6]} {LOC_REG/REG_THRESHOLD_WIDTH[7]} {LOC_REG/REG_THRESHOLD_WIDTH[8]} {LOC_REG/REG_THRESHOLD_WIDTH[9]} {LOC_REG/REG_THRESHOLD_WIDTH[10]} {LOC_REG/REG_THRESHOLD_WIDTH[11]} {LOC_REG/REG_THRESHOLD_WIDTH[12]} {LOC_REG/REG_THRESHOLD_WIDTH[13]} {LOC_REG/REG_THRESHOLD_WIDTH[14]} {LOC_REG/REG_THRESHOLD_WIDTH[15]} {LOC_REG/REG_THRESHOLD_WIDTH[16]} {LOC_REG/REG_THRESHOLD_WIDTH[17]} {LOC_REG/REG_THRESHOLD_WIDTH[18]} {LOC_REG/REG_THRESHOLD_WIDTH[19]} {LOC_REG/REG_THRESHOLD_WIDTH[20]} {LOC_REG/REG_THRESHOLD_WIDTH[21]} {LOC_REG/REG_THRESHOLD_WIDTH[22]} {LOC_REG/REG_THRESHOLD_WIDTH[23]} ]]
create_debug_port u_ila_0 probe
set_property port_width 16 [get_debug_ports u_ila_0/probe1]
set_property PROBE_TYPE DATA_AND_TRIGGER [get_debug_ports u_ila_0/probe1]
connect_debug_port u_ila_0/probe1 [get_nets [list {LOC_REG/REG_THRESHOLD[0]} {LOC_REG/REG_THRESHOLD[1]} {LOC_REG/REG_THRESHOLD[2]} {LOC_REG/REG_THRESHOLD[3]} {LOC_REG/REG_THRESHOLD[4]} {LOC_REG/REG_THRESHOLD[5]} {LOC_REG/REG_THRESHOLD[6]} {LOC_REG/REG_THRESHOLD[7]} {LOC_REG/REG_THRESHOLD[8]} {LOC_REG/REG_THRESHOLD[9]} {LOC_REG/REG_THRESHOLD[10]} {LOC_REG/REG_THRESHOLD[11]} {LOC_REG/REG_THRESHOLD[12]} {LOC_REG/REG_THRESHOLD[13]} {LOC_REG/REG_THRESHOLD[14]} {LOC_REG/REG_THRESHOLD[15]} ]]
save_constraints -force
close_design
launch_runs synth_1 -jobs 12
[Tue Mar 14 19:14:48 2023] Launched synth_1...
Run output will be captured here: C:/Users/81802/Desktop/PAPILLON_FW/PAPILLON_v20230314/PAPILLON_v20230314.runs/synth_1/runme.log
launch_runs impl_1 -jobs 12
[Tue Mar 14 19:15:57 2023] Launched impl_1...
Run output will be captured here: C:/Users/81802/Desktop/PAPILLON_FW/PAPILLON_v20230314/PAPILLON_v20230314.runs/impl_1/runme.log
launch_runs impl_1 -to_step write_bitstream -jobs 12
[Tue Mar 14 19:22:38 2023] Launched impl_1...
Run output will be captured here: C:/Users/81802/Desktop/PAPILLON_FW/PAPILLON_v20230314/PAPILLON_v20230314.runs/impl_1/runme.log
open_hw_manager
connect_hw_server -allow_non_jtag
INFO: [Labtools 27-2285] Connecting to hw_server url TCP:localhost:3121
INFO: [Labtools 27-2222] Launching hw_server...
INFO: [Labtools 27-2221] Launch Output:

****** Xilinx hw_server v2019.2
  **** Build date : Nov  6 2019 at 22:12:23
    ** Copyright 1986-2019 Xilinx, Inc. All Rights Reserved.


INFO: [Labtools 27-3415] Connecting to cs_server url TCP:localhost:3042
INFO: [Labtools 27-3417] Launching cs_server...
INFO: [Labtools 27-2221] Launch Output:


****** Xilinx cs_server v2019.2.0
  **** Build date : Nov 07 2019-14:28:22
    ** Copyright 2017-2019 Xilinx, Inc. All Rights Reserved.



connect_hw_server: Time (s): cpu = 00:00:00 ; elapsed = 00:00:05 . Memory (MB): peak = 3936.633 ; gain = 0.000
open_hw_target
INFO: [Labtoolstcl 44-466] Opening hw_target localhost:3121/xilinx_tcf/Xilinx/000013b3e6d701
set_property PROGRAM.FILE {C:/Users/81802/Desktop/PAPILLON_FW/PAPILLON_v20230314/PAPILLON_v20230314.runs/impl_1/ADC_SiTCP_V20.bit} [get_hw_devices xc7a100t_0]
set_property PROBES.FILE {C:/Users/81802/Desktop/PAPILLON_FW/PAPILLON_v20230314/PAPILLON_v20230314.runs/impl_1/ADC_SiTCP_V20.ltx} [get_hw_devices xc7a100t_0]
set_property FULL_PROBES.FILE {C:/Users/81802/Desktop/PAPILLON_FW/PAPILLON_v20230314/PAPILLON_v20230314.runs/impl_1/ADC_SiTCP_V20.ltx} [get_hw_devices xc7a100t_0]
current_hw_device [get_hw_devices xc7a100t_0]
refresh_hw_device [lindex [get_hw_devices xc7a100t_0] 0]
INFO: [Labtools 27-1434] Device xc7a100t (JTAG device index = 0) is programmed with a design that has no supported debug core(s) in it.
WARNING: [Labtools 27-3361] The debug hub core was not detected.
Resolution: 
1. Make sure the clock connected to the debug hub (dbg_hub) core is a free running clock and is active.
2. Make sure the BSCAN_SWITCH_USER_MASK device property in Vivado Hardware Manager reflects the user scan chain setting in the design and refresh the device.  To determine the user scan chain setting in the design, open the implemented design and use 'get_property C_USER_SCAN_CHAIN [get_debug_cores dbg_hub]'.
For more details on setting the scan chain property, consult the Vivado Debug and Programming User Guide (UG908).
WARNING: [Labtools 27-3413] Dropping logic core with cellname:'u_ila_0' at location 'uuid_23E7D65A79BC59F7BC47406C1714DFAE' from probes file, since it cannot be found on the programmed device.
close_hw_manager
open_hw_manager
connect_hw_server -allow_non_jtag
INFO: [Labtools 27-2285] Connecting to hw_server url TCP:localhost:3121
INFO: [Labtools 27-3415] Connecting to cs_server url TCP:localhost:3042
INFO: [Labtools 27-3414] Connected to existing cs_server.
open_hw_target
INFO: [Labtoolstcl 44-466] Opening hw_target localhost:3121/xilinx_tcf/Xilinx/000013b3e6d701
set_property PROGRAM.FILE {C:/Users/81802/Desktop/PAPILLON_FW/PAPILLON_v20230314/PAPILLON_v20230314.runs/impl_1/ADC_SiTCP_V20.bit} [get_hw_devices xc7a100t_0]
set_property PROBES.FILE {C:/Users/81802/Desktop/PAPILLON_FW/PAPILLON_v20230314/PAPILLON_v20230314.runs/impl_1/ADC_SiTCP_V20.ltx} [get_hw_devices xc7a100t_0]
set_property FULL_PROBES.FILE {C:/Users/81802/Desktop/PAPILLON_FW/PAPILLON_v20230314/PAPILLON_v20230314.runs/impl_1/ADC_SiTCP_V20.ltx} [get_hw_devices xc7a100t_0]
current_hw_device [get_hw_devices xc7a100t_0]
refresh_hw_device [lindex [get_hw_devices xc7a100t_0] 0]
INFO: [Labtools 27-1434] Device xc7a100t (JTAG device index = 0) is programmed with a design that has no supported debug core(s) in it.
WARNING: [Labtools 27-3361] The debug hub core was not detected.
Resolution: 
1. Make sure the clock connected to the debug hub (dbg_hub) core is a free running clock and is active.
2. Make sure the BSCAN_SWITCH_USER_MASK device property in Vivado Hardware Manager reflects the user scan chain setting in the design and refresh the device.  To determine the user scan chain setting in the design, open the implemented design and use 'get_property C_USER_SCAN_CHAIN [get_debug_cores dbg_hub]'.
For more details on setting the scan chain property, consult the Vivado Debug and Programming User Guide (UG908).
WARNING: [Labtools 27-3413] Dropping logic core with cellname:'u_ila_0' at location 'uuid_23E7D65A79BC59F7BC47406C1714DFAE' from probes file, since it cannot be found on the programmed device.
set_property PROBES.FILE {C:/Users/81802/Desktop/PAPILLON_FW/PAPILLON_v20230314/PAPILLON_v20230314.runs/impl_1/ADC_SiTCP_V20.ltx} [get_hw_devices xc7a100t_0]
set_property FULL_PROBES.FILE {C:/Users/81802/Desktop/PAPILLON_FW/PAPILLON_v20230314/PAPILLON_v20230314.runs/impl_1/ADC_SiTCP_V20.ltx} [get_hw_devices xc7a100t_0]
set_property PROGRAM.FILE {C:/Users/81802/Desktop/PAPILLON_FW/PAPILLON_v20230314/PAPILLON_v20230314.runs/impl_1/ADC_SiTCP_V20.bit} [get_hw_devices xc7a100t_0]
program_hw_devices [get_hw_devices xc7a100t_0]
INFO: [Labtools 27-3164] End of startup status: HIGH
program_hw_devices: Time (s): cpu = 00:00:11 ; elapsed = 00:00:11 . Memory (MB): peak = 3936.633 ; gain = 0.000
refresh_hw_device [lindex [get_hw_devices xc7a100t_0] 0]
INFO: [Labtools 27-2302] Device xc7a100t (JTAG device index = 0) is programmed with a design that has 1 ILA core(s).
display_hw_ila_data [ get_hw_ila_data hw_ila_data_1 -of_objects [get_hw_ilas -of_objects [get_hw_devices xc7a100t_0] -filter {CELL_NAME=~"u_ila_0"}]]
set_property TRIGGER_COMPARE_VALUE eq16'u0 [get_hw_probes LOC_REG/REG_THRESHOLD -of_objects [get_hw_ilas -of_objects [get_hw_devices xc7a100t_0] -filter {CELL_NAME=~"u_ila_0"}]]
set_property TRIGGER_COMPARE_VALUE neq16'u0 [get_hw_probes LOC_REG/REG_THRESHOLD -of_objects [get_hw_ilas -of_objects [get_hw_devices xc7a100t_0] -filter {CELL_NAME=~"u_ila_0"}]]
run_hw_ila [get_hw_ilas -of_objects [get_hw_devices xc7a100t_0] -filter {CELL_NAME=~"u_ila_0"}]
INFO: [Labtools 27-1964] The ILA core 'hw_ila_1' trigger was armed at 2023-Mar-14 19:32:10
wait_on_hw_ila [get_hw_ilas -of_objects [get_hw_devices xc7a100t_0] -filter {CELL_NAME=~"u_ila_0"}]
display_hw_ila_data [upload_hw_ila_data [get_hw_ilas -of_objects [get_hw_devices xc7a100t_0] -filter {CELL_NAME=~"u_ila_0"}]]
INFO: [Labtools 27-1966] The ILA core 'hw_ila_1' triggered at 2023-Mar-14 19:32:24
INFO: [Labtools 27-3304] ILA Waveform data saved to file C:/Users/81802/Desktop/PAPILLON_FW/PAPILLON_v20230314/PAPILLON_v20230314.hw/backup/hw_ila_data_1.ila. Use Tcl command 'read_hw_ila_data' or Vivado File->Import->Import ILA Data menu item to import the previously saved data.
set_property TRIGGER_COMPARE_VALUE eq16'u0 [get_hw_probes LOC_REG/REG_THRESHOLD -of_objects [get_hw_ilas -of_objects [get_hw_devices xc7a100t_0] -filter {CELL_NAME=~"u_ila_0"}]]
set_property TRIGGER_COMPARE_VALUE neq16'u0 [get_hw_probes LOC_REG/REG_THRESHOLD -of_objects [get_hw_ilas -of_objects [get_hw_devices xc7a100t_0] -filter {CELL_NAME=~"u_ila_0"}]]
set_property TRIGGER_COMPARE_VALUE eq16'hXXXX [get_hw_probes LOC_REG/REG_THRESHOLD -of_objects [get_hw_ilas -of_objects [get_hw_devices xc7a100t_0] -filter {CELL_NAME=~"u_ila_0"}]]
set_property TRIGGER_COMPARE_VALUE neq24'hXX_XXXX [get_hw_probes LOC_REG/REG_THRESHOLD_WIDTH -of_objects [get_hw_ilas -of_objects [get_hw_devices xc7a100t_0] -filter {CELL_NAME=~"u_ila_0"}]]
set_property TRIGGER_COMPARE_VALUE neq24'oXXXXXXXX [get_hw_probes LOC_REG/REG_THRESHOLD_WIDTH -of_objects [get_hw_ilas -of_objects [get_hw_devices xc7a100t_0] -filter {CELL_NAME=~"u_ila_0"}]]
set_property TRIGGER_COMPARE_VALUE neq24'u0 [get_hw_probes LOC_REG/REG_THRESHOLD_WIDTH -of_objects [get_hw_ilas -of_objects [get_hw_devices xc7a100t_0] -filter {CELL_NAME=~"u_ila_0"}]]
run_hw_ila [get_hw_ilas -of_objects [get_hw_devices xc7a100t_0] -filter {CELL_NAME=~"u_ila_0"}]
INFO: [Labtools 27-1964] The ILA core 'hw_ila_1' trigger was armed at 2023-Mar-14 19:35:43
wait_on_hw_ila [get_hw_ilas -of_objects [get_hw_devices xc7a100t_0] -filter {CELL_NAME=~"u_ila_0"}]
display_hw_ila_data [upload_hw_ila_data [get_hw_ilas -of_objects [get_hw_devices xc7a100t_0] -filter {CELL_NAME=~"u_ila_0"}]]
INFO: [Labtools 27-1966] The ILA core 'hw_ila_1' triggered at 2023-Mar-14 19:35:43
INFO: [Labtools 27-3304] ILA Waveform data saved to file C:/Users/81802/Desktop/PAPILLON_FW/PAPILLON_v20230314/PAPILLON_v20230314.hw/backup/hw_ila_data_1.ila. Use Tcl command 'read_hw_ila_data' or Vivado File->Import->Import ILA Data menu item to import the previously saved data.
run_hw_ila [get_hw_ilas -of_objects [get_hw_devices xc7a100t_0] -filter {CELL_NAME=~"u_ila_0"}]
INFO: [Labtools 27-1964] The ILA core 'hw_ila_1' trigger was armed at 2023-Mar-14 19:36:29
wait_on_hw_ila [get_hw_ilas -of_objects [get_hw_devices xc7a100t_0] -filter {CELL_NAME=~"u_ila_0"}]
display_hw_ila_data [upload_hw_ila_data [get_hw_ilas -of_objects [get_hw_devices xc7a100t_0] -filter {CELL_NAME=~"u_ila_0"}]]
INFO: [Labtools 27-1966] The ILA core 'hw_ila_1' triggered at 2023-Mar-14 19:36:29
INFO: [Labtools 27-3304] ILA Waveform data saved to file C:/Users/81802/Desktop/PAPILLON_FW/PAPILLON_v20230314/PAPILLON_v20230314.hw/backup/hw_ila_data_1.ila. Use Tcl command 'read_hw_ila_data' or Vivado File->Import->Import ILA Data menu item to import the previously saved data.
ERROR: [Labtoolstcl 44-513] HW Target shutdown. Closing target: localhost:3121/xilinx_tcf/Xilinx/000013b3e6d701
INFO: [Labtoolstcl 44-466] Opening hw_target localhost:3121/xilinx_tcf/Xilinx/000013b3e6d701
INFO: [Labtools 27-1435] Device xc7a100t (JTAG device index = 0) is not programmed (DONE status = 0).
WARNING: [Labtoolstcl 44-129] No matching hw_ila_data was found.
close_hw_manager
open_hw_manager
connect_hw_server -allow_non_jtag
INFO: [Labtools 27-2285] Connecting to hw_server url TCP:localhost:3121
INFO: [Labtools 27-3415] Connecting to cs_server url TCP:localhost:3042
INFO: [Labtools 27-3414] Connected to existing cs_server.
open_hw_target
INFO: [Labtoolstcl 44-466] Opening hw_target localhost:3121/xilinx_tcf/Xilinx/000013b3e6d701
set_property PROGRAM.FILE {C:/Users/81802/Desktop/PAPILLON_FW/PAPILLON_v20230314/PAPILLON_v20230314.runs/impl_1/ADC_SiTCP_V20.bit} [get_hw_devices xc7a100t_0]
set_property PROBES.FILE {C:/Users/81802/Desktop/PAPILLON_FW/PAPILLON_v20230314/PAPILLON_v20230314.runs/impl_1/ADC_SiTCP_V20.ltx} [get_hw_devices xc7a100t_0]
set_property FULL_PROBES.FILE {C:/Users/81802/Desktop/PAPILLON_FW/PAPILLON_v20230314/PAPILLON_v20230314.runs/impl_1/ADC_SiTCP_V20.ltx} [get_hw_devices xc7a100t_0]
current_hw_device [get_hw_devices xc7a100t_0]
refresh_hw_device [lindex [get_hw_devices xc7a100t_0] 0]
INFO: [Labtools 27-1435] Device xc7a100t (JTAG device index = 0) is not programmed (DONE status = 0).
set_property PROBES.FILE {C:/Users/81802/Desktop/PAPILLON_FW/PAPILLON_v20230314/PAPILLON_v20230314.runs/impl_1/ADC_SiTCP_V20.ltx} [get_hw_devices xc7a100t_0]
set_property FULL_PROBES.FILE {C:/Users/81802/Desktop/PAPILLON_FW/PAPILLON_v20230314/PAPILLON_v20230314.runs/impl_1/ADC_SiTCP_V20.ltx} [get_hw_devices xc7a100t_0]
set_property PROGRAM.FILE {C:/Users/81802/Desktop/PAPILLON_FW/PAPILLON_v20230314/PAPILLON_v20230314.runs/impl_1/ADC_SiTCP_V20.bit} [get_hw_devices xc7a100t_0]
program_hw_devices [get_hw_devices xc7a100t_0]
INFO: [Labtools 27-3164] End of startup status: HIGH
program_hw_devices: Time (s): cpu = 00:00:11 ; elapsed = 00:00:11 . Memory (MB): peak = 3936.633 ; gain = 0.000
refresh_hw_device [lindex [get_hw_devices xc7a100t_0] 0]
INFO: [Labtools 27-2302] Device xc7a100t (JTAG device index = 0) is programmed with a design that has 1 ILA core(s).
display_hw_ila_data [ get_hw_ila_data hw_ila_data_1 -of_objects [get_hw_ilas -of_objects [get_hw_devices xc7a100t_0] -filter {CELL_NAME=~"u_ila_0"}]]
run_hw_ila [get_hw_ilas -of_objects [get_hw_devices xc7a100t_0] -filter {CELL_NAME=~"u_ila_0"}]
INFO: [Labtools 27-1964] The ILA core 'hw_ila_1' trigger was armed at 2023-Mar-14 19:39:28
wait_on_hw_ila [get_hw_ilas -of_objects [get_hw_devices xc7a100t_0] -filter {CELL_NAME=~"u_ila_0"}]
display_hw_ila_data [upload_hw_ila_data [get_hw_ilas -of_objects [get_hw_devices xc7a100t_0] -filter {CELL_NAME=~"u_ila_0"}]]
INFO: [Labtools 27-1966] The ILA core 'hw_ila_1' triggered at 2023-Mar-14 19:39:43
INFO: [Labtools 27-3304] ILA Waveform data saved to file C:/Users/81802/Desktop/PAPILLON_FW/PAPILLON_v20230314/PAPILLON_v20230314.hw/backup/hw_ila_data_1.ila. Use Tcl command 'read_hw_ila_data' or Vivado File->Import->Import ILA Data menu item to import the previously saved data.
run_hw_ila [get_hw_ilas -of_objects [get_hw_devices xc7a100t_0] -filter {CELL_NAME=~"u_ila_0"}]
INFO: [Labtools 27-1964] The ILA core 'hw_ila_1' trigger was armed at 2023-Mar-14 19:41:41
wait_on_hw_ila [get_hw_ilas -of_objects [get_hw_devices xc7a100t_0] -filter {CELL_NAME=~"u_ila_0"}]
display_hw_ila_data [upload_hw_ila_data [get_hw_ilas -of_objects [get_hw_devices xc7a100t_0] -filter {CELL_NAME=~"u_ila_0"}]]
INFO: [Labtools 27-1966] The ILA core 'hw_ila_1' triggered at 2023-Mar-14 19:42:14
INFO: [Labtools 27-3304] ILA Waveform data saved to file C:/Users/81802/Desktop/PAPILLON_FW/PAPILLON_v20230314/PAPILLON_v20230314.hw/backup/hw_ila_data_1.ila. Use Tcl command 'read_hw_ila_data' or Vivado File->Import->Import ILA Data menu item to import the previously saved data.
run_hw_ila [get_hw_ilas -of_objects [get_hw_devices xc7a100t_0] -filter {CELL_NAME=~"u_ila_0"}]
INFO: [Labtools 27-1964] The ILA core 'hw_ila_1' trigger was armed at 2023-Mar-14 19:44:12
wait_on_hw_ila [get_hw_ilas -of_objects [get_hw_devices xc7a100t_0] -filter {CELL_NAME=~"u_ila_0"}]
display_hw_ila_data [upload_hw_ila_data [get_hw_ilas -of_objects [get_hw_devices xc7a100t_0] -filter {CELL_NAME=~"u_ila_0"}]]
INFO: [Labtools 27-1966] The ILA core 'hw_ila_1' triggered at 2023-Mar-14 19:45:16
INFO: [Labtools 27-3304] ILA Waveform data saved to file C:/Users/81802/Desktop/PAPILLON_FW/PAPILLON_v20230314/PAPILLON_v20230314.hw/backup/hw_ila_data_1.ila. Use Tcl command 'read_hw_ila_data' or Vivado File->Import->Import ILA Data menu item to import the previously saved data.
run_hw_ila [get_hw_ilas -of_objects [get_hw_devices xc7a100t_0] -filter {CELL_NAME=~"u_ila_0"}]
INFO: [Labtools 27-1964] The ILA core 'hw_ila_1' trigger was armed at 2023-Mar-14 19:51:03
wait_on_hw_ila [get_hw_ilas -of_objects [get_hw_devices xc7a100t_0] -filter {CELL_NAME=~"u_ila_0"}]
display_hw_ila_data [upload_hw_ila_data [get_hw_ilas -of_objects [get_hw_devices xc7a100t_0] -filter {CELL_NAME=~"u_ila_0"}]]
INFO: [Labtools 27-1966] The ILA core 'hw_ila_1' triggered at 2023-Mar-14 19:51:17
INFO: [Labtools 27-3304] ILA Waveform data saved to file C:/Users/81802/Desktop/PAPILLON_FW/PAPILLON_v20230314/PAPILLON_v20230314.hw/backup/hw_ila_data_1.ila. Use Tcl command 'read_hw_ila_data' or Vivado File->Import->Import ILA Data menu item to import the previously saved data.
run_hw_ila [get_hw_ilas -of_objects [get_hw_devices xc7a100t_0] -filter {CELL_NAME=~"u_ila_0"}]
INFO: [Labtools 27-1964] The ILA core 'hw_ila_1' trigger was armed at 2023-Mar-14 19:54:46
wait_on_hw_ila [get_hw_ilas -of_objects [get_hw_devices xc7a100t_0] -filter {CELL_NAME=~"u_ila_0"}]
display_hw_ila_data [upload_hw_ila_data [get_hw_ilas -of_objects [get_hw_devices xc7a100t_0] -filter {CELL_NAME=~"u_ila_0"}]]
INFO: [Labtools 27-1966] The ILA core 'hw_ila_1' triggered at 2023-Mar-14 19:55:44
INFO: [Labtools 27-3304] ILA Waveform data saved to file C:/Users/81802/Desktop/PAPILLON_FW/PAPILLON_v20230314/PAPILLON_v20230314.hw/backup/hw_ila_data_1.ila. Use Tcl command 'read_hw_ila_data' or Vivado File->Import->Import ILA Data menu item to import the previously saved data.
run_hw_ila [get_hw_ilas -of_objects [get_hw_devices xc7a100t_0] -filter {CELL_NAME=~"u_ila_0"}]
INFO: [Labtools 27-1964] The ILA core 'hw_ila_1' trigger was armed at 2023-Mar-14 19:56:53
wait_on_hw_ila [get_hw_ilas -of_objects [get_hw_devices xc7a100t_0] -filter {CELL_NAME=~"u_ila_0"}]
display_hw_ila_data [upload_hw_ila_data [get_hw_ilas -of_objects [get_hw_devices xc7a100t_0] -filter {CELL_NAME=~"u_ila_0"}]]
INFO: [Labtools 27-1966] The ILA core 'hw_ila_1' triggered at 2023-Mar-14 19:57:08
INFO: [Labtools 27-3304] ILA Waveform data saved to file C:/Users/81802/Desktop/PAPILLON_FW/PAPILLON_v20230314/PAPILLON_v20230314.hw/backup/hw_ila_data_1.ila. Use Tcl command 'read_hw_ila_data' or Vivado File->Import->Import ILA Data menu item to import the previously saved data.
run_hw_ila [get_hw_ilas -of_objects [get_hw_devices xc7a100t_0] -filter {CELL_NAME=~"u_ila_0"}]
INFO: [Labtools 27-1964] The ILA core 'hw_ila_1' trigger was armed at 2023-Mar-14 19:59:07
wait_on_hw_ila [get_hw_ilas -of_objects [get_hw_devices xc7a100t_0] -filter {CELL_NAME=~"u_ila_0"}]
display_hw_ila_data [upload_hw_ila_data [get_hw_ilas -of_objects [get_hw_devices xc7a100t_0] -filter {CELL_NAME=~"u_ila_0"}]]
INFO: [Labtools 27-1966] The ILA core 'hw_ila_1' triggered at 2023-Mar-14 19:59:07
INFO: [Labtools 27-3304] ILA Waveform data saved to file C:/Users/81802/Desktop/PAPILLON_FW/PAPILLON_v20230314/PAPILLON_v20230314.hw/backup/hw_ila_data_1.ila. Use Tcl command 'read_hw_ila_data' or Vivado File->Import->Import ILA Data menu item to import the previously saved data.
run_hw_ila [get_hw_ilas -of_objects [get_hw_devices xc7a100t_0] -filter {CELL_NAME=~"u_ila_0"}]
INFO: [Labtools 27-1964] The ILA core 'hw_ila_1' trigger was armed at 2023-Mar-14 19:59:11
wait_on_hw_ila [get_hw_ilas -of_objects [get_hw_devices xc7a100t_0] -filter {CELL_NAME=~"u_ila_0"}]
display_hw_ila_data [upload_hw_ila_data [get_hw_ilas -of_objects [get_hw_devices xc7a100t_0] -filter {CELL_NAME=~"u_ila_0"}]]
INFO: [Labtools 27-1966] The ILA core 'hw_ila_1' triggered at 2023-Mar-14 19:59:39
INFO: [Labtools 27-3304] ILA Waveform data saved to file C:/Users/81802/Desktop/PAPILLON_FW/PAPILLON_v20230314/PAPILLON_v20230314.hw/backup/hw_ila_data_1.ila. Use Tcl command 'read_hw_ila_data' or Vivado File->Import->Import ILA Data menu item to import the previously saved data.
run_hw_ila [get_hw_ilas -of_objects [get_hw_devices xc7a100t_0] -filter {CELL_NAME=~"u_ila_0"}]
INFO: [Labtools 27-1964] The ILA core 'hw_ila_1' trigger was armed at 2023-Mar-14 20:11:10
wait_on_hw_ila [get_hw_ilas -of_objects [get_hw_devices xc7a100t_0] -filter {CELL_NAME=~"u_ila_0"}]
display_hw_ila_data [upload_hw_ila_data [get_hw_ilas -of_objects [get_hw_devices xc7a100t_0] -filter {CELL_NAME=~"u_ila_0"}]]
INFO: [Labtools 27-1966] The ILA core 'hw_ila_1' triggered at 2023-Mar-14 20:11:29
INFO: [Labtools 27-3304] ILA Waveform data saved to file C:/Users/81802/Desktop/PAPILLON_FW/PAPILLON_v20230314/PAPILLON_v20230314.hw/backup/hw_ila_data_1.ila. Use Tcl command 'read_hw_ila_data' or Vivado File->Import->Import ILA Data menu item to import the previously saved data.
run_hw_ila [get_hw_ilas -of_objects [get_hw_devices xc7a100t_0] -filter {CELL_NAME=~"u_ila_0"}]
INFO: [Labtools 27-1964] The ILA core 'hw_ila_1' trigger was armed at 2023-Mar-14 20:13:22
wait_on_hw_ila [get_hw_ilas -of_objects [get_hw_devices xc7a100t_0] -filter {CELL_NAME=~"u_ila_0"}]
display_hw_ila_data [upload_hw_ila_data [get_hw_ilas -of_objects [get_hw_devices xc7a100t_0] -filter {CELL_NAME=~"u_ila_0"}]]
INFO: [Labtools 27-1966] The ILA core 'hw_ila_1' triggered at 2023-Mar-14 20:13:22
INFO: [Labtools 27-3304] ILA Waveform data saved to file C:/Users/81802/Desktop/PAPILLON_FW/PAPILLON_v20230314/PAPILLON_v20230314.hw/backup/hw_ila_data_1.ila. Use Tcl command 'read_hw_ila_data' or Vivado File->Import->Import ILA Data menu item to import the previously saved data.
run_hw_ila [get_hw_ilas -of_objects [get_hw_devices xc7a100t_0] -filter {CELL_NAME=~"u_ila_0"}]
INFO: [Labtools 27-1964] The ILA core 'hw_ila_1' trigger was armed at 2023-Mar-14 20:14:33
wait_on_hw_ila [get_hw_ilas -of_objects [get_hw_devices xc7a100t_0] -filter {CELL_NAME=~"u_ila_0"}]
display_hw_ila_data [upload_hw_ila_data [get_hw_ilas -of_objects [get_hw_devices xc7a100t_0] -filter {CELL_NAME=~"u_ila_0"}]]
INFO: [Labtools 27-1966] The ILA core 'hw_ila_1' triggered at 2023-Mar-14 20:14:43
INFO: [Labtools 27-3304] ILA Waveform data saved to file C:/Users/81802/Desktop/PAPILLON_FW/PAPILLON_v20230314/PAPILLON_v20230314.hw/backup/hw_ila_data_1.ila. Use Tcl command 'read_hw_ila_data' or Vivado File->Import->Import ILA Data menu item to import the previously saved data.
run_hw_ila [get_hw_ilas -of_objects [get_hw_devices xc7a100t_0] -filter {CELL_NAME=~"u_ila_0"}]
INFO: [Labtools 27-1964] The ILA core 'hw_ila_1' trigger was armed at 2023-Mar-14 20:15:07
wait_on_hw_ila [get_hw_ilas -of_objects [get_hw_devices xc7a100t_0] -filter {CELL_NAME=~"u_ila_0"}]
display_hw_ila_data [upload_hw_ila_data [get_hw_ilas -of_objects [get_hw_devices xc7a100t_0] -filter {CELL_NAME=~"u_ila_0"}]]
INFO: [Labtools 27-1966] The ILA core 'hw_ila_1' triggered at 2023-Mar-14 20:15:07
INFO: [Labtools 27-3304] ILA Waveform data saved to file C:/Users/81802/Desktop/PAPILLON_FW/PAPILLON_v20230314/PAPILLON_v20230314.hw/backup/hw_ila_data_1.ila. Use Tcl command 'read_hw_ila_data' or Vivado File->Import->Import ILA Data menu item to import the previously saved data.
run_hw_ila [get_hw_ilas -of_objects [get_hw_devices xc7a100t_0] -filter {CELL_NAME=~"u_ila_0"}]
INFO: [Labtools 27-1964] The ILA core 'hw_ila_1' trigger was armed at 2023-Mar-14 20:15:11
wait_on_hw_ila [get_hw_ilas -of_objects [get_hw_devices xc7a100t_0] -filter {CELL_NAME=~"u_ila_0"}]
display_hw_ila_data [upload_hw_ila_data [get_hw_ilas -of_objects [get_hw_devices xc7a100t_0] -filter {CELL_NAME=~"u_ila_0"}]]
INFO: [Labtools 27-1966] The ILA core 'hw_ila_1' triggered at 2023-Mar-14 20:15:11
INFO: [Labtools 27-3304] ILA Waveform data saved to file C:/Users/81802/Desktop/PAPILLON_FW/PAPILLON_v20230314/PAPILLON_v20230314.hw/backup/hw_ila_data_1.ila. Use Tcl command 'read_hw_ila_data' or Vivado File->Import->Import ILA Data menu item to import the previously saved data.
ERROR: [Labtoolstcl 44-513] HW Target shutdown. Closing target: localhost:3121/xilinx_tcf/Xilinx/000013b3e6d701
INFO: [Labtoolstcl 44-466] Opening hw_target localhost:3121/xilinx_tcf/Xilinx/000013b3e6d701
INFO: [Labtools 27-1435] Device xc7a100t (JTAG device index = 0) is not programmed (DONE status = 0).
WARNING: [Labtoolstcl 44-129] No matching hw_ila_data was found.
close_hw_manager
open_hw_manager
connect_hw_server -allow_non_jtag
INFO: [Labtools 27-2285] Connecting to hw_server url TCP:localhost:3121
INFO: [Labtools 27-3415] Connecting to cs_server url TCP:localhost:3042
INFO: [Labtools 27-3414] Connected to existing cs_server.
open_hw_target
INFO: [Labtoolstcl 44-466] Opening hw_target localhost:3121/xilinx_tcf/Xilinx/000013b3e6d701
set_property PROGRAM.FILE {C:/Users/81802/Desktop/PAPILLON_FW/PAPILLON_v20230314/PAPILLON_v20230314.runs/impl_1/ADC_SiTCP_V20.bit} [get_hw_devices xc7a100t_0]
set_property PROBES.FILE {C:/Users/81802/Desktop/PAPILLON_FW/PAPILLON_v20230314/PAPILLON_v20230314.runs/impl_1/ADC_SiTCP_V20.ltx} [get_hw_devices xc7a100t_0]
set_property FULL_PROBES.FILE {C:/Users/81802/Desktop/PAPILLON_FW/PAPILLON_v20230314/PAPILLON_v20230314.runs/impl_1/ADC_SiTCP_V20.ltx} [get_hw_devices xc7a100t_0]
current_hw_device [get_hw_devices xc7a100t_0]
refresh_hw_device [lindex [get_hw_devices xc7a100t_0] 0]
INFO: [Labtools 27-1435] Device xc7a100t (JTAG device index = 0) is not programmed (DONE status = 0).
set_property PROBES.FILE {C:/Users/81802/Desktop/PAPILLON_FW/PAPILLON_v20230314/PAPILLON_v20230314.runs/impl_1/ADC_SiTCP_V20.ltx} [get_hw_devices xc7a100t_0]
set_property FULL_PROBES.FILE {C:/Users/81802/Desktop/PAPILLON_FW/PAPILLON_v20230314/PAPILLON_v20230314.runs/impl_1/ADC_SiTCP_V20.ltx} [get_hw_devices xc7a100t_0]
set_property PROGRAM.FILE {C:/Users/81802/Desktop/PAPILLON_FW/PAPILLON_v20230314/PAPILLON_v20230314.runs/impl_1/ADC_SiTCP_V20.bit} [get_hw_devices xc7a100t_0]
program_hw_devices [get_hw_devices xc7a100t_0]
INFO: [Labtools 27-3164] End of startup status: HIGH
program_hw_devices: Time (s): cpu = 00:00:11 ; elapsed = 00:00:11 . Memory (MB): peak = 3936.633 ; gain = 0.000
refresh_hw_device [lindex [get_hw_devices xc7a100t_0] 0]
INFO: [Labtools 27-2302] Device xc7a100t (JTAG device index = 0) is programmed with a design that has 1 ILA core(s).
display_hw_ila_data [ get_hw_ila_data hw_ila_data_1 -of_objects [get_hw_ilas -of_objects [get_hw_devices xc7a100t_0] -filter {CELL_NAME=~"u_ila_0"}]]
run_hw_ila [get_hw_ilas -of_objects [get_hw_devices xc7a100t_0] -filter {CELL_NAME=~"u_ila_0"}]
INFO: [Labtools 27-1964] The ILA core 'hw_ila_1' trigger was armed at 2023-Mar-14 20:16:33
wait_on_hw_ila [get_hw_ilas -of_objects [get_hw_devices xc7a100t_0] -filter {CELL_NAME=~"u_ila_0"}]
display_hw_ila_data [upload_hw_ila_data [get_hw_ilas -of_objects [get_hw_devices xc7a100t_0] -filter {CELL_NAME=~"u_ila_0"}]]
INFO: [Labtools 27-1966] The ILA core 'hw_ila_1' triggered at 2023-Mar-14 20:16:43
INFO: [Labtools 27-3304] ILA Waveform data saved to file C:/Users/81802/Desktop/PAPILLON_FW/PAPILLON_v20230314/PAPILLON_v20230314.hw/backup/hw_ila_data_1.ila. Use Tcl command 'read_hw_ila_data' or Vivado File->Import->Import ILA Data menu item to import the previously saved data.
run_hw_ila [get_hw_ilas -of_objects [get_hw_devices xc7a100t_0] -filter {CELL_NAME=~"u_ila_0"}]
INFO: [Labtools 27-1964] The ILA core 'hw_ila_1' trigger was armed at 2023-Mar-14 20:17:09
wait_on_hw_ila [get_hw_ilas -of_objects [get_hw_devices xc7a100t_0] -filter {CELL_NAME=~"u_ila_0"}]
display_hw_ila_data [upload_hw_ila_data [get_hw_ilas -of_objects [get_hw_devices xc7a100t_0] -filter {CELL_NAME=~"u_ila_0"}]]
INFO: [Labtools 27-1966] The ILA core 'hw_ila_1' triggered at 2023-Mar-14 20:17:09
INFO: [Labtools 27-3304] ILA Waveform data saved to file C:/Users/81802/Desktop/PAPILLON_FW/PAPILLON_v20230314/PAPILLON_v20230314.hw/backup/hw_ila_data_1.ila. Use Tcl command 'read_hw_ila_data' or Vivado File->Import->Import ILA Data menu item to import the previously saved data.
run_hw_ila [get_hw_ilas -of_objects [get_hw_devices xc7a100t_0] -filter {CELL_NAME=~"u_ila_0"}]
INFO: [Labtools 27-1964] The ILA core 'hw_ila_1' trigger was armed at 2023-Mar-14 20:17:15
wait_on_hw_ila [get_hw_ilas -of_objects [get_hw_devices xc7a100t_0] -filter {CELL_NAME=~"u_ila_0"}]
display_hw_ila_data [upload_hw_ila_data [get_hw_ilas -of_objects [get_hw_devices xc7a100t_0] -filter {CELL_NAME=~"u_ila_0"}]]
INFO: [Labtools 27-1966] The ILA core 'hw_ila_1' triggered at 2023-Mar-14 20:17:15
INFO: [Labtools 27-3304] ILA Waveform data saved to file C:/Users/81802/Desktop/PAPILLON_FW/PAPILLON_v20230314/PAPILLON_v20230314.hw/backup/hw_ila_data_1.ila. Use Tcl command 'read_hw_ila_data' or Vivado File->Import->Import ILA Data menu item to import the previously saved data.
set_property TRIGGER_COMPARE_VALUE eq24'u0 [get_hw_probes LOC_REG/REG_THRESHOLD_WIDTH -of_objects [get_hw_ilas -of_objects [get_hw_devices xc7a100t_0] -filter {CELL_NAME=~"u_ila_0"}]]
set_property TRIGGER_COMPARE_VALUE gt24'u0 [get_hw_probes LOC_REG/REG_THRESHOLD_WIDTH -of_objects [get_hw_ilas -of_objects [get_hw_devices xc7a100t_0] -filter {CELL_NAME=~"u_ila_0"}]]
set_property TRIGGER_COMPARE_VALUE gt24'u255 [get_hw_probes LOC_REG/REG_THRESHOLD_WIDTH -of_objects [get_hw_ilas -of_objects [get_hw_devices xc7a100t_0] -filter {CELL_NAME=~"u_ila_0"}]]
run_hw_ila [get_hw_ilas -of_objects [get_hw_devices xc7a100t_0] -filter {CELL_NAME=~"u_ila_0"}]
INFO: [Labtools 27-1964] The ILA core 'hw_ila_1' trigger was armed at 2023-Mar-14 20:18:34
wait_on_hw_ila [get_hw_ilas -of_objects [get_hw_devices xc7a100t_0] -filter {CELL_NAME=~"u_ila_0"}]
display_hw_ila_data [upload_hw_ila_data [get_hw_ilas -of_objects [get_hw_devices xc7a100t_0] -filter {CELL_NAME=~"u_ila_0"}]]
INFO: [Labtools 27-1966] The ILA core 'hw_ila_1' triggered at 2023-Mar-14 20:18:48
INFO: [Labtools 27-3304] ILA Waveform data saved to file C:/Users/81802/Desktop/PAPILLON_FW/PAPILLON_v20230314/PAPILLON_v20230314.hw/backup/hw_ila_data_1.ila. Use Tcl command 'read_hw_ila_data' or Vivado File->Import->Import ILA Data menu item to import the previously saved data.
save_wave_config {C:/Users/81802/Desktop/PAPILLON_FW/PAPILLON_v20230314/PAPILLON_v20230314.hw/hw_1/wave/hw_ila_data_1/hw_ila_data_1.wcfg}
exit
INFO: [Common 17-206] Exiting Vivado at Tue Mar 14 20:21:14 2023...
