#-----------------------------------------------------------
# Vivado v2019.2 (64-bit)
# SW Build 2708876 on Wed Nov  6 21:40:23 MST 2019
# IP Build 2700528 on Thu Nov  7 00:09:20 MST 2019
# Start of session at: Wed Mar 15 11:05:34 2023
# Process ID: 5144
# Current directory: C:/Users/81802/Desktop/PAPILLON_FW/PAPILLON_v20230314
# Command line: vivado.exe -gui_launcher_event rodinguilauncherevent7024 C:\Users\81802\Desktop\PAPILLON_FW\PAPILLON_v20230314\PAPILLON_v20230314.xpr
# Log file: C:/Users/81802/Desktop/PAPILLON_FW/PAPILLON_v20230314/vivado.log
# Journal file: C:/Users/81802/Desktop/PAPILLON_FW/PAPILLON_v20230314\vivado.jou
#-----------------------------------------------------------
start_gui
open_project C:/Users/81802/Desktop/PAPILLON_FW/PAPILLON_v20230314/PAPILLON_v20230314.xpr
Scanning sources...
Finished scanning sources
INFO: [IP_Flow 19-234] Refreshing IP repositories
INFO: [IP_Flow 19-1704] No user IP repositories specified
INFO: [IP_Flow 19-2313] Loaded Vivado IP repository 'C:/Xilinx/Vivado/2019.2/data/ip'.
open_project: Time (s): cpu = 00:00:10 ; elapsed = 00:00:06 . Memory (MB): peak = 969.574 ; gain = 269.246
update_compile_order -fileset sources_1
reset_run synth_1
launch_runs synth_1 -jobs 12
[Wed Mar 15 11:22:12 2023] Launched synth_1...
Run output will be captured here: C:/Users/81802/Desktop/PAPILLON_FW/PAPILLON_v20230314/PAPILLON_v20230314.runs/synth_1/runme.log
launch_runs impl_1 -jobs 12
[Wed Mar 15 11:23:26 2023] Launched impl_1...
Run output will be captured here: C:/Users/81802/Desktop/PAPILLON_FW/PAPILLON_v20230314/PAPILLON_v20230314.runs/impl_1/runme.log
open_run impl_1
INFO: [Device 21-403] Loading part xc7a100tfgg484-1
Netlist sorting complete. Time (s): cpu = 00:00:02 ; elapsed = 00:00:02 . Memory (MB): peak = 1534.641 ; gain = 1.727
INFO: [Netlist 29-17] Analyzing 4020 Unisim elements for replacement
INFO: [Netlist 29-28] Unisim Transformation completed in 0 CPU seconds
INFO: [Project 1-479] Netlist was created with Vivado 2019.2
INFO: [Project 1-570] Preparing netlist for logic optimization
INFO: [Timing 38-478] Restoring timing data from binary archive.
INFO: [Timing 38-479] Binary timing data restore complete.
INFO: [Project 1-856] Restoring constraints from binary archive.
INFO: [Project 1-853] Binary constraint restore complete.
Reading XDEF placement.
Reading placer database...
Reading XDEF routing.
Read XDEF File: Time (s): cpu = 00:00:03 ; elapsed = 00:00:03 . Memory (MB): peak = 2413.195 ; gain = 23.699
Restored from archive | CPU: 4.000000 secs | Memory: 0.000000 MB |
Finished XDEF File Restore: Time (s): cpu = 00:00:03 ; elapsed = 00:00:03 . Memory (MB): peak = 2413.195 ; gain = 23.699
Netlist sorting complete. Time (s): cpu = 00:00:00 ; elapsed = 00:00:00.019 . Memory (MB): peak = 2413.195 ; gain = 0.000
INFO: [Project 1-111] Unisim Transformation Summary:
  A total of 170 instances were transformed.
  CFGLUT5 => CFGLUT5 (SRL16E, SRLC32E): 48 instances
  IOBUF => IOBUF (IBUF, OBUFT): 3 instances
  RAM32M => RAM32M (RAMD32(x6), RAMS32(x2)): 6 instances
  RAM32X1S => RAM32X1S (RAMS32): 8 instances
  SRLC16E => SRL16E: 103 instances
  SRLC32E => SRL16E: 2 instances

open_run: Time (s): cpu = 00:00:31 ; elapsed = 00:00:26 . Memory (MB): peak = 2518.980 ; gain = 1074.957
open_report: Time (s): cpu = 00:00:22 ; elapsed = 00:00:16 . Memory (MB): peak = 2646.383 ; gain = 86.055
CRITICAL WARNING: [Timing 38-282] The design failed to meet the timing requirements. Please see the timing summary report for details on the timing violations.
WARNING: [Timing 38-436] There are set_bus_skew constraint(s) in this design. Please run report_bus_skew to ensure that bus skew requirements are met.
open_run synth_1 -name synth_1
Design is defaulting to impl run constrset: constrs_1
Design is defaulting to synth run part: xc7a100tfgg484-1
INFO: [Project 1-454] Reading design checkpoint 'c:/Users/81802/Desktop/PAPILLON_FW/PAPILLON_v20230314/PAPILLON_v20230314.srcs/sources_1/ip/SYSCLK0/SYSCLK0.dcp' for cell 'SYSCLK0'
INFO: [Project 1-454] Reading design checkpoint 'c:/Users/81802/Desktop/PAPILLON_FW/PAPILLON_v20230314/PAPILLON_v20230314.srcs/sources_1/ip/SYSCLK2/SYSCLK2.dcp' for cell 'SYSCLK2'
INFO: [Project 1-454] Reading design checkpoint 'c:/Users/81802/Desktop/PAPILLON_FW/PAPILLON_v20230314/PAPILLON_v20230314.srcs/sources_1/ip/fifo_generator_1/fifo_generator_1.dcp' for cell 'ADC1_IF/eras_fifo'
INFO: [Project 1-454] Reading design checkpoint 'c:/Users/81802/Desktop/PAPILLON_FW/PAPILLON_v20230314/PAPILLON_v20230314.srcs/sources_1/ip/mem_8_4K/mem_8_4K.dcp' for cell 'ADC_SiTCP_RAW/mem_generate[0].ADC_MEM_0'
INFO: [Project 1-454] Reading design checkpoint 'c:/Users/81802/Desktop/PAPILLON_FW/PAPILLON_v20230314/PAPILLON_v20230314.srcs/sources_1/ip/divider/divider.dcp' for cell 'ADC_SiTCP_RAW/ADC_INT/CalBeamPosition'
INFO: [Project 1-454] Reading design checkpoint 'c:/Users/81802/Desktop/PAPILLON_FW/PAPILLON_v20230314/PAPILLON_v20230314.srcs/sources_1/ip/cordic_0/cordic_0.dcp' for cell 'ADC_SiTCP_RAW/ADC_INT/CalBeamWidth'
INFO: [Project 1-454] Reading design checkpoint 'c:/Users/81802/Desktop/PAPILLON_FW/PAPILLON_v20230314/PAPILLON_v20230314.srcs/sources_1/ip/mult_gen_2/mult_gen_2.dcp' for cell 'ADC_SiTCP_RAW/ADC_INT/SquareBeamPosition'
INFO: [Project 1-454] Reading design checkpoint 'c:/Users/81802/Desktop/PAPILLON_FW/PAPILLON_v20230314/PAPILLON_v20230314.srcs/sources_1/ip/mult_gen_0/mult_gen_0.dcp' for cell 'ADC_SiTCP_RAW/ADC_INT/multiplier_0'
INFO: [Project 1-454] Reading design checkpoint 'c:/Users/81802/Desktop/PAPILLON_FW/PAPILLON_v20230314/PAPILLON_v20230314.srcs/sources_1/ip/mult_gen_1/mult_gen_1.dcp' for cell 'ADC_SiTCP_RAW/ADC_INT/multiplier_1'
Netlist sorting complete. Time (s): cpu = 00:00:02 ; elapsed = 00:00:02 . Memory (MB): peak = 2798.266 ; gain = 0.000
INFO: [Netlist 29-17] Analyzing 4136 Unisim elements for replacement
INFO: [Netlist 29-28] Unisim Transformation completed in 0 CPU seconds
INFO: [Project 1-479] Netlist was created with Vivado 2019.2
INFO: [Project 1-570] Preparing netlist for logic optimization
Parsing XDC File [c:/Users/81802/Desktop/PAPILLON_FW/PAPILLON_v20230314/PAPILLON_v20230314.srcs/sources_1/ip/SYSCLK0/SYSCLK0_board.xdc] for cell 'SYSCLK0/inst'
Finished Parsing XDC File [c:/Users/81802/Desktop/PAPILLON_FW/PAPILLON_v20230314/PAPILLON_v20230314.srcs/sources_1/ip/SYSCLK0/SYSCLK0_board.xdc] for cell 'SYSCLK0/inst'
Parsing XDC File [c:/Users/81802/Desktop/PAPILLON_FW/PAPILLON_v20230314/PAPILLON_v20230314.srcs/sources_1/ip/SYSCLK0/SYSCLK0.xdc] for cell 'SYSCLK0/inst'
INFO: [Timing 38-35] Done setting XDC timing constraints. [c:/Users/81802/Desktop/PAPILLON_FW/PAPILLON_v20230314/PAPILLON_v20230314.srcs/sources_1/ip/SYSCLK0/SYSCLK0.xdc:57]
INFO: [Timing 38-2] Deriving generated clocks [c:/Users/81802/Desktop/PAPILLON_FW/PAPILLON_v20230314/PAPILLON_v20230314.srcs/sources_1/ip/SYSCLK0/SYSCLK0.xdc:57]
Finished Parsing XDC File [c:/Users/81802/Desktop/PAPILLON_FW/PAPILLON_v20230314/PAPILLON_v20230314.srcs/sources_1/ip/SYSCLK0/SYSCLK0.xdc] for cell 'SYSCLK0/inst'
Parsing XDC File [c:/Users/81802/Desktop/PAPILLON_FW/PAPILLON_v20230314/PAPILLON_v20230314.srcs/sources_1/ip/SYSCLK2/SYSCLK2_board.xdc] for cell 'SYSCLK2/inst'
Finished Parsing XDC File [c:/Users/81802/Desktop/PAPILLON_FW/PAPILLON_v20230314/PAPILLON_v20230314.srcs/sources_1/ip/SYSCLK2/SYSCLK2_board.xdc] for cell 'SYSCLK2/inst'
Parsing XDC File [c:/Users/81802/Desktop/PAPILLON_FW/PAPILLON_v20230314/PAPILLON_v20230314.srcs/sources_1/ip/SYSCLK2/SYSCLK2.xdc] for cell 'SYSCLK2/inst'
Finished Parsing XDC File [c:/Users/81802/Desktop/PAPILLON_FW/PAPILLON_v20230314/PAPILLON_v20230314.srcs/sources_1/ip/SYSCLK2/SYSCLK2.xdc] for cell 'SYSCLK2/inst'
Parsing XDC File [c:/Users/81802/Desktop/PAPILLON_FW/PAPILLON_v20230314/PAPILLON_v20230314.srcs/sources_1/ip/fifo_generator_1/fifo_generator_1.xdc] for cell 'ADC1_IF/eras_fifo/U0'
Finished Parsing XDC File [c:/Users/81802/Desktop/PAPILLON_FW/PAPILLON_v20230314/PAPILLON_v20230314.srcs/sources_1/ip/fifo_generator_1/fifo_generator_1.xdc] for cell 'ADC1_IF/eras_fifo/U0'
Parsing XDC File [c:/Users/81802/Desktop/PAPILLON_FW/PAPILLON_v20230314/PAPILLON_v20230314.srcs/sources_1/ip/fifo_generator_1/fifo_generator_1.xdc] for cell 'ADC2_IF/eras_fifo/U0'
Finished Parsing XDC File [c:/Users/81802/Desktop/PAPILLON_FW/PAPILLON_v20230314/PAPILLON_v20230314.srcs/sources_1/ip/fifo_generator_1/fifo_generator_1.xdc] for cell 'ADC2_IF/eras_fifo/U0'
Parsing XDC File [c:/Users/81802/Desktop/PAPILLON_FW/PAPILLON_v20230314/PAPILLON_v20230314.srcs/sources_1/ip/fifo_generator_1/fifo_generator_1.xdc] for cell 'ADC3_IF/eras_fifo/U0'
Finished Parsing XDC File [c:/Users/81802/Desktop/PAPILLON_FW/PAPILLON_v20230314/PAPILLON_v20230314.srcs/sources_1/ip/fifo_generator_1/fifo_generator_1.xdc] for cell 'ADC3_IF/eras_fifo/U0'
Parsing XDC File [C:/Users/81802/Desktop/PAPILLON_FW/PAPILLON_v20230314/PAPILLON_v20230314.srcs/constrs_1/imports/papillon_24ch/constrs_1.xdc]
Finished Parsing XDC File [C:/Users/81802/Desktop/PAPILLON_FW/PAPILLON_v20230314/PAPILLON_v20230314.srcs/constrs_1/imports/papillon_24ch/constrs_1.xdc]
Parsing XDC File [c:/Users/81802/Desktop/PAPILLON_FW/PAPILLON_v20230314/PAPILLON_v20230314.srcs/sources_1/ip/SYSCLK2/SYSCLK2_late.xdc] for cell 'SYSCLK2/inst'
Finished Parsing XDC File [c:/Users/81802/Desktop/PAPILLON_FW/PAPILLON_v20230314/PAPILLON_v20230314.srcs/sources_1/ip/SYSCLK2/SYSCLK2_late.xdc] for cell 'SYSCLK2/inst'
Parsing XDC File [c:/Users/81802/Desktop/PAPILLON_FW/PAPILLON_v20230314/PAPILLON_v20230314.srcs/sources_1/ip/fifo_generator_1/fifo_generator_1_clocks.xdc] for cell 'ADC1_IF/eras_fifo/U0'
Finished Parsing XDC File [c:/Users/81802/Desktop/PAPILLON_FW/PAPILLON_v20230314/PAPILLON_v20230314.srcs/sources_1/ip/fifo_generator_1/fifo_generator_1_clocks.xdc] for cell 'ADC1_IF/eras_fifo/U0'
Parsing XDC File [c:/Users/81802/Desktop/PAPILLON_FW/PAPILLON_v20230314/PAPILLON_v20230314.srcs/sources_1/ip/fifo_generator_1/fifo_generator_1_clocks.xdc] for cell 'ADC2_IF/eras_fifo/U0'
Finished Parsing XDC File [c:/Users/81802/Desktop/PAPILLON_FW/PAPILLON_v20230314/PAPILLON_v20230314.srcs/sources_1/ip/fifo_generator_1/fifo_generator_1_clocks.xdc] for cell 'ADC2_IF/eras_fifo/U0'
Parsing XDC File [c:/Users/81802/Desktop/PAPILLON_FW/PAPILLON_v20230314/PAPILLON_v20230314.srcs/sources_1/ip/fifo_generator_1/fifo_generator_1_clocks.xdc] for cell 'ADC3_IF/eras_fifo/U0'
Finished Parsing XDC File [c:/Users/81802/Desktop/PAPILLON_FW/PAPILLON_v20230314/PAPILLON_v20230314.srcs/sources_1/ip/fifo_generator_1/fifo_generator_1_clocks.xdc] for cell 'ADC3_IF/eras_fifo/U0'
Sourcing Tcl File [C:/Xilinx/Vivado/2019.2/data/ip/xpm/xpm_cdc/tcl/xpm_cdc_async_rst.tcl] for cell 'ADC1_IF/eras_fifo/U0/inst_fifo_gen/gconvfifo.rf/grf.rf/rstblk/ngwrdrst.grst.g7serrst.gnsckt_wrst.gic_rst.rst_rd_reg2_inst'
Finished Sourcing Tcl File [C:/Xilinx/Vivado/2019.2/data/ip/xpm/xpm_cdc/tcl/xpm_cdc_async_rst.tcl] for cell 'ADC1_IF/eras_fifo/U0/inst_fifo_gen/gconvfifo.rf/grf.rf/rstblk/ngwrdrst.grst.g7serrst.gnsckt_wrst.gic_rst.rst_rd_reg2_inst'
Sourcing Tcl File [C:/Xilinx/Vivado/2019.2/data/ip/xpm/xpm_cdc/tcl/xpm_cdc_async_rst.tcl] for cell 'ADC2_IF/eras_fifo/U0/inst_fifo_gen/gconvfifo.rf/grf.rf/rstblk/ngwrdrst.grst.g7serrst.gnsckt_wrst.gic_rst.rst_rd_reg2_inst'
Finished Sourcing Tcl File [C:/Xilinx/Vivado/2019.2/data/ip/xpm/xpm_cdc/tcl/xpm_cdc_async_rst.tcl] for cell 'ADC2_IF/eras_fifo/U0/inst_fifo_gen/gconvfifo.rf/grf.rf/rstblk/ngwrdrst.grst.g7serrst.gnsckt_wrst.gic_rst.rst_rd_reg2_inst'
Sourcing Tcl File [C:/Xilinx/Vivado/2019.2/data/ip/xpm/xpm_cdc/tcl/xpm_cdc_async_rst.tcl] for cell 'ADC3_IF/eras_fifo/U0/inst_fifo_gen/gconvfifo.rf/grf.rf/rstblk/ngwrdrst.grst.g7serrst.gnsckt_wrst.gic_rst.rst_rd_reg2_inst'
Finished Sourcing Tcl File [C:/Xilinx/Vivado/2019.2/data/ip/xpm/xpm_cdc/tcl/xpm_cdc_async_rst.tcl] for cell 'ADC3_IF/eras_fifo/U0/inst_fifo_gen/gconvfifo.rf/grf.rf/rstblk/ngwrdrst.grst.g7serrst.gnsckt_wrst.gic_rst.rst_rd_reg2_inst'
Sourcing Tcl File [C:/Xilinx/Vivado/2019.2/data/ip/xpm/xpm_cdc/tcl/xpm_cdc_async_rst.tcl] for cell 'ADC1_IF/eras_fifo/U0/inst_fifo_gen/gconvfifo.rf/grf.rf/rstblk/ngwrdrst.grst.g7serrst.gnsckt_wrst.rst_wr_reg2_inst'
Finished Sourcing Tcl File [C:/Xilinx/Vivado/2019.2/data/ip/xpm/xpm_cdc/tcl/xpm_cdc_async_rst.tcl] for cell 'ADC1_IF/eras_fifo/U0/inst_fifo_gen/gconvfifo.rf/grf.rf/rstblk/ngwrdrst.grst.g7serrst.gnsckt_wrst.rst_wr_reg2_inst'
Sourcing Tcl File [C:/Xilinx/Vivado/2019.2/data/ip/xpm/xpm_cdc/tcl/xpm_cdc_async_rst.tcl] for cell 'ADC2_IF/eras_fifo/U0/inst_fifo_gen/gconvfifo.rf/grf.rf/rstblk/ngwrdrst.grst.g7serrst.gnsckt_wrst.rst_wr_reg2_inst'
Finished Sourcing Tcl File [C:/Xilinx/Vivado/2019.2/data/ip/xpm/xpm_cdc/tcl/xpm_cdc_async_rst.tcl] for cell 'ADC2_IF/eras_fifo/U0/inst_fifo_gen/gconvfifo.rf/grf.rf/rstblk/ngwrdrst.grst.g7serrst.gnsckt_wrst.rst_wr_reg2_inst'
Sourcing Tcl File [C:/Xilinx/Vivado/2019.2/data/ip/xpm/xpm_cdc/tcl/xpm_cdc_async_rst.tcl] for cell 'ADC3_IF/eras_fifo/U0/inst_fifo_gen/gconvfifo.rf/grf.rf/rstblk/ngwrdrst.grst.g7serrst.gnsckt_wrst.rst_wr_reg2_inst'
Finished Sourcing Tcl File [C:/Xilinx/Vivado/2019.2/data/ip/xpm/xpm_cdc/tcl/xpm_cdc_async_rst.tcl] for cell 'ADC3_IF/eras_fifo/U0/inst_fifo_gen/gconvfifo.rf/grf.rf/rstblk/ngwrdrst.grst.g7serrst.gnsckt_wrst.rst_wr_reg2_inst'
Sourcing Tcl File [C:/Xilinx/Vivado/2019.2/data/ip/xpm/xpm_cdc/tcl/xpm_cdc_gray.tcl] for cell 'ADC1_IF/eras_fifo/U0/inst_fifo_gen/gconvfifo.rf/grf.rf/gntv_or_sync_fifo.gcx.clkx/rd_pntr_cdc_inst'
Finished Sourcing Tcl File [C:/Xilinx/Vivado/2019.2/data/ip/xpm/xpm_cdc/tcl/xpm_cdc_gray.tcl] for cell 'ADC1_IF/eras_fifo/U0/inst_fifo_gen/gconvfifo.rf/grf.rf/gntv_or_sync_fifo.gcx.clkx/rd_pntr_cdc_inst'
Sourcing Tcl File [C:/Xilinx/Vivado/2019.2/data/ip/xpm/xpm_cdc/tcl/xpm_cdc_gray.tcl] for cell 'ADC2_IF/eras_fifo/U0/inst_fifo_gen/gconvfifo.rf/grf.rf/gntv_or_sync_fifo.gcx.clkx/rd_pntr_cdc_inst'
Finished Sourcing Tcl File [C:/Xilinx/Vivado/2019.2/data/ip/xpm/xpm_cdc/tcl/xpm_cdc_gray.tcl] for cell 'ADC2_IF/eras_fifo/U0/inst_fifo_gen/gconvfifo.rf/grf.rf/gntv_or_sync_fifo.gcx.clkx/rd_pntr_cdc_inst'
Sourcing Tcl File [C:/Xilinx/Vivado/2019.2/data/ip/xpm/xpm_cdc/tcl/xpm_cdc_gray.tcl] for cell 'ADC3_IF/eras_fifo/U0/inst_fifo_gen/gconvfifo.rf/grf.rf/gntv_or_sync_fifo.gcx.clkx/rd_pntr_cdc_inst'
Finished Sourcing Tcl File [C:/Xilinx/Vivado/2019.2/data/ip/xpm/xpm_cdc/tcl/xpm_cdc_gray.tcl] for cell 'ADC3_IF/eras_fifo/U0/inst_fifo_gen/gconvfifo.rf/grf.rf/gntv_or_sync_fifo.gcx.clkx/rd_pntr_cdc_inst'
Sourcing Tcl File [C:/Xilinx/Vivado/2019.2/data/ip/xpm/xpm_cdc/tcl/xpm_cdc_gray.tcl] for cell 'ADC1_IF/eras_fifo/U0/inst_fifo_gen/gconvfifo.rf/grf.rf/gntv_or_sync_fifo.gcx.clkx/wr_pntr_cdc_inst'
Finished Sourcing Tcl File [C:/Xilinx/Vivado/2019.2/data/ip/xpm/xpm_cdc/tcl/xpm_cdc_gray.tcl] for cell 'ADC1_IF/eras_fifo/U0/inst_fifo_gen/gconvfifo.rf/grf.rf/gntv_or_sync_fifo.gcx.clkx/wr_pntr_cdc_inst'
Sourcing Tcl File [C:/Xilinx/Vivado/2019.2/data/ip/xpm/xpm_cdc/tcl/xpm_cdc_gray.tcl] for cell 'ADC2_IF/eras_fifo/U0/inst_fifo_gen/gconvfifo.rf/grf.rf/gntv_or_sync_fifo.gcx.clkx/wr_pntr_cdc_inst'
Finished Sourcing Tcl File [C:/Xilinx/Vivado/2019.2/data/ip/xpm/xpm_cdc/tcl/xpm_cdc_gray.tcl] for cell 'ADC2_IF/eras_fifo/U0/inst_fifo_gen/gconvfifo.rf/grf.rf/gntv_or_sync_fifo.gcx.clkx/wr_pntr_cdc_inst'
Sourcing Tcl File [C:/Xilinx/Vivado/2019.2/data/ip/xpm/xpm_cdc/tcl/xpm_cdc_gray.tcl] for cell 'ADC3_IF/eras_fifo/U0/inst_fifo_gen/gconvfifo.rf/grf.rf/gntv_or_sync_fifo.gcx.clkx/wr_pntr_cdc_inst'
Finished Sourcing Tcl File [C:/Xilinx/Vivado/2019.2/data/ip/xpm/xpm_cdc/tcl/xpm_cdc_gray.tcl] for cell 'ADC3_IF/eras_fifo/U0/inst_fifo_gen/gconvfifo.rf/grf.rf/gntv_or_sync_fifo.gcx.clkx/wr_pntr_cdc_inst'
Sourcing Tcl File [C:/Xilinx/Vivado/2019.2/data/ip/xpm/xpm_cdc/tcl/xpm_cdc_single.tcl] for cell 'ADC1_IF/eras_fifo/U0/inst_fifo_gen/gconvfifo.rf/grf.rf/rstblk/ngwrdrst.grst.g7serrst.gnsckt_wrst.gic_rst.xpm_cdc_single_inst_rrst_wr'
Finished Sourcing Tcl File [C:/Xilinx/Vivado/2019.2/data/ip/xpm/xpm_cdc/tcl/xpm_cdc_single.tcl] for cell 'ADC1_IF/eras_fifo/U0/inst_fifo_gen/gconvfifo.rf/grf.rf/rstblk/ngwrdrst.grst.g7serrst.gnsckt_wrst.gic_rst.xpm_cdc_single_inst_rrst_wr'
Sourcing Tcl File [C:/Xilinx/Vivado/2019.2/data/ip/xpm/xpm_cdc/tcl/xpm_cdc_single.tcl] for cell 'ADC2_IF/eras_fifo/U0/inst_fifo_gen/gconvfifo.rf/grf.rf/rstblk/ngwrdrst.grst.g7serrst.gnsckt_wrst.gic_rst.xpm_cdc_single_inst_rrst_wr'
Finished Sourcing Tcl File [C:/Xilinx/Vivado/2019.2/data/ip/xpm/xpm_cdc/tcl/xpm_cdc_single.tcl] for cell 'ADC2_IF/eras_fifo/U0/inst_fifo_gen/gconvfifo.rf/grf.rf/rstblk/ngwrdrst.grst.g7serrst.gnsckt_wrst.gic_rst.xpm_cdc_single_inst_rrst_wr'
Sourcing Tcl File [C:/Xilinx/Vivado/2019.2/data/ip/xpm/xpm_cdc/tcl/xpm_cdc_single.tcl] for cell 'ADC3_IF/eras_fifo/U0/inst_fifo_gen/gconvfifo.rf/grf.rf/rstblk/ngwrdrst.grst.g7serrst.gnsckt_wrst.gic_rst.xpm_cdc_single_inst_rrst_wr'
Finished Sourcing Tcl File [C:/Xilinx/Vivado/2019.2/data/ip/xpm/xpm_cdc/tcl/xpm_cdc_single.tcl] for cell 'ADC3_IF/eras_fifo/U0/inst_fifo_gen/gconvfifo.rf/grf.rf/rstblk/ngwrdrst.grst.g7serrst.gnsckt_wrst.gic_rst.xpm_cdc_single_inst_rrst_wr'
Sourcing Tcl File [C:/Xilinx/Vivado/2019.2/data/ip/xpm/xpm_cdc/tcl/xpm_cdc_single.tcl] for cell 'ADC1_IF/eras_fifo/U0/inst_fifo_gen/gconvfifo.rf/grf.rf/rstblk/ngwrdrst.grst.g7serrst.gnsckt_wrst.gic_rst.xpm_cdc_single_inst_wrst_rd'
Finished Sourcing Tcl File [C:/Xilinx/Vivado/2019.2/data/ip/xpm/xpm_cdc/tcl/xpm_cdc_single.tcl] for cell 'ADC1_IF/eras_fifo/U0/inst_fifo_gen/gconvfifo.rf/grf.rf/rstblk/ngwrdrst.grst.g7serrst.gnsckt_wrst.gic_rst.xpm_cdc_single_inst_wrst_rd'
Sourcing Tcl File [C:/Xilinx/Vivado/2019.2/data/ip/xpm/xpm_cdc/tcl/xpm_cdc_single.tcl] for cell 'ADC2_IF/eras_fifo/U0/inst_fifo_gen/gconvfifo.rf/grf.rf/rstblk/ngwrdrst.grst.g7serrst.gnsckt_wrst.gic_rst.xpm_cdc_single_inst_wrst_rd'
Finished Sourcing Tcl File [C:/Xilinx/Vivado/2019.2/data/ip/xpm/xpm_cdc/tcl/xpm_cdc_single.tcl] for cell 'ADC2_IF/eras_fifo/U0/inst_fifo_gen/gconvfifo.rf/grf.rf/rstblk/ngwrdrst.grst.g7serrst.gnsckt_wrst.gic_rst.xpm_cdc_single_inst_wrst_rd'
Sourcing Tcl File [C:/Xilinx/Vivado/2019.2/data/ip/xpm/xpm_cdc/tcl/xpm_cdc_single.tcl] for cell 'ADC3_IF/eras_fifo/U0/inst_fifo_gen/gconvfifo.rf/grf.rf/rstblk/ngwrdrst.grst.g7serrst.gnsckt_wrst.gic_rst.xpm_cdc_single_inst_wrst_rd'
Finished Sourcing Tcl File [C:/Xilinx/Vivado/2019.2/data/ip/xpm/xpm_cdc/tcl/xpm_cdc_single.tcl] for cell 'ADC3_IF/eras_fifo/U0/inst_fifo_gen/gconvfifo.rf/grf.rf/rstblk/ngwrdrst.grst.g7serrst.gnsckt_wrst.gic_rst.xpm_cdc_single_inst_wrst_rd'
INFO: [Opt 31-138] Pushed 0 inverter(s) to 0 load pin(s).
Netlist sorting complete. Time (s): cpu = 00:00:00 ; elapsed = 00:00:00.020 . Memory (MB): peak = 3091.434 ; gain = 0.000
INFO: [Project 1-111] Unisim Transformation Summary:
  A total of 15 instances were transformed.
  IOBUF => IOBUF (IBUF, OBUFT): 3 instances
  OBUFDS => OBUFDS: 4 instances
  RAM32X1S => RAM32X1S (RAMS32): 8 instances

open_run: Time (s): cpu = 00:00:23 ; elapsed = 00:00:18 . Memory (MB): peak = 3091.434 ; gain = 413.695
delete_debug_core [get_debug_cores {u_ila_0 }]
save_constraints
reset_run synth_1
close_design
close_design
launch_runs synth_1 -jobs 12
[Wed Mar 15 11:40:01 2023] Launched synth_1...
Run output will be captured here: C:/Users/81802/Desktop/PAPILLON_FW/PAPILLON_v20230314/PAPILLON_v20230314.runs/synth_1/runme.log
open_run synth_1 -name synth_1
Design is defaulting to impl run constrset: constrs_1
Design is defaulting to synth run part: xc7a100tfgg484-1
INFO: [Project 1-454] Reading design checkpoint 'c:/Users/81802/Desktop/PAPILLON_FW/PAPILLON_v20230314/PAPILLON_v20230314.srcs/sources_1/ip/SYSCLK0/SYSCLK0.dcp' for cell 'SYSCLK0'
INFO: [Project 1-454] Reading design checkpoint 'c:/Users/81802/Desktop/PAPILLON_FW/PAPILLON_v20230314/PAPILLON_v20230314.srcs/sources_1/ip/SYSCLK2/SYSCLK2.dcp' for cell 'SYSCLK2'
INFO: [Project 1-454] Reading design checkpoint 'c:/Users/81802/Desktop/PAPILLON_FW/PAPILLON_v20230314/PAPILLON_v20230314.srcs/sources_1/ip/fifo_generator_1/fifo_generator_1.dcp' for cell 'ADC1_IF/eras_fifo'
INFO: [Project 1-454] Reading design checkpoint 'c:/Users/81802/Desktop/PAPILLON_FW/PAPILLON_v20230314/PAPILLON_v20230314.srcs/sources_1/ip/mem_8_4K/mem_8_4K.dcp' for cell 'ADC_SiTCP_RAW/mem_generate[0].ADC_MEM_0'
INFO: [Project 1-454] Reading design checkpoint 'c:/Users/81802/Desktop/PAPILLON_FW/PAPILLON_v20230314/PAPILLON_v20230314.srcs/sources_1/ip/divider/divider.dcp' for cell 'ADC_SiTCP_RAW/ADC_INT/CalBeamPosition'
INFO: [Project 1-454] Reading design checkpoint 'c:/Users/81802/Desktop/PAPILLON_FW/PAPILLON_v20230314/PAPILLON_v20230314.srcs/sources_1/ip/cordic_0/cordic_0.dcp' for cell 'ADC_SiTCP_RAW/ADC_INT/CalBeamWidth'
INFO: [Project 1-454] Reading design checkpoint 'c:/Users/81802/Desktop/PAPILLON_FW/PAPILLON_v20230314/PAPILLON_v20230314.srcs/sources_1/ip/mult_gen_2/mult_gen_2.dcp' for cell 'ADC_SiTCP_RAW/ADC_INT/SquareBeamPosition'
INFO: [Project 1-454] Reading design checkpoint 'c:/Users/81802/Desktop/PAPILLON_FW/PAPILLON_v20230314/PAPILLON_v20230314.srcs/sources_1/ip/mult_gen_0/mult_gen_0.dcp' for cell 'ADC_SiTCP_RAW/ADC_INT/multiplier_0'
INFO: [Project 1-454] Reading design checkpoint 'c:/Users/81802/Desktop/PAPILLON_FW/PAPILLON_v20230314/PAPILLON_v20230314.srcs/sources_1/ip/mult_gen_1/mult_gen_1.dcp' for cell 'ADC_SiTCP_RAW/ADC_INT/multiplier_1'
Netlist sorting complete. Time (s): cpu = 00:00:02 ; elapsed = 00:00:02 . Memory (MB): peak = 3133.945 ; gain = 0.000
INFO: [Netlist 29-17] Analyzing 4144 Unisim elements for replacement
INFO: [Netlist 29-28] Unisim Transformation completed in 0 CPU seconds
INFO: [Project 1-479] Netlist was created with Vivado 2019.2
INFO: [Project 1-570] Preparing netlist for logic optimization
Parsing XDC File [c:/Users/81802/Desktop/PAPILLON_FW/PAPILLON_v20230314/PAPILLON_v20230314.srcs/sources_1/ip/SYSCLK0/SYSCLK0_board.xdc] for cell 'SYSCLK0/inst'
Finished Parsing XDC File [c:/Users/81802/Desktop/PAPILLON_FW/PAPILLON_v20230314/PAPILLON_v20230314.srcs/sources_1/ip/SYSCLK0/SYSCLK0_board.xdc] for cell 'SYSCLK0/inst'
Parsing XDC File [c:/Users/81802/Desktop/PAPILLON_FW/PAPILLON_v20230314/PAPILLON_v20230314.srcs/sources_1/ip/SYSCLK0/SYSCLK0.xdc] for cell 'SYSCLK0/inst'
INFO: [Timing 38-35] Done setting XDC timing constraints. [c:/Users/81802/Desktop/PAPILLON_FW/PAPILLON_v20230314/PAPILLON_v20230314.srcs/sources_1/ip/SYSCLK0/SYSCLK0.xdc:57]
INFO: [Timing 38-2] Deriving generated clocks [c:/Users/81802/Desktop/PAPILLON_FW/PAPILLON_v20230314/PAPILLON_v20230314.srcs/sources_1/ip/SYSCLK0/SYSCLK0.xdc:57]
Finished Parsing XDC File [c:/Users/81802/Desktop/PAPILLON_FW/PAPILLON_v20230314/PAPILLON_v20230314.srcs/sources_1/ip/SYSCLK0/SYSCLK0.xdc] for cell 'SYSCLK0/inst'
Parsing XDC File [c:/Users/81802/Desktop/PAPILLON_FW/PAPILLON_v20230314/PAPILLON_v20230314.srcs/sources_1/ip/SYSCLK2/SYSCLK2_board.xdc] for cell 'SYSCLK2/inst'
Finished Parsing XDC File [c:/Users/81802/Desktop/PAPILLON_FW/PAPILLON_v20230314/PAPILLON_v20230314.srcs/sources_1/ip/SYSCLK2/SYSCLK2_board.xdc] for cell 'SYSCLK2/inst'
Parsing XDC File [c:/Users/81802/Desktop/PAPILLON_FW/PAPILLON_v20230314/PAPILLON_v20230314.srcs/sources_1/ip/SYSCLK2/SYSCLK2.xdc] for cell 'SYSCLK2/inst'
Finished Parsing XDC File [c:/Users/81802/Desktop/PAPILLON_FW/PAPILLON_v20230314/PAPILLON_v20230314.srcs/sources_1/ip/SYSCLK2/SYSCLK2.xdc] for cell 'SYSCLK2/inst'
Parsing XDC File [c:/Users/81802/Desktop/PAPILLON_FW/PAPILLON_v20230314/PAPILLON_v20230314.srcs/sources_1/ip/fifo_generator_1/fifo_generator_1.xdc] for cell 'ADC1_IF/eras_fifo/U0'
Finished Parsing XDC File [c:/Users/81802/Desktop/PAPILLON_FW/PAPILLON_v20230314/PAPILLON_v20230314.srcs/sources_1/ip/fifo_generator_1/fifo_generator_1.xdc] for cell 'ADC1_IF/eras_fifo/U0'
Parsing XDC File [c:/Users/81802/Desktop/PAPILLON_FW/PAPILLON_v20230314/PAPILLON_v20230314.srcs/sources_1/ip/fifo_generator_1/fifo_generator_1.xdc] for cell 'ADC2_IF/eras_fifo/U0'
Finished Parsing XDC File [c:/Users/81802/Desktop/PAPILLON_FW/PAPILLON_v20230314/PAPILLON_v20230314.srcs/sources_1/ip/fifo_generator_1/fifo_generator_1.xdc] for cell 'ADC2_IF/eras_fifo/U0'
Parsing XDC File [c:/Users/81802/Desktop/PAPILLON_FW/PAPILLON_v20230314/PAPILLON_v20230314.srcs/sources_1/ip/fifo_generator_1/fifo_generator_1.xdc] for cell 'ADC3_IF/eras_fifo/U0'
Finished Parsing XDC File [c:/Users/81802/Desktop/PAPILLON_FW/PAPILLON_v20230314/PAPILLON_v20230314.srcs/sources_1/ip/fifo_generator_1/fifo_generator_1.xdc] for cell 'ADC3_IF/eras_fifo/U0'
Parsing XDC File [C:/Users/81802/Desktop/PAPILLON_FW/PAPILLON_v20230314/PAPILLON_v20230314.srcs/constrs_1/imports/papillon_24ch/constrs_1.xdc]
Finished Parsing XDC File [C:/Users/81802/Desktop/PAPILLON_FW/PAPILLON_v20230314/PAPILLON_v20230314.srcs/constrs_1/imports/papillon_24ch/constrs_1.xdc]
Parsing XDC File [c:/Users/81802/Desktop/PAPILLON_FW/PAPILLON_v20230314/PAPILLON_v20230314.srcs/sources_1/ip/SYSCLK2/SYSCLK2_late.xdc] for cell 'SYSCLK2/inst'
Finished Parsing XDC File [c:/Users/81802/Desktop/PAPILLON_FW/PAPILLON_v20230314/PAPILLON_v20230314.srcs/sources_1/ip/SYSCLK2/SYSCLK2_late.xdc] for cell 'SYSCLK2/inst'
Parsing XDC File [c:/Users/81802/Desktop/PAPILLON_FW/PAPILLON_v20230314/PAPILLON_v20230314.srcs/sources_1/ip/fifo_generator_1/fifo_generator_1_clocks.xdc] for cell 'ADC1_IF/eras_fifo/U0'
Finished Parsing XDC File [c:/Users/81802/Desktop/PAPILLON_FW/PAPILLON_v20230314/PAPILLON_v20230314.srcs/sources_1/ip/fifo_generator_1/fifo_generator_1_clocks.xdc] for cell 'ADC1_IF/eras_fifo/U0'
Parsing XDC File [c:/Users/81802/Desktop/PAPILLON_FW/PAPILLON_v20230314/PAPILLON_v20230314.srcs/sources_1/ip/fifo_generator_1/fifo_generator_1_clocks.xdc] for cell 'ADC2_IF/eras_fifo/U0'
Finished Parsing XDC File [c:/Users/81802/Desktop/PAPILLON_FW/PAPILLON_v20230314/PAPILLON_v20230314.srcs/sources_1/ip/fifo_generator_1/fifo_generator_1_clocks.xdc] for cell 'ADC2_IF/eras_fifo/U0'
Parsing XDC File [c:/Users/81802/Desktop/PAPILLON_FW/PAPILLON_v20230314/PAPILLON_v20230314.srcs/sources_1/ip/fifo_generator_1/fifo_generator_1_clocks.xdc] for cell 'ADC3_IF/eras_fifo/U0'
Finished Parsing XDC File [c:/Users/81802/Desktop/PAPILLON_FW/PAPILLON_v20230314/PAPILLON_v20230314.srcs/sources_1/ip/fifo_generator_1/fifo_generator_1_clocks.xdc] for cell 'ADC3_IF/eras_fifo/U0'
Sourcing Tcl File [C:/Xilinx/Vivado/2019.2/data/ip/xpm/xpm_cdc/tcl/xpm_cdc_async_rst.tcl] for cell 'ADC1_IF/eras_fifo/U0/inst_fifo_gen/gconvfifo.rf/grf.rf/rstblk/ngwrdrst.grst.g7serrst.gnsckt_wrst.gic_rst.rst_rd_reg2_inst'
Finished Sourcing Tcl File [C:/Xilinx/Vivado/2019.2/data/ip/xpm/xpm_cdc/tcl/xpm_cdc_async_rst.tcl] for cell 'ADC1_IF/eras_fifo/U0/inst_fifo_gen/gconvfifo.rf/grf.rf/rstblk/ngwrdrst.grst.g7serrst.gnsckt_wrst.gic_rst.rst_rd_reg2_inst'
Sourcing Tcl File [C:/Xilinx/Vivado/2019.2/data/ip/xpm/xpm_cdc/tcl/xpm_cdc_async_rst.tcl] for cell 'ADC2_IF/eras_fifo/U0/inst_fifo_gen/gconvfifo.rf/grf.rf/rstblk/ngwrdrst.grst.g7serrst.gnsckt_wrst.gic_rst.rst_rd_reg2_inst'
Finished Sourcing Tcl File [C:/Xilinx/Vivado/2019.2/data/ip/xpm/xpm_cdc/tcl/xpm_cdc_async_rst.tcl] for cell 'ADC2_IF/eras_fifo/U0/inst_fifo_gen/gconvfifo.rf/grf.rf/rstblk/ngwrdrst.grst.g7serrst.gnsckt_wrst.gic_rst.rst_rd_reg2_inst'
Sourcing Tcl File [C:/Xilinx/Vivado/2019.2/data/ip/xpm/xpm_cdc/tcl/xpm_cdc_async_rst.tcl] for cell 'ADC3_IF/eras_fifo/U0/inst_fifo_gen/gconvfifo.rf/grf.rf/rstblk/ngwrdrst.grst.g7serrst.gnsckt_wrst.gic_rst.rst_rd_reg2_inst'
Finished Sourcing Tcl File [C:/Xilinx/Vivado/2019.2/data/ip/xpm/xpm_cdc/tcl/xpm_cdc_async_rst.tcl] for cell 'ADC3_IF/eras_fifo/U0/inst_fifo_gen/gconvfifo.rf/grf.rf/rstblk/ngwrdrst.grst.g7serrst.gnsckt_wrst.gic_rst.rst_rd_reg2_inst'
Sourcing Tcl File [C:/Xilinx/Vivado/2019.2/data/ip/xpm/xpm_cdc/tcl/xpm_cdc_async_rst.tcl] for cell 'ADC1_IF/eras_fifo/U0/inst_fifo_gen/gconvfifo.rf/grf.rf/rstblk/ngwrdrst.grst.g7serrst.gnsckt_wrst.rst_wr_reg2_inst'
Finished Sourcing Tcl File [C:/Xilinx/Vivado/2019.2/data/ip/xpm/xpm_cdc/tcl/xpm_cdc_async_rst.tcl] for cell 'ADC1_IF/eras_fifo/U0/inst_fifo_gen/gconvfifo.rf/grf.rf/rstblk/ngwrdrst.grst.g7serrst.gnsckt_wrst.rst_wr_reg2_inst'
Sourcing Tcl File [C:/Xilinx/Vivado/2019.2/data/ip/xpm/xpm_cdc/tcl/xpm_cdc_async_rst.tcl] for cell 'ADC2_IF/eras_fifo/U0/inst_fifo_gen/gconvfifo.rf/grf.rf/rstblk/ngwrdrst.grst.g7serrst.gnsckt_wrst.rst_wr_reg2_inst'
Finished Sourcing Tcl File [C:/Xilinx/Vivado/2019.2/data/ip/xpm/xpm_cdc/tcl/xpm_cdc_async_rst.tcl] for cell 'ADC2_IF/eras_fifo/U0/inst_fifo_gen/gconvfifo.rf/grf.rf/rstblk/ngwrdrst.grst.g7serrst.gnsckt_wrst.rst_wr_reg2_inst'
Sourcing Tcl File [C:/Xilinx/Vivado/2019.2/data/ip/xpm/xpm_cdc/tcl/xpm_cdc_async_rst.tcl] for cell 'ADC3_IF/eras_fifo/U0/inst_fifo_gen/gconvfifo.rf/grf.rf/rstblk/ngwrdrst.grst.g7serrst.gnsckt_wrst.rst_wr_reg2_inst'
Finished Sourcing Tcl File [C:/Xilinx/Vivado/2019.2/data/ip/xpm/xpm_cdc/tcl/xpm_cdc_async_rst.tcl] for cell 'ADC3_IF/eras_fifo/U0/inst_fifo_gen/gconvfifo.rf/grf.rf/rstblk/ngwrdrst.grst.g7serrst.gnsckt_wrst.rst_wr_reg2_inst'
Sourcing Tcl File [C:/Xilinx/Vivado/2019.2/data/ip/xpm/xpm_cdc/tcl/xpm_cdc_gray.tcl] for cell 'ADC1_IF/eras_fifo/U0/inst_fifo_gen/gconvfifo.rf/grf.rf/gntv_or_sync_fifo.gcx.clkx/rd_pntr_cdc_inst'
Finished Sourcing Tcl File [C:/Xilinx/Vivado/2019.2/data/ip/xpm/xpm_cdc/tcl/xpm_cdc_gray.tcl] for cell 'ADC1_IF/eras_fifo/U0/inst_fifo_gen/gconvfifo.rf/grf.rf/gntv_or_sync_fifo.gcx.clkx/rd_pntr_cdc_inst'
Sourcing Tcl File [C:/Xilinx/Vivado/2019.2/data/ip/xpm/xpm_cdc/tcl/xpm_cdc_gray.tcl] for cell 'ADC2_IF/eras_fifo/U0/inst_fifo_gen/gconvfifo.rf/grf.rf/gntv_or_sync_fifo.gcx.clkx/rd_pntr_cdc_inst'
Finished Sourcing Tcl File [C:/Xilinx/Vivado/2019.2/data/ip/xpm/xpm_cdc/tcl/xpm_cdc_gray.tcl] for cell 'ADC2_IF/eras_fifo/U0/inst_fifo_gen/gconvfifo.rf/grf.rf/gntv_or_sync_fifo.gcx.clkx/rd_pntr_cdc_inst'
Sourcing Tcl File [C:/Xilinx/Vivado/2019.2/data/ip/xpm/xpm_cdc/tcl/xpm_cdc_gray.tcl] for cell 'ADC3_IF/eras_fifo/U0/inst_fifo_gen/gconvfifo.rf/grf.rf/gntv_or_sync_fifo.gcx.clkx/rd_pntr_cdc_inst'
Finished Sourcing Tcl File [C:/Xilinx/Vivado/2019.2/data/ip/xpm/xpm_cdc/tcl/xpm_cdc_gray.tcl] for cell 'ADC3_IF/eras_fifo/U0/inst_fifo_gen/gconvfifo.rf/grf.rf/gntv_or_sync_fifo.gcx.clkx/rd_pntr_cdc_inst'
Sourcing Tcl File [C:/Xilinx/Vivado/2019.2/data/ip/xpm/xpm_cdc/tcl/xpm_cdc_gray.tcl] for cell 'ADC1_IF/eras_fifo/U0/inst_fifo_gen/gconvfifo.rf/grf.rf/gntv_or_sync_fifo.gcx.clkx/wr_pntr_cdc_inst'
Finished Sourcing Tcl File [C:/Xilinx/Vivado/2019.2/data/ip/xpm/xpm_cdc/tcl/xpm_cdc_gray.tcl] for cell 'ADC1_IF/eras_fifo/U0/inst_fifo_gen/gconvfifo.rf/grf.rf/gntv_or_sync_fifo.gcx.clkx/wr_pntr_cdc_inst'
Sourcing Tcl File [C:/Xilinx/Vivado/2019.2/data/ip/xpm/xpm_cdc/tcl/xpm_cdc_gray.tcl] for cell 'ADC2_IF/eras_fifo/U0/inst_fifo_gen/gconvfifo.rf/grf.rf/gntv_or_sync_fifo.gcx.clkx/wr_pntr_cdc_inst'
Finished Sourcing Tcl File [C:/Xilinx/Vivado/2019.2/data/ip/xpm/xpm_cdc/tcl/xpm_cdc_gray.tcl] for cell 'ADC2_IF/eras_fifo/U0/inst_fifo_gen/gconvfifo.rf/grf.rf/gntv_or_sync_fifo.gcx.clkx/wr_pntr_cdc_inst'
Sourcing Tcl File [C:/Xilinx/Vivado/2019.2/data/ip/xpm/xpm_cdc/tcl/xpm_cdc_gray.tcl] for cell 'ADC3_IF/eras_fifo/U0/inst_fifo_gen/gconvfifo.rf/grf.rf/gntv_or_sync_fifo.gcx.clkx/wr_pntr_cdc_inst'
Finished Sourcing Tcl File [C:/Xilinx/Vivado/2019.2/data/ip/xpm/xpm_cdc/tcl/xpm_cdc_gray.tcl] for cell 'ADC3_IF/eras_fifo/U0/inst_fifo_gen/gconvfifo.rf/grf.rf/gntv_or_sync_fifo.gcx.clkx/wr_pntr_cdc_inst'
Sourcing Tcl File [C:/Xilinx/Vivado/2019.2/data/ip/xpm/xpm_cdc/tcl/xpm_cdc_single.tcl] for cell 'ADC1_IF/eras_fifo/U0/inst_fifo_gen/gconvfifo.rf/grf.rf/rstblk/ngwrdrst.grst.g7serrst.gnsckt_wrst.gic_rst.xpm_cdc_single_inst_rrst_wr'
Finished Sourcing Tcl File [C:/Xilinx/Vivado/2019.2/data/ip/xpm/xpm_cdc/tcl/xpm_cdc_single.tcl] for cell 'ADC1_IF/eras_fifo/U0/inst_fifo_gen/gconvfifo.rf/grf.rf/rstblk/ngwrdrst.grst.g7serrst.gnsckt_wrst.gic_rst.xpm_cdc_single_inst_rrst_wr'
Sourcing Tcl File [C:/Xilinx/Vivado/2019.2/data/ip/xpm/xpm_cdc/tcl/xpm_cdc_single.tcl] for cell 'ADC2_IF/eras_fifo/U0/inst_fifo_gen/gconvfifo.rf/grf.rf/rstblk/ngwrdrst.grst.g7serrst.gnsckt_wrst.gic_rst.xpm_cdc_single_inst_rrst_wr'
Finished Sourcing Tcl File [C:/Xilinx/Vivado/2019.2/data/ip/xpm/xpm_cdc/tcl/xpm_cdc_single.tcl] for cell 'ADC2_IF/eras_fifo/U0/inst_fifo_gen/gconvfifo.rf/grf.rf/rstblk/ngwrdrst.grst.g7serrst.gnsckt_wrst.gic_rst.xpm_cdc_single_inst_rrst_wr'
Sourcing Tcl File [C:/Xilinx/Vivado/2019.2/data/ip/xpm/xpm_cdc/tcl/xpm_cdc_single.tcl] for cell 'ADC3_IF/eras_fifo/U0/inst_fifo_gen/gconvfifo.rf/grf.rf/rstblk/ngwrdrst.grst.g7serrst.gnsckt_wrst.gic_rst.xpm_cdc_single_inst_rrst_wr'
Finished Sourcing Tcl File [C:/Xilinx/Vivado/2019.2/data/ip/xpm/xpm_cdc/tcl/xpm_cdc_single.tcl] for cell 'ADC3_IF/eras_fifo/U0/inst_fifo_gen/gconvfifo.rf/grf.rf/rstblk/ngwrdrst.grst.g7serrst.gnsckt_wrst.gic_rst.xpm_cdc_single_inst_rrst_wr'
Sourcing Tcl File [C:/Xilinx/Vivado/2019.2/data/ip/xpm/xpm_cdc/tcl/xpm_cdc_single.tcl] for cell 'ADC1_IF/eras_fifo/U0/inst_fifo_gen/gconvfifo.rf/grf.rf/rstblk/ngwrdrst.grst.g7serrst.gnsckt_wrst.gic_rst.xpm_cdc_single_inst_wrst_rd'
Finished Sourcing Tcl File [C:/Xilinx/Vivado/2019.2/data/ip/xpm/xpm_cdc/tcl/xpm_cdc_single.tcl] for cell 'ADC1_IF/eras_fifo/U0/inst_fifo_gen/gconvfifo.rf/grf.rf/rstblk/ngwrdrst.grst.g7serrst.gnsckt_wrst.gic_rst.xpm_cdc_single_inst_wrst_rd'
Sourcing Tcl File [C:/Xilinx/Vivado/2019.2/data/ip/xpm/xpm_cdc/tcl/xpm_cdc_single.tcl] for cell 'ADC2_IF/eras_fifo/U0/inst_fifo_gen/gconvfifo.rf/grf.rf/rstblk/ngwrdrst.grst.g7serrst.gnsckt_wrst.gic_rst.xpm_cdc_single_inst_wrst_rd'
Finished Sourcing Tcl File [C:/Xilinx/Vivado/2019.2/data/ip/xpm/xpm_cdc/tcl/xpm_cdc_single.tcl] for cell 'ADC2_IF/eras_fifo/U0/inst_fifo_gen/gconvfifo.rf/grf.rf/rstblk/ngwrdrst.grst.g7serrst.gnsckt_wrst.gic_rst.xpm_cdc_single_inst_wrst_rd'
Sourcing Tcl File [C:/Xilinx/Vivado/2019.2/data/ip/xpm/xpm_cdc/tcl/xpm_cdc_single.tcl] for cell 'ADC3_IF/eras_fifo/U0/inst_fifo_gen/gconvfifo.rf/grf.rf/rstblk/ngwrdrst.grst.g7serrst.gnsckt_wrst.gic_rst.xpm_cdc_single_inst_wrst_rd'
Finished Sourcing Tcl File [C:/Xilinx/Vivado/2019.2/data/ip/xpm/xpm_cdc/tcl/xpm_cdc_single.tcl] for cell 'ADC3_IF/eras_fifo/U0/inst_fifo_gen/gconvfifo.rf/grf.rf/rstblk/ngwrdrst.grst.g7serrst.gnsckt_wrst.gic_rst.xpm_cdc_single_inst_wrst_rd'
INFO: [Opt 31-138] Pushed 0 inverter(s) to 0 load pin(s).
Netlist sorting complete. Time (s): cpu = 00:00:00 ; elapsed = 00:00:00.021 . Memory (MB): peak = 3133.945 ; gain = 0.000
INFO: [Project 1-111] Unisim Transformation Summary:
  A total of 15 instances were transformed.
  IOBUF => IOBUF (IBUF, OBUFT): 3 instances
  OBUFDS => OBUFDS: 4 instances
  RAM32X1S => RAM32X1S (RAMS32): 8 instances

open_run: Time (s): cpu = 00:00:21 ; elapsed = 00:00:17 . Memory (MB): peak = 3133.945 ; gain = 0.000
close_design
launch_runs impl_1 -jobs 12
[Wed Mar 15 11:42:38 2023] Launched impl_1...
Run output will be captured here: C:/Users/81802/Desktop/PAPILLON_FW/PAPILLON_v20230314/PAPILLON_v20230314.runs/impl_1/runme.log
launch_runs impl_1 -to_step write_bitstream -jobs 12
[Wed Mar 15 11:47:40 2023] Launched impl_1...
Run output will be captured here: C:/Users/81802/Desktop/PAPILLON_FW/PAPILLON_v20230314/PAPILLON_v20230314.runs/impl_1/runme.log
reset_run synth_1
launch_runs synth_1 -jobs 12
[Wed Mar 15 11:50:48 2023] Launched synth_1...
Run output will be captured here: C:/Users/81802/Desktop/PAPILLON_FW/PAPILLON_v20230314/PAPILLON_v20230314.runs/synth_1/runme.log
open_run synth_1 -name synth_1
Design is defaulting to impl run constrset: constrs_1
Design is defaulting to synth run part: xc7a100tfgg484-1
INFO: [Project 1-454] Reading design checkpoint 'c:/Users/81802/Desktop/PAPILLON_FW/PAPILLON_v20230314/PAPILLON_v20230314.srcs/sources_1/ip/SYSCLK0/SYSCLK0.dcp' for cell 'SYSCLK0'
INFO: [Project 1-454] Reading design checkpoint 'c:/Users/81802/Desktop/PAPILLON_FW/PAPILLON_v20230314/PAPILLON_v20230314.srcs/sources_1/ip/SYSCLK2/SYSCLK2.dcp' for cell 'SYSCLK2'
INFO: [Project 1-454] Reading design checkpoint 'c:/Users/81802/Desktop/PAPILLON_FW/PAPILLON_v20230314/PAPILLON_v20230314.srcs/sources_1/ip/fifo_generator_1/fifo_generator_1.dcp' for cell 'ADC1_IF/eras_fifo'
INFO: [Project 1-454] Reading design checkpoint 'c:/Users/81802/Desktop/PAPILLON_FW/PAPILLON_v20230314/PAPILLON_v20230314.srcs/sources_1/ip/mem_8_4K/mem_8_4K.dcp' for cell 'ADC_SiTCP_RAW/mem_generate[0].ADC_MEM_0'
INFO: [Project 1-454] Reading design checkpoint 'c:/Users/81802/Desktop/PAPILLON_FW/PAPILLON_v20230314/PAPILLON_v20230314.srcs/sources_1/ip/divider/divider.dcp' for cell 'ADC_SiTCP_RAW/ADC_INT/CalBeamPosition'
INFO: [Project 1-454] Reading design checkpoint 'c:/Users/81802/Desktop/PAPILLON_FW/PAPILLON_v20230314/PAPILLON_v20230314.srcs/sources_1/ip/cordic_0/cordic_0.dcp' for cell 'ADC_SiTCP_RAW/ADC_INT/CalBeamWidth'
INFO: [Project 1-454] Reading design checkpoint 'c:/Users/81802/Desktop/PAPILLON_FW/PAPILLON_v20230314/PAPILLON_v20230314.srcs/sources_1/ip/mult_gen_2/mult_gen_2.dcp' for cell 'ADC_SiTCP_RAW/ADC_INT/SquareBeamPosition'
INFO: [Project 1-454] Reading design checkpoint 'c:/Users/81802/Desktop/PAPILLON_FW/PAPILLON_v20230314/PAPILLON_v20230314.srcs/sources_1/ip/mult_gen_0/mult_gen_0.dcp' for cell 'ADC_SiTCP_RAW/ADC_INT/multiplier_0'
INFO: [Project 1-454] Reading design checkpoint 'c:/Users/81802/Desktop/PAPILLON_FW/PAPILLON_v20230314/PAPILLON_v20230314.srcs/sources_1/ip/mult_gen_1/mult_gen_1.dcp' for cell 'ADC_SiTCP_RAW/ADC_INT/multiplier_1'
Netlist sorting complete. Time (s): cpu = 00:00:02 ; elapsed = 00:00:02 . Memory (MB): peak = 3133.945 ; gain = 0.000
INFO: [Netlist 29-17] Analyzing 4136 Unisim elements for replacement
INFO: [Netlist 29-28] Unisim Transformation completed in 0 CPU seconds
INFO: [Project 1-479] Netlist was created with Vivado 2019.2
INFO: [Project 1-570] Preparing netlist for logic optimization
Parsing XDC File [c:/Users/81802/Desktop/PAPILLON_FW/PAPILLON_v20230314/PAPILLON_v20230314.srcs/sources_1/ip/SYSCLK0/SYSCLK0_board.xdc] for cell 'SYSCLK0/inst'
Finished Parsing XDC File [c:/Users/81802/Desktop/PAPILLON_FW/PAPILLON_v20230314/PAPILLON_v20230314.srcs/sources_1/ip/SYSCLK0/SYSCLK0_board.xdc] for cell 'SYSCLK0/inst'
Parsing XDC File [c:/Users/81802/Desktop/PAPILLON_FW/PAPILLON_v20230314/PAPILLON_v20230314.srcs/sources_1/ip/SYSCLK0/SYSCLK0.xdc] for cell 'SYSCLK0/inst'
INFO: [Timing 38-35] Done setting XDC timing constraints. [c:/Users/81802/Desktop/PAPILLON_FW/PAPILLON_v20230314/PAPILLON_v20230314.srcs/sources_1/ip/SYSCLK0/SYSCLK0.xdc:57]
INFO: [Timing 38-2] Deriving generated clocks [c:/Users/81802/Desktop/PAPILLON_FW/PAPILLON_v20230314/PAPILLON_v20230314.srcs/sources_1/ip/SYSCLK0/SYSCLK0.xdc:57]
Finished Parsing XDC File [c:/Users/81802/Desktop/PAPILLON_FW/PAPILLON_v20230314/PAPILLON_v20230314.srcs/sources_1/ip/SYSCLK0/SYSCLK0.xdc] for cell 'SYSCLK0/inst'
Parsing XDC File [c:/Users/81802/Desktop/PAPILLON_FW/PAPILLON_v20230314/PAPILLON_v20230314.srcs/sources_1/ip/SYSCLK2/SYSCLK2_board.xdc] for cell 'SYSCLK2/inst'
Finished Parsing XDC File [c:/Users/81802/Desktop/PAPILLON_FW/PAPILLON_v20230314/PAPILLON_v20230314.srcs/sources_1/ip/SYSCLK2/SYSCLK2_board.xdc] for cell 'SYSCLK2/inst'
Parsing XDC File [c:/Users/81802/Desktop/PAPILLON_FW/PAPILLON_v20230314/PAPILLON_v20230314.srcs/sources_1/ip/SYSCLK2/SYSCLK2.xdc] for cell 'SYSCLK2/inst'
Finished Parsing XDC File [c:/Users/81802/Desktop/PAPILLON_FW/PAPILLON_v20230314/PAPILLON_v20230314.srcs/sources_1/ip/SYSCLK2/SYSCLK2.xdc] for cell 'SYSCLK2/inst'
Parsing XDC File [c:/Users/81802/Desktop/PAPILLON_FW/PAPILLON_v20230314/PAPILLON_v20230314.srcs/sources_1/ip/fifo_generator_1/fifo_generator_1.xdc] for cell 'ADC1_IF/eras_fifo/U0'
Finished Parsing XDC File [c:/Users/81802/Desktop/PAPILLON_FW/PAPILLON_v20230314/PAPILLON_v20230314.srcs/sources_1/ip/fifo_generator_1/fifo_generator_1.xdc] for cell 'ADC1_IF/eras_fifo/U0'
Parsing XDC File [c:/Users/81802/Desktop/PAPILLON_FW/PAPILLON_v20230314/PAPILLON_v20230314.srcs/sources_1/ip/fifo_generator_1/fifo_generator_1.xdc] for cell 'ADC2_IF/eras_fifo/U0'
Finished Parsing XDC File [c:/Users/81802/Desktop/PAPILLON_FW/PAPILLON_v20230314/PAPILLON_v20230314.srcs/sources_1/ip/fifo_generator_1/fifo_generator_1.xdc] for cell 'ADC2_IF/eras_fifo/U0'
Parsing XDC File [c:/Users/81802/Desktop/PAPILLON_FW/PAPILLON_v20230314/PAPILLON_v20230314.srcs/sources_1/ip/fifo_generator_1/fifo_generator_1.xdc] for cell 'ADC3_IF/eras_fifo/U0'
Finished Parsing XDC File [c:/Users/81802/Desktop/PAPILLON_FW/PAPILLON_v20230314/PAPILLON_v20230314.srcs/sources_1/ip/fifo_generator_1/fifo_generator_1.xdc] for cell 'ADC3_IF/eras_fifo/U0'
Parsing XDC File [C:/Users/81802/Desktop/PAPILLON_FW/PAPILLON_v20230314/PAPILLON_v20230314.srcs/constrs_1/imports/papillon_24ch/constrs_1.xdc]
Finished Parsing XDC File [C:/Users/81802/Desktop/PAPILLON_FW/PAPILLON_v20230314/PAPILLON_v20230314.srcs/constrs_1/imports/papillon_24ch/constrs_1.xdc]
Parsing XDC File [c:/Users/81802/Desktop/PAPILLON_FW/PAPILLON_v20230314/PAPILLON_v20230314.srcs/sources_1/ip/SYSCLK2/SYSCLK2_late.xdc] for cell 'SYSCLK2/inst'
Finished Parsing XDC File [c:/Users/81802/Desktop/PAPILLON_FW/PAPILLON_v20230314/PAPILLON_v20230314.srcs/sources_1/ip/SYSCLK2/SYSCLK2_late.xdc] for cell 'SYSCLK2/inst'
Parsing XDC File [c:/Users/81802/Desktop/PAPILLON_FW/PAPILLON_v20230314/PAPILLON_v20230314.srcs/sources_1/ip/fifo_generator_1/fifo_generator_1_clocks.xdc] for cell 'ADC1_IF/eras_fifo/U0'
Finished Parsing XDC File [c:/Users/81802/Desktop/PAPILLON_FW/PAPILLON_v20230314/PAPILLON_v20230314.srcs/sources_1/ip/fifo_generator_1/fifo_generator_1_clocks.xdc] for cell 'ADC1_IF/eras_fifo/U0'
Parsing XDC File [c:/Users/81802/Desktop/PAPILLON_FW/PAPILLON_v20230314/PAPILLON_v20230314.srcs/sources_1/ip/fifo_generator_1/fifo_generator_1_clocks.xdc] for cell 'ADC2_IF/eras_fifo/U0'
Finished Parsing XDC File [c:/Users/81802/Desktop/PAPILLON_FW/PAPILLON_v20230314/PAPILLON_v20230314.srcs/sources_1/ip/fifo_generator_1/fifo_generator_1_clocks.xdc] for cell 'ADC2_IF/eras_fifo/U0'
Parsing XDC File [c:/Users/81802/Desktop/PAPILLON_FW/PAPILLON_v20230314/PAPILLON_v20230314.srcs/sources_1/ip/fifo_generator_1/fifo_generator_1_clocks.xdc] for cell 'ADC3_IF/eras_fifo/U0'
Finished Parsing XDC File [c:/Users/81802/Desktop/PAPILLON_FW/PAPILLON_v20230314/PAPILLON_v20230314.srcs/sources_1/ip/fifo_generator_1/fifo_generator_1_clocks.xdc] for cell 'ADC3_IF/eras_fifo/U0'
Sourcing Tcl File [C:/Xilinx/Vivado/2019.2/data/ip/xpm/xpm_cdc/tcl/xpm_cdc_async_rst.tcl] for cell 'ADC1_IF/eras_fifo/U0/inst_fifo_gen/gconvfifo.rf/grf.rf/rstblk/ngwrdrst.grst.g7serrst.gnsckt_wrst.gic_rst.rst_rd_reg2_inst'
Finished Sourcing Tcl File [C:/Xilinx/Vivado/2019.2/data/ip/xpm/xpm_cdc/tcl/xpm_cdc_async_rst.tcl] for cell 'ADC1_IF/eras_fifo/U0/inst_fifo_gen/gconvfifo.rf/grf.rf/rstblk/ngwrdrst.grst.g7serrst.gnsckt_wrst.gic_rst.rst_rd_reg2_inst'
Sourcing Tcl File [C:/Xilinx/Vivado/2019.2/data/ip/xpm/xpm_cdc/tcl/xpm_cdc_async_rst.tcl] for cell 'ADC2_IF/eras_fifo/U0/inst_fifo_gen/gconvfifo.rf/grf.rf/rstblk/ngwrdrst.grst.g7serrst.gnsckt_wrst.gic_rst.rst_rd_reg2_inst'
Finished Sourcing Tcl File [C:/Xilinx/Vivado/2019.2/data/ip/xpm/xpm_cdc/tcl/xpm_cdc_async_rst.tcl] for cell 'ADC2_IF/eras_fifo/U0/inst_fifo_gen/gconvfifo.rf/grf.rf/rstblk/ngwrdrst.grst.g7serrst.gnsckt_wrst.gic_rst.rst_rd_reg2_inst'
Sourcing Tcl File [C:/Xilinx/Vivado/2019.2/data/ip/xpm/xpm_cdc/tcl/xpm_cdc_async_rst.tcl] for cell 'ADC3_IF/eras_fifo/U0/inst_fifo_gen/gconvfifo.rf/grf.rf/rstblk/ngwrdrst.grst.g7serrst.gnsckt_wrst.gic_rst.rst_rd_reg2_inst'
Finished Sourcing Tcl File [C:/Xilinx/Vivado/2019.2/data/ip/xpm/xpm_cdc/tcl/xpm_cdc_async_rst.tcl] for cell 'ADC3_IF/eras_fifo/U0/inst_fifo_gen/gconvfifo.rf/grf.rf/rstblk/ngwrdrst.grst.g7serrst.gnsckt_wrst.gic_rst.rst_rd_reg2_inst'
Sourcing Tcl File [C:/Xilinx/Vivado/2019.2/data/ip/xpm/xpm_cdc/tcl/xpm_cdc_async_rst.tcl] for cell 'ADC1_IF/eras_fifo/U0/inst_fifo_gen/gconvfifo.rf/grf.rf/rstblk/ngwrdrst.grst.g7serrst.gnsckt_wrst.rst_wr_reg2_inst'
Finished Sourcing Tcl File [C:/Xilinx/Vivado/2019.2/data/ip/xpm/xpm_cdc/tcl/xpm_cdc_async_rst.tcl] for cell 'ADC1_IF/eras_fifo/U0/inst_fifo_gen/gconvfifo.rf/grf.rf/rstblk/ngwrdrst.grst.g7serrst.gnsckt_wrst.rst_wr_reg2_inst'
Sourcing Tcl File [C:/Xilinx/Vivado/2019.2/data/ip/xpm/xpm_cdc/tcl/xpm_cdc_async_rst.tcl] for cell 'ADC2_IF/eras_fifo/U0/inst_fifo_gen/gconvfifo.rf/grf.rf/rstblk/ngwrdrst.grst.g7serrst.gnsckt_wrst.rst_wr_reg2_inst'
Finished Sourcing Tcl File [C:/Xilinx/Vivado/2019.2/data/ip/xpm/xpm_cdc/tcl/xpm_cdc_async_rst.tcl] for cell 'ADC2_IF/eras_fifo/U0/inst_fifo_gen/gconvfifo.rf/grf.rf/rstblk/ngwrdrst.grst.g7serrst.gnsckt_wrst.rst_wr_reg2_inst'
Sourcing Tcl File [C:/Xilinx/Vivado/2019.2/data/ip/xpm/xpm_cdc/tcl/xpm_cdc_async_rst.tcl] for cell 'ADC3_IF/eras_fifo/U0/inst_fifo_gen/gconvfifo.rf/grf.rf/rstblk/ngwrdrst.grst.g7serrst.gnsckt_wrst.rst_wr_reg2_inst'
Finished Sourcing Tcl File [C:/Xilinx/Vivado/2019.2/data/ip/xpm/xpm_cdc/tcl/xpm_cdc_async_rst.tcl] for cell 'ADC3_IF/eras_fifo/U0/inst_fifo_gen/gconvfifo.rf/grf.rf/rstblk/ngwrdrst.grst.g7serrst.gnsckt_wrst.rst_wr_reg2_inst'
Sourcing Tcl File [C:/Xilinx/Vivado/2019.2/data/ip/xpm/xpm_cdc/tcl/xpm_cdc_gray.tcl] for cell 'ADC1_IF/eras_fifo/U0/inst_fifo_gen/gconvfifo.rf/grf.rf/gntv_or_sync_fifo.gcx.clkx/rd_pntr_cdc_inst'
Finished Sourcing Tcl File [C:/Xilinx/Vivado/2019.2/data/ip/xpm/xpm_cdc/tcl/xpm_cdc_gray.tcl] for cell 'ADC1_IF/eras_fifo/U0/inst_fifo_gen/gconvfifo.rf/grf.rf/gntv_or_sync_fifo.gcx.clkx/rd_pntr_cdc_inst'
Sourcing Tcl File [C:/Xilinx/Vivado/2019.2/data/ip/xpm/xpm_cdc/tcl/xpm_cdc_gray.tcl] for cell 'ADC2_IF/eras_fifo/U0/inst_fifo_gen/gconvfifo.rf/grf.rf/gntv_or_sync_fifo.gcx.clkx/rd_pntr_cdc_inst'
Finished Sourcing Tcl File [C:/Xilinx/Vivado/2019.2/data/ip/xpm/xpm_cdc/tcl/xpm_cdc_gray.tcl] for cell 'ADC2_IF/eras_fifo/U0/inst_fifo_gen/gconvfifo.rf/grf.rf/gntv_or_sync_fifo.gcx.clkx/rd_pntr_cdc_inst'
Sourcing Tcl File [C:/Xilinx/Vivado/2019.2/data/ip/xpm/xpm_cdc/tcl/xpm_cdc_gray.tcl] for cell 'ADC3_IF/eras_fifo/U0/inst_fifo_gen/gconvfifo.rf/grf.rf/gntv_or_sync_fifo.gcx.clkx/rd_pntr_cdc_inst'
Finished Sourcing Tcl File [C:/Xilinx/Vivado/2019.2/data/ip/xpm/xpm_cdc/tcl/xpm_cdc_gray.tcl] for cell 'ADC3_IF/eras_fifo/U0/inst_fifo_gen/gconvfifo.rf/grf.rf/gntv_or_sync_fifo.gcx.clkx/rd_pntr_cdc_inst'
Sourcing Tcl File [C:/Xilinx/Vivado/2019.2/data/ip/xpm/xpm_cdc/tcl/xpm_cdc_gray.tcl] for cell 'ADC1_IF/eras_fifo/U0/inst_fifo_gen/gconvfifo.rf/grf.rf/gntv_or_sync_fifo.gcx.clkx/wr_pntr_cdc_inst'
Finished Sourcing Tcl File [C:/Xilinx/Vivado/2019.2/data/ip/xpm/xpm_cdc/tcl/xpm_cdc_gray.tcl] for cell 'ADC1_IF/eras_fifo/U0/inst_fifo_gen/gconvfifo.rf/grf.rf/gntv_or_sync_fifo.gcx.clkx/wr_pntr_cdc_inst'
Sourcing Tcl File [C:/Xilinx/Vivado/2019.2/data/ip/xpm/xpm_cdc/tcl/xpm_cdc_gray.tcl] for cell 'ADC2_IF/eras_fifo/U0/inst_fifo_gen/gconvfifo.rf/grf.rf/gntv_or_sync_fifo.gcx.clkx/wr_pntr_cdc_inst'
Finished Sourcing Tcl File [C:/Xilinx/Vivado/2019.2/data/ip/xpm/xpm_cdc/tcl/xpm_cdc_gray.tcl] for cell 'ADC2_IF/eras_fifo/U0/inst_fifo_gen/gconvfifo.rf/grf.rf/gntv_or_sync_fifo.gcx.clkx/wr_pntr_cdc_inst'
Sourcing Tcl File [C:/Xilinx/Vivado/2019.2/data/ip/xpm/xpm_cdc/tcl/xpm_cdc_gray.tcl] for cell 'ADC3_IF/eras_fifo/U0/inst_fifo_gen/gconvfifo.rf/grf.rf/gntv_or_sync_fifo.gcx.clkx/wr_pntr_cdc_inst'
Finished Sourcing Tcl File [C:/Xilinx/Vivado/2019.2/data/ip/xpm/xpm_cdc/tcl/xpm_cdc_gray.tcl] for cell 'ADC3_IF/eras_fifo/U0/inst_fifo_gen/gconvfifo.rf/grf.rf/gntv_or_sync_fifo.gcx.clkx/wr_pntr_cdc_inst'
Sourcing Tcl File [C:/Xilinx/Vivado/2019.2/data/ip/xpm/xpm_cdc/tcl/xpm_cdc_single.tcl] for cell 'ADC1_IF/eras_fifo/U0/inst_fifo_gen/gconvfifo.rf/grf.rf/rstblk/ngwrdrst.grst.g7serrst.gnsckt_wrst.gic_rst.xpm_cdc_single_inst_rrst_wr'
Finished Sourcing Tcl File [C:/Xilinx/Vivado/2019.2/data/ip/xpm/xpm_cdc/tcl/xpm_cdc_single.tcl] for cell 'ADC1_IF/eras_fifo/U0/inst_fifo_gen/gconvfifo.rf/grf.rf/rstblk/ngwrdrst.grst.g7serrst.gnsckt_wrst.gic_rst.xpm_cdc_single_inst_rrst_wr'
Sourcing Tcl File [C:/Xilinx/Vivado/2019.2/data/ip/xpm/xpm_cdc/tcl/xpm_cdc_single.tcl] for cell 'ADC2_IF/eras_fifo/U0/inst_fifo_gen/gconvfifo.rf/grf.rf/rstblk/ngwrdrst.grst.g7serrst.gnsckt_wrst.gic_rst.xpm_cdc_single_inst_rrst_wr'
Finished Sourcing Tcl File [C:/Xilinx/Vivado/2019.2/data/ip/xpm/xpm_cdc/tcl/xpm_cdc_single.tcl] for cell 'ADC2_IF/eras_fifo/U0/inst_fifo_gen/gconvfifo.rf/grf.rf/rstblk/ngwrdrst.grst.g7serrst.gnsckt_wrst.gic_rst.xpm_cdc_single_inst_rrst_wr'
Sourcing Tcl File [C:/Xilinx/Vivado/2019.2/data/ip/xpm/xpm_cdc/tcl/xpm_cdc_single.tcl] for cell 'ADC3_IF/eras_fifo/U0/inst_fifo_gen/gconvfifo.rf/grf.rf/rstblk/ngwrdrst.grst.g7serrst.gnsckt_wrst.gic_rst.xpm_cdc_single_inst_rrst_wr'
Finished Sourcing Tcl File [C:/Xilinx/Vivado/2019.2/data/ip/xpm/xpm_cdc/tcl/xpm_cdc_single.tcl] for cell 'ADC3_IF/eras_fifo/U0/inst_fifo_gen/gconvfifo.rf/grf.rf/rstblk/ngwrdrst.grst.g7serrst.gnsckt_wrst.gic_rst.xpm_cdc_single_inst_rrst_wr'
Sourcing Tcl File [C:/Xilinx/Vivado/2019.2/data/ip/xpm/xpm_cdc/tcl/xpm_cdc_single.tcl] for cell 'ADC1_IF/eras_fifo/U0/inst_fifo_gen/gconvfifo.rf/grf.rf/rstblk/ngwrdrst.grst.g7serrst.gnsckt_wrst.gic_rst.xpm_cdc_single_inst_wrst_rd'
Finished Sourcing Tcl File [C:/Xilinx/Vivado/2019.2/data/ip/xpm/xpm_cdc/tcl/xpm_cdc_single.tcl] for cell 'ADC1_IF/eras_fifo/U0/inst_fifo_gen/gconvfifo.rf/grf.rf/rstblk/ngwrdrst.grst.g7serrst.gnsckt_wrst.gic_rst.xpm_cdc_single_inst_wrst_rd'
Sourcing Tcl File [C:/Xilinx/Vivado/2019.2/data/ip/xpm/xpm_cdc/tcl/xpm_cdc_single.tcl] for cell 'ADC2_IF/eras_fifo/U0/inst_fifo_gen/gconvfifo.rf/grf.rf/rstblk/ngwrdrst.grst.g7serrst.gnsckt_wrst.gic_rst.xpm_cdc_single_inst_wrst_rd'
Finished Sourcing Tcl File [C:/Xilinx/Vivado/2019.2/data/ip/xpm/xpm_cdc/tcl/xpm_cdc_single.tcl] for cell 'ADC2_IF/eras_fifo/U0/inst_fifo_gen/gconvfifo.rf/grf.rf/rstblk/ngwrdrst.grst.g7serrst.gnsckt_wrst.gic_rst.xpm_cdc_single_inst_wrst_rd'
Sourcing Tcl File [C:/Xilinx/Vivado/2019.2/data/ip/xpm/xpm_cdc/tcl/xpm_cdc_single.tcl] for cell 'ADC3_IF/eras_fifo/U0/inst_fifo_gen/gconvfifo.rf/grf.rf/rstblk/ngwrdrst.grst.g7serrst.gnsckt_wrst.gic_rst.xpm_cdc_single_inst_wrst_rd'
Finished Sourcing Tcl File [C:/Xilinx/Vivado/2019.2/data/ip/xpm/xpm_cdc/tcl/xpm_cdc_single.tcl] for cell 'ADC3_IF/eras_fifo/U0/inst_fifo_gen/gconvfifo.rf/grf.rf/rstblk/ngwrdrst.grst.g7serrst.gnsckt_wrst.gic_rst.xpm_cdc_single_inst_wrst_rd'
INFO: [Opt 31-138] Pushed 0 inverter(s) to 0 load pin(s).
Netlist sorting complete. Time (s): cpu = 00:00:00 ; elapsed = 00:00:00.020 . Memory (MB): peak = 3133.945 ; gain = 0.000
INFO: [Project 1-111] Unisim Transformation Summary:
  A total of 15 instances were transformed.
  IOBUF => IOBUF (IBUF, OBUFT): 3 instances
  OBUFDS => OBUFDS: 4 instances
  RAM32X1S => RAM32X1S (RAMS32): 8 instances

open_run: Time (s): cpu = 00:00:21 ; elapsed = 00:00:17 . Memory (MB): peak = 3133.945 ; gain = 0.000
create_debug_core u_ila_0 ila
set_property C_DATA_DEPTH 1024 [get_debug_cores u_ila_0]
set_property C_TRIGIN_EN false [get_debug_cores u_ila_0]
set_property C_TRIGOUT_EN false [get_debug_cores u_ila_0]
set_property C_ADV_TRIGGER false [get_debug_cores u_ila_0]
set_property C_INPUT_PIPE_STAGES 0 [get_debug_cores u_ila_0]
set_property C_EN_STRG_QUAL false [get_debug_cores u_ila_0]
set_property ALL_PROBE_SAME_MU true [get_debug_cores u_ila_0]
set_property ALL_PROBE_SAME_MU_CNT 1 [get_debug_cores u_ila_0]
connect_debug_port u_ila_0/clk [get_nets [list SYSCLK0/inst/clk_out1 ]]
set_property port_width 16 [get_debug_ports u_ila_0/probe0]
set_property PROBE_TYPE DATA_AND_TRIGGER [get_debug_ports u_ila_0/probe0]
connect_debug_port u_ila_0/probe0 [get_nets [list {LOC_REG/REG_THRESHOLD[0]} {LOC_REG/REG_THRESHOLD[1]} {LOC_REG/REG_THRESHOLD[2]} {LOC_REG/REG_THRESHOLD[3]} {LOC_REG/REG_THRESHOLD[4]} {LOC_REG/REG_THRESHOLD[5]} {LOC_REG/REG_THRESHOLD[6]} {LOC_REG/REG_THRESHOLD[7]} {LOC_REG/REG_THRESHOLD[8]} {LOC_REG/REG_THRESHOLD[9]} {LOC_REG/REG_THRESHOLD[10]} {LOC_REG/REG_THRESHOLD[11]} {LOC_REG/REG_THRESHOLD[12]} {LOC_REG/REG_THRESHOLD[13]} {LOC_REG/REG_THRESHOLD[14]} {LOC_REG/REG_THRESHOLD[15]} ]]
create_debug_port u_ila_0 probe
set_property port_width 24 [get_debug_ports u_ila_0/probe1]
set_property PROBE_TYPE DATA_AND_TRIGGER [get_debug_ports u_ila_0/probe1]
connect_debug_port u_ila_0/probe1 [get_nets [list {LOC_REG/REG_THRESHOLD_WIDTH[0]} {LOC_REG/REG_THRESHOLD_WIDTH[1]} {LOC_REG/REG_THRESHOLD_WIDTH[2]} {LOC_REG/REG_THRESHOLD_WIDTH[3]} {LOC_REG/REG_THRESHOLD_WIDTH[4]} {LOC_REG/REG_THRESHOLD_WIDTH[5]} {LOC_REG/REG_THRESHOLD_WIDTH[6]} {LOC_REG/REG_THRESHOLD_WIDTH[7]} {LOC_REG/REG_THRESHOLD_WIDTH[8]} {LOC_REG/REG_THRESHOLD_WIDTH[9]} {LOC_REG/REG_THRESHOLD_WIDTH[10]} {LOC_REG/REG_THRESHOLD_WIDTH[11]} {LOC_REG/REG_THRESHOLD_WIDTH[12]} {LOC_REG/REG_THRESHOLD_WIDTH[13]} {LOC_REG/REG_THRESHOLD_WIDTH[14]} {LOC_REG/REG_THRESHOLD_WIDTH[15]} {LOC_REG/REG_THRESHOLD_WIDTH[16]} {LOC_REG/REG_THRESHOLD_WIDTH[17]} {LOC_REG/REG_THRESHOLD_WIDTH[18]} {LOC_REG/REG_THRESHOLD_WIDTH[19]} {LOC_REG/REG_THRESHOLD_WIDTH[20]} {LOC_REG/REG_THRESHOLD_WIDTH[21]} {LOC_REG/REG_THRESHOLD_WIDTH[22]} {LOC_REG/REG_THRESHOLD_WIDTH[23]} ]]
save_constraints
reset_run synth_1
close_design
launch_runs synth_1 -jobs 12
[Wed Mar 15 11:53:54 2023] Launched synth_1...
Run output will be captured here: C:/Users/81802/Desktop/PAPILLON_FW/PAPILLON_v20230314/PAPILLON_v20230314.runs/synth_1/runme.log
open_run synth_1 -name synth_1
Design is defaulting to impl run constrset: constrs_1
Design is defaulting to synth run part: xc7a100tfgg484-1
INFO: [Project 1-454] Reading design checkpoint 'c:/Users/81802/Desktop/PAPILLON_FW/PAPILLON_v20230314/PAPILLON_v20230314.srcs/sources_1/ip/SYSCLK0/SYSCLK0.dcp' for cell 'SYSCLK0'
INFO: [Project 1-454] Reading design checkpoint 'c:/Users/81802/Desktop/PAPILLON_FW/PAPILLON_v20230314/PAPILLON_v20230314.srcs/sources_1/ip/SYSCLK2/SYSCLK2.dcp' for cell 'SYSCLK2'
INFO: [Project 1-454] Reading design checkpoint 'c:/Users/81802/Desktop/PAPILLON_FW/PAPILLON_v20230314/PAPILLON_v20230314.srcs/sources_1/ip/fifo_generator_1/fifo_generator_1.dcp' for cell 'ADC1_IF/eras_fifo'
INFO: [Project 1-454] Reading design checkpoint 'c:/Users/81802/Desktop/PAPILLON_FW/PAPILLON_v20230314/PAPILLON_v20230314.srcs/sources_1/ip/mem_8_4K/mem_8_4K.dcp' for cell 'ADC_SiTCP_RAW/mem_generate[0].ADC_MEM_0'
INFO: [Project 1-454] Reading design checkpoint 'c:/Users/81802/Desktop/PAPILLON_FW/PAPILLON_v20230314/PAPILLON_v20230314.srcs/sources_1/ip/divider/divider.dcp' for cell 'ADC_SiTCP_RAW/ADC_INT/CalBeamPosition'
INFO: [Project 1-454] Reading design checkpoint 'c:/Users/81802/Desktop/PAPILLON_FW/PAPILLON_v20230314/PAPILLON_v20230314.srcs/sources_1/ip/cordic_0/cordic_0.dcp' for cell 'ADC_SiTCP_RAW/ADC_INT/CalBeamWidth'
INFO: [Project 1-454] Reading design checkpoint 'c:/Users/81802/Desktop/PAPILLON_FW/PAPILLON_v20230314/PAPILLON_v20230314.srcs/sources_1/ip/mult_gen_2/mult_gen_2.dcp' for cell 'ADC_SiTCP_RAW/ADC_INT/SquareBeamPosition'
INFO: [Project 1-454] Reading design checkpoint 'c:/Users/81802/Desktop/PAPILLON_FW/PAPILLON_v20230314/PAPILLON_v20230314.srcs/sources_1/ip/mult_gen_0/mult_gen_0.dcp' for cell 'ADC_SiTCP_RAW/ADC_INT/multiplier_0'
INFO: [Project 1-454] Reading design checkpoint 'c:/Users/81802/Desktop/PAPILLON_FW/PAPILLON_v20230314/PAPILLON_v20230314.srcs/sources_1/ip/mult_gen_1/mult_gen_1.dcp' for cell 'ADC_SiTCP_RAW/ADC_INT/multiplier_1'
Netlist sorting complete. Time (s): cpu = 00:00:02 ; elapsed = 00:00:02 . Memory (MB): peak = 3133.945 ; gain = 0.000
INFO: [Netlist 29-17] Analyzing 4136 Unisim elements for replacement
INFO: [Netlist 29-28] Unisim Transformation completed in 0 CPU seconds
INFO: [Project 1-479] Netlist was created with Vivado 2019.2
INFO: [Project 1-570] Preparing netlist for logic optimization
Parsing XDC File [c:/Users/81802/Desktop/PAPILLON_FW/PAPILLON_v20230314/PAPILLON_v20230314.srcs/sources_1/ip/SYSCLK0/SYSCLK0_board.xdc] for cell 'SYSCLK0/inst'
Finished Parsing XDC File [c:/Users/81802/Desktop/PAPILLON_FW/PAPILLON_v20230314/PAPILLON_v20230314.srcs/sources_1/ip/SYSCLK0/SYSCLK0_board.xdc] for cell 'SYSCLK0/inst'
Parsing XDC File [c:/Users/81802/Desktop/PAPILLON_FW/PAPILLON_v20230314/PAPILLON_v20230314.srcs/sources_1/ip/SYSCLK0/SYSCLK0.xdc] for cell 'SYSCLK0/inst'
INFO: [Timing 38-35] Done setting XDC timing constraints. [c:/Users/81802/Desktop/PAPILLON_FW/PAPILLON_v20230314/PAPILLON_v20230314.srcs/sources_1/ip/SYSCLK0/SYSCLK0.xdc:57]
INFO: [Timing 38-2] Deriving generated clocks [c:/Users/81802/Desktop/PAPILLON_FW/PAPILLON_v20230314/PAPILLON_v20230314.srcs/sources_1/ip/SYSCLK0/SYSCLK0.xdc:57]
Finished Parsing XDC File [c:/Users/81802/Desktop/PAPILLON_FW/PAPILLON_v20230314/PAPILLON_v20230314.srcs/sources_1/ip/SYSCLK0/SYSCLK0.xdc] for cell 'SYSCLK0/inst'
Parsing XDC File [c:/Users/81802/Desktop/PAPILLON_FW/PAPILLON_v20230314/PAPILLON_v20230314.srcs/sources_1/ip/SYSCLK2/SYSCLK2_board.xdc] for cell 'SYSCLK2/inst'
Finished Parsing XDC File [c:/Users/81802/Desktop/PAPILLON_FW/PAPILLON_v20230314/PAPILLON_v20230314.srcs/sources_1/ip/SYSCLK2/SYSCLK2_board.xdc] for cell 'SYSCLK2/inst'
Parsing XDC File [c:/Users/81802/Desktop/PAPILLON_FW/PAPILLON_v20230314/PAPILLON_v20230314.srcs/sources_1/ip/SYSCLK2/SYSCLK2.xdc] for cell 'SYSCLK2/inst'
Finished Parsing XDC File [c:/Users/81802/Desktop/PAPILLON_FW/PAPILLON_v20230314/PAPILLON_v20230314.srcs/sources_1/ip/SYSCLK2/SYSCLK2.xdc] for cell 'SYSCLK2/inst'
Parsing XDC File [c:/Users/81802/Desktop/PAPILLON_FW/PAPILLON_v20230314/PAPILLON_v20230314.srcs/sources_1/ip/fifo_generator_1/fifo_generator_1.xdc] for cell 'ADC1_IF/eras_fifo/U0'
Finished Parsing XDC File [c:/Users/81802/Desktop/PAPILLON_FW/PAPILLON_v20230314/PAPILLON_v20230314.srcs/sources_1/ip/fifo_generator_1/fifo_generator_1.xdc] for cell 'ADC1_IF/eras_fifo/U0'
Parsing XDC File [c:/Users/81802/Desktop/PAPILLON_FW/PAPILLON_v20230314/PAPILLON_v20230314.srcs/sources_1/ip/fifo_generator_1/fifo_generator_1.xdc] for cell 'ADC2_IF/eras_fifo/U0'
Finished Parsing XDC File [c:/Users/81802/Desktop/PAPILLON_FW/PAPILLON_v20230314/PAPILLON_v20230314.srcs/sources_1/ip/fifo_generator_1/fifo_generator_1.xdc] for cell 'ADC2_IF/eras_fifo/U0'
Parsing XDC File [c:/Users/81802/Desktop/PAPILLON_FW/PAPILLON_v20230314/PAPILLON_v20230314.srcs/sources_1/ip/fifo_generator_1/fifo_generator_1.xdc] for cell 'ADC3_IF/eras_fifo/U0'
Finished Parsing XDC File [c:/Users/81802/Desktop/PAPILLON_FW/PAPILLON_v20230314/PAPILLON_v20230314.srcs/sources_1/ip/fifo_generator_1/fifo_generator_1.xdc] for cell 'ADC3_IF/eras_fifo/U0'
Parsing XDC File [C:/Users/81802/Desktop/PAPILLON_FW/PAPILLON_v20230314/PAPILLON_v20230314.srcs/constrs_1/imports/papillon_24ch/constrs_1.xdc]
Finished Parsing XDC File [C:/Users/81802/Desktop/PAPILLON_FW/PAPILLON_v20230314/PAPILLON_v20230314.srcs/constrs_1/imports/papillon_24ch/constrs_1.xdc]
Parsing XDC File [c:/Users/81802/Desktop/PAPILLON_FW/PAPILLON_v20230314/PAPILLON_v20230314.srcs/sources_1/ip/SYSCLK2/SYSCLK2_late.xdc] for cell 'SYSCLK2/inst'
Finished Parsing XDC File [c:/Users/81802/Desktop/PAPILLON_FW/PAPILLON_v20230314/PAPILLON_v20230314.srcs/sources_1/ip/SYSCLK2/SYSCLK2_late.xdc] for cell 'SYSCLK2/inst'
Parsing XDC File [c:/Users/81802/Desktop/PAPILLON_FW/PAPILLON_v20230314/PAPILLON_v20230314.srcs/sources_1/ip/fifo_generator_1/fifo_generator_1_clocks.xdc] for cell 'ADC1_IF/eras_fifo/U0'
Finished Parsing XDC File [c:/Users/81802/Desktop/PAPILLON_FW/PAPILLON_v20230314/PAPILLON_v20230314.srcs/sources_1/ip/fifo_generator_1/fifo_generator_1_clocks.xdc] for cell 'ADC1_IF/eras_fifo/U0'
Parsing XDC File [c:/Users/81802/Desktop/PAPILLON_FW/PAPILLON_v20230314/PAPILLON_v20230314.srcs/sources_1/ip/fifo_generator_1/fifo_generator_1_clocks.xdc] for cell 'ADC2_IF/eras_fifo/U0'
Finished Parsing XDC File [c:/Users/81802/Desktop/PAPILLON_FW/PAPILLON_v20230314/PAPILLON_v20230314.srcs/sources_1/ip/fifo_generator_1/fifo_generator_1_clocks.xdc] for cell 'ADC2_IF/eras_fifo/U0'
Parsing XDC File [c:/Users/81802/Desktop/PAPILLON_FW/PAPILLON_v20230314/PAPILLON_v20230314.srcs/sources_1/ip/fifo_generator_1/fifo_generator_1_clocks.xdc] for cell 'ADC3_IF/eras_fifo/U0'
Finished Parsing XDC File [c:/Users/81802/Desktop/PAPILLON_FW/PAPILLON_v20230314/PAPILLON_v20230314.srcs/sources_1/ip/fifo_generator_1/fifo_generator_1_clocks.xdc] for cell 'ADC3_IF/eras_fifo/U0'
Sourcing Tcl File [C:/Xilinx/Vivado/2019.2/data/ip/xpm/xpm_cdc/tcl/xpm_cdc_async_rst.tcl] for cell 'ADC1_IF/eras_fifo/U0/inst_fifo_gen/gconvfifo.rf/grf.rf/rstblk/ngwrdrst.grst.g7serrst.gnsckt_wrst.gic_rst.rst_rd_reg2_inst'
Finished Sourcing Tcl File [C:/Xilinx/Vivado/2019.2/data/ip/xpm/xpm_cdc/tcl/xpm_cdc_async_rst.tcl] for cell 'ADC1_IF/eras_fifo/U0/inst_fifo_gen/gconvfifo.rf/grf.rf/rstblk/ngwrdrst.grst.g7serrst.gnsckt_wrst.gic_rst.rst_rd_reg2_inst'
Sourcing Tcl File [C:/Xilinx/Vivado/2019.2/data/ip/xpm/xpm_cdc/tcl/xpm_cdc_async_rst.tcl] for cell 'ADC2_IF/eras_fifo/U0/inst_fifo_gen/gconvfifo.rf/grf.rf/rstblk/ngwrdrst.grst.g7serrst.gnsckt_wrst.gic_rst.rst_rd_reg2_inst'
Finished Sourcing Tcl File [C:/Xilinx/Vivado/2019.2/data/ip/xpm/xpm_cdc/tcl/xpm_cdc_async_rst.tcl] for cell 'ADC2_IF/eras_fifo/U0/inst_fifo_gen/gconvfifo.rf/grf.rf/rstblk/ngwrdrst.grst.g7serrst.gnsckt_wrst.gic_rst.rst_rd_reg2_inst'
Sourcing Tcl File [C:/Xilinx/Vivado/2019.2/data/ip/xpm/xpm_cdc/tcl/xpm_cdc_async_rst.tcl] for cell 'ADC3_IF/eras_fifo/U0/inst_fifo_gen/gconvfifo.rf/grf.rf/rstblk/ngwrdrst.grst.g7serrst.gnsckt_wrst.gic_rst.rst_rd_reg2_inst'
Finished Sourcing Tcl File [C:/Xilinx/Vivado/2019.2/data/ip/xpm/xpm_cdc/tcl/xpm_cdc_async_rst.tcl] for cell 'ADC3_IF/eras_fifo/U0/inst_fifo_gen/gconvfifo.rf/grf.rf/rstblk/ngwrdrst.grst.g7serrst.gnsckt_wrst.gic_rst.rst_rd_reg2_inst'
Sourcing Tcl File [C:/Xilinx/Vivado/2019.2/data/ip/xpm/xpm_cdc/tcl/xpm_cdc_async_rst.tcl] for cell 'ADC1_IF/eras_fifo/U0/inst_fifo_gen/gconvfifo.rf/grf.rf/rstblk/ngwrdrst.grst.g7serrst.gnsckt_wrst.rst_wr_reg2_inst'
Finished Sourcing Tcl File [C:/Xilinx/Vivado/2019.2/data/ip/xpm/xpm_cdc/tcl/xpm_cdc_async_rst.tcl] for cell 'ADC1_IF/eras_fifo/U0/inst_fifo_gen/gconvfifo.rf/grf.rf/rstblk/ngwrdrst.grst.g7serrst.gnsckt_wrst.rst_wr_reg2_inst'
Sourcing Tcl File [C:/Xilinx/Vivado/2019.2/data/ip/xpm/xpm_cdc/tcl/xpm_cdc_async_rst.tcl] for cell 'ADC2_IF/eras_fifo/U0/inst_fifo_gen/gconvfifo.rf/grf.rf/rstblk/ngwrdrst.grst.g7serrst.gnsckt_wrst.rst_wr_reg2_inst'
Finished Sourcing Tcl File [C:/Xilinx/Vivado/2019.2/data/ip/xpm/xpm_cdc/tcl/xpm_cdc_async_rst.tcl] for cell 'ADC2_IF/eras_fifo/U0/inst_fifo_gen/gconvfifo.rf/grf.rf/rstblk/ngwrdrst.grst.g7serrst.gnsckt_wrst.rst_wr_reg2_inst'
Sourcing Tcl File [C:/Xilinx/Vivado/2019.2/data/ip/xpm/xpm_cdc/tcl/xpm_cdc_async_rst.tcl] for cell 'ADC3_IF/eras_fifo/U0/inst_fifo_gen/gconvfifo.rf/grf.rf/rstblk/ngwrdrst.grst.g7serrst.gnsckt_wrst.rst_wr_reg2_inst'
Finished Sourcing Tcl File [C:/Xilinx/Vivado/2019.2/data/ip/xpm/xpm_cdc/tcl/xpm_cdc_async_rst.tcl] for cell 'ADC3_IF/eras_fifo/U0/inst_fifo_gen/gconvfifo.rf/grf.rf/rstblk/ngwrdrst.grst.g7serrst.gnsckt_wrst.rst_wr_reg2_inst'
Sourcing Tcl File [C:/Xilinx/Vivado/2019.2/data/ip/xpm/xpm_cdc/tcl/xpm_cdc_gray.tcl] for cell 'ADC1_IF/eras_fifo/U0/inst_fifo_gen/gconvfifo.rf/grf.rf/gntv_or_sync_fifo.gcx.clkx/rd_pntr_cdc_inst'
Finished Sourcing Tcl File [C:/Xilinx/Vivado/2019.2/data/ip/xpm/xpm_cdc/tcl/xpm_cdc_gray.tcl] for cell 'ADC1_IF/eras_fifo/U0/inst_fifo_gen/gconvfifo.rf/grf.rf/gntv_or_sync_fifo.gcx.clkx/rd_pntr_cdc_inst'
Sourcing Tcl File [C:/Xilinx/Vivado/2019.2/data/ip/xpm/xpm_cdc/tcl/xpm_cdc_gray.tcl] for cell 'ADC2_IF/eras_fifo/U0/inst_fifo_gen/gconvfifo.rf/grf.rf/gntv_or_sync_fifo.gcx.clkx/rd_pntr_cdc_inst'
Finished Sourcing Tcl File [C:/Xilinx/Vivado/2019.2/data/ip/xpm/xpm_cdc/tcl/xpm_cdc_gray.tcl] for cell 'ADC2_IF/eras_fifo/U0/inst_fifo_gen/gconvfifo.rf/grf.rf/gntv_or_sync_fifo.gcx.clkx/rd_pntr_cdc_inst'
Sourcing Tcl File [C:/Xilinx/Vivado/2019.2/data/ip/xpm/xpm_cdc/tcl/xpm_cdc_gray.tcl] for cell 'ADC3_IF/eras_fifo/U0/inst_fifo_gen/gconvfifo.rf/grf.rf/gntv_or_sync_fifo.gcx.clkx/rd_pntr_cdc_inst'
Finished Sourcing Tcl File [C:/Xilinx/Vivado/2019.2/data/ip/xpm/xpm_cdc/tcl/xpm_cdc_gray.tcl] for cell 'ADC3_IF/eras_fifo/U0/inst_fifo_gen/gconvfifo.rf/grf.rf/gntv_or_sync_fifo.gcx.clkx/rd_pntr_cdc_inst'
Sourcing Tcl File [C:/Xilinx/Vivado/2019.2/data/ip/xpm/xpm_cdc/tcl/xpm_cdc_gray.tcl] for cell 'ADC1_IF/eras_fifo/U0/inst_fifo_gen/gconvfifo.rf/grf.rf/gntv_or_sync_fifo.gcx.clkx/wr_pntr_cdc_inst'
Finished Sourcing Tcl File [C:/Xilinx/Vivado/2019.2/data/ip/xpm/xpm_cdc/tcl/xpm_cdc_gray.tcl] for cell 'ADC1_IF/eras_fifo/U0/inst_fifo_gen/gconvfifo.rf/grf.rf/gntv_or_sync_fifo.gcx.clkx/wr_pntr_cdc_inst'
Sourcing Tcl File [C:/Xilinx/Vivado/2019.2/data/ip/xpm/xpm_cdc/tcl/xpm_cdc_gray.tcl] for cell 'ADC2_IF/eras_fifo/U0/inst_fifo_gen/gconvfifo.rf/grf.rf/gntv_or_sync_fifo.gcx.clkx/wr_pntr_cdc_inst'
Finished Sourcing Tcl File [C:/Xilinx/Vivado/2019.2/data/ip/xpm/xpm_cdc/tcl/xpm_cdc_gray.tcl] for cell 'ADC2_IF/eras_fifo/U0/inst_fifo_gen/gconvfifo.rf/grf.rf/gntv_or_sync_fifo.gcx.clkx/wr_pntr_cdc_inst'
Sourcing Tcl File [C:/Xilinx/Vivado/2019.2/data/ip/xpm/xpm_cdc/tcl/xpm_cdc_gray.tcl] for cell 'ADC3_IF/eras_fifo/U0/inst_fifo_gen/gconvfifo.rf/grf.rf/gntv_or_sync_fifo.gcx.clkx/wr_pntr_cdc_inst'
Finished Sourcing Tcl File [C:/Xilinx/Vivado/2019.2/data/ip/xpm/xpm_cdc/tcl/xpm_cdc_gray.tcl] for cell 'ADC3_IF/eras_fifo/U0/inst_fifo_gen/gconvfifo.rf/grf.rf/gntv_or_sync_fifo.gcx.clkx/wr_pntr_cdc_inst'
Sourcing Tcl File [C:/Xilinx/Vivado/2019.2/data/ip/xpm/xpm_cdc/tcl/xpm_cdc_single.tcl] for cell 'ADC1_IF/eras_fifo/U0/inst_fifo_gen/gconvfifo.rf/grf.rf/rstblk/ngwrdrst.grst.g7serrst.gnsckt_wrst.gic_rst.xpm_cdc_single_inst_rrst_wr'
Finished Sourcing Tcl File [C:/Xilinx/Vivado/2019.2/data/ip/xpm/xpm_cdc/tcl/xpm_cdc_single.tcl] for cell 'ADC1_IF/eras_fifo/U0/inst_fifo_gen/gconvfifo.rf/grf.rf/rstblk/ngwrdrst.grst.g7serrst.gnsckt_wrst.gic_rst.xpm_cdc_single_inst_rrst_wr'
Sourcing Tcl File [C:/Xilinx/Vivado/2019.2/data/ip/xpm/xpm_cdc/tcl/xpm_cdc_single.tcl] for cell 'ADC2_IF/eras_fifo/U0/inst_fifo_gen/gconvfifo.rf/grf.rf/rstblk/ngwrdrst.grst.g7serrst.gnsckt_wrst.gic_rst.xpm_cdc_single_inst_rrst_wr'
Finished Sourcing Tcl File [C:/Xilinx/Vivado/2019.2/data/ip/xpm/xpm_cdc/tcl/xpm_cdc_single.tcl] for cell 'ADC2_IF/eras_fifo/U0/inst_fifo_gen/gconvfifo.rf/grf.rf/rstblk/ngwrdrst.grst.g7serrst.gnsckt_wrst.gic_rst.xpm_cdc_single_inst_rrst_wr'
Sourcing Tcl File [C:/Xilinx/Vivado/2019.2/data/ip/xpm/xpm_cdc/tcl/xpm_cdc_single.tcl] for cell 'ADC3_IF/eras_fifo/U0/inst_fifo_gen/gconvfifo.rf/grf.rf/rstblk/ngwrdrst.grst.g7serrst.gnsckt_wrst.gic_rst.xpm_cdc_single_inst_rrst_wr'
Finished Sourcing Tcl File [C:/Xilinx/Vivado/2019.2/data/ip/xpm/xpm_cdc/tcl/xpm_cdc_single.tcl] for cell 'ADC3_IF/eras_fifo/U0/inst_fifo_gen/gconvfifo.rf/grf.rf/rstblk/ngwrdrst.grst.g7serrst.gnsckt_wrst.gic_rst.xpm_cdc_single_inst_rrst_wr'
Sourcing Tcl File [C:/Xilinx/Vivado/2019.2/data/ip/xpm/xpm_cdc/tcl/xpm_cdc_single.tcl] for cell 'ADC1_IF/eras_fifo/U0/inst_fifo_gen/gconvfifo.rf/grf.rf/rstblk/ngwrdrst.grst.g7serrst.gnsckt_wrst.gic_rst.xpm_cdc_single_inst_wrst_rd'
Finished Sourcing Tcl File [C:/Xilinx/Vivado/2019.2/data/ip/xpm/xpm_cdc/tcl/xpm_cdc_single.tcl] for cell 'ADC1_IF/eras_fifo/U0/inst_fifo_gen/gconvfifo.rf/grf.rf/rstblk/ngwrdrst.grst.g7serrst.gnsckt_wrst.gic_rst.xpm_cdc_single_inst_wrst_rd'
Sourcing Tcl File [C:/Xilinx/Vivado/2019.2/data/ip/xpm/xpm_cdc/tcl/xpm_cdc_single.tcl] for cell 'ADC2_IF/eras_fifo/U0/inst_fifo_gen/gconvfifo.rf/grf.rf/rstblk/ngwrdrst.grst.g7serrst.gnsckt_wrst.gic_rst.xpm_cdc_single_inst_wrst_rd'
Finished Sourcing Tcl File [C:/Xilinx/Vivado/2019.2/data/ip/xpm/xpm_cdc/tcl/xpm_cdc_single.tcl] for cell 'ADC2_IF/eras_fifo/U0/inst_fifo_gen/gconvfifo.rf/grf.rf/rstblk/ngwrdrst.grst.g7serrst.gnsckt_wrst.gic_rst.xpm_cdc_single_inst_wrst_rd'
Sourcing Tcl File [C:/Xilinx/Vivado/2019.2/data/ip/xpm/xpm_cdc/tcl/xpm_cdc_single.tcl] for cell 'ADC3_IF/eras_fifo/U0/inst_fifo_gen/gconvfifo.rf/grf.rf/rstblk/ngwrdrst.grst.g7serrst.gnsckt_wrst.gic_rst.xpm_cdc_single_inst_wrst_rd'
Finished Sourcing Tcl File [C:/Xilinx/Vivado/2019.2/data/ip/xpm/xpm_cdc/tcl/xpm_cdc_single.tcl] for cell 'ADC3_IF/eras_fifo/U0/inst_fifo_gen/gconvfifo.rf/grf.rf/rstblk/ngwrdrst.grst.g7serrst.gnsckt_wrst.gic_rst.xpm_cdc_single_inst_wrst_rd'
INFO: [Opt 31-138] Pushed 0 inverter(s) to 0 load pin(s).
Netlist sorting complete. Time (s): cpu = 00:00:00 ; elapsed = 00:00:00.020 . Memory (MB): peak = 3133.945 ; gain = 0.000
INFO: [Project 1-111] Unisim Transformation Summary:
  A total of 15 instances were transformed.
  IOBUF => IOBUF (IBUF, OBUFT): 3 instances
  OBUFDS => OBUFDS: 4 instances
  RAM32X1S => RAM32X1S (RAMS32): 8 instances

open_run: Time (s): cpu = 00:00:21 ; elapsed = 00:00:17 . Memory (MB): peak = 3133.945 ; gain = 0.000
close_design
launch_runs impl_1 -jobs 12
[Wed Mar 15 11:58:12 2023] Launched impl_1...
Run output will be captured here: C:/Users/81802/Desktop/PAPILLON_FW/PAPILLON_v20230314/PAPILLON_v20230314.runs/impl_1/runme.log
launch_runs impl_1 -to_step write_bitstream -jobs 12
[Wed Mar 15 12:06:37 2023] Launched impl_1...
Run output will be captured here: C:/Users/81802/Desktop/PAPILLON_FW/PAPILLON_v20230314/PAPILLON_v20230314.runs/impl_1/runme.log
open_hw_manager
connect_hw_server -allow_non_jtag
INFO: [Labtools 27-2285] Connecting to hw_server url TCP:localhost:3121
INFO: [Labtools 27-2222] Launching hw_server...
INFO: [Labtools 27-2221] Launch Output:

****** Xilinx hw_server v2019.2
  **** Build date : Nov  6 2019 at 22:12:23
    ** Copyright 1986-2019 Xilinx, Inc. All Rights Reserved.


INFO: [Labtools 27-3415] Connecting to cs_server url TCP:localhost:3042
INFO: [Labtools 27-3417] Launching cs_server...
INFO: [Labtools 27-2221] Launch Output:


****** Xilinx cs_server v2019.2.0
  **** Build date : Nov 07 2019-14:28:22
    ** Copyright 2017-2019 Xilinx, Inc. All Rights Reserved.



connect_hw_server: Time (s): cpu = 00:00:00 ; elapsed = 00:00:05 . Memory (MB): peak = 3133.945 ; gain = 0.000
open_hw_target
INFO: [Labtoolstcl 44-466] Opening hw_target localhost:3121/xilinx_tcf/Xilinx/000013b3e6d701
set_property PROGRAM.FILE {C:/Users/81802/Desktop/PAPILLON_FW/PAPILLON_v20230314/PAPILLON_v20230314.runs/impl_1/ADC_SiTCP_V20.bit} [get_hw_devices xc7a100t_0]
set_property PROBES.FILE {C:/Users/81802/Desktop/PAPILLON_FW/PAPILLON_v20230314/PAPILLON_v20230314.runs/impl_1/ADC_SiTCP_V20.ltx} [get_hw_devices xc7a100t_0]
set_property FULL_PROBES.FILE {C:/Users/81802/Desktop/PAPILLON_FW/PAPILLON_v20230314/PAPILLON_v20230314.runs/impl_1/ADC_SiTCP_V20.ltx} [get_hw_devices xc7a100t_0]
current_hw_device [get_hw_devices xc7a100t_0]
refresh_hw_device [lindex [get_hw_devices xc7a100t_0] 0]
INFO: [Labtools 27-1434] Device xc7a100t (JTAG device index = 0) is programmed with a design that has no supported debug core(s) in it.
WARNING: [Labtools 27-3361] The debug hub core was not detected.
Resolution: 
1. Make sure the clock connected to the debug hub (dbg_hub) core is a free running clock and is active.
2. Make sure the BSCAN_SWITCH_USER_MASK device property in Vivado Hardware Manager reflects the user scan chain setting in the design and refresh the device.  To determine the user scan chain setting in the design, open the implemented design and use 'get_property C_USER_SCAN_CHAIN [get_debug_cores dbg_hub]'.
For more details on setting the scan chain property, consult the Vivado Debug and Programming User Guide (UG908).
WARNING: [Labtools 27-3413] Dropping logic core with cellname:'u_ila_0' at location 'uuid_23E7D65A79BC59F7BC47406C1714DFAE' from probes file, since it cannot be found on the programmed device.
set_property PROBES.FILE {C:/Users/81802/Desktop/PAPILLON_FW/PAPILLON_v20230314/PAPILLON_v20230314.runs/impl_1/ADC_SiTCP_V20.ltx} [get_hw_devices xc7a100t_0]
set_property FULL_PROBES.FILE {C:/Users/81802/Desktop/PAPILLON_FW/PAPILLON_v20230314/PAPILLON_v20230314.runs/impl_1/ADC_SiTCP_V20.ltx} [get_hw_devices xc7a100t_0]
set_property PROGRAM.FILE {C:/Users/81802/Desktop/PAPILLON_FW/PAPILLON_v20230314/PAPILLON_v20230314.runs/impl_1/ADC_SiTCP_V20.bit} [get_hw_devices xc7a100t_0]
program_hw_devices [get_hw_devices xc7a100t_0]
INFO: [Labtools 27-3164] End of startup status: HIGH
program_hw_devices: Time (s): cpu = 00:00:12 ; elapsed = 00:00:11 . Memory (MB): peak = 3516.426 ; gain = 0.000
refresh_hw_device [lindex [get_hw_devices xc7a100t_0] 0]
INFO: [Labtools 27-2302] Device xc7a100t (JTAG device index = 0) is programmed with a design that has 1 ILA core(s).
display_hw_ila_data [ get_hw_ila_data hw_ila_data_1 -of_objects [get_hw_ilas -of_objects [get_hw_devices xc7a100t_0] -filter {CELL_NAME=~"u_ila_0"}]]
run_hw_ila [get_hw_ilas -of_objects [get_hw_devices xc7a100t_0] -filter {CELL_NAME=~"u_ila_0"}]
ERROR: [Labtools 27-3258] Due to ILA core feature implementation, probes which do not match the complete ILA core probe port from MSB to LSB may only use operator 'eq' or 'neq'.
hw_ila 'hw_ila_1' hw_probe 'LOC_REG/REG_THRESHOLD_WIDTH[23:0]' with MAP property 'probe1[23:0]' uses operator 'gt' in compare value 'gt24'u255'.
ERROR: [Labtools 27-1385] Aborting Tcl command, due to incorrect hw_probe compare value operator usage.
set_property TRIGGER_COMPARE_VALUE eq24'hXX_XXXX [get_hw_probes LOC_REG/REG_THRESHOLD_WIDTH -of_objects [get_hw_ilas -of_objects [get_hw_devices xc7a100t_0] -filter {CELL_NAME=~"u_ila_0"}]]
set_property TRIGGER_COMPARE_VALUE eq24'u0 [get_hw_probes LOC_REG/REG_THRESHOLD_WIDTH -of_objects [get_hw_ilas -of_objects [get_hw_devices xc7a100t_0] -filter {CELL_NAME=~"u_ila_0"}]]
set_property TRIGGER_COMPARE_VALUE eq24'u255 [get_hw_probes LOC_REG/REG_THRESHOLD_WIDTH -of_objects [get_hw_ilas -of_objects [get_hw_devices xc7a100t_0] -filter {CELL_NAME=~"u_ila_0"}]]
set_property TRIGGER_COMPARE_VALUE gt24'u255 [get_hw_probes LOC_REG/REG_THRESHOLD_WIDTH -of_objects [get_hw_ilas -of_objects [get_hw_devices xc7a100t_0] -filter {CELL_NAME=~"u_ila_0"}]]
run_hw_ila [get_hw_ilas -of_objects [get_hw_devices xc7a100t_0] -filter {CELL_NAME=~"u_ila_0"}]
ERROR: [Labtools 27-3258] Due to ILA core feature implementation, probes which do not match the complete ILA core probe port from MSB to LSB may only use operator 'eq' or 'neq'.
hw_ila 'hw_ila_1' hw_probe 'LOC_REG/REG_THRESHOLD_WIDTH[23:0]' with MAP property 'probe1[23:0]' uses operator 'gt' in compare value 'gt24'u255'.
ERROR: [Labtools 27-1385] Aborting Tcl command, due to incorrect hw_probe compare value operator usage.
set_property TRIGGER_COMPARE_VALUE neq24'u255 [get_hw_probes LOC_REG/REG_THRESHOLD_WIDTH -of_objects [get_hw_ilas -of_objects [get_hw_devices xc7a100t_0] -filter {CELL_NAME=~"u_ila_0"}]]
set_property TRIGGER_COMPARE_VALUE gteq24'u255 [get_hw_probes LOC_REG/REG_THRESHOLD_WIDTH -of_objects [get_hw_ilas -of_objects [get_hw_devices xc7a100t_0] -filter {CELL_NAME=~"u_ila_0"}]]
run_hw_ila [get_hw_ilas -of_objects [get_hw_devices xc7a100t_0] -filter {CELL_NAME=~"u_ila_0"}]
ERROR: [Labtools 27-3258] Due to ILA core feature implementation, probes which do not match the complete ILA core probe port from MSB to LSB may only use operator 'eq' or 'neq'.
hw_ila 'hw_ila_1' hw_probe 'LOC_REG/REG_THRESHOLD_WIDTH[23:0]' with MAP property 'probe1[23:0]' uses operator 'gteq' in compare value 'gteq24'u255'.
ERROR: [Labtools 27-1385] Aborting Tcl command, due to incorrect hw_probe compare value operator usage.
set_property TRIGGER_COMPARE_VALUE neq24'u255 [get_hw_probes LOC_REG/REG_THRESHOLD_WIDTH -of_objects [get_hw_ilas -of_objects [get_hw_devices xc7a100t_0] -filter {CELL_NAME=~"u_ila_0"}]]
set_property TRIGGER_COMPARE_VALUE neq24'u0 [get_hw_probes LOC_REG/REG_THRESHOLD_WIDTH -of_objects [get_hw_ilas -of_objects [get_hw_devices xc7a100t_0] -filter {CELL_NAME=~"u_ila_0"}]]
run_hw_ila [get_hw_ilas -of_objects [get_hw_devices xc7a100t_0] -filter {CELL_NAME=~"u_ila_0"}]
INFO: [Labtools 27-1964] The ILA core 'hw_ila_1' trigger was armed at 2023-Mar-15 12:15:39
wait_on_hw_ila [get_hw_ilas -of_objects [get_hw_devices xc7a100t_0] -filter {CELL_NAME=~"u_ila_0"}]
display_hw_ila_data [upload_hw_ila_data [get_hw_ilas -of_objects [get_hw_devices xc7a100t_0] -filter {CELL_NAME=~"u_ila_0"}]]
INFO: [Labtools 27-1966] The ILA core 'hw_ila_1' triggered at 2023-Mar-15 12:15:50
INFO: [Labtools 27-3304] ILA Waveform data saved to file C:/Users/81802/Desktop/PAPILLON_FW/PAPILLON_v20230314/PAPILLON_v20230314.hw/backup/hw_ila_data_1.ila. Use Tcl command 'read_hw_ila_data' or Vivado File->Import->Import ILA Data menu item to import the previously saved data.
save_wave_config {C:/Users/81802/Desktop/PAPILLON_FW/PAPILLON_v20230314/PAPILLON_v20230314.hw/hw_1/wave/hw_ila_data_1/hw_ila_data_1.wcfg}
close_hw_manager
save_project_as PAPILLON_v20230315 C:/Users/81802/Desktop/PAPILLON_FW/PAPILLON_v20230315 -force
save_project_as: Time (s): cpu = 00:00:03 ; elapsed = 00:00:05 . Memory (MB): peak = 3545.465 ; gain = 0.188
exit
INFO: [Common 17-206] Exiting Vivado at Wed Mar 15 12:21:58 2023...
